<?xml version="1.0" encoding="UTF-8"?>
<testsuite xmlns:xsi="http://www.w3.org/2001/XMLSchema-instance" xsi:noNamespaceSchemaLocation="https://maven.apache.org/surefire/maven-surefire-plugin/xsd/surefire-test-report-3.0.xsd" version="3.0" name="com.madhurtoppo.customer.CustomerApplicationTests" time="2.831" tests="1" errors="1" skipped="0" failures="0">
  <properties>
    <property name="java.specification.version" value="21"/>
    <property name="sun.jnu.encoding" value="UTF-8"/>
    <property name="java.class.path" value="/Users/mtoppo/workspace/event-driven-microservices/customer/target/test-classes:/Users/mtoppo/workspace/event-driven-microservices/customer/target/classes:/Users/mtoppo/.m2/repository/com/madhurtoppo/common/1.0.0/common-1.0.0.jar:/Users/mtoppo/.m2/repository/org/springframework/boot/spring-boot-starter-data-jpa/3.3.4/spring-boot-starter-data-jpa-3.3.4.jar:/Users/mtoppo/.m2/repository/org/springframework/boot/spring-boot-starter-aop/3.3.4/spring-boot-starter-aop-3.3.4.jar:/Users/mtoppo/.m2/repository/org/springframework/spring-aop/6.1.13/spring-aop-6.1.13.jar:/Users/mtoppo/.m2/repository/org/aspectj/aspectjweaver/1.9.22.1/aspectjweaver-1.9.22.1.jar:/Users/mtoppo/.m2/repository/org/springframework/boot/spring-boot-starter-jdbc/3.3.4/spring-boot-starter-jdbc-3.3.4.jar:/Users/mtoppo/.m2/repository/com/zaxxer/HikariCP/5.1.0/HikariCP-5.1.0.jar:/Users/mtoppo/.m2/repository/org/springframework/spring-jdbc/6.1.13/spring-jdbc-6.1.13.jar:/Users/mtoppo/.m2/repository/org/hibernate/orm/hibernate-core/6.5.3.Final/hibernate-core-6.5.3.Final.jar:/Users/mtoppo/.m2/repository/jakarta/persistence/jakarta.persistence-api/3.1.0/jakarta.persistence-api-3.1.0.jar:/Users/mtoppo/.m2/repository/jakarta/transaction/jakarta.transaction-api/2.0.1/jakarta.transaction-api-2.0.1.jar:/Users/mtoppo/.m2/repository/org/jboss/logging/jboss-logging/3.5.3.Final/jboss-logging-3.5.3.Final.jar:/Users/mtoppo/.m2/repository/org/hibernate/common/hibernate-commons-annotations/6.0.6.Final/hibernate-commons-annotations-6.0.6.Final.jar:/Users/mtoppo/.m2/repository/io/smallrye/jandex/3.1.2/jandex-3.1.2.jar:/Users/mtoppo/.m2/repository/com/fasterxml/classmate/1.7.0/classmate-1.7.0.jar:/Users/mtoppo/.m2/repository/net/bytebuddy/byte-buddy/1.14.19/byte-buddy-1.14.19.jar:/Users/mtoppo/.m2/repository/org/glassfish/jaxb/jaxb-runtime/4.0.5/jaxb-runtime-4.0.5.jar:/Users/mtoppo/.m2/repository/org/glassfish/jaxb/jaxb-core/4.0.5/jaxb-core-4.0.5.jar:/Users/mtoppo/.m2/repository/org/eclipse/angus/angus-activation/2.0.2/angus-activation-2.0.2.jar:/Users/mtoppo/.m2/repository/org/glassfish/jaxb/txw2/4.0.5/txw2-4.0.5.jar:/Users/mtoppo/.m2/repository/com/sun/istack/istack-commons-runtime/4.1.2/istack-commons-runtime-4.1.2.jar:/Users/mtoppo/.m2/repository/jakarta/inject/jakarta.inject-api/2.0.1/jakarta.inject-api-2.0.1.jar:/Users/mtoppo/.m2/repository/org/antlr/antlr4-runtime/4.13.0/antlr4-runtime-4.13.0.jar:/Users/mtoppo/.m2/repository/org/springframework/data/spring-data-jpa/3.3.4/spring-data-jpa-3.3.4.jar:/Users/mtoppo/.m2/repository/org/springframework/data/spring-data-commons/3.3.4/spring-data-commons-3.3.4.jar:/Users/mtoppo/.m2/repository/org/springframework/spring-orm/6.1.13/spring-orm-6.1.13.jar:/Users/mtoppo/.m2/repository/org/springframework/spring-context/6.1.13/spring-context-6.1.13.jar:/Users/mtoppo/.m2/repository/org/springframework/spring-tx/6.1.13/spring-tx-6.1.13.jar:/Users/mtoppo/.m2/repository/org/springframework/spring-beans/6.1.13/spring-beans-6.1.13.jar:/Users/mtoppo/.m2/repository/jakarta/annotation/jakarta.annotation-api/2.1.1/jakarta.annotation-api-2.1.1.jar:/Users/mtoppo/.m2/repository/org/slf4j/slf4j-api/2.0.16/slf4j-api-2.0.16.jar:/Users/mtoppo/.m2/repository/org/springframework/spring-aspects/6.1.13/spring-aspects-6.1.13.jar:/Users/mtoppo/.m2/repository/org/springframework/boot/spring-boot-starter-validation/3.3.4/spring-boot-starter-validation-3.3.4.jar:/Users/mtoppo/.m2/repository/org/springframework/boot/spring-boot-starter/3.3.4/spring-boot-starter-3.3.4.jar:/Users/mtoppo/.m2/repository/org/springframework/boot/spring-boot-starter-logging/3.3.4/spring-boot-starter-logging-3.3.4.jar:/Users/mtoppo/.m2/repository/ch/qos/logback/logback-classic/1.5.8/logback-classic-1.5.8.jar:/Users/mtoppo/.m2/repository/ch/qos/logback/logback-core/1.5.8/logback-core-1.5.8.jar:/Users/mtoppo/.m2/repository/org/apache/logging/log4j/log4j-to-slf4j/2.23.1/log4j-to-slf4j-2.23.1.jar:/Users/mtoppo/.m2/repository/org/apache/logging/log4j/log4j-api/2.23.1/log4j-api-2.23.1.jar:/Users/mtoppo/.m2/repository/org/slf4j/jul-to-slf4j/2.0.16/jul-to-slf4j-2.0.16.jar:/Users/mtoppo/.m2/repository/org/yaml/snakeyaml/2.2/snakeyaml-2.2.jar:/Users/mtoppo/.m2/repository/org/apache/tomcat/embed/tomcat-embed-el/10.1.30/tomcat-embed-el-10.1.30.jar:/Users/mtoppo/.m2/repository/org/hibernate/validator/hibernate-validator/8.0.1.Final/hibernate-validator-8.0.1.Final.jar:/Users/mtoppo/.m2/repository/jakarta/validation/jakarta.validation-api/3.0.2/jakarta.validation-api-3.0.2.jar:/Users/mtoppo/.m2/repository/org/springframework/boot/spring-boot-starter-web/3.3.4/spring-boot-starter-web-3.3.4.jar:/Users/mtoppo/.m2/repository/org/springframework/boot/spring-boot-starter-json/3.3.4/spring-boot-starter-json-3.3.4.jar:/Users/mtoppo/.m2/repository/com/fasterxml/jackson/core/jackson-databind/2.17.2/jackson-databind-2.17.2.jar:/Users/mtoppo/.m2/repository/com/fasterxml/jackson/datatype/jackson-datatype-jdk8/2.17.2/jackson-datatype-jdk8-2.17.2.jar:/Users/mtoppo/.m2/repository/com/fasterxml/jackson/datatype/jackson-datatype-jsr310/2.17.2/jackson-datatype-jsr310-2.17.2.jar:/Users/mtoppo/.m2/repository/com/fasterxml/jackson/module/jackson-module-parameter-names/2.17.2/jackson-module-parameter-names-2.17.2.jar:/Users/mtoppo/.m2/repository/org/springframework/boot/spring-boot-starter-tomcat/3.3.4/spring-boot-starter-tomcat-3.3.4.jar:/Users/mtoppo/.m2/repository/org/apache/tomcat/embed/tomcat-embed-core/10.1.30/tomcat-embed-core-10.1.30.jar:/Users/mtoppo/.m2/repository/org/apache/tomcat/embed/tomcat-embed-websocket/10.1.30/tomcat-embed-websocket-10.1.30.jar:/Users/mtoppo/.m2/repository/org/springframework/spring-web/6.1.13/spring-web-6.1.13.jar:/Users/mtoppo/.m2/repository/io/micrometer/micrometer-observation/1.13.4/micrometer-observation-1.13.4.jar:/Users/mtoppo/.m2/repository/io/micrometer/micrometer-commons/1.13.4/micrometer-commons-1.13.4.jar:/Users/mtoppo/.m2/repository/org/springframework/spring-webmvc/6.1.13/spring-webmvc-6.1.13.jar:/Users/mtoppo/.m2/repository/org/springframework/spring-expression/6.1.13/spring-expression-6.1.13.jar:/Users/mtoppo/.m2/repository/org/springframework/cloud/spring-cloud-starter-netflix-eureka-client/4.1.3/spring-cloud-starter-netflix-eureka-client-4.1.3.jar:/Users/mtoppo/.m2/repository/org/springframework/cloud/spring-cloud-starter/4.1.4/spring-cloud-starter-4.1.4.jar:/Users/mtoppo/.m2/repository/org/springframework/cloud/spring-cloud-context/4.1.4/spring-cloud-context-4.1.4.jar:/Users/mtoppo/.m2/repository/org/springframework/security/spring-security-crypto/6.3.3/spring-security-crypto-6.3.3.jar:/Users/mtoppo/.m2/repository/org/springframework/cloud/spring-cloud-commons/4.1.4/spring-cloud-commons-4.1.4.jar:/Users/mtoppo/.m2/repository/org/springframework/security/spring-security-rsa/1.1.3/spring-security-rsa-1.1.3.jar:/Users/mtoppo/.m2/repository/org/bouncycastle/bcprov-jdk18on/1.78/bcprov-jdk18on-1.78.jar:/Users/mtoppo/.m2/repository/org/springframework/cloud/spring-cloud-netflix-eureka-client/4.1.3/spring-cloud-netflix-eureka-client-4.1.3.jar:/Users/mtoppo/.m2/repository/org/apache/httpcomponents/client5/httpclient5/5.3.1/httpclient5-5.3.1.jar:/Users/mtoppo/.m2/repository/org/apache/httpcomponents/core5/httpcore5/5.2.5/httpcore5-5.2.5.jar:/Users/mtoppo/.m2/repository/org/apache/httpcomponents/core5/httpcore5-h2/5.2.5/httpcore5-h2-5.2.5.jar:/Users/mtoppo/.m2/repository/com/netflix/eureka/eureka-client/2.0.3/eureka-client-2.0.3.jar:/Users/mtoppo/.m2/repository/com/thoughtworks/xstream/xstream/1.4.20/xstream-1.4.20.jar:/Users/mtoppo/.m2/repository/io/github/x-stream/mxparser/1.2.2/mxparser-1.2.2.jar:/Users/mtoppo/.m2/repository/xmlpull/xmlpull/1.1.3.1/xmlpull-1.1.3.1.jar:/Users/mtoppo/.m2/repository/jakarta/ws/rs/jakarta.ws.rs-api/3.1.0/jakarta.ws.rs-api-3.1.0.jar:/Users/mtoppo/.m2/repository/com/netflix/spectator/spectator-api/1.7.3/spectator-api-1.7.3.jar:/Users/mtoppo/.m2/repository/org/apache/httpcomponents/httpclient/4.5.3/httpclient-4.5.3.jar:/Users/mtoppo/.m2/repository/org/apache/httpcomponents/httpcore/4.4.16/httpcore-4.4.16.jar:/Users/mtoppo/.m2/repository/commons-codec/commons-codec/1.16.1/commons-codec-1.16.1.jar:/Users/mtoppo/.m2/repository/commons-configuration/commons-configuration/1.10/commons-configuration-1.10.jar:/Users/mtoppo/.m2/repository/commons-lang/commons-lang/2.6/commons-lang-2.6.jar:/Users/mtoppo/.m2/repository/com/fasterxml/jackson/core/jackson-annotations/2.17.2/jackson-annotations-2.17.2.jar:/Users/mtoppo/.m2/repository/com/fasterxml/jackson/core/jackson-core/2.17.2/jackson-core-2.17.2.jar:/Users/mtoppo/.m2/repository/com/netflix/netflix-commons/netflix-eventbus/0.3.0/netflix-eventbus-0.3.0.jar:/Users/mtoppo/.m2/repository/com/netflix/netflix-commons/netflix-infix/0.3.0/netflix-infix-0.3.0.jar:/Users/mtoppo/.m2/repository/commons-jxpath/commons-jxpath/1.3/commons-jxpath-1.3.jar:/Users/mtoppo/.m2/repository/joda-time/joda-time/2.3/joda-time-2.3.jar:/Users/mtoppo/.m2/repository/org/antlr/antlr-runtime/3.4/antlr-runtime-3.4.jar:/Users/mtoppo/.m2/repository/org/antlr/stringtemplate/3.2.1/stringtemplate-3.2.1.jar:/Users/mtoppo/.m2/repository/antlr/antlr/2.7.7/antlr-2.7.7.jar:/Users/mtoppo/.m2/repository/com/google/code/gson/gson/2.10.1/gson-2.10.1.jar:/Users/mtoppo/.m2/repository/com/netflix/servo/servo-core/0.5.3/servo-core-0.5.3.jar:/Users/mtoppo/.m2/repository/org/apache/commons/commons-math/2.2/commons-math-2.2.jar:/Users/mtoppo/.m2/repository/javax/annotation/javax.annotation-api/1.2/javax.annotation-api-1.2.jar:/Users/mtoppo/.m2/repository/org/codehaus/jettison/jettison/1.5.4/jettison-1.5.4.jar:/Users/mtoppo/.m2/repository/com/netflix/eureka/eureka-core/2.0.3/eureka-core-2.0.3.jar:/Users/mtoppo/.m2/repository/com/fasterxml/woodstox/woodstox-core/6.2.1/woodstox-core-6.2.1.jar:/Users/mtoppo/.m2/repository/org/codehaus/woodstox/stax2-api/4.2.1/stax2-api-4.2.1.jar:/Users/mtoppo/.m2/repository/com/google/guava/guava/33.0.0-jre/guava-33.0.0-jre.jar:/Users/mtoppo/.m2/repository/com/google/guava/failureaccess/1.0.2/failureaccess-1.0.2.jar:/Users/mtoppo/.m2/repository/com/google/guava/listenablefuture/9999.0-empty-to-avoid-conflict-with-guava/listenablefuture-9999.0-empty-to-avoid-conflict-with-guava.jar:/Users/mtoppo/.m2/repository/org/checkerframework/checker-qual/3.41.0/checker-qual-3.41.0.jar:/Users/mtoppo/.m2/repository/com/google/errorprone/error_prone_annotations/2.23.0/error_prone_annotations-2.23.0.jar:/Users/mtoppo/.m2/repository/com/google/j2objc/j2objc-annotations/2.8/j2objc-annotations-2.8.jar:/Users/mtoppo/.m2/repository/org/springframework/cloud/spring-cloud-starter-loadbalancer/4.1.4/spring-cloud-starter-loadbalancer-4.1.4.jar:/Users/mtoppo/.m2/repository/org/springframework/cloud/spring-cloud-loadbalancer/4.1.4/spring-cloud-loadbalancer-4.1.4.jar:/Users/mtoppo/.m2/repository/io/projectreactor/reactor-core/3.6.10/reactor-core-3.6.10.jar:/Users/mtoppo/.m2/repository/io/projectreactor/addons/reactor-extra/3.5.2/reactor-extra-3.5.2.jar:/Users/mtoppo/.m2/repository/org/springframework/boot/spring-boot-starter-cache/3.3.4/spring-boot-starter-cache-3.3.4.jar:/Users/mtoppo/.m2/repository/org/springframework/spring-context-support/6.1.13/spring-context-support-6.1.13.jar:/Users/mtoppo/.m2/repository/com/stoyanr/evictor/1.0.0/evictor-1.0.0.jar:/Users/mtoppo/.m2/repository/com/h2database/h2/2.2.224/h2-2.2.224.jar:/Users/mtoppo/.m2/repository/org/projectlombok/lombok/1.18.34/lombok-1.18.34.jar:/Users/mtoppo/.m2/repository/org/axonframework/axon-spring-boot-starter/4.10.1/axon-spring-boot-starter-4.10.1.jar:/Users/mtoppo/.m2/repository/org/axonframework/axon-spring-boot-autoconfigure/4.10.1/axon-spring-boot-autoconfigure-4.10.1.jar:/Users/mtoppo/.m2/repository/org/axonframework/axon-server-connector/4.10.1/axon-server-connector-4.10.1.jar:/Users/mtoppo/.m2/repository/io/axoniq/axonserver-connector-java/2024.1.0/axonserver-connector-java-2024.1.0.jar:/Users/mtoppo/.m2/repository/io/grpc/grpc-protobuf/1.65.1/grpc-protobuf-1.65.1.jar:/Users/mtoppo/.m2/repository/io/grpc/grpc-api/1.65.1/grpc-api-1.65.1.jar:/Users/mtoppo/.m2/repository/com/google/code/findbugs/jsr305/3.0.2/jsr305-3.0.2.jar:/Users/mtoppo/.m2/repository/com/google/protobuf/protobuf-java/3.25.1/protobuf-java-3.25.1.jar:/Users/mtoppo/.m2/repository/com/google/api/grpc/proto-google-common-protos/2.29.0/proto-google-common-protos-2.29.0.jar:/Users/mtoppo/.m2/repository/io/grpc/grpc-protobuf-lite/1.65.1/grpc-protobuf-lite-1.65.1.jar:/Users/mtoppo/.m2/repository/io/grpc/grpc-stub/1.65.1/grpc-stub-1.65.1.jar:/Users/mtoppo/.m2/repository/io/grpc/grpc-netty-shaded/1.65.1/grpc-netty-shaded-1.65.1.jar:/Users/mtoppo/.m2/repository/io/grpc/grpc-util/1.65.1/grpc-util-1.65.1.jar:/Users/mtoppo/.m2/repository/org/codehaus/mojo/animal-sniffer-annotations/1.23/animal-sniffer-annotations-1.23.jar:/Users/mtoppo/.m2/repository/io/grpc/grpc-core/1.65.1/grpc-core-1.65.1.jar:/Users/mtoppo/.m2/repository/com/google/android/annotations/4.1.1.4/annotations-4.1.1.4.jar:/Users/mtoppo/.m2/repository/io/grpc/grpc-context/1.65.1/grpc-context-1.65.1.jar:/Users/mtoppo/.m2/repository/io/perfmark/perfmark-api/0.26.0/perfmark-api-0.26.0.jar:/Users/mtoppo/.m2/repository/org/axonframework/axon-spring/4.10.1/axon-spring-4.10.1.jar:/Users/mtoppo/.m2/repository/org/axonframework/axon-configuration/4.10.1/axon-configuration-4.10.1.jar:/Users/mtoppo/.m2/repository/org/axonframework/axon-disruptor/4.10.1/axon-disruptor-4.10.1.jar:/Users/mtoppo/.m2/repository/com/lmax/disruptor/3.4.4/disruptor-3.4.4.jar:/Users/mtoppo/.m2/repository/org/axonframework/axon-eventsourcing/4.10.1/axon-eventsourcing-4.10.1.jar:/Users/mtoppo/.m2/repository/org/axonframework/axon-modelling/4.10.1/axon-modelling-4.10.1.jar:/Users/mtoppo/.m2/repository/org/axonframework/axon-messaging/4.10.1/axon-messaging-4.10.1.jar:/Users/mtoppo/.m2/repository/org/reactivestreams/reactive-streams/1.0.4/reactive-streams-1.0.4.jar:/Users/mtoppo/.m2/repository/org/springframework/boot/spring-boot-devtools/3.3.4/spring-boot-devtools-3.3.4.jar:/Users/mtoppo/.m2/repository/org/springframework/boot/spring-boot/3.3.4/spring-boot-3.3.4.jar:/Users/mtoppo/.m2/repository/org/springframework/boot/spring-boot-autoconfigure/3.3.4/spring-boot-autoconfigure-3.3.4.jar:/Users/mtoppo/.m2/repository/org/springframework/boot/spring-boot-starter-test/3.3.4/spring-boot-starter-test-3.3.4.jar:/Users/mtoppo/.m2/repository/org/springframework/boot/spring-boot-test/3.3.4/spring-boot-test-3.3.4.jar:/Users/mtoppo/.m2/repository/org/springframework/boot/spring-boot-test-autoconfigure/3.3.4/spring-boot-test-autoconfigure-3.3.4.jar:/Users/mtoppo/.m2/repository/com/jayway/jsonpath/json-path/2.9.0/json-path-2.9.0.jar:/Users/mtoppo/.m2/repository/jakarta/xml/bind/jakarta.xml.bind-api/4.0.2/jakarta.xml.bind-api-4.0.2.jar:/Users/mtoppo/.m2/repository/jakarta/activation/jakarta.activation-api/2.1.3/jakarta.activation-api-2.1.3.jar:/Users/mtoppo/.m2/repository/net/minidev/json-smart/2.5.1/json-smart-2.5.1.jar:/Users/mtoppo/.m2/repository/net/minidev/accessors-smart/2.5.1/accessors-smart-2.5.1.jar:/Users/mtoppo/.m2/repository/org/ow2/asm/asm/9.6/asm-9.6.jar:/Users/mtoppo/.m2/repository/org/assertj/assertj-core/3.25.3/assertj-core-3.25.3.jar:/Users/mtoppo/.m2/repository/org/awaitility/awaitility/4.2.2/awaitility-4.2.2.jar:/Users/mtoppo/.m2/repository/org/hamcrest/hamcrest/2.2/hamcrest-2.2.jar:/Users/mtoppo/.m2/repository/org/junit/jupiter/junit-jupiter/5.10.3/junit-jupiter-5.10.3.jar:/Users/mtoppo/.m2/repository/org/junit/jupiter/junit-jupiter-api/5.10.3/junit-jupiter-api-5.10.3.jar:/Users/mtoppo/.m2/repository/org/opentest4j/opentest4j/1.3.0/opentest4j-1.3.0.jar:/Users/mtoppo/.m2/repository/org/junit/platform/junit-platform-commons/1.10.3/junit-platform-commons-1.10.3.jar:/Users/mtoppo/.m2/repository/org/apiguardian/apiguardian-api/1.1.2/apiguardian-api-1.1.2.jar:/Users/mtoppo/.m2/repository/org/junit/jupiter/junit-jupiter-params/5.10.3/junit-jupiter-params-5.10.3.jar:/Users/mtoppo/.m2/repository/org/junit/jupiter/junit-jupiter-engine/5.10.3/junit-jupiter-engine-5.10.3.jar:/Users/mtoppo/.m2/repository/org/junit/platform/junit-platform-engine/1.10.3/junit-platform-engine-1.10.3.jar:/Users/mtoppo/.m2/repository/org/mockito/mockito-core/5.11.0/mockito-core-5.11.0.jar:/Users/mtoppo/.m2/repository/net/bytebuddy/byte-buddy-agent/1.14.19/byte-buddy-agent-1.14.19.jar:/Users/mtoppo/.m2/repository/org/objenesis/objenesis/3.3/objenesis-3.3.jar:/Users/mtoppo/.m2/repository/org/mockito/mockito-junit-jupiter/5.11.0/mockito-junit-jupiter-5.11.0.jar:/Users/mtoppo/.m2/repository/org/skyscreamer/jsonassert/1.5.3/jsonassert-1.5.3.jar:/Users/mtoppo/.m2/repository/com/vaadin/external/google/android-json/0.0.20131108.vaadin1/android-json-0.0.20131108.vaadin1.jar:/Users/mtoppo/.m2/repository/org/springframework/spring-core/6.1.13/spring-core-6.1.13.jar:/Users/mtoppo/.m2/repository/org/springframework/spring-jcl/6.1.13/spring-jcl-6.1.13.jar:/Users/mtoppo/.m2/repository/org/springframework/spring-test/6.1.13/spring-test-6.1.13.jar:/Users/mtoppo/.m2/repository/org/xmlunit/xmlunit-core/2.9.1/xmlunit-core-2.9.1.jar:"/>
    <property name="java.vm.vendor" value="Eclipse Adoptium"/>
    <property name="sun.arch.data.model" value="64"/>
    <property name="java.vendor.url" value="https://adoptium.net/"/>
    <property name="user.timezone" value="Europe/Berlin"/>
    <property name="org.jboss.logging.provider" value="slf4j"/>
    <property name="os.name" value="Mac OS X"/>
    <property name="java.vm.specification.version" value="21"/>
    <property name="sun.java.launcher" value="SUN_STANDARD"/>
    <property name="user.country" value="US"/>
    <property name="sun.boot.library.path" value="/Library/Java/JavaVirtualMachines/temurin-21.jdk/Contents/Home/lib"/>
    <property name="sun.java.command" value="/Users/mtoppo/workspace/event-driven-microservices/customer/target/surefire/surefirebooter-20241221123500368_3.jar /Users/mtoppo/workspace/event-driven-microservices/customer/target/surefire 2024-12-21T12-35-00_328-jvmRun1 surefire-20241221123500368_1tmp surefire_0-20241221123500368_2tmp"/>
    <property name="http.nonProxyHosts" value="local|*.local|169.254/16|*.169.254/16"/>
    <property name="jdk.debug" value="release"/>
    <property name="surefire.test.class.path" value="/Users/mtoppo/workspace/event-driven-microservices/customer/target/test-classes:/Users/mtoppo/workspace/event-driven-microservices/customer/target/classes:/Users/mtoppo/.m2/repository/com/madhurtoppo/common/1.0.0/common-1.0.0.jar:/Users/mtoppo/.m2/repository/org/springframework/boot/spring-boot-starter-data-jpa/3.3.4/spring-boot-starter-data-jpa-3.3.4.jar:/Users/mtoppo/.m2/repository/org/springframework/boot/spring-boot-starter-aop/3.3.4/spring-boot-starter-aop-3.3.4.jar:/Users/mtoppo/.m2/repository/org/springframework/spring-aop/6.1.13/spring-aop-6.1.13.jar:/Users/mtoppo/.m2/repository/org/aspectj/aspectjweaver/1.9.22.1/aspectjweaver-1.9.22.1.jar:/Users/mtoppo/.m2/repository/org/springframework/boot/spring-boot-starter-jdbc/3.3.4/spring-boot-starter-jdbc-3.3.4.jar:/Users/mtoppo/.m2/repository/com/zaxxer/HikariCP/5.1.0/HikariCP-5.1.0.jar:/Users/mtoppo/.m2/repository/org/springframework/spring-jdbc/6.1.13/spring-jdbc-6.1.13.jar:/Users/mtoppo/.m2/repository/org/hibernate/orm/hibernate-core/6.5.3.Final/hibernate-core-6.5.3.Final.jar:/Users/mtoppo/.m2/repository/jakarta/persistence/jakarta.persistence-api/3.1.0/jakarta.persistence-api-3.1.0.jar:/Users/mtoppo/.m2/repository/jakarta/transaction/jakarta.transaction-api/2.0.1/jakarta.transaction-api-2.0.1.jar:/Users/mtoppo/.m2/repository/org/jboss/logging/jboss-logging/3.5.3.Final/jboss-logging-3.5.3.Final.jar:/Users/mtoppo/.m2/repository/org/hibernate/common/hibernate-commons-annotations/6.0.6.Final/hibernate-commons-annotations-6.0.6.Final.jar:/Users/mtoppo/.m2/repository/io/smallrye/jandex/3.1.2/jandex-3.1.2.jar:/Users/mtoppo/.m2/repository/com/fasterxml/classmate/1.7.0/classmate-1.7.0.jar:/Users/mtoppo/.m2/repository/net/bytebuddy/byte-buddy/1.14.19/byte-buddy-1.14.19.jar:/Users/mtoppo/.m2/repository/org/glassfish/jaxb/jaxb-runtime/4.0.5/jaxb-runtime-4.0.5.jar:/Users/mtoppo/.m2/repository/org/glassfish/jaxb/jaxb-core/4.0.5/jaxb-core-4.0.5.jar:/Users/mtoppo/.m2/repository/org/eclipse/angus/angus-activation/2.0.2/angus-activation-2.0.2.jar:/Users/mtoppo/.m2/repository/org/glassfish/jaxb/txw2/4.0.5/txw2-4.0.5.jar:/Users/mtoppo/.m2/repository/com/sun/istack/istack-commons-runtime/4.1.2/istack-commons-runtime-4.1.2.jar:/Users/mtoppo/.m2/repository/jakarta/inject/jakarta.inject-api/2.0.1/jakarta.inject-api-2.0.1.jar:/Users/mtoppo/.m2/repository/org/antlr/antlr4-runtime/4.13.0/antlr4-runtime-4.13.0.jar:/Users/mtoppo/.m2/repository/org/springframework/data/spring-data-jpa/3.3.4/spring-data-jpa-3.3.4.jar:/Users/mtoppo/.m2/repository/org/springframework/data/spring-data-commons/3.3.4/spring-data-commons-3.3.4.jar:/Users/mtoppo/.m2/repository/org/springframework/spring-orm/6.1.13/spring-orm-6.1.13.jar:/Users/mtoppo/.m2/repository/org/springframework/spring-context/6.1.13/spring-context-6.1.13.jar:/Users/mtoppo/.m2/repository/org/springframework/spring-tx/6.1.13/spring-tx-6.1.13.jar:/Users/mtoppo/.m2/repository/org/springframework/spring-beans/6.1.13/spring-beans-6.1.13.jar:/Users/mtoppo/.m2/repository/jakarta/annotation/jakarta.annotation-api/2.1.1/jakarta.annotation-api-2.1.1.jar:/Users/mtoppo/.m2/repository/org/slf4j/slf4j-api/2.0.16/slf4j-api-2.0.16.jar:/Users/mtoppo/.m2/repository/org/springframework/spring-aspects/6.1.13/spring-aspects-6.1.13.jar:/Users/mtoppo/.m2/repository/org/springframework/boot/spring-boot-starter-validation/3.3.4/spring-boot-starter-validation-3.3.4.jar:/Users/mtoppo/.m2/repository/org/springframework/boot/spring-boot-starter/3.3.4/spring-boot-starter-3.3.4.jar:/Users/mtoppo/.m2/repository/org/springframework/boot/spring-boot-starter-logging/3.3.4/spring-boot-starter-logging-3.3.4.jar:/Users/mtoppo/.m2/repository/ch/qos/logback/logback-classic/1.5.8/logback-classic-1.5.8.jar:/Users/mtoppo/.m2/repository/ch/qos/logback/logback-core/1.5.8/logback-core-1.5.8.jar:/Users/mtoppo/.m2/repository/org/apache/logging/log4j/log4j-to-slf4j/2.23.1/log4j-to-slf4j-2.23.1.jar:/Users/mtoppo/.m2/repository/org/apache/logging/log4j/log4j-api/2.23.1/log4j-api-2.23.1.jar:/Users/mtoppo/.m2/repository/org/slf4j/jul-to-slf4j/2.0.16/jul-to-slf4j-2.0.16.jar:/Users/mtoppo/.m2/repository/org/yaml/snakeyaml/2.2/snakeyaml-2.2.jar:/Users/mtoppo/.m2/repository/org/apache/tomcat/embed/tomcat-embed-el/10.1.30/tomcat-embed-el-10.1.30.jar:/Users/mtoppo/.m2/repository/org/hibernate/validator/hibernate-validator/8.0.1.Final/hibernate-validator-8.0.1.Final.jar:/Users/mtoppo/.m2/repository/jakarta/validation/jakarta.validation-api/3.0.2/jakarta.validation-api-3.0.2.jar:/Users/mtoppo/.m2/repository/org/springframework/boot/spring-boot-starter-web/3.3.4/spring-boot-starter-web-3.3.4.jar:/Users/mtoppo/.m2/repository/org/springframework/boot/spring-boot-starter-json/3.3.4/spring-boot-starter-json-3.3.4.jar:/Users/mtoppo/.m2/repository/com/fasterxml/jackson/core/jackson-databind/2.17.2/jackson-databind-2.17.2.jar:/Users/mtoppo/.m2/repository/com/fasterxml/jackson/datatype/jackson-datatype-jdk8/2.17.2/jackson-datatype-jdk8-2.17.2.jar:/Users/mtoppo/.m2/repository/com/fasterxml/jackson/datatype/jackson-datatype-jsr310/2.17.2/jackson-datatype-jsr310-2.17.2.jar:/Users/mtoppo/.m2/repository/com/fasterxml/jackson/module/jackson-module-parameter-names/2.17.2/jackson-module-parameter-names-2.17.2.jar:/Users/mtoppo/.m2/repository/org/springframework/boot/spring-boot-starter-tomcat/3.3.4/spring-boot-starter-tomcat-3.3.4.jar:/Users/mtoppo/.m2/repository/org/apache/tomcat/embed/tomcat-embed-core/10.1.30/tomcat-embed-core-10.1.30.jar:/Users/mtoppo/.m2/repository/org/apache/tomcat/embed/tomcat-embed-websocket/10.1.30/tomcat-embed-websocket-10.1.30.jar:/Users/mtoppo/.m2/repository/org/springframework/spring-web/6.1.13/spring-web-6.1.13.jar:/Users/mtoppo/.m2/repository/io/micrometer/micrometer-observation/1.13.4/micrometer-observation-1.13.4.jar:/Users/mtoppo/.m2/repository/io/micrometer/micrometer-commons/1.13.4/micrometer-commons-1.13.4.jar:/Users/mtoppo/.m2/repository/org/springframework/spring-webmvc/6.1.13/spring-webmvc-6.1.13.jar:/Users/mtoppo/.m2/repository/org/springframework/spring-expression/6.1.13/spring-expression-6.1.13.jar:/Users/mtoppo/.m2/repository/org/springframework/cloud/spring-cloud-starter-netflix-eureka-client/4.1.3/spring-cloud-starter-netflix-eureka-client-4.1.3.jar:/Users/mtoppo/.m2/repository/org/springframework/cloud/spring-cloud-starter/4.1.4/spring-cloud-starter-4.1.4.jar:/Users/mtoppo/.m2/repository/org/springframework/cloud/spring-cloud-context/4.1.4/spring-cloud-context-4.1.4.jar:/Users/mtoppo/.m2/repository/org/springframework/security/spring-security-crypto/6.3.3/spring-security-crypto-6.3.3.jar:/Users/mtoppo/.m2/repository/org/springframework/cloud/spring-cloud-commons/4.1.4/spring-cloud-commons-4.1.4.jar:/Users/mtoppo/.m2/repository/org/springframework/security/spring-security-rsa/1.1.3/spring-security-rsa-1.1.3.jar:/Users/mtoppo/.m2/repository/org/bouncycastle/bcprov-jdk18on/1.78/bcprov-jdk18on-1.78.jar:/Users/mtoppo/.m2/repository/org/springframework/cloud/spring-cloud-netflix-eureka-client/4.1.3/spring-cloud-netflix-eureka-client-4.1.3.jar:/Users/mtoppo/.m2/repository/org/apache/httpcomponents/client5/httpclient5/5.3.1/httpclient5-5.3.1.jar:/Users/mtoppo/.m2/repository/org/apache/httpcomponents/core5/httpcore5/5.2.5/httpcore5-5.2.5.jar:/Users/mtoppo/.m2/repository/org/apache/httpcomponents/core5/httpcore5-h2/5.2.5/httpcore5-h2-5.2.5.jar:/Users/mtoppo/.m2/repository/com/netflix/eureka/eureka-client/2.0.3/eureka-client-2.0.3.jar:/Users/mtoppo/.m2/repository/com/thoughtworks/xstream/xstream/1.4.20/xstream-1.4.20.jar:/Users/mtoppo/.m2/repository/io/github/x-stream/mxparser/1.2.2/mxparser-1.2.2.jar:/Users/mtoppo/.m2/repository/xmlpull/xmlpull/1.1.3.1/xmlpull-1.1.3.1.jar:/Users/mtoppo/.m2/repository/jakarta/ws/rs/jakarta.ws.rs-api/3.1.0/jakarta.ws.rs-api-3.1.0.jar:/Users/mtoppo/.m2/repository/com/netflix/spectator/spectator-api/1.7.3/spectator-api-1.7.3.jar:/Users/mtoppo/.m2/repository/org/apache/httpcomponents/httpclient/4.5.3/httpclient-4.5.3.jar:/Users/mtoppo/.m2/repository/org/apache/httpcomponents/httpcore/4.4.16/httpcore-4.4.16.jar:/Users/mtoppo/.m2/repository/commons-codec/commons-codec/1.16.1/commons-codec-1.16.1.jar:/Users/mtoppo/.m2/repository/commons-configuration/commons-configuration/1.10/commons-configuration-1.10.jar:/Users/mtoppo/.m2/repository/commons-lang/commons-lang/2.6/commons-lang-2.6.jar:/Users/mtoppo/.m2/repository/com/fasterxml/jackson/core/jackson-annotations/2.17.2/jackson-annotations-2.17.2.jar:/Users/mtoppo/.m2/repository/com/fasterxml/jackson/core/jackson-core/2.17.2/jackson-core-2.17.2.jar:/Users/mtoppo/.m2/repository/com/netflix/netflix-commons/netflix-eventbus/0.3.0/netflix-eventbus-0.3.0.jar:/Users/mtoppo/.m2/repository/com/netflix/netflix-commons/netflix-infix/0.3.0/netflix-infix-0.3.0.jar:/Users/mtoppo/.m2/repository/commons-jxpath/commons-jxpath/1.3/commons-jxpath-1.3.jar:/Users/mtoppo/.m2/repository/joda-time/joda-time/2.3/joda-time-2.3.jar:/Users/mtoppo/.m2/repository/org/antlr/antlr-runtime/3.4/antlr-runtime-3.4.jar:/Users/mtoppo/.m2/repository/org/antlr/stringtemplate/3.2.1/stringtemplate-3.2.1.jar:/Users/mtoppo/.m2/repository/antlr/antlr/2.7.7/antlr-2.7.7.jar:/Users/mtoppo/.m2/repository/com/google/code/gson/gson/2.10.1/gson-2.10.1.jar:/Users/mtoppo/.m2/repository/com/netflix/servo/servo-core/0.5.3/servo-core-0.5.3.jar:/Users/mtoppo/.m2/repository/org/apache/commons/commons-math/2.2/commons-math-2.2.jar:/Users/mtoppo/.m2/repository/javax/annotation/javax.annotation-api/1.2/javax.annotation-api-1.2.jar:/Users/mtoppo/.m2/repository/org/codehaus/jettison/jettison/1.5.4/jettison-1.5.4.jar:/Users/mtoppo/.m2/repository/com/netflix/eureka/eureka-core/2.0.3/eureka-core-2.0.3.jar:/Users/mtoppo/.m2/repository/com/fasterxml/woodstox/woodstox-core/6.2.1/woodstox-core-6.2.1.jar:/Users/mtoppo/.m2/repository/org/codehaus/woodstox/stax2-api/4.2.1/stax2-api-4.2.1.jar:/Users/mtoppo/.m2/repository/com/google/guava/guava/33.0.0-jre/guava-33.0.0-jre.jar:/Users/mtoppo/.m2/repository/com/google/guava/failureaccess/1.0.2/failureaccess-1.0.2.jar:/Users/mtoppo/.m2/repository/com/google/guava/listenablefuture/9999.0-empty-to-avoid-conflict-with-guava/listenablefuture-9999.0-empty-to-avoid-conflict-with-guava.jar:/Users/mtoppo/.m2/repository/org/checkerframework/checker-qual/3.41.0/checker-qual-3.41.0.jar:/Users/mtoppo/.m2/repository/com/google/errorprone/error_prone_annotations/2.23.0/error_prone_annotations-2.23.0.jar:/Users/mtoppo/.m2/repository/com/google/j2objc/j2objc-annotations/2.8/j2objc-annotations-2.8.jar:/Users/mtoppo/.m2/repository/org/springframework/cloud/spring-cloud-starter-loadbalancer/4.1.4/spring-cloud-starter-loadbalancer-4.1.4.jar:/Users/mtoppo/.m2/repository/org/springframework/cloud/spring-cloud-loadbalancer/4.1.4/spring-cloud-loadbalancer-4.1.4.jar:/Users/mtoppo/.m2/repository/io/projectreactor/reactor-core/3.6.10/reactor-core-3.6.10.jar:/Users/mtoppo/.m2/repository/io/projectreactor/addons/reactor-extra/3.5.2/reactor-extra-3.5.2.jar:/Users/mtoppo/.m2/repository/org/springframework/boot/spring-boot-starter-cache/3.3.4/spring-boot-starter-cache-3.3.4.jar:/Users/mtoppo/.m2/repository/org/springframework/spring-context-support/6.1.13/spring-context-support-6.1.13.jar:/Users/mtoppo/.m2/repository/com/stoyanr/evictor/1.0.0/evictor-1.0.0.jar:/Users/mtoppo/.m2/repository/com/h2database/h2/2.2.224/h2-2.2.224.jar:/Users/mtoppo/.m2/repository/org/projectlombok/lombok/1.18.34/lombok-1.18.34.jar:/Users/mtoppo/.m2/repository/org/axonframework/axon-spring-boot-starter/4.10.1/axon-spring-boot-starter-4.10.1.jar:/Users/mtoppo/.m2/repository/org/axonframework/axon-spring-boot-autoconfigure/4.10.1/axon-spring-boot-autoconfigure-4.10.1.jar:/Users/mtoppo/.m2/repository/org/axonframework/axon-server-connector/4.10.1/axon-server-connector-4.10.1.jar:/Users/mtoppo/.m2/repository/io/axoniq/axonserver-connector-java/2024.1.0/axonserver-connector-java-2024.1.0.jar:/Users/mtoppo/.m2/repository/io/grpc/grpc-protobuf/1.65.1/grpc-protobuf-1.65.1.jar:/Users/mtoppo/.m2/repository/io/grpc/grpc-api/1.65.1/grpc-api-1.65.1.jar:/Users/mtoppo/.m2/repository/com/google/code/findbugs/jsr305/3.0.2/jsr305-3.0.2.jar:/Users/mtoppo/.m2/repository/com/google/protobuf/protobuf-java/3.25.1/protobuf-java-3.25.1.jar:/Users/mtoppo/.m2/repository/com/google/api/grpc/proto-google-common-protos/2.29.0/proto-google-common-protos-2.29.0.jar:/Users/mtoppo/.m2/repository/io/grpc/grpc-protobuf-lite/1.65.1/grpc-protobuf-lite-1.65.1.jar:/Users/mtoppo/.m2/repository/io/grpc/grpc-stub/1.65.1/grpc-stub-1.65.1.jar:/Users/mtoppo/.m2/repository/io/grpc/grpc-netty-shaded/1.65.1/grpc-netty-shaded-1.65.1.jar:/Users/mtoppo/.m2/repository/io/grpc/grpc-util/1.65.1/grpc-util-1.65.1.jar:/Users/mtoppo/.m2/repository/org/codehaus/mojo/animal-sniffer-annotations/1.23/animal-sniffer-annotations-1.23.jar:/Users/mtoppo/.m2/repository/io/grpc/grpc-core/1.65.1/grpc-core-1.65.1.jar:/Users/mtoppo/.m2/repository/com/google/android/annotations/4.1.1.4/annotations-4.1.1.4.jar:/Users/mtoppo/.m2/repository/io/grpc/grpc-context/1.65.1/grpc-context-1.65.1.jar:/Users/mtoppo/.m2/repository/io/perfmark/perfmark-api/0.26.0/perfmark-api-0.26.0.jar:/Users/mtoppo/.m2/repository/org/axonframework/axon-spring/4.10.1/axon-spring-4.10.1.jar:/Users/mtoppo/.m2/repository/org/axonframework/axon-configuration/4.10.1/axon-configuration-4.10.1.jar:/Users/mtoppo/.m2/repository/org/axonframework/axon-disruptor/4.10.1/axon-disruptor-4.10.1.jar:/Users/mtoppo/.m2/repository/com/lmax/disruptor/3.4.4/disruptor-3.4.4.jar:/Users/mtoppo/.m2/repository/org/axonframework/axon-eventsourcing/4.10.1/axon-eventsourcing-4.10.1.jar:/Users/mtoppo/.m2/repository/org/axonframework/axon-modelling/4.10.1/axon-modelling-4.10.1.jar:/Users/mtoppo/.m2/repository/org/axonframework/axon-messaging/4.10.1/axon-messaging-4.10.1.jar:/Users/mtoppo/.m2/repository/org/reactivestreams/reactive-streams/1.0.4/reactive-streams-1.0.4.jar:/Users/mtoppo/.m2/repository/org/springframework/boot/spring-boot-devtools/3.3.4/spring-boot-devtools-3.3.4.jar:/Users/mtoppo/.m2/repository/org/springframework/boot/spring-boot/3.3.4/spring-boot-3.3.4.jar:/Users/mtoppo/.m2/repository/org/springframework/boot/spring-boot-autoconfigure/3.3.4/spring-boot-autoconfigure-3.3.4.jar:/Users/mtoppo/.m2/repository/org/springframework/boot/spring-boot-starter-test/3.3.4/spring-boot-starter-test-3.3.4.jar:/Users/mtoppo/.m2/repository/org/springframework/boot/spring-boot-test/3.3.4/spring-boot-test-3.3.4.jar:/Users/mtoppo/.m2/repository/org/springframework/boot/spring-boot-test-autoconfigure/3.3.4/spring-boot-test-autoconfigure-3.3.4.jar:/Users/mtoppo/.m2/repository/com/jayway/jsonpath/json-path/2.9.0/json-path-2.9.0.jar:/Users/mtoppo/.m2/repository/jakarta/xml/bind/jakarta.xml.bind-api/4.0.2/jakarta.xml.bind-api-4.0.2.jar:/Users/mtoppo/.m2/repository/jakarta/activation/jakarta.activation-api/2.1.3/jakarta.activation-api-2.1.3.jar:/Users/mtoppo/.m2/repository/net/minidev/json-smart/2.5.1/json-smart-2.5.1.jar:/Users/mtoppo/.m2/repository/net/minidev/accessors-smart/2.5.1/accessors-smart-2.5.1.jar:/Users/mtoppo/.m2/repository/org/ow2/asm/asm/9.6/asm-9.6.jar:/Users/mtoppo/.m2/repository/org/assertj/assertj-core/3.25.3/assertj-core-3.25.3.jar:/Users/mtoppo/.m2/repository/org/awaitility/awaitility/4.2.2/awaitility-4.2.2.jar:/Users/mtoppo/.m2/repository/org/hamcrest/hamcrest/2.2/hamcrest-2.2.jar:/Users/mtoppo/.m2/repository/org/junit/jupiter/junit-jupiter/5.10.3/junit-jupiter-5.10.3.jar:/Users/mtoppo/.m2/repository/org/junit/jupiter/junit-jupiter-api/5.10.3/junit-jupiter-api-5.10.3.jar:/Users/mtoppo/.m2/repository/org/opentest4j/opentest4j/1.3.0/opentest4j-1.3.0.jar:/Users/mtoppo/.m2/repository/org/junit/platform/junit-platform-commons/1.10.3/junit-platform-commons-1.10.3.jar:/Users/mtoppo/.m2/repository/org/apiguardian/apiguardian-api/1.1.2/apiguardian-api-1.1.2.jar:/Users/mtoppo/.m2/repository/org/junit/jupiter/junit-jupiter-params/5.10.3/junit-jupiter-params-5.10.3.jar:/Users/mtoppo/.m2/repository/org/junit/jupiter/junit-jupiter-engine/5.10.3/junit-jupiter-engine-5.10.3.jar:/Users/mtoppo/.m2/repository/org/junit/platform/junit-platform-engine/1.10.3/junit-platform-engine-1.10.3.jar:/Users/mtoppo/.m2/repository/org/mockito/mockito-core/5.11.0/mockito-core-5.11.0.jar:/Users/mtoppo/.m2/repository/net/bytebuddy/byte-buddy-agent/1.14.19/byte-buddy-agent-1.14.19.jar:/Users/mtoppo/.m2/repository/org/objenesis/objenesis/3.3/objenesis-3.3.jar:/Users/mtoppo/.m2/repository/org/mockito/mockito-junit-jupiter/5.11.0/mockito-junit-jupiter-5.11.0.jar:/Users/mtoppo/.m2/repository/org/skyscreamer/jsonassert/1.5.3/jsonassert-1.5.3.jar:/Users/mtoppo/.m2/repository/com/vaadin/external/google/android-json/0.0.20131108.vaadin1/android-json-0.0.20131108.vaadin1.jar:/Users/mtoppo/.m2/repository/org/springframework/spring-core/6.1.13/spring-core-6.1.13.jar:/Users/mtoppo/.m2/repository/org/springframework/spring-jcl/6.1.13/spring-jcl-6.1.13.jar:/Users/mtoppo/.m2/repository/org/springframework/spring-test/6.1.13/spring-test-6.1.13.jar:/Users/mtoppo/.m2/repository/org/xmlunit/xmlunit-core/2.9.1/xmlunit-core-2.9.1.jar:"/>
    <property name="sun.cpu.endian" value="little"/>
    <property name="user.home" value="/Users/mtoppo"/>
    <property name="user.language" value="en"/>
    <property name="java.specification.vendor" value="Oracle Corporation"/>
    <property name="java.version.date" value="2024-10-15"/>
    <property name="java.home" value="/Library/Java/JavaVirtualMachines/temurin-21.jdk/Contents/Home"/>
    <property name="file.separator" value="/"/>
    <property name="basedir" value="/Users/mtoppo/workspace/event-driven-microservices/customer"/>
    <property name="java.vm.compressedOopsMode" value="Zero based"/>
    <property name="line.separator" value="&#10;"/>
    <property name="java.vm.specification.vendor" value="Oracle Corporation"/>
    <property name="java.specification.name" value="Java Platform API Specification"/>
    <property name="FILE_LOG_CHARSET" value="UTF-8"/>
    <property name="java.awt.headless" value="true"/>
    <property name="apple.awt.application.name" value="ForkedBooter"/>
    <property name="surefire.real.class.path" value="/Users/mtoppo/workspace/event-driven-microservices/customer/target/surefire/surefirebooter-20241221123500368_3.jar"/>
    <property name="sun.management.compiler" value="HotSpot 64-Bit Tiered Compilers"/>
    <property name="ftp.nonProxyHosts" value="local|*.local|169.254/16|*.169.254/16"/>
    <property name="java.runtime.version" value="21.0.5+11-LTS"/>
    <property name="user.name" value="mtoppo"/>
    <property name="stdout.encoding" value="UTF-8"/>
    <property name="path.separator" value=":"/>
    <property name="os.version" value="14.7.2"/>
    <property name="java.runtime.name" value="OpenJDK Runtime Environment"/>
    <property name="file.encoding" value="UTF-8"/>
    <property name="java.vm.name" value="OpenJDK 64-Bit Server VM"/>
    <property name="java.vendor.version" value="Temurin-21.0.5+11"/>
    <property name="localRepository" value="/Users/mtoppo/.m2/repository"/>
    <property name="java.vendor.url.bug" value="https://github.com/adoptium/adoptium-support/issues"/>
    <property name="java.io.tmpdir" value="/var/folders/z0/6rhzjqmd25n3_0rgktzytyq40000gn/T/"/>
    <property name="idea.version" value="2024.2.3"/>
    <property name="com.zaxxer.hikari.pool_number" value="1"/>
    <property name="java.version" value="21.0.5"/>
    <property name="user.dir" value="/Users/mtoppo/workspace/event-driven-microservices/customer"/>
    <property name="os.arch" value="aarch64"/>
    <property name="java.vm.specification.name" value="Java Virtual Machine Specification"/>
    <property name="PID" value="28128"/>
    <property name="CONSOLE_LOG_CHARSET" value="UTF-8"/>
    <property name="native.encoding" value="UTF-8"/>
    <property name="java.library.path" value="/Users/mtoppo/Library/Java/Extensions:/Library/Java/Extensions:/Network/Library/Java/Extensions:/System/Library/Java/Extensions:/usr/lib/java:."/>
    <property name="java.vm.info" value="mixed mode, sharing"/>
    <property name="stderr.encoding" value="UTF-8"/>
    <property name="java.vendor" value="Eclipse Adoptium"/>
    <property name="java.vm.version" value="21.0.5+11-LTS"/>
    <property name="sun.io.unicode.encoding" value="UnicodeBig"/>
    <property name="socksNonProxyHosts" value="local|*.local|169.254/16|*.169.254/16"/>
    <property name="java.class.version" value="65.0"/>
    <property name="CONSOLE_LOG_PATTERN" value="%green(%d{HH:mm:ss.SSS}) %blue(%-5level) %red([%thread]) %yellow(%logger{15}) - %msg%n"/>
    <property name="LOGGED_APPLICATION_NAME" value="[customer] "/>
  </properties>
  <testcase name="contextLoads" classname="com.madhurtoppo.customer.CustomerApplicationTests" time="0.005">
    <error message="Failed to load ApplicationContext for [WebMergedContextConfiguration@1849d35a testClass = com.madhurtoppo.customer.CustomerApplicationTests, locations = [], classes = [com.madhurtoppo.customer.CustomersApplication], contextInitializerClasses = [], activeProfiles = [], propertySourceDescriptors = [], propertySourceProperties = [&quot;org.springframework.boot.test.context.SpringBootTestContextBootstrapper=true&quot;], contextCustomizers = [org.springframework.boot.test.context.filter.ExcludeFilterContextCustomizer@7068e664, org.springframework.boot.test.json.DuplicateJsonObjectContextCustomizerFactory$DuplicateJsonObjectContextCustomizer@7975d1d8, org.springframework.boot.test.mock.mockito.MockitoContextCustomizer@0, org.springframework.boot.test.web.client.TestRestTemplateContextCustomizer@68746f22, org.springframework.boot.test.web.reactor.netty.DisableReactorResourceFactoryGlobalResourcesContextCustomizerFactory$DisableReactorResourceFactoryGlobalResourcesContextCustomizerCustomizer@376a0d86, org.springframework.boot.test.autoconfigure.actuate.observability.ObservabilityContextCustomizerFactory$DisableObservabilityContextCustomizer@1f, org.springframework.boot.test.autoconfigure.properties.PropertyMappingContextCustomizer@0, org.springframework.boot.test.autoconfigure.web.servlet.WebDriverContextCustomizer@478db956, org.springframework.boot.test.context.SpringBootTestAnnotation@a20a07ef], resourceBasePath = &quot;src/main/webapp&quot;, contextLoader = org.springframework.boot.test.context.SpringBootContextLoader, parent = null]" type="java.lang.IllegalStateException"><![CDATA[java.lang.IllegalStateException: Failed to load ApplicationContext for [WebMergedContextConfiguration@1849d35a testClass = com.madhurtoppo.customer.CustomerApplicationTests, locations = [], classes = [com.madhurtoppo.customer.CustomersApplication], contextInitializerClasses = [], activeProfiles = [], propertySourceDescriptors = [], propertySourceProperties = ["org.springframework.boot.test.context.SpringBootTestContextBootstrapper=true"], contextCustomizers = [org.springframework.boot.test.context.filter.ExcludeFilterContextCustomizer@7068e664, org.springframework.boot.test.json.DuplicateJsonObjectContextCustomizerFactory$DuplicateJsonObjectContextCustomizer@7975d1d8, org.springframework.boot.test.mock.mockito.MockitoContextCustomizer@0, org.springframework.boot.test.web.client.TestRestTemplateContextCustomizer@68746f22, org.springframework.boot.test.web.reactor.netty.DisableReactorResourceFactoryGlobalResourcesContextCustomizerFactory$DisableReactorResourceFactoryGlobalResourcesContextCustomizerCustomizer@376a0d86, org.springframework.boot.test.autoconfigure.actuate.observability.ObservabilityContextCustomizerFactory$DisableObservabilityContextCustomizer@1f, org.springframework.boot.test.autoconfigure.properties.PropertyMappingContextCustomizer@0, org.springframework.boot.test.autoconfigure.web.servlet.WebDriverContextCustomizer@478db956, org.springframework.boot.test.context.SpringBootTestAnnotation@a20a07ef], resourceBasePath = "src/main/webapp", contextLoader = org.springframework.boot.test.context.SpringBootContextLoader, parent = null]
	at org.springframework.test.context.cache.DefaultCacheAwareContextLoaderDelegate.loadContext(DefaultCacheAwareContextLoaderDelegate.java:180)
	at org.springframework.test.context.support.DefaultTestContext.getApplicationContext(DefaultTestContext.java:130)
	at org.springframework.test.context.web.ServletTestExecutionListener.setUpRequestContextIfNecessary(ServletTestExecutionListener.java:191)
	at org.springframework.test.context.web.ServletTestExecutionListener.prepareTestInstance(ServletTestExecutionListener.java:130)
	at org.springframework.test.context.TestContextManager.prepareTestInstance(TestContextManager.java:260)
	at org.springframework.test.context.junit.jupiter.SpringExtension.postProcessTestInstance(SpringExtension.java:163)
	at java.base/java.util.stream.ReferencePipeline$3$1.accept(ReferencePipeline.java:197)
	at java.base/java.util.stream.ReferencePipeline$2$1.accept(ReferencePipeline.java:179)
	at java.base/java.util.ArrayList$ArrayListSpliterator.forEachRemaining(ArrayList.java:1708)
	at java.base/java.util.stream.AbstractPipeline.copyInto(AbstractPipeline.java:509)
	at java.base/java.util.stream.AbstractPipeline.wrapAndCopyInto(AbstractPipeline.java:499)
	at java.base/java.util.stream.StreamSpliterators$WrappingSpliterator.forEachRemaining(StreamSpliterators.java:310)
	at java.base/java.util.stream.Streams$ConcatSpliterator.forEachRemaining(Streams.java:735)
	at java.base/java.util.stream.Streams$ConcatSpliterator.forEachRemaining(Streams.java:734)
	at java.base/java.util.stream.ReferencePipeline$Head.forEach(ReferencePipeline.java:762)
	at java.base/java.util.Optional.orElseGet(Optional.java:364)
	at java.base/java.util.ArrayList.forEach(ArrayList.java:1596)
	at java.base/java.util.ArrayList.forEach(ArrayList.java:1596)
Caused by: org.springframework.beans.factory.UnsatisfiedDependencyException: Error creating bean with name 'customersApplication': Unsatisfied dependency expressed through method 'registerCustomerCommandInterceptor' parameter 1: Error creating bean with name 'commandGateway' defined in class path resource [org/axonframework/springboot/autoconfig/AxonAutoConfiguration.class]: Unsatisfied dependency expressed through method 'commandGateway' parameter 0: Error creating bean with name 'axonServerCommandBus' defined in class path resource [org/axonframework/springboot/autoconfig/AxonServerBusAutoConfiguration.class]: Unsatisfied dependency expressed through method 'axonServerCommandBus' parameter 2: Error creating bean with name 'commandBus' defined in class path resource [org/axonframework/springboot/autoconfig/AxonAutoConfiguration.class]: Unsatisfied dependency expressed through method 'commandBus' parameter 1: Error creating bean with name 'springAxonConfiguration' defined in class path resource [org/axonframework/springboot/autoconfig/InfraConfiguration.class]: Unsatisfied dependency expressed through method 'springAxonConfiguration' parameter 0: Error creating bean with name 'springAxonConfigurer' defined in class path resource [org/axonframework/springboot/autoconfig/InfraConfiguration.class]: Unsatisfied dependency expressed through method 'springAxonConfigurer' parameter 1: Error creating bean with name 'deadLetterQueueProviderConfigurerModule' defined in class path resource [org/axonframework/springboot/autoconfig/JpaAutoConfiguration.class]: Unsatisfied dependency expressed through method 'deadLetterQueueProviderConfigurerModule' parameter 3: Error creating bean with name 'serializer' defined in class path resource [org/axonframework/springboot/autoconfig/AxonAutoConfiguration.class]: Failed to instantiate [org.axonframework.serialization.Serializer]: Factory method 'serializer' threw exception with message: Error creating bean with name 'xStream' defined in com.madhurtoppo.common.config.AxonConfig: Failed to instantiate [com.thoughtworks.xstream.XStream]: Factory method 'xStream' threw exception with message: null
	at org.springframework.beans.factory.annotation.AutowiredAnnotationBeanPostProcessor$AutowiredMethodElement.resolveMethodArguments(AutowiredAnnotationBeanPostProcessor.java:896)
	at org.springframework.beans.factory.annotation.AutowiredAnnotationBeanPostProcessor$AutowiredMethodElement.inject(AutowiredAnnotationBeanPostProcessor.java:849)
	at org.springframework.beans.factory.annotation.InjectionMetadata.inject(InjectionMetadata.java:145)
	at org.springframework.beans.factory.annotation.AutowiredAnnotationBeanPostProcessor.postProcessProperties(AutowiredAnnotationBeanPostProcessor.java:509)
	at org.springframework.beans.factory.support.AbstractAutowireCapableBeanFactory.populateBean(AbstractAutowireCapableBeanFactory.java:1439)
	at org.springframework.beans.factory.support.AbstractAutowireCapableBeanFactory.doCreateBean(AbstractAutowireCapableBeanFactory.java:599)
	at org.springframework.beans.factory.support.AbstractAutowireCapableBeanFactory.createBean(AbstractAutowireCapableBeanFactory.java:522)
	at org.springframework.beans.factory.support.AbstractBeanFactory.lambda$doGetBean$0(AbstractBeanFactory.java:337)
	at org.springframework.beans.factory.support.DefaultSingletonBeanRegistry.getSingleton(DefaultSingletonBeanRegistry.java:234)
	at org.springframework.beans.factory.support.AbstractBeanFactory.doGetBean(AbstractBeanFactory.java:335)
	at org.springframework.beans.factory.support.AbstractBeanFactory.getBean(AbstractBeanFactory.java:200)
	at org.springframework.beans.factory.support.DefaultListableBeanFactory.preInstantiateSingletons(DefaultListableBeanFactory.java:975)
	at org.springframework.context.support.AbstractApplicationContext.finishBeanFactoryInitialization(AbstractApplicationContext.java:971)
	at org.springframework.context.support.AbstractApplicationContext.refresh(AbstractApplicationContext.java:625)
	at org.springframework.boot.SpringApplication.refresh(SpringApplication.java:754)
	at org.springframework.boot.SpringApplication.refreshContext(SpringApplication.java:456)
	at org.springframework.boot.SpringApplication.run(SpringApplication.java:335)
	at org.springframework.boot.test.context.SpringBootContextLoader.lambda$loadContext$3(SpringBootContextLoader.java:137)
	at org.springframework.util.function.ThrowingSupplier.get(ThrowingSupplier.java:58)
	at org.springframework.util.function.ThrowingSupplier.get(ThrowingSupplier.java:46)
	at org.springframework.boot.SpringApplication.withHook(SpringApplication.java:1463)
	at org.springframework.boot.test.context.SpringBootContextLoader$ContextLoaderHook.run(SpringBootContextLoader.java:553)
	at org.springframework.boot.test.context.SpringBootContextLoader.loadContext(SpringBootContextLoader.java:137)
	at org.springframework.boot.test.context.SpringBootContextLoader.loadContext(SpringBootContextLoader.java:108)
	at org.springframework.test.context.cache.DefaultCacheAwareContextLoaderDelegate.loadContextInternal(DefaultCacheAwareContextLoaderDelegate.java:225)
	at org.springframework.test.context.cache.DefaultCacheAwareContextLoaderDelegate.loadContext(DefaultCacheAwareContextLoaderDelegate.java:152)
	... 17 more
Caused by: org.springframework.beans.factory.UnsatisfiedDependencyException: Error creating bean with name 'commandGateway' defined in class path resource [org/axonframework/springboot/autoconfig/AxonAutoConfiguration.class]: Unsatisfied dependency expressed through method 'commandGateway' parameter 0: Error creating bean with name 'axonServerCommandBus' defined in class path resource [org/axonframework/springboot/autoconfig/AxonServerBusAutoConfiguration.class]: Unsatisfied dependency expressed through method 'axonServerCommandBus' parameter 2: Error creating bean with name 'commandBus' defined in class path resource [org/axonframework/springboot/autoconfig/AxonAutoConfiguration.class]: Unsatisfied dependency expressed through method 'commandBus' parameter 1: Error creating bean with name 'springAxonConfiguration' defined in class path resource [org/axonframework/springboot/autoconfig/InfraConfiguration.class]: Unsatisfied dependency expressed through method 'springAxonConfiguration' parameter 0: Error creating bean with name 'springAxonConfigurer' defined in class path resource [org/axonframework/springboot/autoconfig/InfraConfiguration.class]: Unsatisfied dependency expressed through method 'springAxonConfigurer' parameter 1: Error creating bean with name 'deadLetterQueueProviderConfigurerModule' defined in class path resource [org/axonframework/springboot/autoconfig/JpaAutoConfiguration.class]: Unsatisfied dependency expressed through method 'deadLetterQueueProviderConfigurerModule' parameter 3: Error creating bean with name 'serializer' defined in class path resource [org/axonframework/springboot/autoconfig/AxonAutoConfiguration.class]: Failed to instantiate [org.axonframework.serialization.Serializer]: Factory method 'serializer' threw exception with message: Error creating bean with name 'xStream' defined in com.madhurtoppo.common.config.AxonConfig: Failed to instantiate [com.thoughtworks.xstream.XStream]: Factory method 'xStream' threw exception with message: null
	at org.springframework.beans.factory.support.ConstructorResolver.createArgumentArray(ConstructorResolver.java:795)
	at org.springframework.beans.factory.support.ConstructorResolver.instantiateUsingFactoryMethod(ConstructorResolver.java:542)
	at org.springframework.beans.factory.support.AbstractAutowireCapableBeanFactory.instantiateUsingFactoryMethod(AbstractAutowireCapableBeanFactory.java:1355)
	at org.springframework.beans.factory.support.AbstractAutowireCapableBeanFactory.createBeanInstance(AbstractAutowireCapableBeanFactory.java:1185)
	at org.springframework.beans.factory.support.AbstractAutowireCapableBeanFactory.doCreateBean(AbstractAutowireCapableBeanFactory.java:562)
	at org.springframework.beans.factory.support.AbstractAutowireCapableBeanFactory.createBean(AbstractAutowireCapableBeanFactory.java:522)
	at org.springframework.beans.factory.support.AbstractBeanFactory.lambda$doGetBean$0(AbstractBeanFactory.java:337)
	at org.springframework.beans.factory.support.DefaultSingletonBeanRegistry.getSingleton(DefaultSingletonBeanRegistry.java:234)
	at org.springframework.beans.factory.support.AbstractBeanFactory.doGetBean(AbstractBeanFactory.java:335)
	at org.springframework.beans.factory.support.AbstractBeanFactory.getBean(AbstractBeanFactory.java:200)
	at org.springframework.beans.factory.config.DependencyDescriptor.resolveCandidate(DependencyDescriptor.java:254)
	at org.springframework.beans.factory.support.DefaultListableBeanFactory.doResolveDependency(DefaultListableBeanFactory.java:1443)
	at org.springframework.beans.factory.support.DefaultListableBeanFactory.resolveDependency(DefaultListableBeanFactory.java:1353)
	at org.springframework.beans.factory.annotation.AutowiredAnnotationBeanPostProcessor$AutowiredMethodElement.resolveMethodArguments(AutowiredAnnotationBeanPostProcessor.java:888)
	... 42 more
Caused by: org.springframework.beans.factory.UnsatisfiedDependencyException: Error creating bean with name 'axonServerCommandBus' defined in class path resource [org/axonframework/springboot/autoconfig/AxonServerBusAutoConfiguration.class]: Unsatisfied dependency expressed through method 'axonServerCommandBus' parameter 2: Error creating bean with name 'commandBus' defined in class path resource [org/axonframework/springboot/autoconfig/AxonAutoConfiguration.class]: Unsatisfied dependency expressed through method 'commandBus' parameter 1: Error creating bean with name 'springAxonConfiguration' defined in class path resource [org/axonframework/springboot/autoconfig/InfraConfiguration.class]: Unsatisfied dependency expressed through method 'springAxonConfiguration' parameter 0: Error creating bean with name 'springAxonConfigurer' defined in class path resource [org/axonframework/springboot/autoconfig/InfraConfiguration.class]: Unsatisfied dependency expressed through method 'springAxonConfigurer' parameter 1: Error creating bean with name 'deadLetterQueueProviderConfigurerModule' defined in class path resource [org/axonframework/springboot/autoconfig/JpaAutoConfiguration.class]: Unsatisfied dependency expressed through method 'deadLetterQueueProviderConfigurerModule' parameter 3: Error creating bean with name 'serializer' defined in class path resource [org/axonframework/springboot/autoconfig/AxonAutoConfiguration.class]: Failed to instantiate [org.axonframework.serialization.Serializer]: Factory method 'serializer' threw exception with message: Error creating bean with name 'xStream' defined in com.madhurtoppo.common.config.AxonConfig: Failed to instantiate [com.thoughtworks.xstream.XStream]: Factory method 'xStream' threw exception with message: null
	at org.springframework.beans.factory.support.ConstructorResolver.createArgumentArray(ConstructorResolver.java:795)
	at org.springframework.beans.factory.support.ConstructorResolver.instantiateUsingFactoryMethod(ConstructorResolver.java:542)
	at org.springframework.beans.factory.support.AbstractAutowireCapableBeanFactory.instantiateUsingFactoryMethod(AbstractAutowireCapableBeanFactory.java:1355)
	at org.springframework.beans.factory.support.AbstractAutowireCapableBeanFactory.createBeanInstance(AbstractAutowireCapableBeanFactory.java:1185)
	at org.springframework.beans.factory.support.AbstractAutowireCapableBeanFactory.doCreateBean(AbstractAutowireCapableBeanFactory.java:562)
	at org.springframework.beans.factory.support.AbstractAutowireCapableBeanFactory.createBean(AbstractAutowireCapableBeanFactory.java:522)
	at org.springframework.beans.factory.support.AbstractBeanFactory.lambda$doGetBean$0(AbstractBeanFactory.java:337)
	at org.springframework.beans.factory.support.DefaultSingletonBeanRegistry.getSingleton(DefaultSingletonBeanRegistry.java:234)
	at org.springframework.beans.factory.support.AbstractBeanFactory.doGetBean(AbstractBeanFactory.java:335)
	at org.springframework.beans.factory.support.AbstractBeanFactory.getBean(AbstractBeanFactory.java:200)
	at org.springframework.beans.factory.config.DependencyDescriptor.resolveCandidate(DependencyDescriptor.java:254)
	at org.springframework.beans.factory.support.DefaultListableBeanFactory.doResolveDependency(DefaultListableBeanFactory.java:1443)
	at org.springframework.beans.factory.support.DefaultListableBeanFactory.resolveDependency(DefaultListableBeanFactory.java:1353)
	at org.springframework.beans.factory.support.ConstructorResolver.resolveAutowiredArgument(ConstructorResolver.java:904)
	at org.springframework.beans.factory.support.ConstructorResolver.createArgumentArray(ConstructorResolver.java:782)
	... 55 more
Caused by: org.springframework.beans.factory.UnsatisfiedDependencyException: Error creating bean with name 'commandBus' defined in class path resource [org/axonframework/springboot/autoconfig/AxonAutoConfiguration.class]: Unsatisfied dependency expressed through method 'commandBus' parameter 1: Error creating bean with name 'springAxonConfiguration' defined in class path resource [org/axonframework/springboot/autoconfig/InfraConfiguration.class]: Unsatisfied dependency expressed through method 'springAxonConfiguration' parameter 0: Error creating bean with name 'springAxonConfigurer' defined in class path resource [org/axonframework/springboot/autoconfig/InfraConfiguration.class]: Unsatisfied dependency expressed through method 'springAxonConfigurer' parameter 1: Error creating bean with name 'deadLetterQueueProviderConfigurerModule' defined in class path resource [org/axonframework/springboot/autoconfig/JpaAutoConfiguration.class]: Unsatisfied dependency expressed through method 'deadLetterQueueProviderConfigurerModule' parameter 3: Error creating bean with name 'serializer' defined in class path resource [org/axonframework/springboot/autoconfig/AxonAutoConfiguration.class]: Failed to instantiate [org.axonframework.serialization.Serializer]: Factory method 'serializer' threw exception with message: Error creating bean with name 'xStream' defined in com.madhurtoppo.common.config.AxonConfig: Failed to instantiate [com.thoughtworks.xstream.XStream]: Factory method 'xStream' threw exception with message: null
	at org.springframework.beans.factory.support.ConstructorResolver.createArgumentArray(ConstructorResolver.java:795)
	at org.springframework.beans.factory.support.ConstructorResolver.instantiateUsingFactoryMethod(ConstructorResolver.java:542)
	at org.springframework.beans.factory.support.AbstractAutowireCapableBeanFactory.instantiateUsingFactoryMethod(AbstractAutowireCapableBeanFactory.java:1355)
	at org.springframework.beans.factory.support.AbstractAutowireCapableBeanFactory.createBeanInstance(AbstractAutowireCapableBeanFactory.java:1185)
	at org.springframework.beans.factory.support.AbstractAutowireCapableBeanFactory.doCreateBean(AbstractAutowireCapableBeanFactory.java:562)
	at org.springframework.beans.factory.support.AbstractAutowireCapableBeanFactory.createBean(AbstractAutowireCapableBeanFactory.java:522)
	at org.springframework.beans.factory.support.AbstractBeanFactory.lambda$doGetBean$0(AbstractBeanFactory.java:337)
	at org.springframework.beans.factory.support.DefaultSingletonBeanRegistry.getSingleton(DefaultSingletonBeanRegistry.java:234)
	at org.springframework.beans.factory.support.AbstractBeanFactory.doGetBean(AbstractBeanFactory.java:335)
	at org.springframework.beans.factory.support.AbstractBeanFactory.getBean(AbstractBeanFactory.java:200)
	at org.springframework.beans.factory.config.DependencyDescriptor.resolveCandidate(DependencyDescriptor.java:254)
	at org.springframework.beans.factory.support.DefaultListableBeanFactory.doResolveDependency(DefaultListableBeanFactory.java:1443)
	at org.springframework.beans.factory.support.DefaultListableBeanFactory.resolveDependency(DefaultListableBeanFactory.java:1353)
	at org.springframework.beans.factory.support.ConstructorResolver.resolveAutowiredArgument(ConstructorResolver.java:904)
	at org.springframework.beans.factory.support.ConstructorResolver.createArgumentArray(ConstructorResolver.java:782)
	... 69 more
Caused by: org.springframework.beans.factory.UnsatisfiedDependencyException: Error creating bean with name 'springAxonConfiguration' defined in class path resource [org/axonframework/springboot/autoconfig/InfraConfiguration.class]: Unsatisfied dependency expressed through method 'springAxonConfiguration' parameter 0: Error creating bean with name 'springAxonConfigurer' defined in class path resource [org/axonframework/springboot/autoconfig/InfraConfiguration.class]: Unsatisfied dependency expressed through method 'springAxonConfigurer' parameter 1: Error creating bean with name 'deadLetterQueueProviderConfigurerModule' defined in class path resource [org/axonframework/springboot/autoconfig/JpaAutoConfiguration.class]: Unsatisfied dependency expressed through method 'deadLetterQueueProviderConfigurerModule' parameter 3: Error creating bean with name 'serializer' defined in class path resource [org/axonframework/springboot/autoconfig/AxonAutoConfiguration.class]: Failed to instantiate [org.axonframework.serialization.Serializer]: Factory method 'serializer' threw exception with message: Error creating bean with name 'xStream' defined in com.madhurtoppo.common.config.AxonConfig: Failed to instantiate [com.thoughtworks.xstream.XStream]: Factory method 'xStream' threw exception with message: null
	at org.springframework.beans.factory.support.ConstructorResolver.createArgumentArray(ConstructorResolver.java:795)
	at org.springframework.beans.factory.support.ConstructorResolver.instantiateUsingFactoryMethod(ConstructorResolver.java:542)
	at org.springframework.beans.factory.support.AbstractAutowireCapableBeanFactory.instantiateUsingFactoryMethod(AbstractAutowireCapableBeanFactory.java:1355)
	at org.springframework.beans.factory.support.AbstractAutowireCapableBeanFactory.createBeanInstance(AbstractAutowireCapableBeanFactory.java:1185)
	at org.springframework.beans.factory.support.AbstractAutowireCapableBeanFactory.doCreateBean(AbstractAutowireCapableBeanFactory.java:562)
	at org.springframework.beans.factory.support.AbstractAutowireCapableBeanFactory.createBean(AbstractAutowireCapableBeanFactory.java:522)
	at org.springframework.beans.factory.support.AbstractBeanFactory.lambda$doGetBean$0(AbstractBeanFactory.java:337)
	at org.springframework.beans.factory.support.DefaultSingletonBeanRegistry.getSingleton(DefaultSingletonBeanRegistry.java:234)
	at org.springframework.beans.factory.support.AbstractBeanFactory.doGetBean(AbstractBeanFactory.java:335)
	at org.springframework.beans.factory.support.AbstractBeanFactory.getBean(AbstractBeanFactory.java:200)
	at org.springframework.beans.factory.config.DependencyDescriptor.resolveCandidate(DependencyDescriptor.java:254)
	at org.springframework.beans.factory.support.DefaultListableBeanFactory.doResolveDependency(DefaultListableBeanFactory.java:1443)
	at org.springframework.beans.factory.support.DefaultListableBeanFactory.resolveDependency(DefaultListableBeanFactory.java:1353)
	at org.springframework.beans.factory.support.ConstructorResolver.resolveAutowiredArgument(ConstructorResolver.java:904)
	at org.springframework.beans.factory.support.ConstructorResolver.createArgumentArray(ConstructorResolver.java:782)
	... 83 more
Caused by: org.springframework.beans.factory.UnsatisfiedDependencyException: Error creating bean with name 'springAxonConfigurer' defined in class path resource [org/axonframework/springboot/autoconfig/InfraConfiguration.class]: Unsatisfied dependency expressed through method 'springAxonConfigurer' parameter 1: Error creating bean with name 'deadLetterQueueProviderConfigurerModule' defined in class path resource [org/axonframework/springboot/autoconfig/JpaAutoConfiguration.class]: Unsatisfied dependency expressed through method 'deadLetterQueueProviderConfigurerModule' parameter 3: Error creating bean with name 'serializer' defined in class path resource [org/axonframework/springboot/autoconfig/AxonAutoConfiguration.class]: Failed to instantiate [org.axonframework.serialization.Serializer]: Factory method 'serializer' threw exception with message: Error creating bean with name 'xStream' defined in com.madhurtoppo.common.config.AxonConfig: Failed to instantiate [com.thoughtworks.xstream.XStream]: Factory method 'xStream' threw exception with message: null
	at org.springframework.beans.factory.support.ConstructorResolver.createArgumentArray(ConstructorResolver.java:795)
	at org.springframework.beans.factory.support.ConstructorResolver.instantiateUsingFactoryMethod(ConstructorResolver.java:542)
	at org.springframework.beans.factory.support.AbstractAutowireCapableBeanFactory.instantiateUsingFactoryMethod(AbstractAutowireCapableBeanFactory.java:1355)
	at org.springframework.beans.factory.support.AbstractAutowireCapableBeanFactory.createBeanInstance(AbstractAutowireCapableBeanFactory.java:1185)
	at org.springframework.beans.factory.support.AbstractAutowireCapableBeanFactory.doCreateBean(AbstractAutowireCapableBeanFactory.java:562)
	at org.springframework.beans.factory.support.AbstractAutowireCapableBeanFactory.createBean(AbstractAutowireCapableBeanFactory.java:522)
	at org.springframework.beans.factory.support.AbstractBeanFactory.lambda$doGetBean$0(AbstractBeanFactory.java:337)
	at org.springframework.beans.factory.support.DefaultSingletonBeanRegistry.getSingleton(DefaultSingletonBeanRegistry.java:234)
	at org.springframework.beans.factory.support.AbstractBeanFactory.doGetBean(AbstractBeanFactory.java:335)
	at org.springframework.beans.factory.support.AbstractBeanFactory.getBean(AbstractBeanFactory.java:200)
	at org.springframework.beans.factory.config.DependencyDescriptor.resolveCandidate(DependencyDescriptor.java:254)
	at org.springframework.beans.factory.support.DefaultListableBeanFactory.doResolveDependency(DefaultListableBeanFactory.java:1443)
	at org.springframework.beans.factory.support.DefaultListableBeanFactory.resolveDependency(DefaultListableBeanFactory.java:1353)
	at org.springframework.beans.factory.support.ConstructorResolver.resolveAutowiredArgument(ConstructorResolver.java:904)
	at org.springframework.beans.factory.support.ConstructorResolver.createArgumentArray(ConstructorResolver.java:782)
	... 97 more
Caused by: org.springframework.beans.factory.UnsatisfiedDependencyException: Error creating bean with name 'deadLetterQueueProviderConfigurerModule' defined in class path resource [org/axonframework/springboot/autoconfig/JpaAutoConfiguration.class]: Unsatisfied dependency expressed through method 'deadLetterQueueProviderConfigurerModule' parameter 3: Error creating bean with name 'serializer' defined in class path resource [org/axonframework/springboot/autoconfig/AxonAutoConfiguration.class]: Failed to instantiate [org.axonframework.serialization.Serializer]: Factory method 'serializer' threw exception with message: Error creating bean with name 'xStream' defined in com.madhurtoppo.common.config.AxonConfig: Failed to instantiate [com.thoughtworks.xstream.XStream]: Factory method 'xStream' threw exception with message: null
	at org.springframework.beans.factory.support.ConstructorResolver.createArgumentArray(ConstructorResolver.java:795)
	at org.springframework.beans.factory.support.ConstructorResolver.instantiateUsingFactoryMethod(ConstructorResolver.java:542)
	at org.springframework.beans.factory.support.AbstractAutowireCapableBeanFactory.instantiateUsingFactoryMethod(AbstractAutowireCapableBeanFactory.java:1355)
	at org.springframework.beans.factory.support.AbstractAutowireCapableBeanFactory.createBeanInstance(AbstractAutowireCapableBeanFactory.java:1185)
	at org.springframework.beans.factory.support.AbstractAutowireCapableBeanFactory.doCreateBean(AbstractAutowireCapableBeanFactory.java:562)
	at org.springframework.beans.factory.support.AbstractAutowireCapableBeanFactory.createBean(AbstractAutowireCapableBeanFactory.java:522)
	at org.springframework.beans.factory.support.AbstractBeanFactory.lambda$doGetBean$0(AbstractBeanFactory.java:337)
	at org.springframework.beans.factory.support.DefaultSingletonBeanRegistry.getSingleton(DefaultSingletonBeanRegistry.java:234)
	at org.springframework.beans.factory.support.AbstractBeanFactory.doGetBean(AbstractBeanFactory.java:335)
	at org.springframework.beans.factory.support.AbstractBeanFactory.getBean(AbstractBeanFactory.java:200)
	at org.springframework.beans.factory.config.DependencyDescriptor.resolveCandidate(DependencyDescriptor.java:254)
	at org.springframework.beans.factory.support.DefaultListableBeanFactory.addCandidateEntry(DefaultListableBeanFactory.java:1689)
	at org.springframework.beans.factory.support.DefaultListableBeanFactory.findAutowireCandidates(DefaultListableBeanFactory.java:1653)
	at org.springframework.beans.factory.support.DefaultListableBeanFactory.resolveMultipleBeanCollection(DefaultListableBeanFactory.java:1543)
	at org.springframework.beans.factory.support.DefaultListableBeanFactory.resolveMultipleBeans(DefaultListableBeanFactory.java:1511)
	at org.springframework.beans.factory.support.DefaultListableBeanFactory.doResolveDependency(DefaultListableBeanFactory.java:1392)
	at org.springframework.beans.factory.support.DefaultListableBeanFactory.resolveDependency(DefaultListableBeanFactory.java:1353)
	at org.springframework.beans.factory.support.ConstructorResolver.resolveAutowiredArgument(ConstructorResolver.java:904)
	at org.springframework.beans.factory.support.ConstructorResolver.createArgumentArray(ConstructorResolver.java:782)
	... 111 more
Caused by: org.springframework.beans.factory.BeanCreationException: Error creating bean with name 'serializer' defined in class path resource [org/axonframework/springboot/autoconfig/AxonAutoConfiguration.class]: Failed to instantiate [org.axonframework.serialization.Serializer]: Factory method 'serializer' threw exception with message: Error creating bean with name 'xStream' defined in com.madhurtoppo.common.config.AxonConfig: Failed to instantiate [com.thoughtworks.xstream.XStream]: Factory method 'xStream' threw exception with message: null
	at org.springframework.beans.factory.support.ConstructorResolver.instantiate(ConstructorResolver.java:648)
	at org.springframework.beans.factory.support.ConstructorResolver.instantiateUsingFactoryMethod(ConstructorResolver.java:636)
	at org.springframework.beans.factory.support.AbstractAutowireCapableBeanFactory.instantiateUsingFactoryMethod(AbstractAutowireCapableBeanFactory.java:1355)
	at org.springframework.beans.factory.support.AbstractAutowireCapableBeanFactory.createBeanInstance(AbstractAutowireCapableBeanFactory.java:1185)
	at org.springframework.beans.factory.support.AbstractAutowireCapableBeanFactory.doCreateBean(AbstractAutowireCapableBeanFactory.java:562)
	at org.springframework.beans.factory.support.AbstractAutowireCapableBeanFactory.createBean(AbstractAutowireCapableBeanFactory.java:522)
	at org.springframework.beans.factory.support.AbstractBeanFactory.lambda$doGetBean$0(AbstractBeanFactory.java:337)
	at org.springframework.beans.factory.support.DefaultSingletonBeanRegistry.getSingleton(DefaultSingletonBeanRegistry.java:234)
	at org.springframework.beans.factory.support.AbstractBeanFactory.doGetBean(AbstractBeanFactory.java:335)
	at org.springframework.beans.factory.support.AbstractBeanFactory.getBean(AbstractBeanFactory.java:200)
	at org.springframework.beans.factory.config.DependencyDescriptor.resolveCandidate(DependencyDescriptor.java:254)
	at org.springframework.beans.factory.support.DefaultListableBeanFactory.doResolveDependency(DefaultListableBeanFactory.java:1443)
	at org.springframework.beans.factory.support.DefaultListableBeanFactory.resolveDependency(DefaultListableBeanFactory.java:1353)
	at org.springframework.beans.factory.support.ConstructorResolver.resolveAutowiredArgument(ConstructorResolver.java:904)
	at org.springframework.beans.factory.support.ConstructorResolver.createArgumentArray(ConstructorResolver.java:782)
	... 129 more
Caused by: org.springframework.beans.BeanInstantiationException: Failed to instantiate [org.axonframework.serialization.Serializer]: Factory method 'serializer' threw exception with message: Error creating bean with name 'xStream' defined in com.madhurtoppo.common.config.AxonConfig: Failed to instantiate [com.thoughtworks.xstream.XStream]: Factory method 'xStream' threw exception with message: null
	at org.springframework.beans.factory.support.SimpleInstantiationStrategy.instantiate(SimpleInstantiationStrategy.java:178)
	at org.springframework.beans.factory.support.ConstructorResolver.instantiate(ConstructorResolver.java:644)
	... 143 more
Caused by: org.springframework.beans.factory.BeanCreationException: Error creating bean with name 'xStream' defined in com.madhurtoppo.common.config.AxonConfig: Failed to instantiate [com.thoughtworks.xstream.XStream]: Factory method 'xStream' threw exception with message: null
	at org.springframework.beans.factory.support.ConstructorResolver.instantiate(ConstructorResolver.java:648)
	at org.springframework.beans.factory.support.ConstructorResolver.instantiateUsingFactoryMethod(ConstructorResolver.java:485)
	at org.springframework.beans.factory.support.AbstractAutowireCapableBeanFactory.instantiateUsingFactoryMethod(AbstractAutowireCapableBeanFactory.java:1355)
	at org.springframework.beans.factory.support.AbstractAutowireCapableBeanFactory.createBeanInstance(AbstractAutowireCapableBeanFactory.java:1185)
	at org.springframework.beans.factory.support.AbstractAutowireCapableBeanFactory.doCreateBean(AbstractAutowireCapableBeanFactory.java:562)
	at org.springframework.beans.factory.support.AbstractAutowireCapableBeanFactory.createBean(AbstractAutowireCapableBeanFactory.java:522)
	at org.springframework.beans.factory.support.AbstractBeanFactory.lambda$doGetBean$0(AbstractBeanFactory.java:337)
	at org.springframework.beans.factory.support.DefaultSingletonBeanRegistry.getSingleton(DefaultSingletonBeanRegistry.java:234)
	at org.springframework.beans.factory.support.AbstractBeanFactory.doGetBean(AbstractBeanFactory.java:335)
	at org.springframework.beans.factory.support.AbstractBeanFactory.getBean(AbstractBeanFactory.java:200)
	at org.springframework.beans.factory.support.DefaultListableBeanFactory.getBeansOfType(DefaultListableBeanFactory.java:665)
	at org.springframework.beans.factory.support.DefaultListableBeanFactory.getBeansOfType(DefaultListableBeanFactory.java:653)
	at org.springframework.context.support.AbstractApplicationContext.getBeansOfType(AbstractApplicationContext.java:1389)
	at org.springframework.beans.factory.BeanFactoryUtils.beansOfTypeIncludingAncestors(BeanFactoryUtils.java:321)
	at org.axonframework.springboot.autoconfig.AxonAutoConfiguration.buildSerializer(AxonAutoConfiguration.java:224)
	at org.axonframework.springboot.autoconfig.AxonAutoConfiguration.serializer(AxonAutoConfiguration.java:150)
	at java.base/java.lang.reflect.Method.invoke(Method.java:580)
	at org.springframework.beans.factory.support.SimpleInstantiationStrategy.instantiate(SimpleInstantiationStrategy.java:146)
	... 144 more
Caused by: org.springframework.beans.BeanInstantiationException: Failed to instantiate [com.thoughtworks.xstream.XStream]: Factory method 'xStream' threw exception with message: null
	at org.springframework.beans.factory.support.SimpleInstantiationStrategy.instantiate(SimpleInstantiationStrategy.java:178)
	at org.springframework.beans.factory.support.ConstructorResolver.instantiate(ConstructorResolver.java:644)
	... 161 more
Caused by: java.lang.StackOverflowError
	at java.base/java.lang.Class.forName0(Native Method)
	at java.base/java.lang.Class.forName(Class.java:534)
	at java.base/java.lang.Class.forName(Class.java:513)
	at com.thoughtworks.xstream.XStream.buildMapperDynamically(XStream.java:595)
	at com.thoughtworks.xstream.XStream.buildMapper(XStream.java:571)
	at com.thoughtworks.xstream.XStream.<init>(XStream.java:542)
	at com.thoughtworks.xstream.XStream.<init>(XStream.java:476)
	at com.thoughtworks.xstream.XStream.<init>(XStream.java:450)
	at com.thoughtworks.xstream.XStream.<init>(XStream.java:403)
	at com.thoughtworks.xstream.XStream.<init>(XStream.java:351)
	at com.madhurtoppo.common.config.AxonConfig.xStream(AxonConfig.java:13)
	at com.madhurtoppo.common.config.AxonConfig$$SpringCGLIB$$0.CGLIB$xStream$0(<generated>)
	at com.madhurtoppo.common.config.AxonConfig$$SpringCGLIB$$FastClass$$1.invoke(<generated>)
	at org.springframework.cglib.proxy.MethodProxy.invokeSuper(MethodProxy.java:258)
	at org.springframework.context.annotation.ConfigurationClassEnhancer$BeanMethodInterceptor.intercept(ConfigurationClassEnhancer.java:348)
	at com.madhurtoppo.common.config.AxonConfig$$SpringCGLIB$$0.xStream(<generated>)
	at com.madhurtoppo.common.config.AxonConfig.xStream(AxonConfig.java:14)
	at com.madhurtoppo.common.config.AxonConfig$$SpringCGLIB$$0.CGLIB$xStream$0(<generated>)
	at com.madhurtoppo.common.config.AxonConfig$$SpringCGLIB$$FastClass$$1.invoke(<generated>)
	at org.springframework.cglib.proxy.MethodProxy.invokeSuper(MethodProxy.java:258)
	at org.springframework.context.annotation.ConfigurationClassEnhancer$BeanMethodInterceptor.intercept(ConfigurationClassEnhancer.java:348)
	at com.madhurtoppo.common.config.AxonConfig$$SpringCGLIB$$0.xStream(<generated>)
	at com.madhurtoppo.common.config.AxonConfig.xStream(AxonConfig.java:14)
	at com.madhurtoppo.common.config.AxonConfig$$SpringCGLIB$$0.CGLIB$xStream$0(<generated>)
	at com.madhurtoppo.common.config.AxonConfig$$SpringCGLIB$$FastClass$$1.invoke(<generated>)
	at org.springframework.cglib.proxy.MethodProxy.invokeSuper(MethodProxy.java:258)
	at org.springframework.context.annotation.ConfigurationClassEnhancer$BeanMethodInterceptor.intercept(ConfigurationClassEnhancer.java:348)
	at com.madhurtoppo.common.config.AxonConfig$$SpringCGLIB$$0.xStream(<generated>)
	at com.madhurtoppo.common.config.AxonConfig.xStream(AxonConfig.java:14)
	at com.madhurtoppo.common.config.AxonConfig$$SpringCGLIB$$0.CGLIB$xStream$0(<generated>)
	at com.madhurtoppo.common.config.AxonConfig$$SpringCGLIB$$FastClass$$1.invoke(<generated>)
	at org.springframework.cglib.proxy.MethodProxy.invokeSuper(MethodProxy.java:258)
	at org.springframework.context.annotation.ConfigurationClassEnhancer$BeanMethodInterceptor.intercept(ConfigurationClassEnhancer.java:348)
	at com.madhurtoppo.common.config.AxonConfig$$SpringCGLIB$$0.xStream(<generated>)
	at com.madhurtoppo.common.config.AxonConfig.xStream(AxonConfig.java:14)
	at com.madhurtoppo.common.config.AxonConfig$$SpringCGLIB$$0.CGLIB$xStream$0(<generated>)
	at com.madhurtoppo.common.config.AxonConfig$$SpringCGLIB$$FastClass$$1.invoke(<generated>)
	at org.springframework.cglib.proxy.MethodProxy.invokeSuper(MethodProxy.java:258)
	at org.springframework.context.annotation.ConfigurationClassEnhancer$BeanMethodInterceptor.intercept(ConfigurationClassEnhancer.java:348)
	at com.madhurtoppo.common.config.AxonConfig$$SpringCGLIB$$0.xStream(<generated>)
	at com.madhurtoppo.common.config.AxonConfig.xStream(AxonConfig.java:14)
	at com.madhurtoppo.common.config.AxonConfig$$SpringCGLIB$$0.CGLIB$xStream$0(<generated>)
	at com.madhurtoppo.common.config.AxonConfig$$SpringCGLIB$$FastClass$$1.invoke(<generated>)
	at org.springframework.cglib.proxy.MethodProxy.invokeSuper(MethodProxy.java:258)
	at org.springframework.context.annotation.ConfigurationClassEnhancer$BeanMethodInterceptor.intercept(ConfigurationClassEnhancer.java:348)
	at com.madhurtoppo.common.config.AxonConfig$$SpringCGLIB$$0.xStream(<generated>)
	at com.madhurtoppo.common.config.AxonConfig.xStream(AxonConfig.java:14)
	at com.madhurtoppo.common.config.AxonConfig$$SpringCGLIB$$0.CGLIB$xStream$0(<generated>)
	at com.madhurtoppo.common.config.AxonConfig$$SpringCGLIB$$FastClass$$1.invoke(<generated>)
	at org.springframework.cglib.proxy.MethodProxy.invokeSuper(MethodProxy.java:258)
	at org.springframework.context.annotation.ConfigurationClassEnhancer$BeanMethodInterceptor.intercept(ConfigurationClassEnhancer.java:348)
	at com.madhurtoppo.common.config.AxonConfig$$SpringCGLIB$$0.xStream(<generated>)
	at com.madhurtoppo.common.config.AxonConfig.xStream(AxonConfig.java:14)
	at com.madhurtoppo.common.config.AxonConfig$$SpringCGLIB$$0.CGLIB$xStream$0(<generated>)
	at com.madhurtoppo.common.config.AxonConfig$$SpringCGLIB$$FastClass$$1.invoke(<generated>)
	at org.springframework.cglib.proxy.MethodProxy.invokeSuper(MethodProxy.java:258)
	at org.springframework.context.annotation.ConfigurationClassEnhancer$BeanMethodInterceptor.intercept(ConfigurationClassEnhancer.java:348)
	at com.madhurtoppo.common.config.AxonConfig$$SpringCGLIB$$0.xStream(<generated>)
	at com.madhurtoppo.common.config.AxonConfig.xStream(AxonConfig.java:14)
	at com.madhurtoppo.common.config.AxonConfig$$SpringCGLIB$$0.CGLIB$xStream$0(<generated>)
	at com.madhurtoppo.common.config.AxonConfig$$SpringCGLIB$$FastClass$$1.invoke(<generated>)
	at org.springframework.cglib.proxy.MethodProxy.invokeSuper(MethodProxy.java:258)
	at org.springframework.context.annotation.ConfigurationClassEnhancer$BeanMethodInterceptor.intercept(ConfigurationClassEnhancer.java:348)
	at com.madhurtoppo.common.config.AxonConfig$$SpringCGLIB$$0.xStream(<generated>)
	at com.madhurtoppo.common.config.AxonConfig.xStream(AxonConfig.java:14)
	at com.madhurtoppo.common.config.AxonConfig$$SpringCGLIB$$0.CGLIB$xStream$0(<generated>)
	at com.madhurtoppo.common.config.AxonConfig$$SpringCGLIB$$FastClass$$1.invoke(<generated>)
	at org.springframework.cglib.proxy.MethodProxy.invokeSuper(MethodProxy.java:258)
	at org.springframework.context.annotation.ConfigurationClassEnhancer$BeanMethodInterceptor.intercept(ConfigurationClassEnhancer.java:348)
	at com.madhurtoppo.common.config.AxonConfig$$SpringCGLIB$$0.xStream(<generated>)
	at com.madhurtoppo.common.config.AxonConfig.xStream(AxonConfig.java:14)
	at com.madhurtoppo.common.config.AxonConfig$$SpringCGLIB$$0.CGLIB$xStream$0(<generated>)
	at com.madhurtoppo.common.config.AxonConfig$$SpringCGLIB$$FastClass$$1.invoke(<generated>)
	at org.springframework.cglib.proxy.MethodProxy.invokeSuper(MethodProxy.java:258)
	at org.springframework.context.annotation.ConfigurationClassEnhancer$BeanMethodInterceptor.intercept(ConfigurationClassEnhancer.java:348)
	at com.madhurtoppo.common.config.AxonConfig$$SpringCGLIB$$0.xStream(<generated>)
	at com.madhurtoppo.common.config.AxonConfig.xStream(AxonConfig.java:14)
	at com.madhurtoppo.common.config.AxonConfig$$SpringCGLIB$$0.CGLIB$xStream$0(<generated>)
	at com.madhurtoppo.common.config.AxonConfig$$SpringCGLIB$$FastClass$$1.invoke(<generated>)
	at org.springframework.cglib.proxy.MethodProxy.invokeSuper(MethodProxy.java:258)
	at org.springframework.context.annotation.ConfigurationClassEnhancer$BeanMethodInterceptor.intercept(ConfigurationClassEnhancer.java:348)
	at com.madhurtoppo.common.config.AxonConfig$$SpringCGLIB$$0.xStream(<generated>)
	at com.madhurtoppo.common.config.AxonConfig.xStream(AxonConfig.java:14)
	at com.madhurtoppo.common.config.AxonConfig$$SpringCGLIB$$0.CGLIB$xStream$0(<generated>)
	at com.madhurtoppo.common.config.AxonConfig$$SpringCGLIB$$FastClass$$1.invoke(<generated>)
	at org.springframework.cglib.proxy.MethodProxy.invokeSuper(MethodProxy.java:258)
	at org.springframework.context.annotation.ConfigurationClassEnhancer$BeanMethodInterceptor.intercept(ConfigurationClassEnhancer.java:348)
	at com.madhurtoppo.common.config.AxonConfig$$SpringCGLIB$$0.xStream(<generated>)
	at com.madhurtoppo.common.config.AxonConfig.xStream(AxonConfig.java:14)
	at com.madhurtoppo.common.config.AxonConfig$$SpringCGLIB$$0.CGLIB$xStream$0(<generated>)
	at com.madhurtoppo.common.config.AxonConfig$$SpringCGLIB$$FastClass$$1.invoke(<generated>)
	at org.springframework.cglib.proxy.MethodProxy.invokeSuper(MethodProxy.java:258)
	at org.springframework.context.annotation.ConfigurationClassEnhancer$BeanMethodInterceptor.intercept(ConfigurationClassEnhancer.java:348)
	at com.madhurtoppo.common.config.AxonConfig$$SpringCGLIB$$0.xStream(<generated>)
	at com.madhurtoppo.common.config.AxonConfig.xStream(AxonConfig.java:14)
	at com.madhurtoppo.common.config.AxonConfig$$SpringCGLIB$$0.CGLIB$xStream$0(<generated>)
	at com.madhurtoppo.common.config.AxonConfig$$SpringCGLIB$$FastClass$$1.invoke(<generated>)
	at org.springframework.cglib.proxy.MethodProxy.invokeSuper(MethodProxy.java:258)
	at org.springframework.context.annotation.ConfigurationClassEnhancer$BeanMethodInterceptor.intercept(ConfigurationClassEnhancer.java:348)
	at com.madhurtoppo.common.config.AxonConfig$$SpringCGLIB$$0.xStream(<generated>)
	at com.madhurtoppo.common.config.AxonConfig.xStream(AxonConfig.java:14)
	at com.madhurtoppo.common.config.AxonConfig$$SpringCGLIB$$0.CGLIB$xStream$0(<generated>)
	at com.madhurtoppo.common.config.AxonConfig$$SpringCGLIB$$FastClass$$1.invoke(<generated>)
	at org.springframework.cglib.proxy.MethodProxy.invokeSuper(MethodProxy.java:258)
	at org.springframework.context.annotation.ConfigurationClassEnhancer$BeanMethodInterceptor.intercept(ConfigurationClassEnhancer.java:348)
	at com.madhurtoppo.common.config.AxonConfig$$SpringCGLIB$$0.xStream(<generated>)
	at com.madhurtoppo.common.config.AxonConfig.xStream(AxonConfig.java:14)
	at com.madhurtoppo.common.config.AxonConfig$$SpringCGLIB$$0.CGLIB$xStream$0(<generated>)
	at com.madhurtoppo.common.config.AxonConfig$$SpringCGLIB$$FastClass$$1.invoke(<generated>)
	at org.springframework.cglib.proxy.MethodProxy.invokeSuper(MethodProxy.java:258)
	at org.springframework.context.annotation.ConfigurationClassEnhancer$BeanMethodInterceptor.intercept(ConfigurationClassEnhancer.java:348)
	at com.madhurtoppo.common.config.AxonConfig$$SpringCGLIB$$0.xStream(<generated>)
	at com.madhurtoppo.common.config.AxonConfig.xStream(AxonConfig.java:14)
	at com.madhurtoppo.common.config.AxonConfig$$SpringCGLIB$$0.CGLIB$xStream$0(<generated>)
	at com.madhurtoppo.common.config.AxonConfig$$SpringCGLIB$$FastClass$$1.invoke(<generated>)
	at org.springframework.cglib.proxy.MethodProxy.invokeSuper(MethodProxy.java:258)
	at org.springframework.context.annotation.ConfigurationClassEnhancer$BeanMethodInterceptor.intercept(ConfigurationClassEnhancer.java:348)
	at com.madhurtoppo.common.config.AxonConfig$$SpringCGLIB$$0.xStream(<generated>)
	at com.madhurtoppo.common.config.AxonConfig.xStream(AxonConfig.java:14)
	at com.madhurtoppo.common.config.AxonConfig$$SpringCGLIB$$0.CGLIB$xStream$0(<generated>)
	at com.madhurtoppo.common.config.AxonConfig$$SpringCGLIB$$FastClass$$1.invoke(<generated>)
	at org.springframework.cglib.proxy.MethodProxy.invokeSuper(MethodProxy.java:258)
	at org.springframework.context.annotation.ConfigurationClassEnhancer$BeanMethodInterceptor.intercept(ConfigurationClassEnhancer.java:348)
	at com.madhurtoppo.common.config.AxonConfig$$SpringCGLIB$$0.xStream(<generated>)
	at com.madhurtoppo.common.config.AxonConfig.xStream(AxonConfig.java:14)
	at com.madhurtoppo.common.config.AxonConfig$$SpringCGLIB$$0.CGLIB$xStream$0(<generated>)
	at com.madhurtoppo.common.config.AxonConfig$$SpringCGLIB$$FastClass$$1.invoke(<generated>)
	at org.springframework.cglib.proxy.MethodProxy.invokeSuper(MethodProxy.java:258)
	at org.springframework.context.annotation.ConfigurationClassEnhancer$BeanMethodInterceptor.intercept(ConfigurationClassEnhancer.java:348)
	at com.madhurtoppo.common.config.AxonConfig$$SpringCGLIB$$0.xStream(<generated>)
	at com.madhurtoppo.common.config.AxonConfig.xStream(AxonConfig.java:14)
	at com.madhurtoppo.common.config.AxonConfig$$SpringCGLIB$$0.CGLIB$xStream$0(<generated>)
	at com.madhurtoppo.common.config.AxonConfig$$SpringCGLIB$$FastClass$$1.invoke(<generated>)
	at org.springframework.cglib.proxy.MethodProxy.invokeSuper(MethodProxy.java:258)
	at org.springframework.context.annotation.ConfigurationClassEnhancer$BeanMethodInterceptor.intercept(ConfigurationClassEnhancer.java:348)
	at com.madhurtoppo.common.config.AxonConfig$$SpringCGLIB$$0.xStream(<generated>)
	at com.madhurtoppo.common.config.AxonConfig.xStream(AxonConfig.java:14)
	at com.madhurtoppo.common.config.AxonConfig$$SpringCGLIB$$0.CGLIB$xStream$0(<generated>)
	at com.madhurtoppo.common.config.AxonConfig$$SpringCGLIB$$FastClass$$1.invoke(<generated>)
	at org.springframework.cglib.proxy.MethodProxy.invokeSuper(MethodProxy.java:258)
	at org.springframework.context.annotation.ConfigurationClassEnhancer$BeanMethodInterceptor.intercept(ConfigurationClassEnhancer.java:348)
	at com.madhurtoppo.common.config.AxonConfig$$SpringCGLIB$$0.xStream(<generated>)
	at com.madhurtoppo.common.config.AxonConfig.xStream(AxonConfig.java:14)
	at com.madhurtoppo.common.config.AxonConfig$$SpringCGLIB$$0.CGLIB$xStream$0(<generated>)
	at com.madhurtoppo.common.config.AxonConfig$$SpringCGLIB$$FastClass$$1.invoke(<generated>)
	at org.springframework.cglib.proxy.MethodProxy.invokeSuper(MethodProxy.java:258)
	at org.springframework.context.annotation.ConfigurationClassEnhancer$BeanMethodInterceptor.intercept(ConfigurationClassEnhancer.java:348)
	at com.madhurtoppo.common.config.AxonConfig$$SpringCGLIB$$0.xStream(<generated>)
	at com.madhurtoppo.common.config.AxonConfig.xStream(AxonConfig.java:14)
	at com.madhurtoppo.common.config.AxonConfig$$SpringCGLIB$$0.CGLIB$xStream$0(<generated>)
	at com.madhurtoppo.common.config.AxonConfig$$SpringCGLIB$$FastClass$$1.invoke(<generated>)
	at org.springframework.cglib.proxy.MethodProxy.invokeSuper(MethodProxy.java:258)
	at org.springframework.context.annotation.ConfigurationClassEnhancer$BeanMethodInterceptor.intercept(ConfigurationClassEnhancer.java:348)
	at com.madhurtoppo.common.config.AxonConfig$$SpringCGLIB$$0.xStream(<generated>)
	at com.madhurtoppo.common.config.AxonConfig.xStream(AxonConfig.java:14)
	at com.madhurtoppo.common.config.AxonConfig$$SpringCGLIB$$0.CGLIB$xStream$0(<generated>)
	at com.madhurtoppo.common.config.AxonConfig$$SpringCGLIB$$FastClass$$1.invoke(<generated>)
	at org.springframework.cglib.proxy.MethodProxy.invokeSuper(MethodProxy.java:258)
	at org.springframework.context.annotation.ConfigurationClassEnhancer$BeanMethodInterceptor.intercept(ConfigurationClassEnhancer.java:348)
	at com.madhurtoppo.common.config.AxonConfig$$SpringCGLIB$$0.xStream(<generated>)
	at com.madhurtoppo.common.config.AxonConfig.xStream(AxonConfig.java:14)
	at com.madhurtoppo.common.config.AxonConfig$$SpringCGLIB$$0.CGLIB$xStream$0(<generated>)
	at com.madhurtoppo.common.config.AxonConfig$$SpringCGLIB$$FastClass$$1.invoke(<generated>)
	at org.springframework.cglib.proxy.MethodProxy.invokeSuper(MethodProxy.java:258)
	at org.springframework.context.annotation.ConfigurationClassEnhancer$BeanMethodInterceptor.intercept(ConfigurationClassEnhancer.java:348)
	at com.madhurtoppo.common.config.AxonConfig$$SpringCGLIB$$0.xStream(<generated>)
	at com.madhurtoppo.common.config.AxonConfig.xStream(AxonConfig.java:14)
	at com.madhurtoppo.common.config.AxonConfig$$SpringCGLIB$$0.CGLIB$xStream$0(<generated>)
	at com.madhurtoppo.common.config.AxonConfig$$SpringCGLIB$$FastClass$$1.invoke(<generated>)
	at org.springframework.cglib.proxy.MethodProxy.invokeSuper(MethodProxy.java:258)
	at org.springframework.context.annotation.ConfigurationClassEnhancer$BeanMethodInterceptor.intercept(ConfigurationClassEnhancer.java:348)
	at com.madhurtoppo.common.config.AxonConfig$$SpringCGLIB$$0.xStream(<generated>)
	at com.madhurtoppo.common.config.AxonConfig.xStream(AxonConfig.java:14)
	at com.madhurtoppo.common.config.AxonConfig$$SpringCGLIB$$0.CGLIB$xStream$0(<generated>)
	at com.madhurtoppo.common.config.AxonConfig$$SpringCGLIB$$FastClass$$1.invoke(<generated>)
	at org.springframework.cglib.proxy.MethodProxy.invokeSuper(MethodProxy.java:258)
	at org.springframework.context.annotation.ConfigurationClassEnhancer$BeanMethodInterceptor.intercept(ConfigurationClassEnhancer.java:348)
	at com.madhurtoppo.common.config.AxonConfig$$SpringCGLIB$$0.xStream(<generated>)
	at com.madhurtoppo.common.config.AxonConfig.xStream(AxonConfig.java:14)
	at com.madhurtoppo.common.config.AxonConfig$$SpringCGLIB$$0.CGLIB$xStream$0(<generated>)
	at com.madhurtoppo.common.config.AxonConfig$$SpringCGLIB$$FastClass$$1.invoke(<generated>)
	at org.springframework.cglib.proxy.MethodProxy.invokeSuper(MethodProxy.java:258)
	at org.springframework.context.annotation.ConfigurationClassEnhancer$BeanMethodInterceptor.intercept(ConfigurationClassEnhancer.java:348)
	at com.madhurtoppo.common.config.AxonConfig$$SpringCGLIB$$0.xStream(<generated>)
	at com.madhurtoppo.common.config.AxonConfig.xStream(AxonConfig.java:14)
	at com.madhurtoppo.common.config.AxonConfig$$SpringCGLIB$$0.CGLIB$xStream$0(<generated>)
	at com.madhurtoppo.common.config.AxonConfig$$SpringCGLIB$$FastClass$$1.invoke(<generated>)
	at org.springframework.cglib.proxy.MethodProxy.invokeSuper(MethodProxy.java:258)
	at org.springframework.context.annotation.ConfigurationClassEnhancer$BeanMethodInterceptor.intercept(ConfigurationClassEnhancer.java:348)
	at com.madhurtoppo.common.config.AxonConfig$$SpringCGLIB$$0.xStream(<generated>)
	at com.madhurtoppo.common.config.AxonConfig.xStream(AxonConfig.java:14)
	at com.madhurtoppo.common.config.AxonConfig$$SpringCGLIB$$0.CGLIB$xStream$0(<generated>)
	at com.madhurtoppo.common.config.AxonConfig$$SpringCGLIB$$FastClass$$1.invoke(<generated>)
	at org.springframework.cglib.proxy.MethodProxy.invokeSuper(MethodProxy.java:258)
	at org.springframework.context.annotation.ConfigurationClassEnhancer$BeanMethodInterceptor.intercept(ConfigurationClassEnhancer.java:348)
	at com.madhurtoppo.common.config.AxonConfig$$SpringCGLIB$$0.xStream(<generated>)
	at com.madhurtoppo.common.config.AxonConfig.xStream(AxonConfig.java:14)
	at com.madhurtoppo.common.config.AxonConfig$$SpringCGLIB$$0.CGLIB$xStream$0(<generated>)
	at com.madhurtoppo.common.config.AxonConfig$$SpringCGLIB$$FastClass$$1.invoke(<generated>)
	at org.springframework.cglib.proxy.MethodProxy.invokeSuper(MethodProxy.java:258)
	at org.springframework.context.annotation.ConfigurationClassEnhancer$BeanMethodInterceptor.intercept(ConfigurationClassEnhancer.java:348)
	at com.madhurtoppo.common.config.AxonConfig$$SpringCGLIB$$0.xStream(<generated>)
	at com.madhurtoppo.common.config.AxonConfig.xStream(AxonConfig.java:14)
	at com.madhurtoppo.common.config.AxonConfig$$SpringCGLIB$$0.CGLIB$xStream$0(<generated>)
	at com.madhurtoppo.common.config.AxonConfig$$SpringCGLIB$$FastClass$$1.invoke(<generated>)
	at org.springframework.cglib.proxy.MethodProxy.invokeSuper(MethodProxy.java:258)
	at org.springframework.context.annotation.ConfigurationClassEnhancer$BeanMethodInterceptor.intercept(ConfigurationClassEnhancer.java:348)
	at com.madhurtoppo.common.config.AxonConfig$$SpringCGLIB$$0.xStream(<generated>)
	at com.madhurtoppo.common.config.AxonConfig.xStream(AxonConfig.java:14)
	at com.madhurtoppo.common.config.AxonConfig$$SpringCGLIB$$0.CGLIB$xStream$0(<generated>)
	at com.madhurtoppo.common.config.AxonConfig$$SpringCGLIB$$FastClass$$1.invoke(<generated>)
	at org.springframework.cglib.proxy.MethodProxy.invokeSuper(MethodProxy.java:258)
	at org.springframework.context.annotation.ConfigurationClassEnhancer$BeanMethodInterceptor.intercept(ConfigurationClassEnhancer.java:348)
	at com.madhurtoppo.common.config.AxonConfig$$SpringCGLIB$$0.xStream(<generated>)
	at com.madhurtoppo.common.config.AxonConfig.xStream(AxonConfig.java:14)
	at com.madhurtoppo.common.config.AxonConfig$$SpringCGLIB$$0.CGLIB$xStream$0(<generated>)
	at com.madhurtoppo.common.config.AxonConfig$$SpringCGLIB$$FastClass$$1.invoke(<generated>)
	at org.springframework.cglib.proxy.MethodProxy.invokeSuper(MethodProxy.java:258)
	at org.springframework.context.annotation.ConfigurationClassEnhancer$BeanMethodInterceptor.intercept(ConfigurationClassEnhancer.java:348)
	at com.madhurtoppo.common.config.AxonConfig$$SpringCGLIB$$0.xStream(<generated>)
	at com.madhurtoppo.common.config.AxonConfig.xStream(AxonConfig.java:14)
	at com.madhurtoppo.common.config.AxonConfig$$SpringCGLIB$$0.CGLIB$xStream$0(<generated>)
	at com.madhurtoppo.common.config.AxonConfig$$SpringCGLIB$$FastClass$$1.invoke(<generated>)
	at org.springframework.cglib.proxy.MethodProxy.invokeSuper(MethodProxy.java:258)
	at org.springframework.context.annotation.ConfigurationClassEnhancer$BeanMethodInterceptor.intercept(ConfigurationClassEnhancer.java:348)
	at com.madhurtoppo.common.config.AxonConfig$$SpringCGLIB$$0.xStream(<generated>)
	at com.madhurtoppo.common.config.AxonConfig.xStream(AxonConfig.java:14)
	at com.madhurtoppo.common.config.AxonConfig$$SpringCGLIB$$0.CGLIB$xStream$0(<generated>)
	at com.madhurtoppo.common.config.AxonConfig$$SpringCGLIB$$FastClass$$1.invoke(<generated>)
	at org.springframework.cglib.proxy.MethodProxy.invokeSuper(MethodProxy.java:258)
	at org.springframework.context.annotation.ConfigurationClassEnhancer$BeanMethodInterceptor.intercept(ConfigurationClassEnhancer.java:348)
	at com.madhurtoppo.common.config.AxonConfig$$SpringCGLIB$$0.xStream(<generated>)
	at com.madhurtoppo.common.config.AxonConfig.xStream(AxonConfig.java:14)
	at com.madhurtoppo.common.config.AxonConfig$$SpringCGLIB$$0.CGLIB$xStream$0(<generated>)
	at com.madhurtoppo.common.config.AxonConfig$$SpringCGLIB$$FastClass$$1.invoke(<generated>)
	at org.springframework.cglib.proxy.MethodProxy.invokeSuper(MethodProxy.java:258)
	at org.springframework.context.annotation.ConfigurationClassEnhancer$BeanMethodInterceptor.intercept(ConfigurationClassEnhancer.java:348)
	at com.madhurtoppo.common.config.AxonConfig$$SpringCGLIB$$0.xStream(<generated>)
	at com.madhurtoppo.common.config.AxonConfig.xStream(AxonConfig.java:14)
	at com.madhurtoppo.common.config.AxonConfig$$SpringCGLIB$$0.CGLIB$xStream$0(<generated>)
	at com.madhurtoppo.common.config.AxonConfig$$SpringCGLIB$$FastClass$$1.invoke(<generated>)
	at org.springframework.cglib.proxy.MethodProxy.invokeSuper(MethodProxy.java:258)
	at org.springframework.context.annotation.ConfigurationClassEnhancer$BeanMethodInterceptor.intercept(ConfigurationClassEnhancer.java:348)
	at com.madhurtoppo.common.config.AxonConfig$$SpringCGLIB$$0.xStream(<generated>)
	at com.madhurtoppo.common.config.AxonConfig.xStream(AxonConfig.java:14)
	at com.madhurtoppo.common.config.AxonConfig$$SpringCGLIB$$0.CGLIB$xStream$0(<generated>)
	at com.madhurtoppo.common.config.AxonConfig$$SpringCGLIB$$FastClass$$1.invoke(<generated>)
	at org.springframework.cglib.proxy.MethodProxy.invokeSuper(MethodProxy.java:258)
	at org.springframework.context.annotation.ConfigurationClassEnhancer$BeanMethodInterceptor.intercept(ConfigurationClassEnhancer.java:348)
	at com.madhurtoppo.common.config.AxonConfig$$SpringCGLIB$$0.xStream(<generated>)
	at com.madhurtoppo.common.config.AxonConfig.xStream(AxonConfig.java:14)
	at com.madhurtoppo.common.config.AxonConfig$$SpringCGLIB$$0.CGLIB$xStream$0(<generated>)
	at com.madhurtoppo.common.config.AxonConfig$$SpringCGLIB$$FastClass$$1.invoke(<generated>)
	at org.springframework.cglib.proxy.MethodProxy.invokeSuper(MethodProxy.java:258)
	at org.springframework.context.annotation.ConfigurationClassEnhancer$BeanMethodInterceptor.intercept(ConfigurationClassEnhancer.java:348)
	at com.madhurtoppo.common.config.AxonConfig$$SpringCGLIB$$0.xStream(<generated>)
	at com.madhurtoppo.common.config.AxonConfig.xStream(AxonConfig.java:14)
	at com.madhurtoppo.common.config.AxonConfig$$SpringCGLIB$$0.CGLIB$xStream$0(<generated>)
	at com.madhurtoppo.common.config.AxonConfig$$SpringCGLIB$$FastClass$$1.invoke(<generated>)
	at org.springframework.cglib.proxy.MethodProxy.invokeSuper(MethodProxy.java:258)
	at org.springframework.context.annotation.ConfigurationClassEnhancer$BeanMethodInterceptor.intercept(ConfigurationClassEnhancer.java:348)
	at com.madhurtoppo.common.config.AxonConfig$$SpringCGLIB$$0.xStream(<generated>)
	at com.madhurtoppo.common.config.AxonConfig.xStream(AxonConfig.java:14)
	at com.madhurtoppo.common.config.AxonConfig$$SpringCGLIB$$0.CGLIB$xStream$0(<generated>)
	at com.madhurtoppo.common.config.AxonConfig$$SpringCGLIB$$FastClass$$1.invoke(<generated>)
	at org.springframework.cglib.proxy.MethodProxy.invokeSuper(MethodProxy.java:258)
	at org.springframework.context.annotation.ConfigurationClassEnhancer$BeanMethodInterceptor.intercept(ConfigurationClassEnhancer.java:348)
	at com.madhurtoppo.common.config.AxonConfig$$SpringCGLIB$$0.xStream(<generated>)
	at com.madhurtoppo.common.config.AxonConfig.xStream(AxonConfig.java:14)
	at com.madhurtoppo.common.config.AxonConfig$$SpringCGLIB$$0.CGLIB$xStream$0(<generated>)
	at com.madhurtoppo.common.config.AxonConfig$$SpringCGLIB$$FastClass$$1.invoke(<generated>)
	at org.springframework.cglib.proxy.MethodProxy.invokeSuper(MethodProxy.java:258)
	at org.springframework.context.annotation.ConfigurationClassEnhancer$BeanMethodInterceptor.intercept(ConfigurationClassEnhancer.java:348)
	at com.madhurtoppo.common.config.AxonConfig$$SpringCGLIB$$0.xStream(<generated>)
	at com.madhurtoppo.common.config.AxonConfig.xStream(AxonConfig.java:14)
	at com.madhurtoppo.common.config.AxonConfig$$SpringCGLIB$$0.CGLIB$xStream$0(<generated>)
	at com.madhurtoppo.common.config.AxonConfig$$SpringCGLIB$$FastClass$$1.invoke(<generated>)
	at org.springframework.cglib.proxy.MethodProxy.invokeSuper(MethodProxy.java:258)
	at org.springframework.context.annotation.ConfigurationClassEnhancer$BeanMethodInterceptor.intercept(ConfigurationClassEnhancer.java:348)
	at com.madhurtoppo.common.config.AxonConfig$$SpringCGLIB$$0.xStream(<generated>)
	at com.madhurtoppo.common.config.AxonConfig.xStream(AxonConfig.java:14)
	at com.madhurtoppo.common.config.AxonConfig$$SpringCGLIB$$0.CGLIB$xStream$0(<generated>)
	at com.madhurtoppo.common.config.AxonConfig$$SpringCGLIB$$FastClass$$1.invoke(<generated>)
	at org.springframework.cglib.proxy.MethodProxy.invokeSuper(MethodProxy.java:258)
	at org.springframework.context.annotation.ConfigurationClassEnhancer$BeanMethodInterceptor.intercept(ConfigurationClassEnhancer.java:348)
	at com.madhurtoppo.common.config.AxonConfig$$SpringCGLIB$$0.xStream(<generated>)
	at com.madhurtoppo.common.config.AxonConfig.xStream(AxonConfig.java:14)
	at com.madhurtoppo.common.config.AxonConfig$$SpringCGLIB$$0.CGLIB$xStream$0(<generated>)
	at com.madhurtoppo.common.config.AxonConfig$$SpringCGLIB$$FastClass$$1.invoke(<generated>)
	at org.springframework.cglib.proxy.MethodProxy.invokeSuper(MethodProxy.java:258)
	at org.springframework.context.annotation.ConfigurationClassEnhancer$BeanMethodInterceptor.intercept(ConfigurationClassEnhancer.java:348)
	at com.madhurtoppo.common.config.AxonConfig$$SpringCGLIB$$0.xStream(<generated>)
	at com.madhurtoppo.common.config.AxonConfig.xStream(AxonConfig.java:14)
	at com.madhurtoppo.common.config.AxonConfig$$SpringCGLIB$$0.CGLIB$xStream$0(<generated>)
	at com.madhurtoppo.common.config.AxonConfig$$SpringCGLIB$$FastClass$$1.invoke(<generated>)
	at org.springframework.cglib.proxy.MethodProxy.invokeSuper(MethodProxy.java:258)
	at org.springframework.context.annotation.ConfigurationClassEnhancer$BeanMethodInterceptor.intercept(ConfigurationClassEnhancer.java:348)
	at com.madhurtoppo.common.config.AxonConfig$$SpringCGLIB$$0.xStream(<generated>)
	at com.madhurtoppo.common.config.AxonConfig.xStream(AxonConfig.java:14)
	at com.madhurtoppo.common.config.AxonConfig$$SpringCGLIB$$0.CGLIB$xStream$0(<generated>)
	at com.madhurtoppo.common.config.AxonConfig$$SpringCGLIB$$FastClass$$1.invoke(<generated>)
	at org.springframework.cglib.proxy.MethodProxy.invokeSuper(MethodProxy.java:258)
	at org.springframework.context.annotation.ConfigurationClassEnhancer$BeanMethodInterceptor.intercept(ConfigurationClassEnhancer.java:348)
	at com.madhurtoppo.common.config.AxonConfig$$SpringCGLIB$$0.xStream(<generated>)
	at com.madhurtoppo.common.config.AxonConfig.xStream(AxonConfig.java:14)
	at com.madhurtoppo.common.config.AxonConfig$$SpringCGLIB$$0.CGLIB$xStream$0(<generated>)
	at com.madhurtoppo.common.config.AxonConfig$$SpringCGLIB$$FastClass$$1.invoke(<generated>)
	at org.springframework.cglib.proxy.MethodProxy.invokeSuper(MethodProxy.java:258)
	at org.springframework.context.annotation.ConfigurationClassEnhancer$BeanMethodInterceptor.intercept(ConfigurationClassEnhancer.java:348)
	at com.madhurtoppo.common.config.AxonConfig$$SpringCGLIB$$0.xStream(<generated>)
	at com.madhurtoppo.common.config.AxonConfig.xStream(AxonConfig.java:14)
	at com.madhurtoppo.common.config.AxonConfig$$SpringCGLIB$$0.CGLIB$xStream$0(<generated>)
	at com.madhurtoppo.common.config.AxonConfig$$SpringCGLIB$$FastClass$$1.invoke(<generated>)
	at org.springframework.cglib.proxy.MethodProxy.invokeSuper(MethodProxy.java:258)
	at org.springframework.context.annotation.ConfigurationClassEnhancer$BeanMethodInterceptor.intercept(ConfigurationClassEnhancer.java:348)
	at com.madhurtoppo.common.config.AxonConfig$$SpringCGLIB$$0.xStream(<generated>)
	at com.madhurtoppo.common.config.AxonConfig.xStream(AxonConfig.java:14)
	at com.madhurtoppo.common.config.AxonConfig$$SpringCGLIB$$0.CGLIB$xStream$0(<generated>)
	at com.madhurtoppo.common.config.AxonConfig$$SpringCGLIB$$FastClass$$1.invoke(<generated>)
	at org.springframework.cglib.proxy.MethodProxy.invokeSuper(MethodProxy.java:258)
	at org.springframework.context.annotation.ConfigurationClassEnhancer$BeanMethodInterceptor.intercept(ConfigurationClassEnhancer.java:348)
	at com.madhurtoppo.common.config.AxonConfig$$SpringCGLIB$$0.xStream(<generated>)
	at com.madhurtoppo.common.config.AxonConfig.xStream(AxonConfig.java:14)
	at com.madhurtoppo.common.config.AxonConfig$$SpringCGLIB$$0.CGLIB$xStream$0(<generated>)
	at com.madhurtoppo.common.config.AxonConfig$$SpringCGLIB$$FastClass$$1.invoke(<generated>)
	at org.springframework.cglib.proxy.MethodProxy.invokeSuper(MethodProxy.java:258)
	at org.springframework.context.annotation.ConfigurationClassEnhancer$BeanMethodInterceptor.intercept(ConfigurationClassEnhancer.java:348)
	at com.madhurtoppo.common.config.AxonConfig$$SpringCGLIB$$0.xStream(<generated>)
	at com.madhurtoppo.common.config.AxonConfig.xStream(AxonConfig.java:14)
	at com.madhurtoppo.common.config.AxonConfig$$SpringCGLIB$$0.CGLIB$xStream$0(<generated>)
	at com.madhurtoppo.common.config.AxonConfig$$SpringCGLIB$$FastClass$$1.invoke(<generated>)
	at org.springframework.cglib.proxy.MethodProxy.invokeSuper(MethodProxy.java:258)
	at org.springframework.context.annotation.ConfigurationClassEnhancer$BeanMethodInterceptor.intercept(ConfigurationClassEnhancer.java:348)
	at com.madhurtoppo.common.config.AxonConfig$$SpringCGLIB$$0.xStream(<generated>)
	at com.madhurtoppo.common.config.AxonConfig.xStream(AxonConfig.java:14)
	at com.madhurtoppo.common.config.AxonConfig$$SpringCGLIB$$0.CGLIB$xStream$0(<generated>)
	at com.madhurtoppo.common.config.AxonConfig$$SpringCGLIB$$FastClass$$1.invoke(<generated>)
	at org.springframework.cglib.proxy.MethodProxy.invokeSuper(MethodProxy.java:258)
	at org.springframework.context.annotation.ConfigurationClassEnhancer$BeanMethodInterceptor.intercept(ConfigurationClassEnhancer.java:348)
	at com.madhurtoppo.common.config.AxonConfig$$SpringCGLIB$$0.xStream(<generated>)
	at com.madhurtoppo.common.config.AxonConfig.xStream(AxonConfig.java:14)
	at com.madhurtoppo.common.config.AxonConfig$$SpringCGLIB$$0.CGLIB$xStream$0(<generated>)
	at com.madhurtoppo.common.config.AxonConfig$$SpringCGLIB$$FastClass$$1.invoke(<generated>)
	at org.springframework.cglib.proxy.MethodProxy.invokeSuper(MethodProxy.java:258)
	at org.springframework.context.annotation.ConfigurationClassEnhancer$BeanMethodInterceptor.intercept(ConfigurationClassEnhancer.java:348)
	at com.madhurtoppo.common.config.AxonConfig$$SpringCGLIB$$0.xStream(<generated>)
	at com.madhurtoppo.common.config.AxonConfig.xStream(AxonConfig.java:14)
	at com.madhurtoppo.common.config.AxonConfig$$SpringCGLIB$$0.CGLIB$xStream$0(<generated>)
	at com.madhurtoppo.common.config.AxonConfig$$SpringCGLIB$$FastClass$$1.invoke(<generated>)
	at org.springframework.cglib.proxy.MethodProxy.invokeSuper(MethodProxy.java:258)
	at org.springframework.context.annotation.ConfigurationClassEnhancer$BeanMethodInterceptor.intercept(ConfigurationClassEnhancer.java:348)
	at com.madhurtoppo.common.config.AxonConfig$$SpringCGLIB$$0.xStream(<generated>)
	at com.madhurtoppo.common.config.AxonConfig.xStream(AxonConfig.java:14)
	at com.madhurtoppo.common.config.AxonConfig$$SpringCGLIB$$0.CGLIB$xStream$0(<generated>)
	at com.madhurtoppo.common.config.AxonConfig$$SpringCGLIB$$FastClass$$1.invoke(<generated>)
	at org.springframework.cglib.proxy.MethodProxy.invokeSuper(MethodProxy.java:258)
	at org.springframework.context.annotation.ConfigurationClassEnhancer$BeanMethodInterceptor.intercept(ConfigurationClassEnhancer.java:348)
	at com.madhurtoppo.common.config.AxonConfig$$SpringCGLIB$$0.xStream(<generated>)
	at com.madhurtoppo.common.config.AxonConfig.xStream(AxonConfig.java:14)
	at com.madhurtoppo.common.config.AxonConfig$$SpringCGLIB$$0.CGLIB$xStream$0(<generated>)
	at com.madhurtoppo.common.config.AxonConfig$$SpringCGLIB$$FastClass$$1.invoke(<generated>)
	at org.springframework.cglib.proxy.MethodProxy.invokeSuper(MethodProxy.java:258)
	at org.springframework.context.annotation.ConfigurationClassEnhancer$BeanMethodInterceptor.intercept(ConfigurationClassEnhancer.java:348)
	at com.madhurtoppo.common.config.AxonConfig$$SpringCGLIB$$0.xStream(<generated>)
	at com.madhurtoppo.common.config.AxonConfig.xStream(AxonConfig.java:14)
	at com.madhurtoppo.common.config.AxonConfig$$SpringCGLIB$$0.CGLIB$xStream$0(<generated>)
	at com.madhurtoppo.common.config.AxonConfig$$SpringCGLIB$$FastClass$$1.invoke(<generated>)
	at org.springframework.cglib.proxy.MethodProxy.invokeSuper(MethodProxy.java:258)
	at org.springframework.context.annotation.ConfigurationClassEnhancer$BeanMethodInterceptor.intercept(ConfigurationClassEnhancer.java:348)
	at com.madhurtoppo.common.config.AxonConfig$$SpringCGLIB$$0.xStream(<generated>)
	at com.madhurtoppo.common.config.AxonConfig.xStream(AxonConfig.java:14)
	at com.madhurtoppo.common.config.AxonConfig$$SpringCGLIB$$0.CGLIB$xStream$0(<generated>)
	at com.madhurtoppo.common.config.AxonConfig$$SpringCGLIB$$FastClass$$1.invoke(<generated>)
	at org.springframework.cglib.proxy.MethodProxy.invokeSuper(MethodProxy.java:258)
	at org.springframework.context.annotation.ConfigurationClassEnhancer$BeanMethodInterceptor.intercept(ConfigurationClassEnhancer.java:348)
	at com.madhurtoppo.common.config.AxonConfig$$SpringCGLIB$$0.xStream(<generated>)
	at com.madhurtoppo.common.config.AxonConfig.xStream(AxonConfig.java:14)
	at com.madhurtoppo.common.config.AxonConfig$$SpringCGLIB$$0.CGLIB$xStream$0(<generated>)
	at com.madhurtoppo.common.config.AxonConfig$$SpringCGLIB$$FastClass$$1.invoke(<generated>)
	at org.springframework.cglib.proxy.MethodProxy.invokeSuper(MethodProxy.java:258)
	at org.springframework.context.annotation.ConfigurationClassEnhancer$BeanMethodInterceptor.intercept(ConfigurationClassEnhancer.java:348)
	at com.madhurtoppo.common.config.AxonConfig$$SpringCGLIB$$0.xStream(<generated>)
	at com.madhurtoppo.common.config.AxonConfig.xStream(AxonConfig.java:14)
	at com.madhurtoppo.common.config.AxonConfig$$SpringCGLIB$$0.CGLIB$xStream$0(<generated>)
	at com.madhurtoppo.common.config.AxonConfig$$SpringCGLIB$$FastClass$$1.invoke(<generated>)
	at org.springframework.cglib.proxy.MethodProxy.invokeSuper(MethodProxy.java:258)
	at org.springframework.context.annotation.ConfigurationClassEnhancer$BeanMethodInterceptor.intercept(ConfigurationClassEnhancer.java:348)
	at com.madhurtoppo.common.config.AxonConfig$$SpringCGLIB$$0.xStream(<generated>)
	at com.madhurtoppo.common.config.AxonConfig.xStream(AxonConfig.java:14)
	at com.madhurtoppo.common.config.AxonConfig$$SpringCGLIB$$0.CGLIB$xStream$0(<generated>)
	at com.madhurtoppo.common.config.AxonConfig$$SpringCGLIB$$FastClass$$1.invoke(<generated>)
	at org.springframework.cglib.proxy.MethodProxy.invokeSuper(MethodProxy.java:258)
	at org.springframework.context.annotation.ConfigurationClassEnhancer$BeanMethodInterceptor.intercept(ConfigurationClassEnhancer.java:348)
	at com.madhurtoppo.common.config.AxonConfig$$SpringCGLIB$$0.xStream(<generated>)
	at com.madhurtoppo.common.config.AxonConfig.xStream(AxonConfig.java:14)
	at com.madhurtoppo.common.config.AxonConfig$$SpringCGLIB$$0.CGLIB$xStream$0(<generated>)
	at com.madhurtoppo.common.config.AxonConfig$$SpringCGLIB$$FastClass$$1.invoke(<generated>)
	at org.springframework.cglib.proxy.MethodProxy.invokeSuper(MethodProxy.java:258)
	at org.springframework.context.annotation.ConfigurationClassEnhancer$BeanMethodInterceptor.intercept(ConfigurationClassEnhancer.java:348)
	at com.madhurtoppo.common.config.AxonConfig$$SpringCGLIB$$0.xStream(<generated>)
	at com.madhurtoppo.common.config.AxonConfig.xStream(AxonConfig.java:14)
	at com.madhurtoppo.common.config.AxonConfig$$SpringCGLIB$$0.CGLIB$xStream$0(<generated>)
	at com.madhurtoppo.common.config.AxonConfig$$SpringCGLIB$$FastClass$$1.invoke(<generated>)
	at org.springframework.cglib.proxy.MethodProxy.invokeSuper(MethodProxy.java:258)
	at org.springframework.context.annotation.ConfigurationClassEnhancer$BeanMethodInterceptor.intercept(ConfigurationClassEnhancer.java:348)
	at com.madhurtoppo.common.config.AxonConfig$$SpringCGLIB$$0.xStream(<generated>)
	at com.madhurtoppo.common.config.AxonConfig.xStream(AxonConfig.java:14)
	at com.madhurtoppo.common.config.AxonConfig$$SpringCGLIB$$0.CGLIB$xStream$0(<generated>)
	at com.madhurtoppo.common.config.AxonConfig$$SpringCGLIB$$FastClass$$1.invoke(<generated>)
	at org.springframework.cglib.proxy.MethodProxy.invokeSuper(MethodProxy.java:258)
	at org.springframework.context.annotation.ConfigurationClassEnhancer$BeanMethodInterceptor.intercept(ConfigurationClassEnhancer.java:348)
	at com.madhurtoppo.common.config.AxonConfig$$SpringCGLIB$$0.xStream(<generated>)
	at com.madhurtoppo.common.config.AxonConfig.xStream(AxonConfig.java:14)
	at com.madhurtoppo.common.config.AxonConfig$$SpringCGLIB$$0.CGLIB$xStream$0(<generated>)
	at com.madhurtoppo.common.config.AxonConfig$$SpringCGLIB$$FastClass$$1.invoke(<generated>)
	at org.springframework.cglib.proxy.MethodProxy.invokeSuper(MethodProxy.java:258)
	at org.springframework.context.annotation.ConfigurationClassEnhancer$BeanMethodInterceptor.intercept(ConfigurationClassEnhancer.java:348)
	at com.madhurtoppo.common.config.AxonConfig$$SpringCGLIB$$0.xStream(<generated>)
	at com.madhurtoppo.common.config.AxonConfig.xStream(AxonConfig.java:14)
	at com.madhurtoppo.common.config.AxonConfig$$SpringCGLIB$$0.CGLIB$xStream$0(<generated>)
	at com.madhurtoppo.common.config.AxonConfig$$SpringCGLIB$$FastClass$$1.invoke(<generated>)
	at org.springframework.cglib.proxy.MethodProxy.invokeSuper(MethodProxy.java:258)
	at org.springframework.context.annotation.ConfigurationClassEnhancer$BeanMethodInterceptor.intercept(ConfigurationClassEnhancer.java:348)
	at com.madhurtoppo.common.config.AxonConfig$$SpringCGLIB$$0.xStream(<generated>)
	at com.madhurtoppo.common.config.AxonConfig.xStream(AxonConfig.java:14)
	at com.madhurtoppo.common.config.AxonConfig$$SpringCGLIB$$0.CGLIB$xStream$0(<generated>)
	at com.madhurtoppo.common.config.AxonConfig$$SpringCGLIB$$FastClass$$1.invoke(<generated>)
	at org.springframework.cglib.proxy.MethodProxy.invokeSuper(MethodProxy.java:258)
	at org.springframework.context.annotation.ConfigurationClassEnhancer$BeanMethodInterceptor.intercept(ConfigurationClassEnhancer.java:348)
	at com.madhurtoppo.common.config.AxonConfig$$SpringCGLIB$$0.xStream(<generated>)
	at com.madhurtoppo.common.config.AxonConfig.xStream(AxonConfig.java:14)
	at com.madhurtoppo.common.config.AxonConfig$$SpringCGLIB$$0.CGLIB$xStream$0(<generated>)
	at com.madhurtoppo.common.config.AxonConfig$$SpringCGLIB$$FastClass$$1.invoke(<generated>)
	at org.springframework.cglib.proxy.MethodProxy.invokeSuper(MethodProxy.java:258)
	at org.springframework.context.annotation.ConfigurationClassEnhancer$BeanMethodInterceptor.intercept(ConfigurationClassEnhancer.java:348)
	at com.madhurtoppo.common.config.AxonConfig$$SpringCGLIB$$0.xStream(<generated>)
	at com.madhurtoppo.common.config.AxonConfig.xStream(AxonConfig.java:14)
	at com.madhurtoppo.common.config.AxonConfig$$SpringCGLIB$$0.CGLIB$xStream$0(<generated>)
	at com.madhurtoppo.common.config.AxonConfig$$SpringCGLIB$$FastClass$$1.invoke(<generated>)
	at org.springframework.cglib.proxy.MethodProxy.invokeSuper(MethodProxy.java:258)
	at org.springframework.context.annotation.ConfigurationClassEnhancer$BeanMethodInterceptor.intercept(ConfigurationClassEnhancer.java:348)
	at com.madhurtoppo.common.config.AxonConfig$$SpringCGLIB$$0.xStream(<generated>)
	at com.madhurtoppo.common.config.AxonConfig.xStream(AxonConfig.java:14)
	at com.madhurtoppo.common.config.AxonConfig$$SpringCGLIB$$0.CGLIB$xStream$0(<generated>)
	at com.madhurtoppo.common.config.AxonConfig$$SpringCGLIB$$FastClass$$1.invoke(<generated>)
	at org.springframework.cglib.proxy.MethodProxy.invokeSuper(MethodProxy.java:258)
	at org.springframework.context.annotation.ConfigurationClassEnhancer$BeanMethodInterceptor.intercept(ConfigurationClassEnhancer.java:348)
	at com.madhurtoppo.common.config.AxonConfig$$SpringCGLIB$$0.xStream(<generated>)
	at com.madhurtoppo.common.config.AxonConfig.xStream(AxonConfig.java:14)
	at com.madhurtoppo.common.config.AxonConfig$$SpringCGLIB$$0.CGLIB$xStream$0(<generated>)
	at com.madhurtoppo.common.config.AxonConfig$$SpringCGLIB$$FastClass$$1.invoke(<generated>)
	at org.springframework.cglib.proxy.MethodProxy.invokeSuper(MethodProxy.java:258)
	at org.springframework.context.annotation.ConfigurationClassEnhancer$BeanMethodInterceptor.intercept(ConfigurationClassEnhancer.java:348)
	at com.madhurtoppo.common.config.AxonConfig$$SpringCGLIB$$0.xStream(<generated>)
	at com.madhurtoppo.common.config.AxonConfig.xStream(AxonConfig.java:14)
	at com.madhurtoppo.common.config.AxonConfig$$SpringCGLIB$$0.CGLIB$xStream$0(<generated>)
	at com.madhurtoppo.common.config.AxonConfig$$SpringCGLIB$$FastClass$$1.invoke(<generated>)
	at org.springframework.cglib.proxy.MethodProxy.invokeSuper(MethodProxy.java:258)
	at org.springframework.context.annotation.ConfigurationClassEnhancer$BeanMethodInterceptor.intercept(ConfigurationClassEnhancer.java:348)
	at com.madhurtoppo.common.config.AxonConfig$$SpringCGLIB$$0.xStream(<generated>)
	at com.madhurtoppo.common.config.AxonConfig.xStream(AxonConfig.java:14)
	at com.madhurtoppo.common.config.AxonConfig$$SpringCGLIB$$0.CGLIB$xStream$0(<generated>)
	at com.madhurtoppo.common.config.AxonConfig$$SpringCGLIB$$FastClass$$1.invoke(<generated>)
	at org.springframework.cglib.proxy.MethodProxy.invokeSuper(MethodProxy.java:258)
	at org.springframework.context.annotation.ConfigurationClassEnhancer$BeanMethodInterceptor.intercept(ConfigurationClassEnhancer.java:348)
	at com.madhurtoppo.common.config.AxonConfig$$SpringCGLIB$$0.xStream(<generated>)
	at com.madhurtoppo.common.config.AxonConfig.xStream(AxonConfig.java:14)
	at com.madhurtoppo.common.config.AxonConfig$$SpringCGLIB$$0.CGLIB$xStream$0(<generated>)
	at com.madhurtoppo.common.config.AxonConfig$$SpringCGLIB$$FastClass$$1.invoke(<generated>)
	at org.springframework.cglib.proxy.MethodProxy.invokeSuper(MethodProxy.java:258)
	at org.springframework.context.annotation.ConfigurationClassEnhancer$BeanMethodInterceptor.intercept(ConfigurationClassEnhancer.java:348)
	at com.madhurtoppo.common.config.AxonConfig$$SpringCGLIB$$0.xStream(<generated>)
	at com.madhurtoppo.common.config.AxonConfig.xStream(AxonConfig.java:14)
	at com.madhurtoppo.common.config.AxonConfig$$SpringCGLIB$$0.CGLIB$xStream$0(<generated>)
	at com.madhurtoppo.common.config.AxonConfig$$SpringCGLIB$$FastClass$$1.invoke(<generated>)
	at org.springframework.cglib.proxy.MethodProxy.invokeSuper(MethodProxy.java:258)
	at org.springframework.context.annotation.ConfigurationClassEnhancer$BeanMethodInterceptor.intercept(ConfigurationClassEnhancer.java:348)
	at com.madhurtoppo.common.config.AxonConfig$$SpringCGLIB$$0.xStream(<generated>)
	at com.madhurtoppo.common.config.AxonConfig.xStream(AxonConfig.java:14)
	at com.madhurtoppo.common.config.AxonConfig$$SpringCGLIB$$0.CGLIB$xStream$0(<generated>)
	at com.madhurtoppo.common.config.AxonConfig$$SpringCGLIB$$FastClass$$1.invoke(<generated>)
	at org.springframework.cglib.proxy.MethodProxy.invokeSuper(MethodProxy.java:258)
	at org.springframework.context.annotation.ConfigurationClassEnhancer$BeanMethodInterceptor.intercept(ConfigurationClassEnhancer.java:348)
	at com.madhurtoppo.common.config.AxonConfig$$SpringCGLIB$$0.xStream(<generated>)
	at com.madhurtoppo.common.config.AxonConfig.xStream(AxonConfig.java:14)
	at com.madhurtoppo.common.config.AxonConfig$$SpringCGLIB$$0.CGLIB$xStream$0(<generated>)
	at com.madhurtoppo.common.config.AxonConfig$$SpringCGLIB$$FastClass$$1.invoke(<generated>)
	at org.springframework.cglib.proxy.MethodProxy.invokeSuper(MethodProxy.java:258)
	at org.springframework.context.annotation.ConfigurationClassEnhancer$BeanMethodInterceptor.intercept(ConfigurationClassEnhancer.java:348)
	at com.madhurtoppo.common.config.AxonConfig$$SpringCGLIB$$0.xStream(<generated>)
	at com.madhurtoppo.common.config.AxonConfig.xStream(AxonConfig.java:14)
	at com.madhurtoppo.common.config.AxonConfig$$SpringCGLIB$$0.CGLIB$xStream$0(<generated>)
	at com.madhurtoppo.common.config.AxonConfig$$SpringCGLIB$$FastClass$$1.invoke(<generated>)
	at org.springframework.cglib.proxy.MethodProxy.invokeSuper(MethodProxy.java:258)
	at org.springframework.context.annotation.ConfigurationClassEnhancer$BeanMethodInterceptor.intercept(ConfigurationClassEnhancer.java:348)
	at com.madhurtoppo.common.config.AxonConfig$$SpringCGLIB$$0.xStream(<generated>)
	at com.madhurtoppo.common.config.AxonConfig.xStream(AxonConfig.java:14)
	at com.madhurtoppo.common.config.AxonConfig$$SpringCGLIB$$0.CGLIB$xStream$0(<generated>)
	at com.madhurtoppo.common.config.AxonConfig$$SpringCGLIB$$FastClass$$1.invoke(<generated>)
	at org.springframework.cglib.proxy.MethodProxy.invokeSuper(MethodProxy.java:258)
	at org.springframework.context.annotation.ConfigurationClassEnhancer$BeanMethodInterceptor.intercept(ConfigurationClassEnhancer.java:348)
	at com.madhurtoppo.common.config.AxonConfig$$SpringCGLIB$$0.xStream(<generated>)
	at com.madhurtoppo.common.config.AxonConfig.xStream(AxonConfig.java:14)
	at com.madhurtoppo.common.config.AxonConfig$$SpringCGLIB$$0.CGLIB$xStream$0(<generated>)
	at com.madhurtoppo.common.config.AxonConfig$$SpringCGLIB$$FastClass$$1.invoke(<generated>)
	at org.springframework.cglib.proxy.MethodProxy.invokeSuper(MethodProxy.java:258)
	at org.springframework.context.annotation.ConfigurationClassEnhancer$BeanMethodInterceptor.intercept(ConfigurationClassEnhancer.java:348)
	at com.madhurtoppo.common.config.AxonConfig$$SpringCGLIB$$0.xStream(<generated>)
	at com.madhurtoppo.common.config.AxonConfig.xStream(AxonConfig.java:14)
	at com.madhurtoppo.common.config.AxonConfig$$SpringCGLIB$$0.CGLIB$xStream$0(<generated>)
	at com.madhurtoppo.common.config.AxonConfig$$SpringCGLIB$$FastClass$$1.invoke(<generated>)
	at org.springframework.cglib.proxy.MethodProxy.invokeSuper(MethodProxy.java:258)
	at org.springframework.context.annotation.ConfigurationClassEnhancer$BeanMethodInterceptor.intercept(ConfigurationClassEnhancer.java:348)
	at com.madhurtoppo.common.config.AxonConfig$$SpringCGLIB$$0.xStream(<generated>)
	at com.madhurtoppo.common.config.AxonConfig.xStream(AxonConfig.java:14)
	at com.madhurtoppo.common.config.AxonConfig$$SpringCGLIB$$0.CGLIB$xStream$0(<generated>)
	at com.madhurtoppo.common.config.AxonConfig$$SpringCGLIB$$FastClass$$1.invoke(<generated>)
	at org.springframework.cglib.proxy.MethodProxy.invokeSuper(MethodProxy.java:258)
	at org.springframework.context.annotation.ConfigurationClassEnhancer$BeanMethodInterceptor.intercept(ConfigurationClassEnhancer.java:348)
	at com.madhurtoppo.common.config.AxonConfig$$SpringCGLIB$$0.xStream(<generated>)
	at com.madhurtoppo.common.config.AxonConfig.xStream(AxonConfig.java:14)
	at com.madhurtoppo.common.config.AxonConfig$$SpringCGLIB$$0.CGLIB$xStream$0(<generated>)
	at com.madhurtoppo.common.config.AxonConfig$$SpringCGLIB$$FastClass$$1.invoke(<generated>)
	at org.springframework.cglib.proxy.MethodProxy.invokeSuper(MethodProxy.java:258)
	at org.springframework.context.annotation.ConfigurationClassEnhancer$BeanMethodInterceptor.intercept(ConfigurationClassEnhancer.java:348)
	at com.madhurtoppo.common.config.AxonConfig$$SpringCGLIB$$0.xStream(<generated>)
	at com.madhurtoppo.common.config.AxonConfig.xStream(AxonConfig.java:14)
	at com.madhurtoppo.common.config.AxonConfig$$SpringCGLIB$$0.CGLIB$xStream$0(<generated>)
	at com.madhurtoppo.common.config.AxonConfig$$SpringCGLIB$$FastClass$$1.invoke(<generated>)
	at org.springframework.cglib.proxy.MethodProxy.invokeSuper(MethodProxy.java:258)
	at org.springframework.context.annotation.ConfigurationClassEnhancer$BeanMethodInterceptor.intercept(ConfigurationClassEnhancer.java:348)
	at com.madhurtoppo.common.config.AxonConfig$$SpringCGLIB$$0.xStream(<generated>)
	at com.madhurtoppo.common.config.AxonConfig.xStream(AxonConfig.java:14)
	at com.madhurtoppo.common.config.AxonConfig$$SpringCGLIB$$0.CGLIB$xStream$0(<generated>)
	at com.madhurtoppo.common.config.AxonConfig$$SpringCGLIB$$FastClass$$1.invoke(<generated>)
	at org.springframework.cglib.proxy.MethodProxy.invokeSuper(MethodProxy.java:258)
	at org.springframework.context.annotation.ConfigurationClassEnhancer$BeanMethodInterceptor.intercept(ConfigurationClassEnhancer.java:348)
	at com.madhurtoppo.common.config.AxonConfig$$SpringCGLIB$$0.xStream(<generated>)
	at com.madhurtoppo.common.config.AxonConfig.xStream(AxonConfig.java:14)
	at com.madhurtoppo.common.config.AxonConfig$$SpringCGLIB$$0.CGLIB$xStream$0(<generated>)
	at com.madhurtoppo.common.config.AxonConfig$$SpringCGLIB$$FastClass$$1.invoke(<generated>)
	at org.springframework.cglib.proxy.MethodProxy.invokeSuper(MethodProxy.java:258)
	at org.springframework.context.annotation.ConfigurationClassEnhancer$BeanMethodInterceptor.intercept(ConfigurationClassEnhancer.java:348)
	at com.madhurtoppo.common.config.AxonConfig$$SpringCGLIB$$0.xStream(<generated>)
	at com.madhurtoppo.common.config.AxonConfig.xStream(AxonConfig.java:14)
	at com.madhurtoppo.common.config.AxonConfig$$SpringCGLIB$$0.CGLIB$xStream$0(<generated>)
	at com.madhurtoppo.common.config.AxonConfig$$SpringCGLIB$$FastClass$$1.invoke(<generated>)
	at org.springframework.cglib.proxy.MethodProxy.invokeSuper(MethodProxy.java:258)
	at org.springframework.context.annotation.ConfigurationClassEnhancer$BeanMethodInterceptor.intercept(ConfigurationClassEnhancer.java:348)
	at com.madhurtoppo.common.config.AxonConfig$$SpringCGLIB$$0.xStream(<generated>)
	at com.madhurtoppo.common.config.AxonConfig.xStream(AxonConfig.java:14)
	at com.madhurtoppo.common.config.AxonConfig$$SpringCGLIB$$0.CGLIB$xStream$0(<generated>)
	at com.madhurtoppo.common.config.AxonConfig$$SpringCGLIB$$FastClass$$1.invoke(<generated>)
	at org.springframework.cglib.proxy.MethodProxy.invokeSuper(MethodProxy.java:258)
	at org.springframework.context.annotation.ConfigurationClassEnhancer$BeanMethodInterceptor.intercept(ConfigurationClassEnhancer.java:348)
	at com.madhurtoppo.common.config.AxonConfig$$SpringCGLIB$$0.xStream(<generated>)
	at com.madhurtoppo.common.config.AxonConfig.xStream(AxonConfig.java:14)
	at com.madhurtoppo.common.config.AxonConfig$$SpringCGLIB$$0.CGLIB$xStream$0(<generated>)
	at com.madhurtoppo.common.config.AxonConfig$$SpringCGLIB$$FastClass$$1.invoke(<generated>)
	at org.springframework.cglib.proxy.MethodProxy.invokeSuper(MethodProxy.java:258)
	at org.springframework.context.annotation.ConfigurationClassEnhancer$BeanMethodInterceptor.intercept(ConfigurationClassEnhancer.java:348)
	at com.madhurtoppo.common.config.AxonConfig$$SpringCGLIB$$0.xStream(<generated>)
	at com.madhurtoppo.common.config.AxonConfig.xStream(AxonConfig.java:14)
	at com.madhurtoppo.common.config.AxonConfig$$SpringCGLIB$$0.CGLIB$xStream$0(<generated>)
	at com.madhurtoppo.common.config.AxonConfig$$SpringCGLIB$$FastClass$$1.invoke(<generated>)
	at org.springframework.cglib.proxy.MethodProxy.invokeSuper(MethodProxy.java:258)
	at org.springframework.context.annotation.ConfigurationClassEnhancer$BeanMethodInterceptor.intercept(ConfigurationClassEnhancer.java:348)
	at com.madhurtoppo.common.config.AxonConfig$$SpringCGLIB$$0.xStream(<generated>)
	at com.madhurtoppo.common.config.AxonConfig.xStream(AxonConfig.java:14)
	at com.madhurtoppo.common.config.AxonConfig$$SpringCGLIB$$0.CGLIB$xStream$0(<generated>)
	at com.madhurtoppo.common.config.AxonConfig$$SpringCGLIB$$FastClass$$1.invoke(<generated>)
	at org.springframework.cglib.proxy.MethodProxy.invokeSuper(MethodProxy.java:258)
	at org.springframework.context.annotation.ConfigurationClassEnhancer$BeanMethodInterceptor.intercept(ConfigurationClassEnhancer.java:348)
	at com.madhurtoppo.common.config.AxonConfig$$SpringCGLIB$$0.xStream(<generated>)
	at com.madhurtoppo.common.config.AxonConfig.xStream(AxonConfig.java:14)
	at com.madhurtoppo.common.config.AxonConfig$$SpringCGLIB$$0.CGLIB$xStream$0(<generated>)
	at com.madhurtoppo.common.config.AxonConfig$$SpringCGLIB$$FastClass$$1.invoke(<generated>)
	at org.springframework.cglib.proxy.MethodProxy.invokeSuper(MethodProxy.java:258)
	at org.springframework.context.annotation.ConfigurationClassEnhancer$BeanMethodInterceptor.intercept(ConfigurationClassEnhancer.java:348)
	at com.madhurtoppo.common.config.AxonConfig$$SpringCGLIB$$0.xStream(<generated>)
	at com.madhurtoppo.common.config.AxonConfig.xStream(AxonConfig.java:14)
	at com.madhurtoppo.common.config.AxonConfig$$SpringCGLIB$$0.CGLIB$xStream$0(<generated>)
	at com.madhurtoppo.common.config.AxonConfig$$SpringCGLIB$$FastClass$$1.invoke(<generated>)
	at org.springframework.cglib.proxy.MethodProxy.invokeSuper(MethodProxy.java:258)
	at org.springframework.context.annotation.ConfigurationClassEnhancer$BeanMethodInterceptor.intercept(ConfigurationClassEnhancer.java:348)
	at com.madhurtoppo.common.config.AxonConfig$$SpringCGLIB$$0.xStream(<generated>)
	at com.madhurtoppo.common.config.AxonConfig.xStream(AxonConfig.java:14)
	at com.madhurtoppo.common.config.AxonConfig$$SpringCGLIB$$0.CGLIB$xStream$0(<generated>)
	at com.madhurtoppo.common.config.AxonConfig$$SpringCGLIB$$FastClass$$1.invoke(<generated>)
	at org.springframework.cglib.proxy.MethodProxy.invokeSuper(MethodProxy.java:258)
	at org.springframework.context.annotation.ConfigurationClassEnhancer$BeanMethodInterceptor.intercept(ConfigurationClassEnhancer.java:348)
	at com.madhurtoppo.common.config.AxonConfig$$SpringCGLIB$$0.xStream(<generated>)
	at com.madhurtoppo.common.config.AxonConfig.xStream(AxonConfig.java:14)
	at com.madhurtoppo.common.config.AxonConfig$$SpringCGLIB$$0.CGLIB$xStream$0(<generated>)
	at com.madhurtoppo.common.config.AxonConfig$$SpringCGLIB$$FastClass$$1.invoke(<generated>)
	at org.springframework.cglib.proxy.MethodProxy.invokeSuper(MethodProxy.java:258)
	at org.springframework.context.annotation.ConfigurationClassEnhancer$BeanMethodInterceptor.intercept(ConfigurationClassEnhancer.java:348)
	at com.madhurtoppo.common.config.AxonConfig$$SpringCGLIB$$0.xStream(<generated>)
	at com.madhurtoppo.common.config.AxonConfig.xStream(AxonConfig.java:14)
	at com.madhurtoppo.common.config.AxonConfig$$SpringCGLIB$$0.CGLIB$xStream$0(<generated>)
	at com.madhurtoppo.common.config.AxonConfig$$SpringCGLIB$$FastClass$$1.invoke(<generated>)
	at org.springframework.cglib.proxy.MethodProxy.invokeSuper(MethodProxy.java:258)
	at org.springframework.context.annotation.ConfigurationClassEnhancer$BeanMethodInterceptor.intercept(ConfigurationClassEnhancer.java:348)
	at com.madhurtoppo.common.config.AxonConfig$$SpringCGLIB$$0.xStream(<generated>)
	at com.madhurtoppo.common.config.AxonConfig.xStream(AxonConfig.java:14)
	at com.madhurtoppo.common.config.AxonConfig$$SpringCGLIB$$0.CGLIB$xStream$0(<generated>)
	at com.madhurtoppo.common.config.AxonConfig$$SpringCGLIB$$FastClass$$1.invoke(<generated>)
	at org.springframework.cglib.proxy.MethodProxy.invokeSuper(MethodProxy.java:258)
	at org.springframework.context.annotation.ConfigurationClassEnhancer$BeanMethodInterceptor.intercept(ConfigurationClassEnhancer.java:348)
	at com.madhurtoppo.common.config.AxonConfig$$SpringCGLIB$$0.xStream(<generated>)
	at com.madhurtoppo.common.config.AxonConfig.xStream(AxonConfig.java:14)
	at com.madhurtoppo.common.config.AxonConfig$$SpringCGLIB$$0.CGLIB$xStream$0(<generated>)
	at com.madhurtoppo.common.config.AxonConfig$$SpringCGLIB$$FastClass$$1.invoke(<generated>)
	at org.springframework.cglib.proxy.MethodProxy.invokeSuper(MethodProxy.java:258)
	at org.springframework.context.annotation.ConfigurationClassEnhancer$BeanMethodInterceptor.intercept(ConfigurationClassEnhancer.java:348)
	at com.madhurtoppo.common.config.AxonConfig$$SpringCGLIB$$0.xStream(<generated>)
	at com.madhurtoppo.common.config.AxonConfig.xStream(AxonConfig.java:14)
	at com.madhurtoppo.common.config.AxonConfig$$SpringCGLIB$$0.CGLIB$xStream$0(<generated>)
	at com.madhurtoppo.common.config.AxonConfig$$SpringCGLIB$$FastClass$$1.invoke(<generated>)
	at org.springframework.cglib.proxy.MethodProxy.invokeSuper(MethodProxy.java:258)
	at org.springframework.context.annotation.ConfigurationClassEnhancer$BeanMethodInterceptor.intercept(ConfigurationClassEnhancer.java:348)
	at com.madhurtoppo.common.config.AxonConfig$$SpringCGLIB$$0.xStream(<generated>)
	at com.madhurtoppo.common.config.AxonConfig.xStream(AxonConfig.java:14)
	at com.madhurtoppo.common.config.AxonConfig$$SpringCGLIB$$0.CGLIB$xStream$0(<generated>)
	at com.madhurtoppo.common.config.AxonConfig$$SpringCGLIB$$FastClass$$1.invoke(<generated>)
	at org.springframework.cglib.proxy.MethodProxy.invokeSuper(MethodProxy.java:258)
	at org.springframework.context.annotation.ConfigurationClassEnhancer$BeanMethodInterceptor.intercept(ConfigurationClassEnhancer.java:348)
	at com.madhurtoppo.common.config.AxonConfig$$SpringCGLIB$$0.xStream(<generated>)
	at com.madhurtoppo.common.config.AxonConfig.xStream(AxonConfig.java:14)
	at com.madhurtoppo.common.config.AxonConfig$$SpringCGLIB$$0.CGLIB$xStream$0(<generated>)
	at com.madhurtoppo.common.config.AxonConfig$$SpringCGLIB$$FastClass$$1.invoke(<generated>)
	at org.springframework.cglib.proxy.MethodProxy.invokeSuper(MethodProxy.java:258)
	at org.springframework.context.annotation.ConfigurationClassEnhancer$BeanMethodInterceptor.intercept(ConfigurationClassEnhancer.java:348)
	at com.madhurtoppo.common.config.AxonConfig$$SpringCGLIB$$0.xStream(<generated>)
	at com.madhurtoppo.common.config.AxonConfig.xStream(AxonConfig.java:14)
	at com.madhurtoppo.common.config.AxonConfig$$SpringCGLIB$$0.CGLIB$xStream$0(<generated>)
	at com.madhurtoppo.common.config.AxonConfig$$SpringCGLIB$$FastClass$$1.invoke(<generated>)
	at org.springframework.cglib.proxy.MethodProxy.invokeSuper(MethodProxy.java:258)
	at org.springframework.context.annotation.ConfigurationClassEnhancer$BeanMethodInterceptor.intercept(ConfigurationClassEnhancer.java:348)
	at com.madhurtoppo.common.config.AxonConfig$$SpringCGLIB$$0.xStream(<generated>)
	at com.madhurtoppo.common.config.AxonConfig.xStream(AxonConfig.java:14)
	at com.madhurtoppo.common.config.AxonConfig$$SpringCGLIB$$0.CGLIB$xStream$0(<generated>)
	at com.madhurtoppo.common.config.AxonConfig$$SpringCGLIB$$FastClass$$1.invoke(<generated>)
	at org.springframework.cglib.proxy.MethodProxy.invokeSuper(MethodProxy.java:258)
	at org.springframework.context.annotation.ConfigurationClassEnhancer$BeanMethodInterceptor.intercept(ConfigurationClassEnhancer.java:348)
	at com.madhurtoppo.common.config.AxonConfig$$SpringCGLIB$$0.xStream(<generated>)
	at com.madhurtoppo.common.config.AxonConfig.xStream(AxonConfig.java:14)
	at com.madhurtoppo.common.config.AxonConfig$$SpringCGLIB$$0.CGLIB$xStream$0(<generated>)
	at com.madhurtoppo.common.config.AxonConfig$$SpringCGLIB$$FastClass$$1.invoke(<generated>)
	at org.springframework.cglib.proxy.MethodProxy.invokeSuper(MethodProxy.java:258)
	at org.springframework.context.annotation.ConfigurationClassEnhancer$BeanMethodInterceptor.intercept(ConfigurationClassEnhancer.java:348)
	at com.madhurtoppo.common.config.AxonConfig$$SpringCGLIB$$0.xStream(<generated>)
	at com.madhurtoppo.common.config.AxonConfig.xStream(AxonConfig.java:14)
	at com.madhurtoppo.common.config.AxonConfig$$SpringCGLIB$$0.CGLIB$xStream$0(<generated>)
	at com.madhurtoppo.common.config.AxonConfig$$SpringCGLIB$$FastClass$$1.invoke(<generated>)
	at org.springframework.cglib.proxy.MethodProxy.invokeSuper(MethodProxy.java:258)
	at org.springframework.context.annotation.ConfigurationClassEnhancer$BeanMethodInterceptor.intercept(ConfigurationClassEnhancer.java:348)
	at com.madhurtoppo.common.config.AxonConfig$$SpringCGLIB$$0.xStream(<generated>)
	at com.madhurtoppo.common.config.AxonConfig.xStream(AxonConfig.java:14)
	at com.madhurtoppo.common.config.AxonConfig$$SpringCGLIB$$0.CGLIB$xStream$0(<generated>)
	at com.madhurtoppo.common.config.AxonConfig$$SpringCGLIB$$FastClass$$1.invoke(<generated>)
	at org.springframework.cglib.proxy.MethodProxy.invokeSuper(MethodProxy.java:258)
	at org.springframework.context.annotation.ConfigurationClassEnhancer$BeanMethodInterceptor.intercept(ConfigurationClassEnhancer.java:348)
	at com.madhurtoppo.common.config.AxonConfig$$SpringCGLIB$$0.xStream(<generated>)
	at com.madhurtoppo.common.config.AxonConfig.xStream(AxonConfig.java:14)
	at com.madhurtoppo.common.config.AxonConfig$$SpringCGLIB$$0.CGLIB$xStream$0(<generated>)
	at com.madhurtoppo.common.config.AxonConfig$$SpringCGLIB$$FastClass$$1.invoke(<generated>)
	at org.springframework.cglib.proxy.MethodProxy.invokeSuper(MethodProxy.java:258)
	at org.springframework.context.annotation.ConfigurationClassEnhancer$BeanMethodInterceptor.intercept(ConfigurationClassEnhancer.java:348)
	at com.madhurtoppo.common.config.AxonConfig$$SpringCGLIB$$0.xStream(<generated>)
	at com.madhurtoppo.common.config.AxonConfig.xStream(AxonConfig.java:14)
	at com.madhurtoppo.common.config.AxonConfig$$SpringCGLIB$$0.CGLIB$xStream$0(<generated>)
	at com.madhurtoppo.common.config.AxonConfig$$SpringCGLIB$$FastClass$$1.invoke(<generated>)
	at org.springframework.cglib.proxy.MethodProxy.invokeSuper(MethodProxy.java:258)
	at org.springframework.context.annotation.ConfigurationClassEnhancer$BeanMethodInterceptor.intercept(ConfigurationClassEnhancer.java:348)
	at com.madhurtoppo.common.config.AxonConfig$$SpringCGLIB$$0.xStream(<generated>)
	at com.madhurtoppo.common.config.AxonConfig.xStream(AxonConfig.java:14)
	at com.madhurtoppo.common.config.AxonConfig$$SpringCGLIB$$0.CGLIB$xStream$0(<generated>)
	at com.madhurtoppo.common.config.AxonConfig$$SpringCGLIB$$FastClass$$1.invoke(<generated>)
	at org.springframework.cglib.proxy.MethodProxy.invokeSuper(MethodProxy.java:258)
	at org.springframework.context.annotation.ConfigurationClassEnhancer$BeanMethodInterceptor.intercept(ConfigurationClassEnhancer.java:348)
	at com.madhurtoppo.common.config.AxonConfig$$SpringCGLIB$$0.xStream(<generated>)
	at com.madhurtoppo.common.config.AxonConfig.xStream(AxonConfig.java:14)
	at com.madhurtoppo.common.config.AxonConfig$$SpringCGLIB$$0.CGLIB$xStream$0(<generated>)
	at com.madhurtoppo.common.config.AxonConfig$$SpringCGLIB$$FastClass$$1.invoke(<generated>)
	at org.springframework.cglib.proxy.MethodProxy.invokeSuper(MethodProxy.java:258)
	at org.springframework.context.annotation.ConfigurationClassEnhancer$BeanMethodInterceptor.intercept(ConfigurationClassEnhancer.java:348)
	at com.madhurtoppo.common.config.AxonConfig$$SpringCGLIB$$0.xStream(<generated>)
	at com.madhurtoppo.common.config.AxonConfig.xStream(AxonConfig.java:14)
	at com.madhurtoppo.common.config.AxonConfig$$SpringCGLIB$$0.CGLIB$xStream$0(<generated>)
	at com.madhurtoppo.common.config.AxonConfig$$SpringCGLIB$$FastClass$$1.invoke(<generated>)
	at org.springframework.cglib.proxy.MethodProxy.invokeSuper(MethodProxy.java:258)
	at org.springframework.context.annotation.ConfigurationClassEnhancer$BeanMethodInterceptor.intercept(ConfigurationClassEnhancer.java:348)
	at com.madhurtoppo.common.config.AxonConfig$$SpringCGLIB$$0.xStream(<generated>)
	at com.madhurtoppo.common.config.AxonConfig.xStream(AxonConfig.java:14)
	at com.madhurtoppo.common.config.AxonConfig$$SpringCGLIB$$0.CGLIB$xStream$0(<generated>)
	at com.madhurtoppo.common.config.AxonConfig$$SpringCGLIB$$FastClass$$1.invoke(<generated>)
	at org.springframework.cglib.proxy.MethodProxy.invokeSuper(MethodProxy.java:258)
	at org.springframework.context.annotation.ConfigurationClassEnhancer$BeanMethodInterceptor.intercept(ConfigurationClassEnhancer.java:348)
	at com.madhurtoppo.common.config.AxonConfig$$SpringCGLIB$$0.xStream(<generated>)
	at com.madhurtoppo.common.config.AxonConfig.xStream(AxonConfig.java:14)
	at com.madhurtoppo.common.config.AxonConfig$$SpringCGLIB$$0.CGLIB$xStream$0(<generated>)
	at com.madhurtoppo.common.config.AxonConfig$$SpringCGLIB$$FastClass$$1.invoke(<generated>)
	at org.springframework.cglib.proxy.MethodProxy.invokeSuper(MethodProxy.java:258)
	at org.springframework.context.annotation.ConfigurationClassEnhancer$BeanMethodInterceptor.intercept(ConfigurationClassEnhancer.java:348)
	at com.madhurtoppo.common.config.AxonConfig$$SpringCGLIB$$0.xStream(<generated>)
	at com.madhurtoppo.common.config.AxonConfig.xStream(AxonConfig.java:14)
	at com.madhurtoppo.common.config.AxonConfig$$SpringCGLIB$$0.CGLIB$xStream$0(<generated>)
	at com.madhurtoppo.common.config.AxonConfig$$SpringCGLIB$$FastClass$$1.invoke(<generated>)
	at org.springframework.cglib.proxy.MethodProxy.invokeSuper(MethodProxy.java:258)
	at org.springframework.context.annotation.ConfigurationClassEnhancer$BeanMethodInterceptor.intercept(ConfigurationClassEnhancer.java:348)
	at com.madhurtoppo.common.config.AxonConfig$$SpringCGLIB$$0.xStream(<generated>)
	at com.madhurtoppo.common.config.AxonConfig.xStream(AxonConfig.java:14)
	at com.madhurtoppo.common.config.AxonConfig$$SpringCGLIB$$0.CGLIB$xStream$0(<generated>)
	at com.madhurtoppo.common.config.AxonConfig$$SpringCGLIB$$FastClass$$1.invoke(<generated>)
	at org.springframework.cglib.proxy.MethodProxy.invokeSuper(MethodProxy.java:258)
	at org.springframework.context.annotation.ConfigurationClassEnhancer$BeanMethodInterceptor.intercept(ConfigurationClassEnhancer.java:348)
	at com.madhurtoppo.common.config.AxonConfig$$SpringCGLIB$$0.xStream(<generated>)
	at com.madhurtoppo.common.config.AxonConfig.xStream(AxonConfig.java:14)
	at com.madhurtoppo.common.config.AxonConfig$$SpringCGLIB$$0.CGLIB$xStream$0(<generated>)
	at com.madhurtoppo.common.config.AxonConfig$$SpringCGLIB$$FastClass$$1.invoke(<generated>)
	at org.springframework.cglib.proxy.MethodProxy.invokeSuper(MethodProxy.java:258)
	at org.springframework.context.annotation.ConfigurationClassEnhancer$BeanMethodInterceptor.intercept(ConfigurationClassEnhancer.java:348)
	at com.madhurtoppo.common.config.AxonConfig$$SpringCGLIB$$0.xStream(<generated>)
	at com.madhurtoppo.common.config.AxonConfig.xStream(AxonConfig.java:14)
	at com.madhurtoppo.common.config.AxonConfig$$SpringCGLIB$$0.CGLIB$xStream$0(<generated>)
	at com.madhurtoppo.common.config.AxonConfig$$SpringCGLIB$$FastClass$$1.invoke(<generated>)
	at org.springframework.cglib.proxy.MethodProxy.invokeSuper(MethodProxy.java:258)
	at org.springframework.context.annotation.ConfigurationClassEnhancer$BeanMethodInterceptor.intercept(ConfigurationClassEnhancer.java:348)
	at com.madhurtoppo.common.config.AxonConfig$$SpringCGLIB$$0.xStream(<generated>)
	at com.madhurtoppo.common.config.AxonConfig.xStream(AxonConfig.java:14)
	at com.madhurtoppo.common.config.AxonConfig$$SpringCGLIB$$0.CGLIB$xStream$0(<generated>)
	at com.madhurtoppo.common.config.AxonConfig$$SpringCGLIB$$FastClass$$1.invoke(<generated>)
	at org.springframework.cglib.proxy.MethodProxy.invokeSuper(MethodProxy.java:258)
	at org.springframework.context.annotation.ConfigurationClassEnhancer$BeanMethodInterceptor.intercept(ConfigurationClassEnhancer.java:348)
	at com.madhurtoppo.common.config.AxonConfig$$SpringCGLIB$$0.xStream(<generated>)
	at com.madhurtoppo.common.config.AxonConfig.xStream(AxonConfig.java:14)
	at com.madhurtoppo.common.config.AxonConfig$$SpringCGLIB$$0.CGLIB$xStream$0(<generated>)
	at com.madhurtoppo.common.config.AxonConfig$$SpringCGLIB$$FastClass$$1.invoke(<generated>)
	at org.springframework.cglib.proxy.MethodProxy.invokeSuper(MethodProxy.java:258)
	at org.springframework.context.annotation.ConfigurationClassEnhancer$BeanMethodInterceptor.intercept(ConfigurationClassEnhancer.java:348)
	at com.madhurtoppo.common.config.AxonConfig$$SpringCGLIB$$0.xStream(<generated>)
	at com.madhurtoppo.common.config.AxonConfig.xStream(AxonConfig.java:14)
	at com.madhurtoppo.common.config.AxonConfig$$SpringCGLIB$$0.CGLIB$xStream$0(<generated>)
	at com.madhurtoppo.common.config.AxonConfig$$SpringCGLIB$$FastClass$$1.invoke(<generated>)
	at org.springframework.cglib.proxy.MethodProxy.invokeSuper(MethodProxy.java:258)
	at org.springframework.context.annotation.ConfigurationClassEnhancer$BeanMethodInterceptor.intercept(ConfigurationClassEnhancer.java:348)
	at com.madhurtoppo.common.config.AxonConfig$$SpringCGLIB$$0.xStream(<generated>)
	at com.madhurtoppo.common.config.AxonConfig.xStream(AxonConfig.java:14)
	at com.madhurtoppo.common.config.AxonConfig$$SpringCGLIB$$0.CGLIB$xStream$0(<generated>)
	at com.madhurtoppo.common.config.AxonConfig$$SpringCGLIB$$FastClass$$1.invoke(<generated>)
	at org.springframework.cglib.proxy.MethodProxy.invokeSuper(MethodProxy.java:258)
	at org.springframework.context.annotation.ConfigurationClassEnhancer$BeanMethodInterceptor.intercept(ConfigurationClassEnhancer.java:348)
	at com.madhurtoppo.common.config.AxonConfig$$SpringCGLIB$$0.xStream(<generated>)
	at com.madhurtoppo.common.config.AxonConfig.xStream(AxonConfig.java:14)
	at com.madhurtoppo.common.config.AxonConfig$$SpringCGLIB$$0.CGLIB$xStream$0(<generated>)
	at com.madhurtoppo.common.config.AxonConfig$$SpringCGLIB$$FastClass$$1.invoke(<generated>)
	at org.springframework.cglib.proxy.MethodProxy.invokeSuper(MethodProxy.java:258)
	at org.springframework.context.annotation.ConfigurationClassEnhancer$BeanMethodInterceptor.intercept(ConfigurationClassEnhancer.java:348)
	at com.madhurtoppo.common.config.AxonConfig$$SpringCGLIB$$0.xStream(<generated>)
	at com.madhurtoppo.common.config.AxonConfig.xStream(AxonConfig.java:14)
	at com.madhurtoppo.common.config.AxonConfig$$SpringCGLIB$$0.CGLIB$xStream$0(<generated>)
	at com.madhurtoppo.common.config.AxonConfig$$SpringCGLIB$$FastClass$$1.invoke(<generated>)
	at org.springframework.cglib.proxy.MethodProxy.invokeSuper(MethodProxy.java:258)
	at org.springframework.context.annotation.ConfigurationClassEnhancer$BeanMethodInterceptor.intercept(ConfigurationClassEnhancer.java:348)
	at com.madhurtoppo.common.config.AxonConfig$$SpringCGLIB$$0.xStream(<generated>)
	at com.madhurtoppo.common.config.AxonConfig.xStream(AxonConfig.java:14)
	at com.madhurtoppo.common.config.AxonConfig$$SpringCGLIB$$0.CGLIB$xStream$0(<generated>)
	at com.madhurtoppo.common.config.AxonConfig$$SpringCGLIB$$FastClass$$1.invoke(<generated>)
	at org.springframework.cglib.proxy.MethodProxy.invokeSuper(MethodProxy.java:258)
	at org.springframework.context.annotation.ConfigurationClassEnhancer$BeanMethodInterceptor.intercept(ConfigurationClassEnhancer.java:348)
	at com.madhurtoppo.common.config.AxonConfig$$SpringCGLIB$$0.xStream(<generated>)
	at com.madhurtoppo.common.config.AxonConfig.xStream(AxonConfig.java:14)
	at com.madhurtoppo.common.config.AxonConfig$$SpringCGLIB$$0.CGLIB$xStream$0(<generated>)
	at com.madhurtoppo.common.config.AxonConfig$$SpringCGLIB$$FastClass$$1.invoke(<generated>)
	at org.springframework.cglib.proxy.MethodProxy.invokeSuper(MethodProxy.java:258)
	at org.springframework.context.annotation.ConfigurationClassEnhancer$BeanMethodInterceptor.intercept(ConfigurationClassEnhancer.java:348)
	at com.madhurtoppo.common.config.AxonConfig$$SpringCGLIB$$0.xStream(<generated>)
	at com.madhurtoppo.common.config.AxonConfig.xStream(AxonConfig.java:14)
	at com.madhurtoppo.common.config.AxonConfig$$SpringCGLIB$$0.CGLIB$xStream$0(<generated>)
	at com.madhurtoppo.common.config.AxonConfig$$SpringCGLIB$$FastClass$$1.invoke(<generated>)
	at org.springframework.cglib.proxy.MethodProxy.invokeSuper(MethodProxy.java:258)
	at org.springframework.context.annotation.ConfigurationClassEnhancer$BeanMethodInterceptor.intercept(ConfigurationClassEnhancer.java:348)
	at com.madhurtoppo.common.config.AxonConfig$$SpringCGLIB$$0.xStream(<generated>)
	at com.madhurtoppo.common.config.AxonConfig.xStream(AxonConfig.java:14)
	at com.madhurtoppo.common.config.AxonConfig$$SpringCGLIB$$0.CGLIB$xStream$0(<generated>)
	at com.madhurtoppo.common.config.AxonConfig$$SpringCGLIB$$FastClass$$1.invoke(<generated>)
	at org.springframework.cglib.proxy.MethodProxy.invokeSuper(MethodProxy.java:258)
	at org.springframework.context.annotation.ConfigurationClassEnhancer$BeanMethodInterceptor.intercept(ConfigurationClassEnhancer.java:348)
	at com.madhurtoppo.common.config.AxonConfig$$SpringCGLIB$$0.xStream(<generated>)
	at com.madhurtoppo.common.config.AxonConfig.xStream(AxonConfig.java:14)
	at com.madhurtoppo.common.config.AxonConfig$$SpringCGLIB$$0.CGLIB$xStream$0(<generated>)
	at com.madhurtoppo.common.config.AxonConfig$$SpringCGLIB$$FastClass$$1.invoke(<generated>)
	at org.springframework.cglib.proxy.MethodProxy.invokeSuper(MethodProxy.java:258)
	at org.springframework.context.annotation.ConfigurationClassEnhancer$BeanMethodInterceptor.intercept(ConfigurationClassEnhancer.java:348)
	at com.madhurtoppo.common.config.AxonConfig$$SpringCGLIB$$0.xStream(<generated>)
	at com.madhurtoppo.common.config.AxonConfig.xStream(AxonConfig.java:14)
	at com.madhurtoppo.common.config.AxonConfig$$SpringCGLIB$$0.CGLIB$xStream$0(<generated>)
	at com.madhurtoppo.common.config.AxonConfig$$SpringCGLIB$$FastClass$$1.invoke(<generated>)
	at org.springframework.cglib.proxy.MethodProxy.invokeSuper(MethodProxy.java:258)
	at org.springframework.context.annotation.ConfigurationClassEnhancer$BeanMethodInterceptor.intercept(ConfigurationClassEnhancer.java:348)
	at com.madhurtoppo.common.config.AxonConfig$$SpringCGLIB$$0.xStream(<generated>)
	at com.madhurtoppo.common.config.AxonConfig.xStream(AxonConfig.java:14)
	at com.madhurtoppo.common.config.AxonConfig$$SpringCGLIB$$0.CGLIB$xStream$0(<generated>)
	at com.madhurtoppo.common.config.AxonConfig$$SpringCGLIB$$FastClass$$1.invoke(<generated>)
	at org.springframework.cglib.proxy.MethodProxy.invokeSuper(MethodProxy.java:258)
	at org.springframework.context.annotation.ConfigurationClassEnhancer$BeanMethodInterceptor.intercept(ConfigurationClassEnhancer.java:348)
	at com.madhurtoppo.common.config.AxonConfig$$SpringCGLIB$$0.xStream(<generated>)
	at com.madhurtoppo.common.config.AxonConfig.xStream(AxonConfig.java:14)
	at com.madhurtoppo.common.config.AxonConfig$$SpringCGLIB$$0.CGLIB$xStream$0(<generated>)
	at com.madhurtoppo.common.config.AxonConfig$$SpringCGLIB$$FastClass$$1.invoke(<generated>)
	at org.springframework.cglib.proxy.MethodProxy.invokeSuper(MethodProxy.java:258)
	at org.springframework.context.annotation.ConfigurationClassEnhancer$BeanMethodInterceptor.intercept(ConfigurationClassEnhancer.java:348)
	at com.madhurtoppo.common.config.AxonConfig$$SpringCGLIB$$0.xStream(<generated>)
	at com.madhurtoppo.common.config.AxonConfig.xStream(AxonConfig.java:14)
	at com.madhurtoppo.common.config.AxonConfig$$SpringCGLIB$$0.CGLIB$xStream$0(<generated>)
	at com.madhurtoppo.common.config.AxonConfig$$SpringCGLIB$$FastClass$$1.invoke(<generated>)
	at org.springframework.cglib.proxy.MethodProxy.invokeSuper(MethodProxy.java:258)
	at org.springframework.context.annotation.ConfigurationClassEnhancer$BeanMethodInterceptor.intercept(ConfigurationClassEnhancer.java:348)
	at com.madhurtoppo.common.config.AxonConfig$$SpringCGLIB$$0.xStream(<generated>)
	at com.madhurtoppo.common.config.AxonConfig.xStream(AxonConfig.java:14)
	at com.madhurtoppo.common.config.AxonConfig$$SpringCGLIB$$0.CGLIB$xStream$0(<generated>)
	at com.madhurtoppo.common.config.AxonConfig$$SpringCGLIB$$FastClass$$1.invoke(<generated>)
	at org.springframework.cglib.proxy.MethodProxy.invokeSuper(MethodProxy.java:258)
	at org.springframework.context.annotation.ConfigurationClassEnhancer$BeanMethodInterceptor.intercept(ConfigurationClassEnhancer.java:348)
	at com.madhurtoppo.common.config.AxonConfig$$SpringCGLIB$$0.xStream(<generated>)
	at com.madhurtoppo.common.config.AxonConfig.xStream(AxonConfig.java:14)
	at com.madhurtoppo.common.config.AxonConfig$$SpringCGLIB$$0.CGLIB$xStream$0(<generated>)
	at com.madhurtoppo.common.config.AxonConfig$$SpringCGLIB$$FastClass$$1.invoke(<generated>)
	at org.springframework.cglib.proxy.MethodProxy.invokeSuper(MethodProxy.java:258)
	at org.springframework.context.annotation.ConfigurationClassEnhancer$BeanMethodInterceptor.intercept(ConfigurationClassEnhancer.java:348)
	at com.madhurtoppo.common.config.AxonConfig$$SpringCGLIB$$0.xStream(<generated>)
	at com.madhurtoppo.common.config.AxonConfig.xStream(AxonConfig.java:14)
	at com.madhurtoppo.common.config.AxonConfig$$SpringCGLIB$$0.CGLIB$xStream$0(<generated>)
	at com.madhurtoppo.common.config.AxonConfig$$SpringCGLIB$$FastClass$$1.invoke(<generated>)
	at org.springframework.cglib.proxy.MethodProxy.invokeSuper(MethodProxy.java:258)
	at org.springframework.context.annotation.ConfigurationClassEnhancer$BeanMethodInterceptor.intercept(ConfigurationClassEnhancer.java:348)
	at com.madhurtoppo.common.config.AxonConfig$$SpringCGLIB$$0.xStream(<generated>)
	at com.madhurtoppo.common.config.AxonConfig.xStream(AxonConfig.java:14)
	at com.madhurtoppo.common.config.AxonConfig$$SpringCGLIB$$0.CGLIB$xStream$0(<generated>)
	at com.madhurtoppo.common.config.AxonConfig$$SpringCGLIB$$FastClass$$1.invoke(<generated>)
	at org.springframework.cglib.proxy.MethodProxy.invokeSuper(MethodProxy.java:258)
	at org.springframework.context.annotation.ConfigurationClassEnhancer$BeanMethodInterceptor.intercept(ConfigurationClassEnhancer.java:348)
	at com.madhurtoppo.common.config.AxonConfig$$SpringCGLIB$$0.xStream(<generated>)
	at com.madhurtoppo.common.config.AxonConfig.xStream(AxonConfig.java:14)
	at com.madhurtoppo.common.config.AxonConfig$$SpringCGLIB$$0.CGLIB$xStream$0(<generated>)
	at com.madhurtoppo.common.config.AxonConfig$$SpringCGLIB$$FastClass$$1.invoke(<generated>)
	at org.springframework.cglib.proxy.MethodProxy.invokeSuper(MethodProxy.java:258)
	at org.springframework.context.annotation.ConfigurationClassEnhancer$BeanMethodInterceptor.intercept(ConfigurationClassEnhancer.java:348)
	at com.madhurtoppo.common.config.AxonConfig$$SpringCGLIB$$0.xStream(<generated>)
	at com.madhurtoppo.common.config.AxonConfig.xStream(AxonConfig.java:14)
	at com.madhurtoppo.common.config.AxonConfig$$SpringCGLIB$$0.CGLIB$xStream$0(<generated>)
	at com.madhurtoppo.common.config.AxonConfig$$SpringCGLIB$$FastClass$$1.invoke(<generated>)
	at org.springframework.cglib.proxy.MethodProxy.invokeSuper(MethodProxy.java:258)
	at org.springframework.context.annotation.ConfigurationClassEnhancer$BeanMethodInterceptor.intercept(ConfigurationClassEnhancer.java:348)
	at com.madhurtoppo.common.config.AxonConfig$$SpringCGLIB$$0.xStream(<generated>)
	at com.madhurtoppo.common.config.AxonConfig.xStream(AxonConfig.java:14)
	at com.madhurtoppo.common.config.AxonConfig$$SpringCGLIB$$0.CGLIB$xStream$0(<generated>)
	at com.madhurtoppo.common.config.AxonConfig$$SpringCGLIB$$FastClass$$1.invoke(<generated>)
	at org.springframework.cglib.proxy.MethodProxy.invokeSuper(MethodProxy.java:258)
	at org.springframework.context.annotation.ConfigurationClassEnhancer$BeanMethodInterceptor.intercept(ConfigurationClassEnhancer.java:348)
	at com.madhurtoppo.common.config.AxonConfig$$SpringCGLIB$$0.xStream(<generated>)
	at com.madhurtoppo.common.config.AxonConfig.xStream(AxonConfig.java:14)
	at com.madhurtoppo.common.config.AxonConfig$$SpringCGLIB$$0.CGLIB$xStream$0(<generated>)
	at com.madhurtoppo.common.config.AxonConfig$$SpringCGLIB$$FastClass$$1.invoke(<generated>)
	at org.springframework.cglib.proxy.MethodProxy.invokeSuper(MethodProxy.java:258)
	at org.springframework.context.annotation.ConfigurationClassEnhancer$BeanMethodInterceptor.intercept(ConfigurationClassEnhancer.java:348)
	at com.madhurtoppo.common.config.AxonConfig$$SpringCGLIB$$0.xStream(<generated>)
	at com.madhurtoppo.common.config.AxonConfig.xStream(AxonConfig.java:14)
	at com.madhurtoppo.common.config.AxonConfig$$SpringCGLIB$$0.CGLIB$xStream$0(<generated>)
	at com.madhurtoppo.common.config.AxonConfig$$SpringCGLIB$$FastClass$$1.invoke(<generated>)
	at org.springframework.cglib.proxy.MethodProxy.invokeSuper(MethodProxy.java:258)
	at org.springframework.context.annotation.ConfigurationClassEnhancer$BeanMethodInterceptor.intercept(ConfigurationClassEnhancer.java:348)
	at com.madhurtoppo.common.config.AxonConfig$$SpringCGLIB$$0.xStream(<generated>)
	at com.madhurtoppo.common.config.AxonConfig.xStream(AxonConfig.java:14)
	at com.madhurtoppo.common.config.AxonConfig$$SpringCGLIB$$0.CGLIB$xStream$0(<generated>)
	at com.madhurtoppo.common.config.AxonConfig$$SpringCGLIB$$FastClass$$1.invoke(<generated>)
	at org.springframework.cglib.proxy.MethodProxy.invokeSuper(MethodProxy.java:258)
	at org.springframework.context.annotation.ConfigurationClassEnhancer$BeanMethodInterceptor.intercept(ConfigurationClassEnhancer.java:348)
	at com.madhurtoppo.common.config.AxonConfig$$SpringCGLIB$$0.xStream(<generated>)
	at com.madhurtoppo.common.config.AxonConfig.xStream(AxonConfig.java:14)
	at com.madhurtoppo.common.config.AxonConfig$$SpringCGLIB$$0.CGLIB$xStream$0(<generated>)
	at com.madhurtoppo.common.config.AxonConfig$$SpringCGLIB$$FastClass$$1.invoke(<generated>)
	at org.springframework.cglib.proxy.MethodProxy.invokeSuper(MethodProxy.java:258)
	at org.springframework.context.annotation.ConfigurationClassEnhancer$BeanMethodInterceptor.intercept(ConfigurationClassEnhancer.java:348)
	at com.madhurtoppo.common.config.AxonConfig$$SpringCGLIB$$0.xStream(<generated>)
	at com.madhurtoppo.common.config.AxonConfig.xStream(AxonConfig.java:14)
	at com.madhurtoppo.common.config.AxonConfig$$SpringCGLIB$$0.CGLIB$xStream$0(<generated>)
	at com.madhurtoppo.common.config.AxonConfig$$SpringCGLIB$$FastClass$$1.invoke(<generated>)
	at org.springframework.cglib.proxy.MethodProxy.invokeSuper(MethodProxy.java:258)
	at org.springframework.context.annotation.ConfigurationClassEnhancer$BeanMethodInterceptor.intercept(ConfigurationClassEnhancer.java:348)
	at com.madhurtoppo.common.config.AxonConfig$$SpringCGLIB$$0.xStream(<generated>)
	at com.madhurtoppo.common.config.AxonConfig.xStream(AxonConfig.java:14)
	at com.madhurtoppo.common.config.AxonConfig$$SpringCGLIB$$0.CGLIB$xStream$0(<generated>)
	at com.madhurtoppo.common.config.AxonConfig$$SpringCGLIB$$FastClass$$1.invoke(<generated>)
	at org.springframework.cglib.proxy.MethodProxy.invokeSuper(MethodProxy.java:258)
	at org.springframework.context.annotation.ConfigurationClassEnhancer$BeanMethodInterceptor.intercept(ConfigurationClassEnhancer.java:348)
	at com.madhurtoppo.common.config.AxonConfig$$SpringCGLIB$$0.xStream(<generated>)
	at com.madhurtoppo.common.config.AxonConfig.xStream(AxonConfig.java:14)
	at com.madhurtoppo.common.config.AxonConfig$$SpringCGLIB$$0.CGLIB$xStream$0(<generated>)
	at com.madhurtoppo.common.config.AxonConfig$$SpringCGLIB$$FastClass$$1.invoke(<generated>)
	at org.springframework.cglib.proxy.MethodProxy.invokeSuper(MethodProxy.java:258)
	at org.springframework.context.annotation.ConfigurationClassEnhancer$BeanMethodInterceptor.intercept(ConfigurationClassEnhancer.java:348)
	at com.madhurtoppo.common.config.AxonConfig$$SpringCGLIB$$0.xStream(<generated>)
	at com.madhurtoppo.common.config.AxonConfig.xStream(AxonConfig.java:14)
	at com.madhurtoppo.common.config.AxonConfig$$SpringCGLIB$$0.CGLIB$xStream$0(<generated>)
	at com.madhurtoppo.common.config.AxonConfig$$SpringCGLIB$$FastClass$$1.invoke(<generated>)
	at org.springframework.cglib.proxy.MethodProxy.invokeSuper(MethodProxy.java:258)
	at org.springframework.context.annotation.ConfigurationClassEnhancer$BeanMethodInterceptor.intercept(ConfigurationClassEnhancer.java:348)
	at com.madhurtoppo.common.config.AxonConfig$$SpringCGLIB$$0.xStream(<generated>)
	at com.madhurtoppo.common.config.AxonConfig.xStream(AxonConfig.java:14)
	at com.madhurtoppo.common.config.AxonConfig$$SpringCGLIB$$0.CGLIB$xStream$0(<generated>)
	at com.madhurtoppo.common.config.AxonConfig$$SpringCGLIB$$FastClass$$1.invoke(<generated>)
	at org.springframework.cglib.proxy.MethodProxy.invokeSuper(MethodProxy.java:258)
	at org.springframework.context.annotation.ConfigurationClassEnhancer$BeanMethodInterceptor.intercept(ConfigurationClassEnhancer.java:348)
	at com.madhurtoppo.common.config.AxonConfig$$SpringCGLIB$$0.xStream(<generated>)
	at com.madhurtoppo.common.config.AxonConfig.xStream(AxonConfig.java:14)
	at com.madhurtoppo.common.config.AxonConfig$$SpringCGLIB$$0.CGLIB$xStream$0(<generated>)
	at com.madhurtoppo.common.config.AxonConfig$$SpringCGLIB$$FastClass$$1.invoke(<generated>)
	at org.springframework.cglib.proxy.MethodProxy.invokeSuper(MethodProxy.java:258)
	at org.springframework.context.annotation.ConfigurationClassEnhancer$BeanMethodInterceptor.intercept(ConfigurationClassEnhancer.java:348)
	at com.madhurtoppo.common.config.AxonConfig$$SpringCGLIB$$0.xStream(<generated>)
	at com.madhurtoppo.common.config.AxonConfig.xStream(AxonConfig.java:14)
	at com.madhurtoppo.common.config.AxonConfig$$SpringCGLIB$$0.CGLIB$xStream$0(<generated>)
	at com.madhurtoppo.common.config.AxonConfig$$SpringCGLIB$$FastClass$$1.invoke(<generated>)
	at org.springframework.cglib.proxy.MethodProxy.invokeSuper(MethodProxy.java:258)
	at org.springframework.context.annotation.ConfigurationClassEnhancer$BeanMethodInterceptor.intercept(ConfigurationClassEnhancer.java:348)
	at com.madhurtoppo.common.config.AxonConfig$$SpringCGLIB$$0.xStream(<generated>)
	at com.madhurtoppo.common.config.AxonConfig.xStream(AxonConfig.java:14)
	at com.madhurtoppo.common.config.AxonConfig$$SpringCGLIB$$0.CGLIB$xStream$0(<generated>)
	at com.madhurtoppo.common.config.AxonConfig$$SpringCGLIB$$FastClass$$1.invoke(<generated>)
	at org.springframework.cglib.proxy.MethodProxy.invokeSuper(MethodProxy.java:258)
	at org.springframework.context.annotation.ConfigurationClassEnhancer$BeanMethodInterceptor.intercept(ConfigurationClassEnhancer.java:348)
	at com.madhurtoppo.common.config.AxonConfig$$SpringCGLIB$$0.xStream(<generated>)
	at com.madhurtoppo.common.config.AxonConfig.xStream(AxonConfig.java:14)
	at com.madhurtoppo.common.config.AxonConfig$$SpringCGLIB$$0.CGLIB$xStream$0(<generated>)
	at com.madhurtoppo.common.config.AxonConfig$$SpringCGLIB$$FastClass$$1.invoke(<generated>)
	at org.springframework.cglib.proxy.MethodProxy.invokeSuper(MethodProxy.java:258)
	at org.springframework.context.annotation.ConfigurationClassEnhancer$BeanMethodInterceptor.intercept(ConfigurationClassEnhancer.java:348)
	at com.madhurtoppo.common.config.AxonConfig$$SpringCGLIB$$0.xStream(<generated>)
	at com.madhurtoppo.common.config.AxonConfig.xStream(AxonConfig.java:14)
	at com.madhurtoppo.common.config.AxonConfig$$SpringCGLIB$$0.CGLIB$xStream$0(<generated>)
	at com.madhurtoppo.common.config.AxonConfig$$SpringCGLIB$$FastClass$$1.invoke(<generated>)
	at org.springframework.cglib.proxy.MethodProxy.invokeSuper(MethodProxy.java:258)
	at org.springframework.context.annotation.ConfigurationClassEnhancer$BeanMethodInterceptor.intercept(ConfigurationClassEnhancer.java:348)
	at com.madhurtoppo.common.config.AxonConfig$$SpringCGLIB$$0.xStream(<generated>)
	at com.madhurtoppo.common.config.AxonConfig.xStream(AxonConfig.java:14)
	at com.madhurtoppo.common.config.AxonConfig$$SpringCGLIB$$0.CGLIB$xStream$0(<generated>)
	at com.madhurtoppo.common.config.AxonConfig$$SpringCGLIB$$FastClass$$1.invoke(<generated>)
	at org.springframework.cglib.proxy.MethodProxy.invokeSuper(MethodProxy.java:258)
	at org.springframework.context.annotation.ConfigurationClassEnhancer$BeanMethodInterceptor.intercept(ConfigurationClassEnhancer.java:348)
	at com.madhurtoppo.common.config.AxonConfig$$SpringCGLIB$$0.xStream(<generated>)
	at com.madhurtoppo.common.config.AxonConfig.xStream(AxonConfig.java:14)
	at com.madhurtoppo.common.config.AxonConfig$$SpringCGLIB$$0.CGLIB$xStream$0(<generated>)
	at com.madhurtoppo.common.config.AxonConfig$$SpringCGLIB$$FastClass$$1.invoke(<generated>)
	at org.springframework.cglib.proxy.MethodProxy.invokeSuper(MethodProxy.java:258)
	at org.springframework.context.annotation.ConfigurationClassEnhancer$BeanMethodInterceptor.intercept(ConfigurationClassEnhancer.java:348)
	at com.madhurtoppo.common.config.AxonConfig$$SpringCGLIB$$0.xStream(<generated>)
	at com.madhurtoppo.common.config.AxonConfig.xStream(AxonConfig.java:14)
	at com.madhurtoppo.common.config.AxonConfig$$SpringCGLIB$$0.CGLIB$xStream$0(<generated>)
	at com.madhurtoppo.common.config.AxonConfig$$SpringCGLIB$$FastClass$$1.invoke(<generated>)
	at org.springframework.cglib.proxy.MethodProxy.invokeSuper(MethodProxy.java:258)
	at org.springframework.context.annotation.ConfigurationClassEnhancer$BeanMethodInterceptor.intercept(ConfigurationClassEnhancer.java:348)
	at com.madhurtoppo.common.config.AxonConfig$$SpringCGLIB$$0.xStream(<generated>)
	at com.madhurtoppo.common.config.AxonConfig.xStream(AxonConfig.java:14)
	at com.madhurtoppo.common.config.AxonConfig$$SpringCGLIB$$0.CGLIB$xStream$0(<generated>)
	at com.madhurtoppo.common.config.AxonConfig$$SpringCGLIB$$FastClass$$1.invoke(<generated>)
	at org.springframework.cglib.proxy.MethodProxy.invokeSuper(MethodProxy.java:258)
	at org.springframework.context.annotation.ConfigurationClassEnhancer$BeanMethodInterceptor.intercept(ConfigurationClassEnhancer.java:348)
	at com.madhurtoppo.common.config.AxonConfig$$SpringCGLIB$$0.xStream(<generated>)
	at com.madhurtoppo.common.config.AxonConfig.xStream(AxonConfig.java:14)
	at com.madhurtoppo.common.config.AxonConfig$$SpringCGLIB$$0.CGLIB$xStream$0(<generated>)
	at com.madhurtoppo.common.config.AxonConfig$$SpringCGLIB$$FastClass$$1.invoke(<generated>)
	at org.springframework.cglib.proxy.MethodProxy.invokeSuper(MethodProxy.java:258)
	at org.springframework.context.annotation.ConfigurationClassEnhancer$BeanMethodInterceptor.intercept(ConfigurationClassEnhancer.java:348)
	at com.madhurtoppo.common.config.AxonConfig$$SpringCGLIB$$0.xStream(<generated>)
	at com.madhurtoppo.common.config.AxonConfig.xStream(AxonConfig.java:14)
	at com.madhurtoppo.common.config.AxonConfig$$SpringCGLIB$$0.CGLIB$xStream$0(<generated>)
	at com.madhurtoppo.common.config.AxonConfig$$SpringCGLIB$$FastClass$$1.invoke(<generated>)
	at org.springframework.cglib.proxy.MethodProxy.invokeSuper(MethodProxy.java:258)
	at org.springframework.context.annotation.ConfigurationClassEnhancer$BeanMethodInterceptor.intercept(ConfigurationClassEnhancer.java:348)
	at com.madhurtoppo.common.config.AxonConfig$$SpringCGLIB$$0.xStream(<generated>)
	at com.madhurtoppo.common.config.AxonConfig.xStream(AxonConfig.java:14)
	at com.madhurtoppo.common.config.AxonConfig$$SpringCGLIB$$0.CGLIB$xStream$0(<generated>)
	at com.madhurtoppo.common.config.AxonConfig$$SpringCGLIB$$FastClass$$1.invoke(<generated>)
	at org.springframework.cglib.proxy.MethodProxy.invokeSuper(MethodProxy.java:258)
	at org.springframework.context.annotation.ConfigurationClassEnhancer$BeanMethodInterceptor.intercept(ConfigurationClassEnhancer.java:348)
	at com.madhurtoppo.common.config.AxonConfig$$SpringCGLIB$$0.xStream(<generated>)
	at com.madhurtoppo.common.config.AxonConfig.xStream(AxonConfig.java:14)
	at com.madhurtoppo.common.config.AxonConfig$$SpringCGLIB$$0.CGLIB$xStream$0(<generated>)
	at com.madhurtoppo.common.config.AxonConfig$$SpringCGLIB$$FastClass$$1.invoke(<generated>)
	at org.springframework.cglib.proxy.MethodProxy.invokeSuper(MethodProxy.java:258)
	at org.springframework.context.annotation.ConfigurationClassEnhancer$BeanMethodInterceptor.intercept(ConfigurationClassEnhancer.java:348)
	at com.madhurtoppo.common.config.AxonConfig$$SpringCGLIB$$0.xStream(<generated>)
	at com.madhurtoppo.common.config.AxonConfig.xStream(AxonConfig.java:14)
	at com.madhurtoppo.common.config.AxonConfig$$SpringCGLIB$$0.CGLIB$xStream$0(<generated>)
	at com.madhurtoppo.common.config.AxonConfig$$SpringCGLIB$$FastClass$$1.invoke(<generated>)
	at org.springframework.cglib.proxy.MethodProxy.invokeSuper(MethodProxy.java:258)
	at org.springframework.context.annotation.ConfigurationClassEnhancer$BeanMethodInterceptor.intercept(ConfigurationClassEnhancer.java:348)
	at com.madhurtoppo.common.config.AxonConfig$$SpringCGLIB$$0.xStream(<generated>)
	at com.madhurtoppo.common.config.AxonConfig.xStream(AxonConfig.java:14)
	at com.madhurtoppo.common.config.AxonConfig$$SpringCGLIB$$0.CGLIB$xStream$0(<generated>)
	at com.madhurtoppo.common.config.AxonConfig$$SpringCGLIB$$FastClass$$1.invoke(<generated>)
	at org.springframework.cglib.proxy.MethodProxy.invokeSuper(MethodProxy.java:258)
	at org.springframework.context.annotation.ConfigurationClassEnhancer$BeanMethodInterceptor.intercept(ConfigurationClassEnhancer.java:348)
	at com.madhurtoppo.common.config.AxonConfig$$SpringCGLIB$$0.xStream(<generated>)
	at com.madhurtoppo.common.config.AxonConfig.xStream(AxonConfig.java:14)
	at com.madhurtoppo.common.config.AxonConfig$$SpringCGLIB$$0.CGLIB$xStream$0(<generated>)
	at com.madhurtoppo.common.config.AxonConfig$$SpringCGLIB$$FastClass$$1.invoke(<generated>)
	at org.springframework.cglib.proxy.MethodProxy.invokeSuper(MethodProxy.java:258)
	at org.springframework.context.annotation.ConfigurationClassEnhancer$BeanMethodInterceptor.intercept(ConfigurationClassEnhancer.java:348)
	at com.madhurtoppo.common.config.AxonConfig$$SpringCGLIB$$0.xStream(<generated>)
	at com.madhurtoppo.common.config.AxonConfig.xStream(AxonConfig.java:14)
	at com.madhurtoppo.common.config.AxonConfig$$SpringCGLIB$$0.CGLIB$xStream$0(<generated>)
	at com.madhurtoppo.common.config.AxonConfig$$SpringCGLIB$$FastClass$$1.invoke(<generated>)
	at org.springframework.cglib.proxy.MethodProxy.invokeSuper(MethodProxy.java:258)
	at org.springframework.context.annotation.ConfigurationClassEnhancer$BeanMethodInterceptor.intercept(ConfigurationClassEnhancer.java:348)
	at com.madhurtoppo.common.config.AxonConfig$$SpringCGLIB$$0.xStream(<generated>)
	at com.madhurtoppo.common.config.AxonConfig.xStream(AxonConfig.java:14)
	at com.madhurtoppo.common.config.AxonConfig$$SpringCGLIB$$0.CGLIB$xStream$0(<generated>)
	at com.madhurtoppo.common.config.AxonConfig$$SpringCGLIB$$FastClass$$1.invoke(<generated>)
	at org.springframework.cglib.proxy.MethodProxy.invokeSuper(MethodProxy.java:258)
	at org.springframework.context.annotation.ConfigurationClassEnhancer$BeanMethodInterceptor.intercept(ConfigurationClassEnhancer.java:348)
	at com.madhurtoppo.common.config.AxonConfig$$SpringCGLIB$$0.xStream(<generated>)
]]></error>
    <system-out><![CDATA[12:35:00.768 [main] INFO org.springframework.test.context.support.AnnotationConfigContextLoaderUtils -- Could not detect default configuration classes for test class [com.madhurtoppo.customer.CustomerApplicationTests]: CustomerApplicationTests does not declare any static, non-private, non-final, nested classes annotated with @Configuration.
12:35:00.815 [main] INFO org.springframework.boot.test.context.SpringBootTestContextBootstrapper -- Found @SpringBootConfiguration com.madhurtoppo.customer.CustomersApplication for test class com.madhurtoppo.customer.CustomerApplicationTests
12:35:00.868 [main] INFO org.springframework.boot.devtools.restart.RestartApplicationListener -- Restart disabled due to context in which it is running

  .   ____          _            __ _ _
 /\\ / ___'_ __ _ _(_)_ __  __ _ \ \ \ \
( ( )\___ | '_ | '_| | '_ \/ _` | \ \ \ \
 \\/  ___)| |_)| | | | | || (_| |  ) ) ) )
  '  |____| .__|_| |_|_| |_\__, | / / / /
 =========|_|==============|___/=/_/_/_/

 :: Spring Boot ::                (v3.3.4)

&amp#27;[32m12:35:00.999&amp#27;[0;39m &amp#27;[34mINFO &amp#27;[0;39m &amp#27;[31m[main]&amp#27;[0;39m &amp#27;[33mc.m.c.CustomerApplicationTests&amp#27;[0;39m - Starting CustomerApplicationTests using Java 21.0.5 with PID 28128 (started by mtoppo in /Users/mtoppo/workspace/event-driven-microservices/customer)
&amp#27;[32m12:35:01.000&amp#27;[0;39m &amp#27;[34mINFO &amp#27;[0;39m &amp#27;[31m[main]&amp#27;[0;39m &amp#27;[33mc.m.c.CustomerApplicationTests&amp#27;[0;39m - No active profile set, falling back to 1 default profile: "default"
&amp#27;[32m12:35:01.045&amp#27;[0;39m &amp#27;[34mWARN &amp#27;[0;39m &amp#27;[31m[main]&amp#27;[0;39m &amp#27;[33mo.s.c.a.AnnotationTypeMapping&amp#27;[0;39m - Support for convention-based annotation attribute overrides is deprecated and will be removed in Spring Framework 6.2. Please annotate the following attributes in @org.axonframework.spring.stereotype.Aggregate with appropriate @AliasFor declarations: [type]
&amp#27;[32m12:35:01.046&amp#27;[0;39m &amp#27;[34mWARN &amp#27;[0;39m &amp#27;[31m[main]&amp#27;[0;39m &amp#27;[33mo.s.c.a.AnnotationTypeMapping&amp#27;[0;39m - Support for convention-based annotation attribute overrides is deprecated and will be removed in Spring Framework 6.2. Please annotate the following attributes in @org.axonframework.eventsourcing.EventSourcingHandler with appropriate @AliasFor declarations: [payloadType]
&amp#27;[32m12:35:01.046&amp#27;[0;39m &amp#27;[34mWARN &amp#27;[0;39m &amp#27;[31m[main]&amp#27;[0;39m &amp#27;[33mo.s.c.a.AnnotationTypeMapping&amp#27;[0;39m - Support for convention-based annotation attribute overrides is deprecated and will be removed in Spring Framework 6.2. Please annotate the following attributes in @org.axonframework.eventsourcing.EventSourcingHandler with appropriate @AliasFor declarations: [payloadType]
&amp#27;[32m12:35:01.047&amp#27;[0;39m &amp#27;[34mWARN &amp#27;[0;39m &amp#27;[31m[main]&amp#27;[0;39m &amp#27;[33mo.s.c.a.AnnotationTypeMapping&amp#27;[0;39m - Support for convention-based annotation attribute overrides is deprecated and will be removed in Spring Framework 6.2. Please annotate the following attributes in @org.axonframework.commandhandling.CommandHandler with appropriate @AliasFor declarations: [payloadType]
&amp#27;[32m12:35:01.066&amp#27;[0;39m &amp#27;[34mWARN &amp#27;[0;39m &amp#27;[31m[main]&amp#27;[0;39m &amp#27;[33mo.s.c.a.AnnotationTypeMapping&amp#27;[0;39m - Support for convention-based annotation attribute overrides is deprecated and will be removed in Spring Framework 6.2. Please annotate the following attributes in @org.axonframework.eventhandling.EventHandler with appropriate @AliasFor declarations: [payloadType]
&amp#27;[32m12:35:01.353&amp#27;[0;39m &amp#27;[34mINFO &amp#27;[0;39m &amp#27;[31m[main]&amp#27;[0;39m &amp#27;[33mo.s.d.r.c.RepositoryConfigurationDelegate&amp#27;[0;39m - Bootstrapping Spring Data JPA repositories in DEFAULT mode.
&amp#27;[32m12:35:01.426&amp#27;[0;39m &amp#27;[34mINFO &amp#27;[0;39m &amp#27;[31m[main]&amp#27;[0;39m &amp#27;[33mo.s.d.r.c.RepositoryConfigurationDelegate&amp#27;[0;39m - Finished Spring Data repository scanning in 70 ms. Found 1 JPA repository interface.
&amp#27;[32m12:35:01.529&amp#27;[0;39m &amp#27;[34mINFO &amp#27;[0;39m &amp#27;[31m[main]&amp#27;[0;39m &amp#27;[33mo.s.c.c.s.GenericScope&amp#27;[0;39m - BeanFactory id=d90deec5-c9a0-32ec-ba19-9a9f2524a6a9
&amp#27;[32m12:35:01.665&amp#27;[0;39m &amp#27;[34mWARN &amp#27;[0;39m &amp#27;[31m[main]&amp#27;[0;39m &amp#27;[33mo.s.c.a.AnnotationTypeMapping&amp#27;[0;39m - Support for convention-based annotation attribute overrides is deprecated and will be removed in Spring Framework 6.2. Please annotate the following attributes in @org.axonframework.modelling.command.AggregateIdentifier with appropriate @AliasFor declarations: [routingKey]
&amp#27;[32m12:35:01.730&amp#27;[0;39m &amp#27;[34mWARN &amp#27;[0;39m &amp#27;[31m[main]&amp#27;[0;39m &amp#27;[33mo.s.c.s.PostProcessorRegistrationDelegate$BeanPostProcessorChecker&amp#27;[0;39m - Bean 'org.springframework.cloud.client.loadbalancer.LoadBalancerAutoConfiguration$DeferringLoadBalancerInterceptorConfig' of type [org.springframework.cloud.client.loadbalancer.LoadBalancerAutoConfiguration$DeferringLoadBalancerInterceptorConfig] is not eligible for getting processed by all BeanPostProcessors (for example: not eligible for auto-proxying). The currently created BeanPostProcessor [lbRestClientPostProcessor] is declared through a non-static factory method on that class; consider declaring it as static instead.
&amp#27;[32m12:35:01.731&amp#27;[0;39m &amp#27;[34mWARN &amp#27;[0;39m &amp#27;[31m[main]&amp#27;[0;39m &amp#27;[33mo.s.c.s.PostProcessorRegistrationDelegate$BeanPostProcessorChecker&amp#27;[0;39m - Bean 'deferringLoadBalancerInterceptor' of type [org.springframework.cloud.client.loadbalancer.DeferringLoadBalancerInterceptor] is not eligible for getting processed by all BeanPostProcessors (for example: not eligible for auto-proxying). Is this bean getting eagerly injected into a currently created BeanPostProcessor [lbRestClientPostProcessor]? Check the corresponding BeanPostProcessor declaration and its dependencies.
&amp#27;[32m12:35:01.760&amp#27;[0;39m &amp#27;[34mINFO &amp#27;[0;39m &amp#27;[31m[main]&amp#27;[0;39m &amp#27;[33mc.z.h.HikariDataSource&amp#27;[0;39m - HikariPool-1 - Starting...
&amp#27;[32m12:35:01.900&amp#27;[0;39m &amp#27;[34mINFO &amp#27;[0;39m &amp#27;[31m[main]&amp#27;[0;39m &amp#27;[33mc.z.h.p.HikariPool&amp#27;[0;39m - HikariPool-1 - Added connection conn1: url=jdbc:h2:file:~/workspace/event-driven-microservices/customer user=SA
&amp#27;[32m12:35:01.905&amp#27;[0;39m &amp#27;[34mINFO &amp#27;[0;39m &amp#27;[31m[main]&amp#27;[0;39m &amp#27;[33mc.z.h.HikariDataSource&amp#27;[0;39m - HikariPool-1 - Start completed.
&amp#27;[32m12:35:01.943&amp#27;[0;39m &amp#27;[34mINFO &amp#27;[0;39m &amp#27;[31m[main]&amp#27;[0;39m &amp#27;[33mo.h.j.i.u.LogHelper&amp#27;[0;39m - HHH000204: Processing PersistenceUnitInfo [name: default]
&amp#27;[32m12:35:01.963&amp#27;[0;39m &amp#27;[34mINFO &amp#27;[0;39m &amp#27;[31m[main]&amp#27;[0;39m &amp#27;[33mo.h.Version&amp#27;[0;39m - HHH000412: Hibernate ORM core version 6.5.3.Final
&amp#27;[32m12:35:01.975&amp#27;[0;39m &amp#27;[34mINFO &amp#27;[0;39m &amp#27;[31m[main]&amp#27;[0;39m &amp#27;[33mo.h.c.i.RegionFactoryInitiator&amp#27;[0;39m - HHH000026: Second-level cache disabled
&amp#27;[32m12:35:02.076&amp#27;[0;39m &amp#27;[34mINFO &amp#27;[0;39m &amp#27;[31m[main]&amp#27;[0;39m &amp#27;[33mo.s.o.j.p.SpringPersistenceUnitInfo&amp#27;[0;39m - No LoadTimeWeaver setup: ignoring JPA class transformer
&amp#27;[32m12:35:02.091&amp#27;[0;39m &amp#27;[34mWARN &amp#27;[0;39m &amp#27;[31m[main]&amp#27;[0;39m &amp#27;[33mo.h.o.deprecation&amp#27;[0;39m - HHH90000025: H2Dialect does not need to be specified explicitly using 'hibernate.dialect' (remove the property setting and it will be selected by default)
&amp#27;[32m12:35:02.478&amp#27;[0;39m &amp#27;[34mINFO &amp#27;[0;39m &amp#27;[31m[main]&amp#27;[0;39m &amp#27;[33mo.h.e.t.j.p.i.JtaPlatformInitiator&amp#27;[0;39m - HHH000489: No JTA platform available (set 'hibernate.transaction.jta.platform' to enable JTA platform integration)
Hibernate: alter table if exists dead_letter_entry drop constraint if exists UKhlr8io86j74qy298xf720n16v
Hibernate: alter table if exists dead_letter_entry add constraint UKhlr8io86j74qy298xf720n16v unique (processing_group, sequence_identifier, sequence_index)
&amp#27;[32m12:35:02.490&amp#27;[0;39m &amp#27;[34mINFO &amp#27;[0;39m &amp#27;[31m[main]&amp#27;[0;39m &amp#27;[33mo.s.o.j.LocalContainerEntityManagerFactoryBean&amp#27;[0;39m - Initialized JPA EntityManagerFactory for persistence unit 'default'
&amp#27;[32m12:35:03.248&amp#27;[0;39m &amp#27;[34mWARN &amp#27;[0;39m &amp#27;[31m[main]&amp#27;[0;39m &amp#27;[33mo.s.w.c.s.GenericWebApplicationContext&amp#27;[0;39m - Exception encountered during context initialization - cancelling refresh attempt: org.springframework.beans.factory.UnsatisfiedDependencyException: Error creating bean with name 'customersApplication': Unsatisfied dependency expressed through method 'registerCustomerCommandInterceptor' parameter 1: Error creating bean with name 'commandGateway' defined in class path resource [org/axonframework/springboot/autoconfig/AxonAutoConfiguration.class]: Unsatisfied dependency expressed through method 'commandGateway' parameter 0: Error creating bean with name 'axonServerCommandBus' defined in class path resource [org/axonframework/springboot/autoconfig/AxonServerBusAutoConfiguration.class]: Unsatisfied dependency expressed through method 'axonServerCommandBus' parameter 2: Error creating bean with name 'commandBus' defined in class path resource [org/axonframework/springboot/autoconfig/AxonAutoConfiguration.class]: Unsatisfied dependency expressed through method 'commandBus' parameter 1: Error creating bean with name 'springAxonConfiguration' defined in class path resource [org/axonframework/springboot/autoconfig/InfraConfiguration.class]: Unsatisfied dependency expressed through method 'springAxonConfiguration' parameter 0: Error creating bean with name 'springAxonConfigurer' defined in class path resource [org/axonframework/springboot/autoconfig/InfraConfiguration.class]: Unsatisfied dependency expressed through method 'springAxonConfigurer' parameter 1: Error creating bean with name 'deadLetterQueueProviderConfigurerModule' defined in class path resource [org/axonframework/springboot/autoconfig/JpaAutoConfiguration.class]: Unsatisfied dependency expressed through method 'deadLetterQueueProviderConfigurerModule' parameter 3: Error creating bean with name 'serializer' defined in class path resource [org/axonframework/springboot/autoconfig/AxonAutoConfiguration.class]: Failed to instantiate [org.axonframework.serialization.Serializer]: Factory method 'serializer' threw exception with message: Error creating bean with name 'xStream' defined in com.madhurtoppo.common.config.AxonConfig: Failed to instantiate [com.thoughtworks.xstream.XStream]: Factory method 'xStream' threw exception with message: null
&amp#27;[32m12:35:03.249&amp#27;[0;39m &amp#27;[34mINFO &amp#27;[0;39m &amp#27;[31m[main]&amp#27;[0;39m &amp#27;[33mo.s.o.j.LocalContainerEntityManagerFactoryBean&amp#27;[0;39m - Closing JPA EntityManagerFactory for persistence unit 'default'
&amp#27;[32m12:35:03.250&amp#27;[0;39m &amp#27;[34mINFO &amp#27;[0;39m &amp#27;[31m[main]&amp#27;[0;39m &amp#27;[33mc.z.h.HikariDataSource&amp#27;[0;39m - HikariPool-1 - Shutdown initiated...
&amp#27;[32m12:35:03.482&amp#27;[0;39m &amp#27;[34mINFO &amp#27;[0;39m &amp#27;[31m[main]&amp#27;[0;39m &amp#27;[33mc.z.h.HikariDataSource&amp#27;[0;39m - HikariPool-1 - Shutdown completed.
&amp#27;[32m12:35:03.495&amp#27;[0;39m &amp#27;[34mINFO &amp#27;[0;39m &amp#27;[31m[main]&amp#27;[0;39m &amp#27;[33mo.s.b.a.l.ConditionEvaluationReportLogger&amp#27;[0;39m - 

Error starting ApplicationContext. To display the condition evaluation report re-run your application with 'debug' enabled.
&amp#27;[32m12:35:03.505&amp#27;[0;39m &amp#27;[34mERROR&amp#27;[0;39m &amp#27;[31m[main]&amp#27;[0;39m &amp#27;[33mo.s.b.SpringApplication&amp#27;[0;39m - Application run failed
org.springframework.beans.factory.UnsatisfiedDependencyException: Error creating bean with name 'customersApplication': Unsatisfied dependency expressed through method 'registerCustomerCommandInterceptor' parameter 1: Error creating bean with name 'commandGateway' defined in class path resource [org/axonframework/springboot/autoconfig/AxonAutoConfiguration.class]: Unsatisfied dependency expressed through method 'commandGateway' parameter 0: Error creating bean with name 'axonServerCommandBus' defined in class path resource [org/axonframework/springboot/autoconfig/AxonServerBusAutoConfiguration.class]: Unsatisfied dependency expressed through method 'axonServerCommandBus' parameter 2: Error creating bean with name 'commandBus' defined in class path resource [org/axonframework/springboot/autoconfig/AxonAutoConfiguration.class]: Unsatisfied dependency expressed through method 'commandBus' parameter 1: Error creating bean with name 'springAxonConfiguration' defined in class path resource [org/axonframework/springboot/autoconfig/InfraConfiguration.class]: Unsatisfied dependency expressed through method 'springAxonConfiguration' parameter 0: Error creating bean with name 'springAxonConfigurer' defined in class path resource [org/axonframework/springboot/autoconfig/InfraConfiguration.class]: Unsatisfied dependency expressed through method 'springAxonConfigurer' parameter 1: Error creating bean with name 'deadLetterQueueProviderConfigurerModule' defined in class path resource [org/axonframework/springboot/autoconfig/JpaAutoConfiguration.class]: Unsatisfied dependency expressed through method 'deadLetterQueueProviderConfigurerModule' parameter 3: Error creating bean with name 'serializer' defined in class path resource [org/axonframework/springboot/autoconfig/AxonAutoConfiguration.class]: Failed to instantiate [org.axonframework.serialization.Serializer]: Factory method 'serializer' threw exception with message: Error creating bean with name 'xStream' defined in com.madhurtoppo.common.config.AxonConfig: Failed to instantiate [com.thoughtworks.xstream.XStream]: Factory method 'xStream' threw exception with message: null
	at org.springframework.beans.factory.annotation.AutowiredAnnotationBeanPostProcessor$AutowiredMethodElement.resolveMethodArguments(AutowiredAnnotationBeanPostProcessor.java:896)
	at org.springframework.beans.factory.annotation.AutowiredAnnotationBeanPostProcessor$AutowiredMethodElement.inject(AutowiredAnnotationBeanPostProcessor.java:849)
	at org.springframework.beans.factory.annotation.InjectionMetadata.inject(InjectionMetadata.java:145)
	at org.springframework.beans.factory.annotation.AutowiredAnnotationBeanPostProcessor.postProcessProperties(AutowiredAnnotationBeanPostProcessor.java:509)
	at org.springframework.beans.factory.support.AbstractAutowireCapableBeanFactory.populateBean(AbstractAutowireCapableBeanFactory.java:1439)
	at org.springframework.beans.factory.support.AbstractAutowireCapableBeanFactory.doCreateBean(AbstractAutowireCapableBeanFactory.java:599)
	at org.springframework.beans.factory.support.AbstractAutowireCapableBeanFactory.createBean(AbstractAutowireCapableBeanFactory.java:522)
	at org.springframework.beans.factory.support.AbstractBeanFactory.lambda$doGetBean$0(AbstractBeanFactory.java:337)
	at org.springframework.beans.factory.support.DefaultSingletonBeanRegistry.getSingleton(DefaultSingletonBeanRegistry.java:234)
	at org.springframework.beans.factory.support.AbstractBeanFactory.doGetBean(AbstractBeanFactory.java:335)
	at org.springframework.beans.factory.support.AbstractBeanFactory.getBean(AbstractBeanFactory.java:200)
	at org.springframework.beans.factory.support.DefaultListableBeanFactory.preInstantiateSingletons(DefaultListableBeanFactory.java:975)
	at org.springframework.context.support.AbstractApplicationContext.finishBeanFactoryInitialization(AbstractApplicationContext.java:971)
	at org.springframework.context.support.AbstractApplicationContext.refresh(AbstractApplicationContext.java:625)
	at org.springframework.boot.SpringApplication.refresh(SpringApplication.java:754)
	at org.springframework.boot.SpringApplication.refreshContext(SpringApplication.java:456)
	at org.springframework.boot.SpringApplication.run(SpringApplication.java:335)
	at org.springframework.boot.test.context.SpringBootContextLoader.lambda$loadContext$3(SpringBootContextLoader.java:137)
	at org.springframework.util.function.ThrowingSupplier.get(ThrowingSupplier.java:58)
	at org.springframework.util.function.ThrowingSupplier.get(ThrowingSupplier.java:46)
	at org.springframework.boot.SpringApplication.withHook(SpringApplication.java:1463)
	at org.springframework.boot.test.context.SpringBootContextLoader$ContextLoaderHook.run(SpringBootContextLoader.java:553)
	at org.springframework.boot.test.context.SpringBootContextLoader.loadContext(SpringBootContextLoader.java:137)
	at org.springframework.boot.test.context.SpringBootContextLoader.loadContext(SpringBootContextLoader.java:108)
	at org.springframework.test.context.cache.DefaultCacheAwareContextLoaderDelegate.loadContextInternal(DefaultCacheAwareContextLoaderDelegate.java:225)
	at org.springframework.test.context.cache.DefaultCacheAwareContextLoaderDelegate.loadContext(DefaultCacheAwareContextLoaderDelegate.java:152)
	at org.springframework.test.context.support.DefaultTestContext.getApplicationContext(DefaultTestContext.java:130)
	at org.springframework.test.context.web.ServletTestExecutionListener.setUpRequestContextIfNecessary(ServletTestExecutionListener.java:191)
	at org.springframework.test.context.web.ServletTestExecutionListener.prepareTestInstance(ServletTestExecutionListener.java:130)
	at org.springframework.test.context.TestContextManager.prepareTestInstance(TestContextManager.java:260)
	at org.springframework.test.context.junit.jupiter.SpringExtension.postProcessTestInstance(SpringExtension.java:163)
	at org.junit.jupiter.engine.descriptor.ClassBasedTestDescriptor.lambda$invokeTestInstancePostProcessors$10(ClassBasedTestDescriptor.java:378)
	at org.junit.jupiter.engine.descriptor.ClassBasedTestDescriptor.executeAndMaskThrowable(ClassBasedTestDescriptor.java:383)
	at org.junit.jupiter.engine.descriptor.ClassBasedTestDescriptor.lambda$invokeTestInstancePostProcessors$11(ClassBasedTestDescriptor.java:378)
	at java.base/java.util.stream.ReferencePipeline$3$1.accept(ReferencePipeline.java:197)
	at java.base/java.util.stream.ReferencePipeline$2$1.accept(ReferencePipeline.java:179)
	at java.base/java.util.ArrayList$ArrayListSpliterator.forEachRemaining(ArrayList.java:1708)
	at java.base/java.util.stream.AbstractPipeline.copyInto(AbstractPipeline.java:509)
	at java.base/java.util.stream.AbstractPipeline.wrapAndCopyInto(AbstractPipeline.java:499)
	at java.base/java.util.stream.StreamSpliterators$WrappingSpliterator.forEachRemaining(StreamSpliterators.java:310)
	at java.base/java.util.stream.Streams$ConcatSpliterator.forEachRemaining(Streams.java:735)
	at java.base/java.util.stream.Streams$ConcatSpliterator.forEachRemaining(Streams.java:734)
	at java.base/java.util.stream.ReferencePipeline$Head.forEach(ReferencePipeline.java:762)
	at org.junit.jupiter.engine.descriptor.ClassBasedTestDescriptor.invokeTestInstancePostProcessors(ClassBasedTestDescriptor.java:377)
	at org.junit.jupiter.engine.descriptor.ClassBasedTestDescriptor.lambda$instantiateAndPostProcessTestInstance$6(ClassBasedTestDescriptor.java:290)
	at org.junit.platform.engine.support.hierarchical.ThrowableCollector.execute(ThrowableCollector.java:73)
	at org.junit.jupiter.engine.descriptor.ClassBasedTestDescriptor.instantiateAndPostProcessTestInstance(ClassBasedTestDescriptor.java:289)
	at org.junit.jupiter.engine.descriptor.ClassBasedTestDescriptor.lambda$testInstancesProvider$4(ClassBasedTestDescriptor.java:279)
	at java.base/java.util.Optional.orElseGet(Optional.java:364)
	at org.junit.jupiter.engine.descriptor.ClassBasedTestDescriptor.lambda$testInstancesProvider$5(ClassBasedTestDescriptor.java:278)
	at org.junit.jupiter.engine.execution.TestInstancesProvider.getTestInstances(TestInstancesProvider.java:31)
	at org.junit.jupiter.engine.descriptor.TestMethodTestDescriptor.lambda$prepare$0(TestMethodTestDescriptor.java:106)
	at org.junit.platform.engine.support.hierarchical.ThrowableCollector.execute(ThrowableCollector.java:73)
	at org.junit.jupiter.engine.descriptor.TestMethodTestDescriptor.prepare(TestMethodTestDescriptor.java:105)
	at org.junit.jupiter.engine.descriptor.TestMethodTestDescriptor.prepare(TestMethodTestDescriptor.java:69)
	at org.junit.platform.engine.support.hierarchical.NodeTestTask.lambda$prepare$2(NodeTestTask.java:123)
	at org.junit.platform.engine.support.hierarchical.ThrowableCollector.execute(ThrowableCollector.java:73)
	at org.junit.platform.engine.support.hierarchical.NodeTestTask.prepare(NodeTestTask.java:123)
	at org.junit.platform.engine.support.hierarchical.NodeTestTask.execute(NodeTestTask.java:90)
	at java.base/java.util.ArrayList.forEach(ArrayList.java:1596)
	at org.junit.platform.engine.support.hierarchical.SameThreadHierarchicalTestExecutorService.invokeAll(SameThreadHierarchicalTestExecutorService.java:41)
	at org.junit.platform.engine.support.hierarchical.NodeTestTask.lambda$executeRecursively$6(NodeTestTask.java:155)
	at org.junit.platform.engine.support.hierarchical.ThrowableCollector.execute(ThrowableCollector.java:73)
	at org.junit.platform.engine.support.hierarchical.NodeTestTask.lambda$executeRecursively$8(NodeTestTask.java:141)
	at org.junit.platform.engine.support.hierarchical.Node.around(Node.java:137)
	at org.junit.platform.engine.support.hierarchical.NodeTestTask.lambda$executeRecursively$9(NodeTestTask.java:139)
	at org.junit.platform.engine.support.hierarchical.ThrowableCollector.execute(ThrowableCollector.java:73)
	at org.junit.platform.engine.support.hierarchical.NodeTestTask.executeRecursively(NodeTestTask.java:138)
	at org.junit.platform.engine.support.hierarchical.NodeTestTask.execute(NodeTestTask.java:95)
	at java.base/java.util.ArrayList.forEach(ArrayList.java:1596)
	at org.junit.platform.engine.support.hierarchical.SameThreadHierarchicalTestExecutorService.invokeAll(SameThreadHierarchicalTestExecutorService.java:41)
	at org.junit.platform.engine.support.hierarchical.NodeTestTask.lambda$executeRecursively$6(NodeTestTask.java:155)
	at org.junit.platform.engine.support.hierarchical.ThrowableCollector.execute(ThrowableCollector.java:73)
	at org.junit.platform.engine.support.hierarchical.NodeTestTask.lambda$executeRecursively$8(NodeTestTask.java:141)
	at org.junit.platform.engine.support.hierarchical.Node.around(Node.java:137)
	at org.junit.platform.engine.support.hierarchical.NodeTestTask.lambda$executeRecursively$9(NodeTestTask.java:139)
	at org.junit.platform.engine.support.hierarchical.ThrowableCollector.execute(ThrowableCollector.java:73)
	at org.junit.platform.engine.support.hierarchical.NodeTestTask.executeRecursively(NodeTestTask.java:138)
	at org.junit.platform.engine.support.hierarchical.NodeTestTask.execute(NodeTestTask.java:95)
	at org.junit.platform.engine.support.hierarchical.SameThreadHierarchicalTestExecutorService.submit(SameThreadHierarchicalTestExecutorService.java:35)
	at org.junit.platform.engine.support.hierarchical.HierarchicalTestExecutor.execute(HierarchicalTestExecutor.java:57)
	at org.junit.platform.engine.support.hierarchical.HierarchicalTestEngine.execute(HierarchicalTestEngine.java:54)
	at org.junit.platform.launcher.core.EngineExecutionOrchestrator.execute(EngineExecutionOrchestrator.java:198)
	at org.junit.platform.launcher.core.EngineExecutionOrchestrator.execute(EngineExecutionOrchestrator.java:169)
	at org.junit.platform.launcher.core.EngineExecutionOrchestrator.execute(EngineExecutionOrchestrator.java:93)
	at org.junit.platform.launcher.core.EngineExecutionOrchestrator.lambda$execute$0(EngineExecutionOrchestrator.java:58)
	at org.junit.platform.launcher.core.EngineExecutionOrchestrator.withInterceptedStreams(EngineExecutionOrchestrator.java:141)
	at org.junit.platform.launcher.core.EngineExecutionOrchestrator.execute(EngineExecutionOrchestrator.java:57)
	at org.junit.platform.launcher.core.DefaultLauncher.execute(DefaultLauncher.java:103)
	at org.junit.platform.launcher.core.DefaultLauncher.execute(DefaultLauncher.java:85)
	at org.junit.platform.launcher.core.DelegatingLauncher.execute(DelegatingLauncher.java:47)
	at org.apache.maven.surefire.junitplatform.LazyLauncher.execute(LazyLauncher.java:56)
	at org.apache.maven.surefire.junitplatform.JUnitPlatformProvider.execute(JUnitPlatformProvider.java:184)
	at org.apache.maven.surefire.junitplatform.JUnitPlatformProvider.invokeAllTests(JUnitPlatformProvider.java:148)
	at org.apache.maven.surefire.junitplatform.JUnitPlatformProvider.invoke(JUnitPlatformProvider.java:122)
	at org.apache.maven.surefire.booter.ForkedBooter.runSuitesInProcess(ForkedBooter.java:385)
	at org.apache.maven.surefire.booter.ForkedBooter.execute(ForkedBooter.java:162)
	at org.apache.maven.surefire.booter.ForkedBooter.run(ForkedBooter.java:507)
	at org.apache.maven.surefire.booter.ForkedBooter.main(ForkedBooter.java:495)
Caused by: org.springframework.beans.factory.UnsatisfiedDependencyException: Error creating bean with name 'commandGateway' defined in class path resource [org/axonframework/springboot/autoconfig/AxonAutoConfiguration.class]: Unsatisfied dependency expressed through method 'commandGateway' parameter 0: Error creating bean with name 'axonServerCommandBus' defined in class path resource [org/axonframework/springboot/autoconfig/AxonServerBusAutoConfiguration.class]: Unsatisfied dependency expressed through method 'axonServerCommandBus' parameter 2: Error creating bean with name 'commandBus' defined in class path resource [org/axonframework/springboot/autoconfig/AxonAutoConfiguration.class]: Unsatisfied dependency expressed through method 'commandBus' parameter 1: Error creating bean with name 'springAxonConfiguration' defined in class path resource [org/axonframework/springboot/autoconfig/InfraConfiguration.class]: Unsatisfied dependency expressed through method 'springAxonConfiguration' parameter 0: Error creating bean with name 'springAxonConfigurer' defined in class path resource [org/axonframework/springboot/autoconfig/InfraConfiguration.class]: Unsatisfied dependency expressed through method 'springAxonConfigurer' parameter 1: Error creating bean with name 'deadLetterQueueProviderConfigurerModule' defined in class path resource [org/axonframework/springboot/autoconfig/JpaAutoConfiguration.class]: Unsatisfied dependency expressed through method 'deadLetterQueueProviderConfigurerModule' parameter 3: Error creating bean with name 'serializer' defined in class path resource [org/axonframework/springboot/autoconfig/AxonAutoConfiguration.class]: Failed to instantiate [org.axonframework.serialization.Serializer]: Factory method 'serializer' threw exception with message: Error creating bean with name 'xStream' defined in com.madhurtoppo.common.config.AxonConfig: Failed to instantiate [com.thoughtworks.xstream.XStream]: Factory method 'xStream' threw exception with message: null
	at org.springframework.beans.factory.support.ConstructorResolver.createArgumentArray(ConstructorResolver.java:795)
	at org.springframework.beans.factory.support.ConstructorResolver.instantiateUsingFactoryMethod(ConstructorResolver.java:542)
	at org.springframework.beans.factory.support.AbstractAutowireCapableBeanFactory.instantiateUsingFactoryMethod(AbstractAutowireCapableBeanFactory.java:1355)
	at org.springframework.beans.factory.support.AbstractAutowireCapableBeanFactory.createBeanInstance(AbstractAutowireCapableBeanFactory.java:1185)
	at org.springframework.beans.factory.support.AbstractAutowireCapableBeanFactory.doCreateBean(AbstractAutowireCapableBeanFactory.java:562)
	at org.springframework.beans.factory.support.AbstractAutowireCapableBeanFactory.createBean(AbstractAutowireCapableBeanFactory.java:522)
	at org.springframework.beans.factory.support.AbstractBeanFactory.lambda$doGetBean$0(AbstractBeanFactory.java:337)
	at org.springframework.beans.factory.support.DefaultSingletonBeanRegistry.getSingleton(DefaultSingletonBeanRegistry.java:234)
	at org.springframework.beans.factory.support.AbstractBeanFactory.doGetBean(AbstractBeanFactory.java:335)
	at org.springframework.beans.factory.support.AbstractBeanFactory.getBean(AbstractBeanFactory.java:200)
	at org.springframework.beans.factory.config.DependencyDescriptor.resolveCandidate(DependencyDescriptor.java:254)
	at org.springframework.beans.factory.support.DefaultListableBeanFactory.doResolveDependency(DefaultListableBeanFactory.java:1443)
	at org.springframework.beans.factory.support.DefaultListableBeanFactory.resolveDependency(DefaultListableBeanFactory.java:1353)
	at org.springframework.beans.factory.annotation.AutowiredAnnotationBeanPostProcessor$AutowiredMethodElement.resolveMethodArguments(AutowiredAnnotationBeanPostProcessor.java:888)
	... 98 common frames omitted
Caused by: org.springframework.beans.factory.UnsatisfiedDependencyException: Error creating bean with name 'axonServerCommandBus' defined in class path resource [org/axonframework/springboot/autoconfig/AxonServerBusAutoConfiguration.class]: Unsatisfied dependency expressed through method 'axonServerCommandBus' parameter 2: Error creating bean with name 'commandBus' defined in class path resource [org/axonframework/springboot/autoconfig/AxonAutoConfiguration.class]: Unsatisfied dependency expressed through method 'commandBus' parameter 1: Error creating bean with name 'springAxonConfiguration' defined in class path resource [org/axonframework/springboot/autoconfig/InfraConfiguration.class]: Unsatisfied dependency expressed through method 'springAxonConfiguration' parameter 0: Error creating bean with name 'springAxonConfigurer' defined in class path resource [org/axonframework/springboot/autoconfig/InfraConfiguration.class]: Unsatisfied dependency expressed through method 'springAxonConfigurer' parameter 1: Error creating bean with name 'deadLetterQueueProviderConfigurerModule' defined in class path resource [org/axonframework/springboot/autoconfig/JpaAutoConfiguration.class]: Unsatisfied dependency expressed through method 'deadLetterQueueProviderConfigurerModule' parameter 3: Error creating bean with name 'serializer' defined in class path resource [org/axonframework/springboot/autoconfig/AxonAutoConfiguration.class]: Failed to instantiate [org.axonframework.serialization.Serializer]: Factory method 'serializer' threw exception with message: Error creating bean with name 'xStream' defined in com.madhurtoppo.common.config.AxonConfig: Failed to instantiate [com.thoughtworks.xstream.XStream]: Factory method 'xStream' threw exception with message: null
	at org.springframework.beans.factory.support.ConstructorResolver.createArgumentArray(ConstructorResolver.java:795)
	at org.springframework.beans.factory.support.ConstructorResolver.instantiateUsingFactoryMethod(ConstructorResolver.java:542)
	at org.springframework.beans.factory.support.AbstractAutowireCapableBeanFactory.instantiateUsingFactoryMethod(AbstractAutowireCapableBeanFactory.java:1355)
	at org.springframework.beans.factory.support.AbstractAutowireCapableBeanFactory.createBeanInstance(AbstractAutowireCapableBeanFactory.java:1185)
	at org.springframework.beans.factory.support.AbstractAutowireCapableBeanFactory.doCreateBean(AbstractAutowireCapableBeanFactory.java:562)
	at org.springframework.beans.factory.support.AbstractAutowireCapableBeanFactory.createBean(AbstractAutowireCapableBeanFactory.java:522)
	at org.springframework.beans.factory.support.AbstractBeanFactory.lambda$doGetBean$0(AbstractBeanFactory.java:337)
	at org.springframework.beans.factory.support.DefaultSingletonBeanRegistry.getSingleton(DefaultSingletonBeanRegistry.java:234)
	at org.springframework.beans.factory.support.AbstractBeanFactory.doGetBean(AbstractBeanFactory.java:335)
	at org.springframework.beans.factory.support.AbstractBeanFactory.getBean(AbstractBeanFactory.java:200)
	at org.springframework.beans.factory.config.DependencyDescriptor.resolveCandidate(DependencyDescriptor.java:254)
	at org.springframework.beans.factory.support.DefaultListableBeanFactory.doResolveDependency(DefaultListableBeanFactory.java:1443)
	at org.springframework.beans.factory.support.DefaultListableBeanFactory.resolveDependency(DefaultListableBeanFactory.java:1353)
	at org.springframework.beans.factory.support.ConstructorResolver.resolveAutowiredArgument(ConstructorResolver.java:904)
	at org.springframework.beans.factory.support.ConstructorResolver.createArgumentArray(ConstructorResolver.java:782)
	... 111 common frames omitted
Caused by: org.springframework.beans.factory.UnsatisfiedDependencyException: Error creating bean with name 'commandBus' defined in class path resource [org/axonframework/springboot/autoconfig/AxonAutoConfiguration.class]: Unsatisfied dependency expressed through method 'commandBus' parameter 1: Error creating bean with name 'springAxonConfiguration' defined in class path resource [org/axonframework/springboot/autoconfig/InfraConfiguration.class]: Unsatisfied dependency expressed through method 'springAxonConfiguration' parameter 0: Error creating bean with name 'springAxonConfigurer' defined in class path resource [org/axonframework/springboot/autoconfig/InfraConfiguration.class]: Unsatisfied dependency expressed through method 'springAxonConfigurer' parameter 1: Error creating bean with name 'deadLetterQueueProviderConfigurerModule' defined in class path resource [org/axonframework/springboot/autoconfig/JpaAutoConfiguration.class]: Unsatisfied dependency expressed through method 'deadLetterQueueProviderConfigurerModule' parameter 3: Error creating bean with name 'serializer' defined in class path resource [org/axonframework/springboot/autoconfig/AxonAutoConfiguration.class]: Failed to instantiate [org.axonframework.serialization.Serializer]: Factory method 'serializer' threw exception with message: Error creating bean with name 'xStream' defined in com.madhurtoppo.common.config.AxonConfig: Failed to instantiate [com.thoughtworks.xstream.XStream]: Factory method 'xStream' threw exception with message: null
	at org.springframework.beans.factory.support.ConstructorResolver.createArgumentArray(ConstructorResolver.java:795)
	at org.springframework.beans.factory.support.ConstructorResolver.instantiateUsingFactoryMethod(ConstructorResolver.java:542)
	at org.springframework.beans.factory.support.AbstractAutowireCapableBeanFactory.instantiateUsingFactoryMethod(AbstractAutowireCapableBeanFactory.java:1355)
	at org.springframework.beans.factory.support.AbstractAutowireCapableBeanFactory.createBeanInstance(AbstractAutowireCapableBeanFactory.java:1185)
	at org.springframework.beans.factory.support.AbstractAutowireCapableBeanFactory.doCreateBean(AbstractAutowireCapableBeanFactory.java:562)
	at org.springframework.beans.factory.support.AbstractAutowireCapableBeanFactory.createBean(AbstractAutowireCapableBeanFactory.java:522)
	at org.springframework.beans.factory.support.AbstractBeanFactory.lambda$doGetBean$0(AbstractBeanFactory.java:337)
	at org.springframework.beans.factory.support.DefaultSingletonBeanRegistry.getSingleton(DefaultSingletonBeanRegistry.java:234)
	at org.springframework.beans.factory.support.AbstractBeanFactory.doGetBean(AbstractBeanFactory.java:335)
	at org.springframework.beans.factory.support.AbstractBeanFactory.getBean(AbstractBeanFactory.java:200)
	at org.springframework.beans.factory.config.DependencyDescriptor.resolveCandidate(DependencyDescriptor.java:254)
	at org.springframework.beans.factory.support.DefaultListableBeanFactory.doResolveDependency(DefaultListableBeanFactory.java:1443)
	at org.springframework.beans.factory.support.DefaultListableBeanFactory.resolveDependency(DefaultListableBeanFactory.java:1353)
	at org.springframework.beans.factory.support.ConstructorResolver.resolveAutowiredArgument(ConstructorResolver.java:904)
	at org.springframework.beans.factory.support.ConstructorResolver.createArgumentArray(ConstructorResolver.java:782)
	... 125 common frames omitted
Caused by: org.springframework.beans.factory.UnsatisfiedDependencyException: Error creating bean with name 'springAxonConfiguration' defined in class path resource [org/axonframework/springboot/autoconfig/InfraConfiguration.class]: Unsatisfied dependency expressed through method 'springAxonConfiguration' parameter 0: Error creating bean with name 'springAxonConfigurer' defined in class path resource [org/axonframework/springboot/autoconfig/InfraConfiguration.class]: Unsatisfied dependency expressed through method 'springAxonConfigurer' parameter 1: Error creating bean with name 'deadLetterQueueProviderConfigurerModule' defined in class path resource [org/axonframework/springboot/autoconfig/JpaAutoConfiguration.class]: Unsatisfied dependency expressed through method 'deadLetterQueueProviderConfigurerModule' parameter 3: Error creating bean with name 'serializer' defined in class path resource [org/axonframework/springboot/autoconfig/AxonAutoConfiguration.class]: Failed to instantiate [org.axonframework.serialization.Serializer]: Factory method 'serializer' threw exception with message: Error creating bean with name 'xStream' defined in com.madhurtoppo.common.config.AxonConfig: Failed to instantiate [com.thoughtworks.xstream.XStream]: Factory method 'xStream' threw exception with message: null
	at org.springframework.beans.factory.support.ConstructorResolver.createArgumentArray(ConstructorResolver.java:795)
	at org.springframework.beans.factory.support.ConstructorResolver.instantiateUsingFactoryMethod(ConstructorResolver.java:542)
	at org.springframework.beans.factory.support.AbstractAutowireCapableBeanFactory.instantiateUsingFactoryMethod(AbstractAutowireCapableBeanFactory.java:1355)
	at org.springframework.beans.factory.support.AbstractAutowireCapableBeanFactory.createBeanInstance(AbstractAutowireCapableBeanFactory.java:1185)
	at org.springframework.beans.factory.support.AbstractAutowireCapableBeanFactory.doCreateBean(AbstractAutowireCapableBeanFactory.java:562)
	at org.springframework.beans.factory.support.AbstractAutowireCapableBeanFactory.createBean(AbstractAutowireCapableBeanFactory.java:522)
	at org.springframework.beans.factory.support.AbstractBeanFactory.lambda$doGetBean$0(AbstractBeanFactory.java:337)
	at org.springframework.beans.factory.support.DefaultSingletonBeanRegistry.getSingleton(DefaultSingletonBeanRegistry.java:234)
	at org.springframework.beans.factory.support.AbstractBeanFactory.doGetBean(AbstractBeanFactory.java:335)
	at org.springframework.beans.factory.support.AbstractBeanFactory.getBean(AbstractBeanFactory.java:200)
	at org.springframework.beans.factory.config.DependencyDescriptor.resolveCandidate(DependencyDescriptor.java:254)
	at org.springframework.beans.factory.support.DefaultListableBeanFactory.doResolveDependency(DefaultListableBeanFactory.java:1443)
	at org.springframework.beans.factory.support.DefaultListableBeanFactory.resolveDependency(DefaultListableBeanFactory.java:1353)
	at org.springframework.beans.factory.support.ConstructorResolver.resolveAutowiredArgument(ConstructorResolver.java:904)
	at org.springframework.beans.factory.support.ConstructorResolver.createArgumentArray(ConstructorResolver.java:782)
	... 139 common frames omitted
Caused by: org.springframework.beans.factory.UnsatisfiedDependencyException: Error creating bean with name 'springAxonConfigurer' defined in class path resource [org/axonframework/springboot/autoconfig/InfraConfiguration.class]: Unsatisfied dependency expressed through method 'springAxonConfigurer' parameter 1: Error creating bean with name 'deadLetterQueueProviderConfigurerModule' defined in class path resource [org/axonframework/springboot/autoconfig/JpaAutoConfiguration.class]: Unsatisfied dependency expressed through method 'deadLetterQueueProviderConfigurerModule' parameter 3: Error creating bean with name 'serializer' defined in class path resource [org/axonframework/springboot/autoconfig/AxonAutoConfiguration.class]: Failed to instantiate [org.axonframework.serialization.Serializer]: Factory method 'serializer' threw exception with message: Error creating bean with name 'xStream' defined in com.madhurtoppo.common.config.AxonConfig: Failed to instantiate [com.thoughtworks.xstream.XStream]: Factory method 'xStream' threw exception with message: null
	at org.springframework.beans.factory.support.ConstructorResolver.createArgumentArray(ConstructorResolver.java:795)
	at org.springframework.beans.factory.support.ConstructorResolver.instantiateUsingFactoryMethod(ConstructorResolver.java:542)
	at org.springframework.beans.factory.support.AbstractAutowireCapableBeanFactory.instantiateUsingFactoryMethod(AbstractAutowireCapableBeanFactory.java:1355)
	at org.springframework.beans.factory.support.AbstractAutowireCapableBeanFactory.createBeanInstance(AbstractAutowireCapableBeanFactory.java:1185)
	at org.springframework.beans.factory.support.AbstractAutowireCapableBeanFactory.doCreateBean(AbstractAutowireCapableBeanFactory.java:562)
	at org.springframework.beans.factory.support.AbstractAutowireCapableBeanFactory.createBean(AbstractAutowireCapableBeanFactory.java:522)
	at org.springframework.beans.factory.support.AbstractBeanFactory.lambda$doGetBean$0(AbstractBeanFactory.java:337)
	at org.springframework.beans.factory.support.DefaultSingletonBeanRegistry.getSingleton(DefaultSingletonBeanRegistry.java:234)
	at org.springframework.beans.factory.support.AbstractBeanFactory.doGetBean(AbstractBeanFactory.java:335)
	at org.springframework.beans.factory.support.AbstractBeanFactory.getBean(AbstractBeanFactory.java:200)
	at org.springframework.beans.factory.config.DependencyDescriptor.resolveCandidate(DependencyDescriptor.java:254)
	at org.springframework.beans.factory.support.DefaultListableBeanFactory.doResolveDependency(DefaultListableBeanFactory.java:1443)
	at org.springframework.beans.factory.support.DefaultListableBeanFactory.resolveDependency(DefaultListableBeanFactory.java:1353)
	at org.springframework.beans.factory.support.ConstructorResolver.resolveAutowiredArgument(ConstructorResolver.java:904)
	at org.springframework.beans.factory.support.ConstructorResolver.createArgumentArray(ConstructorResolver.java:782)
	... 153 common frames omitted
Caused by: org.springframework.beans.factory.UnsatisfiedDependencyException: Error creating bean with name 'deadLetterQueueProviderConfigurerModule' defined in class path resource [org/axonframework/springboot/autoconfig/JpaAutoConfiguration.class]: Unsatisfied dependency expressed through method 'deadLetterQueueProviderConfigurerModule' parameter 3: Error creating bean with name 'serializer' defined in class path resource [org/axonframework/springboot/autoconfig/AxonAutoConfiguration.class]: Failed to instantiate [org.axonframework.serialization.Serializer]: Factory method 'serializer' threw exception with message: Error creating bean with name 'xStream' defined in com.madhurtoppo.common.config.AxonConfig: Failed to instantiate [com.thoughtworks.xstream.XStream]: Factory method 'xStream' threw exception with message: null
	at org.springframework.beans.factory.support.ConstructorResolver.createArgumentArray(ConstructorResolver.java:795)
	at org.springframework.beans.factory.support.ConstructorResolver.instantiateUsingFactoryMethod(ConstructorResolver.java:542)
	at org.springframework.beans.factory.support.AbstractAutowireCapableBeanFactory.instantiateUsingFactoryMethod(AbstractAutowireCapableBeanFactory.java:1355)
	at org.springframework.beans.factory.support.AbstractAutowireCapableBeanFactory.createBeanInstance(AbstractAutowireCapableBeanFactory.java:1185)
	at org.springframework.beans.factory.support.AbstractAutowireCapableBeanFactory.doCreateBean(AbstractAutowireCapableBeanFactory.java:562)
	at org.springframework.beans.factory.support.AbstractAutowireCapableBeanFactory.createBean(AbstractAutowireCapableBeanFactory.java:522)
	at org.springframework.beans.factory.support.AbstractBeanFactory.lambda$doGetBean$0(AbstractBeanFactory.java:337)
	at org.springframework.beans.factory.support.DefaultSingletonBeanRegistry.getSingleton(DefaultSingletonBeanRegistry.java:234)
	at org.springframework.beans.factory.support.AbstractBeanFactory.doGetBean(AbstractBeanFactory.java:335)
	at org.springframework.beans.factory.support.AbstractBeanFactory.getBean(AbstractBeanFactory.java:200)
	at org.springframework.beans.factory.config.DependencyDescriptor.resolveCandidate(DependencyDescriptor.java:254)
	at org.springframework.beans.factory.support.DefaultListableBeanFactory.addCandidateEntry(DefaultListableBeanFactory.java:1689)
	at org.springframework.beans.factory.support.DefaultListableBeanFactory.findAutowireCandidates(DefaultListableBeanFactory.java:1653)
	at org.springframework.beans.factory.support.DefaultListableBeanFactory.resolveMultipleBeanCollection(DefaultListableBeanFactory.java:1543)
	at org.springframework.beans.factory.support.DefaultListableBeanFactory.resolveMultipleBeans(DefaultListableBeanFactory.java:1511)
	at org.springframework.beans.factory.support.DefaultListableBeanFactory.doResolveDependency(DefaultListableBeanFactory.java:1392)
	at org.springframework.beans.factory.support.DefaultListableBeanFactory.resolveDependency(DefaultListableBeanFactory.java:1353)
	at org.springframework.beans.factory.support.ConstructorResolver.resolveAutowiredArgument(ConstructorResolver.java:904)
	at org.springframework.beans.factory.support.ConstructorResolver.createArgumentArray(ConstructorResolver.java:782)
	... 167 common frames omitted
Caused by: org.springframework.beans.factory.BeanCreationException: Error creating bean with name 'serializer' defined in class path resource [org/axonframework/springboot/autoconfig/AxonAutoConfiguration.class]: Failed to instantiate [org.axonframework.serialization.Serializer]: Factory method 'serializer' threw exception with message: Error creating bean with name 'xStream' defined in com.madhurtoppo.common.config.AxonConfig: Failed to instantiate [com.thoughtworks.xstream.XStream]: Factory method 'xStream' threw exception with message: null
	at org.springframework.beans.factory.support.ConstructorResolver.instantiate(ConstructorResolver.java:648)
	at org.springframework.beans.factory.support.ConstructorResolver.instantiateUsingFactoryMethod(ConstructorResolver.java:636)
	at org.springframework.beans.factory.support.AbstractAutowireCapableBeanFactory.instantiateUsingFactoryMethod(AbstractAutowireCapableBeanFactory.java:1355)
	at org.springframework.beans.factory.support.AbstractAutowireCapableBeanFactory.createBeanInstance(AbstractAutowireCapableBeanFactory.java:1185)
	at org.springframework.beans.factory.support.AbstractAutowireCapableBeanFactory.doCreateBean(AbstractAutowireCapableBeanFactory.java:562)
	at org.springframework.beans.factory.support.AbstractAutowireCapableBeanFactory.createBean(AbstractAutowireCapableBeanFactory.java:522)
	at org.springframework.beans.factory.support.AbstractBeanFactory.lambda$doGetBean$0(AbstractBeanFactory.java:337)
	at org.springframework.beans.factory.support.DefaultSingletonBeanRegistry.getSingleton(DefaultSingletonBeanRegistry.java:234)
	at org.springframework.beans.factory.support.AbstractBeanFactory.doGetBean(AbstractBeanFactory.java:335)
	at org.springframework.beans.factory.support.AbstractBeanFactory.getBean(AbstractBeanFactory.java:200)
	at org.springframework.beans.factory.config.DependencyDescriptor.resolveCandidate(DependencyDescriptor.java:254)
	at org.springframework.beans.factory.support.DefaultListableBeanFactory.doResolveDependency(DefaultListableBeanFactory.java:1443)
	at org.springframework.beans.factory.support.DefaultListableBeanFactory.resolveDependency(DefaultListableBeanFactory.java:1353)
	at org.springframework.beans.factory.support.ConstructorResolver.resolveAutowiredArgument(ConstructorResolver.java:904)
	at org.springframework.beans.factory.support.ConstructorResolver.createArgumentArray(ConstructorResolver.java:782)
	... 185 common frames omitted
Caused by: org.springframework.beans.BeanInstantiationException: Failed to instantiate [org.axonframework.serialization.Serializer]: Factory method 'serializer' threw exception with message: Error creating bean with name 'xStream' defined in com.madhurtoppo.common.config.AxonConfig: Failed to instantiate [com.thoughtworks.xstream.XStream]: Factory method 'xStream' threw exception with message: null
	at org.springframework.beans.factory.support.SimpleInstantiationStrategy.instantiate(SimpleInstantiationStrategy.java:178)
	at org.springframework.beans.factory.support.ConstructorResolver.instantiate(ConstructorResolver.java:644)
	... 199 common frames omitted
Caused by: org.springframework.beans.factory.BeanCreationException: Error creating bean with name 'xStream' defined in com.madhurtoppo.common.config.AxonConfig: Failed to instantiate [com.thoughtworks.xstream.XStream]: Factory method 'xStream' threw exception with message: null
	at org.springframework.beans.factory.support.ConstructorResolver.instantiate(ConstructorResolver.java:648)
	at org.springframework.beans.factory.support.ConstructorResolver.instantiateUsingFactoryMethod(ConstructorResolver.java:485)
	at org.springframework.beans.factory.support.AbstractAutowireCapableBeanFactory.instantiateUsingFactoryMethod(AbstractAutowireCapableBeanFactory.java:1355)
	at org.springframework.beans.factory.support.AbstractAutowireCapableBeanFactory.createBeanInstance(AbstractAutowireCapableBeanFactory.java:1185)
	at org.springframework.beans.factory.support.AbstractAutowireCapableBeanFactory.doCreateBean(AbstractAutowireCapableBeanFactory.java:562)
	at org.springframework.beans.factory.support.AbstractAutowireCapableBeanFactory.createBean(AbstractAutowireCapableBeanFactory.java:522)
	at org.springframework.beans.factory.support.AbstractBeanFactory.lambda$doGetBean$0(AbstractBeanFactory.java:337)
	at org.springframework.beans.factory.support.DefaultSingletonBeanRegistry.getSingleton(DefaultSingletonBeanRegistry.java:234)
	at org.springframework.beans.factory.support.AbstractBeanFactory.doGetBean(AbstractBeanFactory.java:335)
	at org.springframework.beans.factory.support.AbstractBeanFactory.getBean(AbstractBeanFactory.java:200)
	at org.springframework.beans.factory.support.DefaultListableBeanFactory.getBeansOfType(DefaultListableBeanFactory.java:665)
	at org.springframework.beans.factory.support.DefaultListableBeanFactory.getBeansOfType(DefaultListableBeanFactory.java:653)
	at org.springframework.context.support.AbstractApplicationContext.getBeansOfType(AbstractApplicationContext.java:1389)
	at org.springframework.beans.factory.BeanFactoryUtils.beansOfTypeIncludingAncestors(BeanFactoryUtils.java:321)
	at org.axonframework.springboot.autoconfig.AxonAutoConfiguration.buildSerializer(AxonAutoConfiguration.java:224)
	at org.axonframework.springboot.autoconfig.AxonAutoConfiguration.serializer(AxonAutoConfiguration.java:150)
	at java.base/jdk.internal.reflect.DirectMethodHandleAccessor.invoke(DirectMethodHandleAccessor.java:103)
	at java.base/java.lang.reflect.Method.invoke(Method.java:580)
	at org.springframework.beans.factory.support.SimpleInstantiationStrategy.instantiate(SimpleInstantiationStrategy.java:146)
	... 200 common frames omitted
Caused by: org.springframework.beans.BeanInstantiationException: Failed to instantiate [com.thoughtworks.xstream.XStream]: Factory method 'xStream' threw exception with message: null
	at org.springframework.beans.factory.support.SimpleInstantiationStrategy.instantiate(SimpleInstantiationStrategy.java:178)
	at org.springframework.beans.factory.support.ConstructorResolver.instantiate(ConstructorResolver.java:644)
	... 218 common frames omitted
Caused by: java.lang.StackOverflowError: null
	at java.base/java.lang.Class.forName0(Native Method)
	at java.base/java.lang.Class.forName(Class.java:534)
	at java.base/java.lang.Class.forName(Class.java:513)
	at com.thoughtworks.xstream.XStream.buildMapperDynamically(XStream.java:595)
	at com.thoughtworks.xstream.XStream.buildMapper(XStream.java:571)
	at com.thoughtworks.xstream.XStream.<init>(XStream.java:542)
	at com.thoughtworks.xstream.XStream.<init>(XStream.java:476)
	at com.thoughtworks.xstream.XStream.<init>(XStream.java:450)
	at com.thoughtworks.xstream.XStream.<init>(XStream.java:403)
	at com.thoughtworks.xstream.XStream.<init>(XStream.java:351)
	at com.madhurtoppo.common.config.AxonConfig.xStream(AxonConfig.java:13)
	at com.madhurtoppo.common.config.AxonConfig$$SpringCGLIB$$0.CGLIB$xStream$0(<generated>)
	at com.madhurtoppo.common.config.AxonConfig$$SpringCGLIB$$FastClass$$1.invoke(<generated>)
	at org.springframework.cglib.proxy.MethodProxy.invokeSuper(MethodProxy.java:258)
	at org.springframework.context.annotation.ConfigurationClassEnhancer$BeanMethodInterceptor.intercept(ConfigurationClassEnhancer.java:348)
	at com.madhurtoppo.common.config.AxonConfig$$SpringCGLIB$$0.xStream(<generated>)
	at com.madhurtoppo.common.config.AxonConfig.xStream(AxonConfig.java:14)
	at com.madhurtoppo.common.config.AxonConfig$$SpringCGLIB$$0.CGLIB$xStream$0(<generated>)
	at com.madhurtoppo.common.config.AxonConfig$$SpringCGLIB$$FastClass$$1.invoke(<generated>)
	at org.springframework.cglib.proxy.MethodProxy.invokeSuper(MethodProxy.java:258)
	at org.springframework.context.annotation.ConfigurationClassEnhancer$BeanMethodInterceptor.intercept(ConfigurationClassEnhancer.java:348)
	at com.madhurtoppo.common.config.AxonConfig$$SpringCGLIB$$0.xStream(<generated>)
	at com.madhurtoppo.common.config.AxonConfig.xStream(AxonConfig.java:14)
	at com.madhurtoppo.common.config.AxonConfig$$SpringCGLIB$$0.CGLIB$xStream$0(<generated>)
	at com.madhurtoppo.common.config.AxonConfig$$SpringCGLIB$$FastClass$$1.invoke(<generated>)
	at org.springframework.cglib.proxy.MethodProxy.invokeSuper(MethodProxy.java:258)
	at org.springframework.context.annotation.ConfigurationClassEnhancer$BeanMethodInterceptor.intercept(ConfigurationClassEnhancer.java:348)
	at com.madhurtoppo.common.config.AxonConfig$$SpringCGLIB$$0.xStream(<generated>)
	at com.madhurtoppo.common.config.AxonConfig.xStream(AxonConfig.java:14)
	at com.madhurtoppo.common.config.AxonConfig$$SpringCGLIB$$0.CGLIB$xStream$0(<generated>)
	at com.madhurtoppo.common.config.AxonConfig$$SpringCGLIB$$FastClass$$1.invoke(<generated>)
	at org.springframework.cglib.proxy.MethodProxy.invokeSuper(MethodProxy.java:258)
	at org.springframework.context.annotation.ConfigurationClassEnhancer$BeanMethodInterceptor.intercept(ConfigurationClassEnhancer.java:348)
	at com.madhurtoppo.common.config.AxonConfig$$SpringCGLIB$$0.xStream(<generated>)
	at com.madhurtoppo.common.config.AxonConfig.xStream(AxonConfig.java:14)
	at com.madhurtoppo.common.config.AxonConfig$$SpringCGLIB$$0.CGLIB$xStream$0(<generated>)
	at com.madhurtoppo.common.config.AxonConfig$$SpringCGLIB$$FastClass$$1.invoke(<generated>)
	at org.springframework.cglib.proxy.MethodProxy.invokeSuper(MethodProxy.java:258)
	at org.springframework.context.annotation.ConfigurationClassEnhancer$BeanMethodInterceptor.intercept(ConfigurationClassEnhancer.java:348)
	at com.madhurtoppo.common.config.AxonConfig$$SpringCGLIB$$0.xStream(<generated>)
	at com.madhurtoppo.common.config.AxonConfig.xStream(AxonConfig.java:14)
	at com.madhurtoppo.common.config.AxonConfig$$SpringCGLIB$$0.CGLIB$xStream$0(<generated>)
	at com.madhurtoppo.common.config.AxonConfig$$SpringCGLIB$$FastClass$$1.invoke(<generated>)
	at org.springframework.cglib.proxy.MethodProxy.invokeSuper(MethodProxy.java:258)
	at org.springframework.context.annotation.ConfigurationClassEnhancer$BeanMethodInterceptor.intercept(ConfigurationClassEnhancer.java:348)
	at com.madhurtoppo.common.config.AxonConfig$$SpringCGLIB$$0.xStream(<generated>)
	at com.madhurtoppo.common.config.AxonConfig.xStream(AxonConfig.java:14)
	at com.madhurtoppo.common.config.AxonConfig$$SpringCGLIB$$0.CGLIB$xStream$0(<generated>)
	at com.madhurtoppo.common.config.AxonConfig$$SpringCGLIB$$FastClass$$1.invoke(<generated>)
	at org.springframework.cglib.proxy.MethodProxy.invokeSuper(MethodProxy.java:258)
	at org.springframework.context.annotation.ConfigurationClassEnhancer$BeanMethodInterceptor.intercept(ConfigurationClassEnhancer.java:348)
	at com.madhurtoppo.common.config.AxonConfig$$SpringCGLIB$$0.xStream(<generated>)
	at com.madhurtoppo.common.config.AxonConfig.xStream(AxonConfig.java:14)
	at com.madhurtoppo.common.config.AxonConfig$$SpringCGLIB$$0.CGLIB$xStream$0(<generated>)
	at com.madhurtoppo.common.config.AxonConfig$$SpringCGLIB$$FastClass$$1.invoke(<generated>)
	at org.springframework.cglib.proxy.MethodProxy.invokeSuper(MethodProxy.java:258)
	at org.springframework.context.annotation.ConfigurationClassEnhancer$BeanMethodInterceptor.intercept(ConfigurationClassEnhancer.java:348)
	at com.madhurtoppo.common.config.AxonConfig$$SpringCGLIB$$0.xStream(<generated>)
	at com.madhurtoppo.common.config.AxonConfig.xStream(AxonConfig.java:14)
	at com.madhurtoppo.common.config.AxonConfig$$SpringCGLIB$$0.CGLIB$xStream$0(<generated>)
	at com.madhurtoppo.common.config.AxonConfig$$SpringCGLIB$$FastClass$$1.invoke(<generated>)
	at org.springframework.cglib.proxy.MethodProxy.invokeSuper(MethodProxy.java:258)
	at org.springframework.context.annotation.ConfigurationClassEnhancer$BeanMethodInterceptor.intercept(ConfigurationClassEnhancer.java:348)
	at com.madhurtoppo.common.config.AxonConfig$$SpringCGLIB$$0.xStream(<generated>)
	at com.madhurtoppo.common.config.AxonConfig.xStream(AxonConfig.java:14)
	at com.madhurtoppo.common.config.AxonConfig$$SpringCGLIB$$0.CGLIB$xStream$0(<generated>)
	at com.madhurtoppo.common.config.AxonConfig$$SpringCGLIB$$FastClass$$1.invoke(<generated>)
	at org.springframework.cglib.proxy.MethodProxy.invokeSuper(MethodProxy.java:258)
	at org.springframework.context.annotation.ConfigurationClassEnhancer$BeanMethodInterceptor.intercept(ConfigurationClassEnhancer.java:348)
	at com.madhurtoppo.common.config.AxonConfig$$SpringCGLIB$$0.xStream(<generated>)
	at com.madhurtoppo.common.config.AxonConfig.xStream(AxonConfig.java:14)
	at com.madhurtoppo.common.config.AxonConfig$$SpringCGLIB$$0.CGLIB$xStream$0(<generated>)
	at com.madhurtoppo.common.config.AxonConfig$$SpringCGLIB$$FastClass$$1.invoke(<generated>)
	at org.springframework.cglib.proxy.MethodProxy.invokeSuper(MethodProxy.java:258)
	at org.springframework.context.annotation.ConfigurationClassEnhancer$BeanMethodInterceptor.intercept(ConfigurationClassEnhancer.java:348)
	at com.madhurtoppo.common.config.AxonConfig$$SpringCGLIB$$0.xStream(<generated>)
	at com.madhurtoppo.common.config.AxonConfig.xStream(AxonConfig.java:14)
	at com.madhurtoppo.common.config.AxonConfig$$SpringCGLIB$$0.CGLIB$xStream$0(<generated>)
	at com.madhurtoppo.common.config.AxonConfig$$SpringCGLIB$$FastClass$$1.invoke(<generated>)
	at org.springframework.cglib.proxy.MethodProxy.invokeSuper(MethodProxy.java:258)
	at org.springframework.context.annotation.ConfigurationClassEnhancer$BeanMethodInterceptor.intercept(ConfigurationClassEnhancer.java:348)
	at com.madhurtoppo.common.config.AxonConfig$$SpringCGLIB$$0.xStream(<generated>)
	at com.madhurtoppo.common.config.AxonConfig.xStream(AxonConfig.java:14)
	at com.madhurtoppo.common.config.AxonConfig$$SpringCGLIB$$0.CGLIB$xStream$0(<generated>)
	at com.madhurtoppo.common.config.AxonConfig$$SpringCGLIB$$FastClass$$1.invoke(<generated>)
	at org.springframework.cglib.proxy.MethodProxy.invokeSuper(MethodProxy.java:258)
	at org.springframework.context.annotation.ConfigurationClassEnhancer$BeanMethodInterceptor.intercept(ConfigurationClassEnhancer.java:348)
	at com.madhurtoppo.common.config.AxonConfig$$SpringCGLIB$$0.xStream(<generated>)
	at com.madhurtoppo.common.config.AxonConfig.xStream(AxonConfig.java:14)
	at com.madhurtoppo.common.config.AxonConfig$$SpringCGLIB$$0.CGLIB$xStream$0(<generated>)
	at com.madhurtoppo.common.config.AxonConfig$$SpringCGLIB$$FastClass$$1.invoke(<generated>)
	at org.springframework.cglib.proxy.MethodProxy.invokeSuper(MethodProxy.java:258)
	at org.springframework.context.annotation.ConfigurationClassEnhancer$BeanMethodInterceptor.intercept(ConfigurationClassEnhancer.java:348)
	at com.madhurtoppo.common.config.AxonConfig$$SpringCGLIB$$0.xStream(<generated>)
	at com.madhurtoppo.common.config.AxonConfig.xStream(AxonConfig.java:14)
	at com.madhurtoppo.common.config.AxonConfig$$SpringCGLIB$$0.CGLIB$xStream$0(<generated>)
	at com.madhurtoppo.common.config.AxonConfig$$SpringCGLIB$$FastClass$$1.invoke(<generated>)
	at org.springframework.cglib.proxy.MethodProxy.invokeSuper(MethodProxy.java:258)
	at org.springframework.context.annotation.ConfigurationClassEnhancer$BeanMethodInterceptor.intercept(ConfigurationClassEnhancer.java:348)
	at com.madhurtoppo.common.config.AxonConfig$$SpringCGLIB$$0.xStream(<generated>)
	at com.madhurtoppo.common.config.AxonConfig.xStream(AxonConfig.java:14)
	at com.madhurtoppo.common.config.AxonConfig$$SpringCGLIB$$0.CGLIB$xStream$0(<generated>)
	at com.madhurtoppo.common.config.AxonConfig$$SpringCGLIB$$FastClass$$1.invoke(<generated>)
	at org.springframework.cglib.proxy.MethodProxy.invokeSuper(MethodProxy.java:258)
	at org.springframework.context.annotation.ConfigurationClassEnhancer$BeanMethodInterceptor.intercept(ConfigurationClassEnhancer.java:348)
	at com.madhurtoppo.common.config.AxonConfig$$SpringCGLIB$$0.xStream(<generated>)
	at com.madhurtoppo.common.config.AxonConfig.xStream(AxonConfig.java:14)
	at com.madhurtoppo.common.config.AxonConfig$$SpringCGLIB$$0.CGLIB$xStream$0(<generated>)
	at com.madhurtoppo.common.config.AxonConfig$$SpringCGLIB$$FastClass$$1.invoke(<generated>)
	at org.springframework.cglib.proxy.MethodProxy.invokeSuper(MethodProxy.java:258)
	at org.springframework.context.annotation.ConfigurationClassEnhancer$BeanMethodInterceptor.intercept(ConfigurationClassEnhancer.java:348)
	at com.madhurtoppo.common.config.AxonConfig$$SpringCGLIB$$0.xStream(<generated>)
	at com.madhurtoppo.common.config.AxonConfig.xStream(AxonConfig.java:14)
	at com.madhurtoppo.common.config.AxonConfig$$SpringCGLIB$$0.CGLIB$xStream$0(<generated>)
	at com.madhurtoppo.common.config.AxonConfig$$SpringCGLIB$$FastClass$$1.invoke(<generated>)
	at org.springframework.cglib.proxy.MethodProxy.invokeSuper(MethodProxy.java:258)
	at org.springframework.context.annotation.ConfigurationClassEnhancer$BeanMethodInterceptor.intercept(ConfigurationClassEnhancer.java:348)
	at com.madhurtoppo.common.config.AxonConfig$$SpringCGLIB$$0.xStream(<generated>)
	at com.madhurtoppo.common.config.AxonConfig.xStream(AxonConfig.java:14)
	at com.madhurtoppo.common.config.AxonConfig$$SpringCGLIB$$0.CGLIB$xStream$0(<generated>)
	at com.madhurtoppo.common.config.AxonConfig$$SpringCGLIB$$FastClass$$1.invoke(<generated>)
	at org.springframework.cglib.proxy.MethodProxy.invokeSuper(MethodProxy.java:258)
	at org.springframework.context.annotation.ConfigurationClassEnhancer$BeanMethodInterceptor.intercept(ConfigurationClassEnhancer.java:348)
	at com.madhurtoppo.common.config.AxonConfig$$SpringCGLIB$$0.xStream(<generated>)
	at com.madhurtoppo.common.config.AxonConfig.xStream(AxonConfig.java:14)
	at com.madhurtoppo.common.config.AxonConfig$$SpringCGLIB$$0.CGLIB$xStream$0(<generated>)
	at com.madhurtoppo.common.config.AxonConfig$$SpringCGLIB$$FastClass$$1.invoke(<generated>)
	at org.springframework.cglib.proxy.MethodProxy.invokeSuper(MethodProxy.java:258)
	at org.springframework.context.annotation.ConfigurationClassEnhancer$BeanMethodInterceptor.intercept(ConfigurationClassEnhancer.java:348)
	at com.madhurtoppo.common.config.AxonConfig$$SpringCGLIB$$0.xStream(<generated>)
	at com.madhurtoppo.common.config.AxonConfig.xStream(AxonConfig.java:14)
	at com.madhurtoppo.common.config.AxonConfig$$SpringCGLIB$$0.CGLIB$xStream$0(<generated>)
	at com.madhurtoppo.common.config.AxonConfig$$SpringCGLIB$$FastClass$$1.invoke(<generated>)
	at org.springframework.cglib.proxy.MethodProxy.invokeSuper(MethodProxy.java:258)
	at org.springframework.context.annotation.ConfigurationClassEnhancer$BeanMethodInterceptor.intercept(ConfigurationClassEnhancer.java:348)
	at com.madhurtoppo.common.config.AxonConfig$$SpringCGLIB$$0.xStream(<generated>)
	at com.madhurtoppo.common.config.AxonConfig.xStream(AxonConfig.java:14)
	at com.madhurtoppo.common.config.AxonConfig$$SpringCGLIB$$0.CGLIB$xStream$0(<generated>)
	at com.madhurtoppo.common.config.AxonConfig$$SpringCGLIB$$FastClass$$1.invoke(<generated>)
	at org.springframework.cglib.proxy.MethodProxy.invokeSuper(MethodProxy.java:258)
	at org.springframework.context.annotation.ConfigurationClassEnhancer$BeanMethodInterceptor.intercept(ConfigurationClassEnhancer.java:348)
	at com.madhurtoppo.common.config.AxonConfig$$SpringCGLIB$$0.xStream(<generated>)
	at com.madhurtoppo.common.config.AxonConfig.xStream(AxonConfig.java:14)
	at com.madhurtoppo.common.config.AxonConfig$$SpringCGLIB$$0.CGLIB$xStream$0(<generated>)
	at com.madhurtoppo.common.config.AxonConfig$$SpringCGLIB$$FastClass$$1.invoke(<generated>)
	at org.springframework.cglib.proxy.MethodProxy.invokeSuper(MethodProxy.java:258)
	at org.springframework.context.annotation.ConfigurationClassEnhancer$BeanMethodInterceptor.intercept(ConfigurationClassEnhancer.java:348)
	at com.madhurtoppo.common.config.AxonConfig$$SpringCGLIB$$0.xStream(<generated>)
	at com.madhurtoppo.common.config.AxonConfig.xStream(AxonConfig.java:14)
	at com.madhurtoppo.common.config.AxonConfig$$SpringCGLIB$$0.CGLIB$xStream$0(<generated>)
	at com.madhurtoppo.common.config.AxonConfig$$SpringCGLIB$$FastClass$$1.invoke(<generated>)
	at org.springframework.cglib.proxy.MethodProxy.invokeSuper(MethodProxy.java:258)
	at org.springframework.context.annotation.ConfigurationClassEnhancer$BeanMethodInterceptor.intercept(ConfigurationClassEnhancer.java:348)
	at com.madhurtoppo.common.config.AxonConfig$$SpringCGLIB$$0.xStream(<generated>)
	at com.madhurtoppo.common.config.AxonConfig.xStream(AxonConfig.java:14)
	at com.madhurtoppo.common.config.AxonConfig$$SpringCGLIB$$0.CGLIB$xStream$0(<generated>)
	at com.madhurtoppo.common.config.AxonConfig$$SpringCGLIB$$FastClass$$1.invoke(<generated>)
	at org.springframework.cglib.proxy.MethodProxy.invokeSuper(MethodProxy.java:258)
	at org.springframework.context.annotation.ConfigurationClassEnhancer$BeanMethodInterceptor.intercept(ConfigurationClassEnhancer.java:348)
	at com.madhurtoppo.common.config.AxonConfig$$SpringCGLIB$$0.xStream(<generated>)
	at com.madhurtoppo.common.config.AxonConfig.xStream(AxonConfig.java:14)
	at com.madhurtoppo.common.config.AxonConfig$$SpringCGLIB$$0.CGLIB$xStream$0(<generated>)
	at com.madhurtoppo.common.config.AxonConfig$$SpringCGLIB$$FastClass$$1.invoke(<generated>)
	at org.springframework.cglib.proxy.MethodProxy.invokeSuper(MethodProxy.java:258)
	at org.springframework.context.annotation.ConfigurationClassEnhancer$BeanMethodInterceptor.intercept(ConfigurationClassEnhancer.java:348)
	at com.madhurtoppo.common.config.AxonConfig$$SpringCGLIB$$0.xStream(<generated>)
	at com.madhurtoppo.common.config.AxonConfig.xStream(AxonConfig.java:14)
	at com.madhurtoppo.common.config.AxonConfig$$SpringCGLIB$$0.CGLIB$xStream$0(<generated>)
	at com.madhurtoppo.common.config.AxonConfig$$SpringCGLIB$$FastClass$$1.invoke(<generated>)
	at org.springframework.cglib.proxy.MethodProxy.invokeSuper(MethodProxy.java:258)
	at org.springframework.context.annotation.ConfigurationClassEnhancer$BeanMethodInterceptor.intercept(ConfigurationClassEnhancer.java:348)
	at com.madhurtoppo.common.config.AxonConfig$$SpringCGLIB$$0.xStream(<generated>)
	at com.madhurtoppo.common.config.AxonConfig.xStream(AxonConfig.java:14)
	at com.madhurtoppo.common.config.AxonConfig$$SpringCGLIB$$0.CGLIB$xStream$0(<generated>)
	at com.madhurtoppo.common.config.AxonConfig$$SpringCGLIB$$FastClass$$1.invoke(<generated>)
	at org.springframework.cglib.proxy.MethodProxy.invokeSuper(MethodProxy.java:258)
	at org.springframework.context.annotation.ConfigurationClassEnhancer$BeanMethodInterceptor.intercept(ConfigurationClassEnhancer.java:348)
	at com.madhurtoppo.common.config.AxonConfig$$SpringCGLIB$$0.xStream(<generated>)
	at com.madhurtoppo.common.config.AxonConfig.xStream(AxonConfig.java:14)
	at com.madhurtoppo.common.config.AxonConfig$$SpringCGLIB$$0.CGLIB$xStream$0(<generated>)
	at com.madhurtoppo.common.config.AxonConfig$$SpringCGLIB$$FastClass$$1.invoke(<generated>)
	at org.springframework.cglib.proxy.MethodProxy.invokeSuper(MethodProxy.java:258)
	at org.springframework.context.annotation.ConfigurationClassEnhancer$BeanMethodInterceptor.intercept(ConfigurationClassEnhancer.java:348)
	at com.madhurtoppo.common.config.AxonConfig$$SpringCGLIB$$0.xStream(<generated>)
	at com.madhurtoppo.common.config.AxonConfig.xStream(AxonConfig.java:14)
	at com.madhurtoppo.common.config.AxonConfig$$SpringCGLIB$$0.CGLIB$xStream$0(<generated>)
	at com.madhurtoppo.common.config.AxonConfig$$SpringCGLIB$$FastClass$$1.invoke(<generated>)
	at org.springframework.cglib.proxy.MethodProxy.invokeSuper(MethodProxy.java:258)
	at org.springframework.context.annotation.ConfigurationClassEnhancer$BeanMethodInterceptor.intercept(ConfigurationClassEnhancer.java:348)
	at com.madhurtoppo.common.config.AxonConfig$$SpringCGLIB$$0.xStream(<generated>)
	at com.madhurtoppo.common.config.AxonConfig.xStream(AxonConfig.java:14)
	at com.madhurtoppo.common.config.AxonConfig$$SpringCGLIB$$0.CGLIB$xStream$0(<generated>)
	at com.madhurtoppo.common.config.AxonConfig$$SpringCGLIB$$FastClass$$1.invoke(<generated>)
	at org.springframework.cglib.proxy.MethodProxy.invokeSuper(MethodProxy.java:258)
	at org.springframework.context.annotation.ConfigurationClassEnhancer$BeanMethodInterceptor.intercept(ConfigurationClassEnhancer.java:348)
	at com.madhurtoppo.common.config.AxonConfig$$SpringCGLIB$$0.xStream(<generated>)
	at com.madhurtoppo.common.config.AxonConfig.xStream(AxonConfig.java:14)
	at com.madhurtoppo.common.config.AxonConfig$$SpringCGLIB$$0.CGLIB$xStream$0(<generated>)
	at com.madhurtoppo.common.config.AxonConfig$$SpringCGLIB$$FastClass$$1.invoke(<generated>)
	at org.springframework.cglib.proxy.MethodProxy.invokeSuper(MethodProxy.java:258)
	at org.springframework.context.annotation.ConfigurationClassEnhancer$BeanMethodInterceptor.intercept(ConfigurationClassEnhancer.java:348)
	at com.madhurtoppo.common.config.AxonConfig$$SpringCGLIB$$0.xStream(<generated>)
	at com.madhurtoppo.common.config.AxonConfig.xStream(AxonConfig.java:14)
	at com.madhurtoppo.common.config.AxonConfig$$SpringCGLIB$$0.CGLIB$xStream$0(<generated>)
	at com.madhurtoppo.common.config.AxonConfig$$SpringCGLIB$$FastClass$$1.invoke(<generated>)
	at org.springframework.cglib.proxy.MethodProxy.invokeSuper(MethodProxy.java:258)
	at org.springframework.context.annotation.ConfigurationClassEnhancer$BeanMethodInterceptor.intercept(ConfigurationClassEnhancer.java:348)
	at com.madhurtoppo.common.config.AxonConfig$$SpringCGLIB$$0.xStream(<generated>)
	at com.madhurtoppo.common.config.AxonConfig.xStream(AxonConfig.java:14)
	at com.madhurtoppo.common.config.AxonConfig$$SpringCGLIB$$0.CGLIB$xStream$0(<generated>)
	at com.madhurtoppo.common.config.AxonConfig$$SpringCGLIB$$FastClass$$1.invoke(<generated>)
	at org.springframework.cglib.proxy.MethodProxy.invokeSuper(MethodProxy.java:258)
	at org.springframework.context.annotation.ConfigurationClassEnhancer$BeanMethodInterceptor.intercept(ConfigurationClassEnhancer.java:348)
	at com.madhurtoppo.common.config.AxonConfig$$SpringCGLIB$$0.xStream(<generated>)
	at com.madhurtoppo.common.config.AxonConfig.xStream(AxonConfig.java:14)
	at com.madhurtoppo.common.config.AxonConfig$$SpringCGLIB$$0.CGLIB$xStream$0(<generated>)
	at com.madhurtoppo.common.config.AxonConfig$$SpringCGLIB$$FastClass$$1.invoke(<generated>)
	at org.springframework.cglib.proxy.MethodProxy.invokeSuper(MethodProxy.java:258)
	at org.springframework.context.annotation.ConfigurationClassEnhancer$BeanMethodInterceptor.intercept(ConfigurationClassEnhancer.java:348)
	at com.madhurtoppo.common.config.AxonConfig$$SpringCGLIB$$0.xStream(<generated>)
	at com.madhurtoppo.common.config.AxonConfig.xStream(AxonConfig.java:14)
	at com.madhurtoppo.common.config.AxonConfig$$SpringCGLIB$$0.CGLIB$xStream$0(<generated>)
	at com.madhurtoppo.common.config.AxonConfig$$SpringCGLIB$$FastClass$$1.invoke(<generated>)
	at org.springframework.cglib.proxy.MethodProxy.invokeSuper(MethodProxy.java:258)
	at org.springframework.context.annotation.ConfigurationClassEnhancer$BeanMethodInterceptor.intercept(ConfigurationClassEnhancer.java:348)
	at com.madhurtoppo.common.config.AxonConfig$$SpringCGLIB$$0.xStream(<generated>)
	at com.madhurtoppo.common.config.AxonConfig.xStream(AxonConfig.java:14)
	at com.madhurtoppo.common.config.AxonConfig$$SpringCGLIB$$0.CGLIB$xStream$0(<generated>)
	at com.madhurtoppo.common.config.AxonConfig$$SpringCGLIB$$FastClass$$1.invoke(<generated>)
	at org.springframework.cglib.proxy.MethodProxy.invokeSuper(MethodProxy.java:258)
	at org.springframework.context.annotation.ConfigurationClassEnhancer$BeanMethodInterceptor.intercept(ConfigurationClassEnhancer.java:348)
	at com.madhurtoppo.common.config.AxonConfig$$SpringCGLIB$$0.xStream(<generated>)
	at com.madhurtoppo.common.config.AxonConfig.xStream(AxonConfig.java:14)
	at com.madhurtoppo.common.config.AxonConfig$$SpringCGLIB$$0.CGLIB$xStream$0(<generated>)
	at com.madhurtoppo.common.config.AxonConfig$$SpringCGLIB$$FastClass$$1.invoke(<generated>)
	at org.springframework.cglib.proxy.MethodProxy.invokeSuper(MethodProxy.java:258)
	at org.springframework.context.annotation.ConfigurationClassEnhancer$BeanMethodInterceptor.intercept(ConfigurationClassEnhancer.java:348)
	at com.madhurtoppo.common.config.AxonConfig$$SpringCGLIB$$0.xStream(<generated>)
	at com.madhurtoppo.common.config.AxonConfig.xStream(AxonConfig.java:14)
	at com.madhurtoppo.common.config.AxonConfig$$SpringCGLIB$$0.CGLIB$xStream$0(<generated>)
	at com.madhurtoppo.common.config.AxonConfig$$SpringCGLIB$$FastClass$$1.invoke(<generated>)
	at org.springframework.cglib.proxy.MethodProxy.invokeSuper(MethodProxy.java:258)
	at org.springframework.context.annotation.ConfigurationClassEnhancer$BeanMethodInterceptor.intercept(ConfigurationClassEnhancer.java:348)
	at com.madhurtoppo.common.config.AxonConfig$$SpringCGLIB$$0.xStream(<generated>)
	at com.madhurtoppo.common.config.AxonConfig.xStream(AxonConfig.java:14)
	at com.madhurtoppo.common.config.AxonConfig$$SpringCGLIB$$0.CGLIB$xStream$0(<generated>)
	at com.madhurtoppo.common.config.AxonConfig$$SpringCGLIB$$FastClass$$1.invoke(<generated>)
	at org.springframework.cglib.proxy.MethodProxy.invokeSuper(MethodProxy.java:258)
	at org.springframework.context.annotation.ConfigurationClassEnhancer$BeanMethodInterceptor.intercept(ConfigurationClassEnhancer.java:348)
	at com.madhurtoppo.common.config.AxonConfig$$SpringCGLIB$$0.xStream(<generated>)
	at com.madhurtoppo.common.config.AxonConfig.xStream(AxonConfig.java:14)
	at com.madhurtoppo.common.config.AxonConfig$$SpringCGLIB$$0.CGLIB$xStream$0(<generated>)
	at com.madhurtoppo.common.config.AxonConfig$$SpringCGLIB$$FastClass$$1.invoke(<generated>)
	at org.springframework.cglib.proxy.MethodProxy.invokeSuper(MethodProxy.java:258)
	at org.springframework.context.annotation.ConfigurationClassEnhancer$BeanMethodInterceptor.intercept(ConfigurationClassEnhancer.java:348)
	at com.madhurtoppo.common.config.AxonConfig$$SpringCGLIB$$0.xStream(<generated>)
	at com.madhurtoppo.common.config.AxonConfig.xStream(AxonConfig.java:14)
	at com.madhurtoppo.common.config.AxonConfig$$SpringCGLIB$$0.CGLIB$xStream$0(<generated>)
	at com.madhurtoppo.common.config.AxonConfig$$SpringCGLIB$$FastClass$$1.invoke(<generated>)
	at org.springframework.cglib.proxy.MethodProxy.invokeSuper(MethodProxy.java:258)
	at org.springframework.context.annotation.ConfigurationClassEnhancer$BeanMethodInterceptor.intercept(ConfigurationClassEnhancer.java:348)
	at com.madhurtoppo.common.config.AxonConfig$$SpringCGLIB$$0.xStream(<generated>)
	at com.madhurtoppo.common.config.AxonConfig.xStream(AxonConfig.java:14)
	at com.madhurtoppo.common.config.AxonConfig$$SpringCGLIB$$0.CGLIB$xStream$0(<generated>)
	at com.madhurtoppo.common.config.AxonConfig$$SpringCGLIB$$FastClass$$1.invoke(<generated>)
	at org.springframework.cglib.proxy.MethodProxy.invokeSuper(MethodProxy.java:258)
	at org.springframework.context.annotation.ConfigurationClassEnhancer$BeanMethodInterceptor.intercept(ConfigurationClassEnhancer.java:348)
	at com.madhurtoppo.common.config.AxonConfig$$SpringCGLIB$$0.xStream(<generated>)
	at com.madhurtoppo.common.config.AxonConfig.xStream(AxonConfig.java:14)
	at com.madhurtoppo.common.config.AxonConfig$$SpringCGLIB$$0.CGLIB$xStream$0(<generated>)
	at com.madhurtoppo.common.config.AxonConfig$$SpringCGLIB$$FastClass$$1.invoke(<generated>)
	at org.springframework.cglib.proxy.MethodProxy.invokeSuper(MethodProxy.java:258)
	at org.springframework.context.annotation.ConfigurationClassEnhancer$BeanMethodInterceptor.intercept(ConfigurationClassEnhancer.java:348)
	at com.madhurtoppo.common.config.AxonConfig$$SpringCGLIB$$0.xStream(<generated>)
	at com.madhurtoppo.common.config.AxonConfig.xStream(AxonConfig.java:14)
	at com.madhurtoppo.common.config.AxonConfig$$SpringCGLIB$$0.CGLIB$xStream$0(<generated>)
	at com.madhurtoppo.common.config.AxonConfig$$SpringCGLIB$$FastClass$$1.invoke(<generated>)
	at org.springframework.cglib.proxy.MethodProxy.invokeSuper(MethodProxy.java:258)
	at org.springframework.context.annotation.ConfigurationClassEnhancer$BeanMethodInterceptor.intercept(ConfigurationClassEnhancer.java:348)
	at com.madhurtoppo.common.config.AxonConfig$$SpringCGLIB$$0.xStream(<generated>)
	at com.madhurtoppo.common.config.AxonConfig.xStream(AxonConfig.java:14)
	at com.madhurtoppo.common.config.AxonConfig$$SpringCGLIB$$0.CGLIB$xStream$0(<generated>)
	at com.madhurtoppo.common.config.AxonConfig$$SpringCGLIB$$FastClass$$1.invoke(<generated>)
	at org.springframework.cglib.proxy.MethodProxy.invokeSuper(MethodProxy.java:258)
	at org.springframework.context.annotation.ConfigurationClassEnhancer$BeanMethodInterceptor.intercept(ConfigurationClassEnhancer.java:348)
	at com.madhurtoppo.common.config.AxonConfig$$SpringCGLIB$$0.xStream(<generated>)
	at com.madhurtoppo.common.config.AxonConfig.xStream(AxonConfig.java:14)
	at com.madhurtoppo.common.config.AxonConfig$$SpringCGLIB$$0.CGLIB$xStream$0(<generated>)
	at com.madhurtoppo.common.config.AxonConfig$$SpringCGLIB$$FastClass$$1.invoke(<generated>)
	at org.springframework.cglib.proxy.MethodProxy.invokeSuper(MethodProxy.java:258)
	at org.springframework.context.annotation.ConfigurationClassEnhancer$BeanMethodInterceptor.intercept(ConfigurationClassEnhancer.java:348)
	at com.madhurtoppo.common.config.AxonConfig$$SpringCGLIB$$0.xStream(<generated>)
	at com.madhurtoppo.common.config.AxonConfig.xStream(AxonConfig.java:14)
	at com.madhurtoppo.common.config.AxonConfig$$SpringCGLIB$$0.CGLIB$xStream$0(<generated>)
	at com.madhurtoppo.common.config.AxonConfig$$SpringCGLIB$$FastClass$$1.invoke(<generated>)
	at org.springframework.cglib.proxy.MethodProxy.invokeSuper(MethodProxy.java:258)
	at org.springframework.context.annotation.ConfigurationClassEnhancer$BeanMethodInterceptor.intercept(ConfigurationClassEnhancer.java:348)
	at com.madhurtoppo.common.config.AxonConfig$$SpringCGLIB$$0.xStream(<generated>)
	at com.madhurtoppo.common.config.AxonConfig.xStream(AxonConfig.java:14)
	at com.madhurtoppo.common.config.AxonConfig$$SpringCGLIB$$0.CGLIB$xStream$0(<generated>)
	at com.madhurtoppo.common.config.AxonConfig$$SpringCGLIB$$FastClass$$1.invoke(<generated>)
	at org.springframework.cglib.proxy.MethodProxy.invokeSuper(MethodProxy.java:258)
	at org.springframework.context.annotation.ConfigurationClassEnhancer$BeanMethodInterceptor.intercept(ConfigurationClassEnhancer.java:348)
	at com.madhurtoppo.common.config.AxonConfig$$SpringCGLIB$$0.xStream(<generated>)
	at com.madhurtoppo.common.config.AxonConfig.xStream(AxonConfig.java:14)
	at com.madhurtoppo.common.config.AxonConfig$$SpringCGLIB$$0.CGLIB$xStream$0(<generated>)
	at com.madhurtoppo.common.config.AxonConfig$$SpringCGLIB$$FastClass$$1.invoke(<generated>)
	at org.springframework.cglib.proxy.MethodProxy.invokeSuper(MethodProxy.java:258)
	at org.springframework.context.annotation.ConfigurationClassEnhancer$BeanMethodInterceptor.intercept(ConfigurationClassEnhancer.java:348)
	at com.madhurtoppo.common.config.AxonConfig$$SpringCGLIB$$0.xStream(<generated>)
	at com.madhurtoppo.common.config.AxonConfig.xStream(AxonConfig.java:14)
	at com.madhurtoppo.common.config.AxonConfig$$SpringCGLIB$$0.CGLIB$xStream$0(<generated>)
	at com.madhurtoppo.common.config.AxonConfig$$SpringCGLIB$$FastClass$$1.invoke(<generated>)
	at org.springframework.cglib.proxy.MethodProxy.invokeSuper(MethodProxy.java:258)
	at org.springframework.context.annotation.ConfigurationClassEnhancer$BeanMethodInterceptor.intercept(ConfigurationClassEnhancer.java:348)
	at com.madhurtoppo.common.config.AxonConfig$$SpringCGLIB$$0.xStream(<generated>)
	at com.madhurtoppo.common.config.AxonConfig.xStream(AxonConfig.java:14)
	at com.madhurtoppo.common.config.AxonConfig$$SpringCGLIB$$0.CGLIB$xStream$0(<generated>)
	at com.madhurtoppo.common.config.AxonConfig$$SpringCGLIB$$FastClass$$1.invoke(<generated>)
	at org.springframework.cglib.proxy.MethodProxy.invokeSuper(MethodProxy.java:258)
	at org.springframework.context.annotation.ConfigurationClassEnhancer$BeanMethodInterceptor.intercept(ConfigurationClassEnhancer.java:348)
	at com.madhurtoppo.common.config.AxonConfig$$SpringCGLIB$$0.xStream(<generated>)
	at com.madhurtoppo.common.config.AxonConfig.xStream(AxonConfig.java:14)
	at com.madhurtoppo.common.config.AxonConfig$$SpringCGLIB$$0.CGLIB$xStream$0(<generated>)
	at com.madhurtoppo.common.config.AxonConfig$$SpringCGLIB$$FastClass$$1.invoke(<generated>)
	at org.springframework.cglib.proxy.MethodProxy.invokeSuper(MethodProxy.java:258)
	at org.springframework.context.annotation.ConfigurationClassEnhancer$BeanMethodInterceptor.intercept(ConfigurationClassEnhancer.java:348)
	at com.madhurtoppo.common.config.AxonConfig$$SpringCGLIB$$0.xStream(<generated>)
	at com.madhurtoppo.common.config.AxonConfig.xStream(AxonConfig.java:14)
	at com.madhurtoppo.common.config.AxonConfig$$SpringCGLIB$$0.CGLIB$xStream$0(<generated>)
	at com.madhurtoppo.common.config.AxonConfig$$SpringCGLIB$$FastClass$$1.invoke(<generated>)
	at org.springframework.cglib.proxy.MethodProxy.invokeSuper(MethodProxy.java:258)
	at org.springframework.context.annotation.ConfigurationClassEnhancer$BeanMethodInterceptor.intercept(ConfigurationClassEnhancer.java:348)
	at com.madhurtoppo.common.config.AxonConfig$$SpringCGLIB$$0.xStream(<generated>)
	at com.madhurtoppo.common.config.AxonConfig.xStream(AxonConfig.java:14)
	at com.madhurtoppo.common.config.AxonConfig$$SpringCGLIB$$0.CGLIB$xStream$0(<generated>)
	at com.madhurtoppo.common.config.AxonConfig$$SpringCGLIB$$FastClass$$1.invoke(<generated>)
	at org.springframework.cglib.proxy.MethodProxy.invokeSuper(MethodProxy.java:258)
	at org.springframework.context.annotation.ConfigurationClassEnhancer$BeanMethodInterceptor.intercept(ConfigurationClassEnhancer.java:348)
	at com.madhurtoppo.common.config.AxonConfig$$SpringCGLIB$$0.xStream(<generated>)
	at com.madhurtoppo.common.config.AxonConfig.xStream(AxonConfig.java:14)
	at com.madhurtoppo.common.config.AxonConfig$$SpringCGLIB$$0.CGLIB$xStream$0(<generated>)
	at com.madhurtoppo.common.config.AxonConfig$$SpringCGLIB$$FastClass$$1.invoke(<generated>)
	at org.springframework.cglib.proxy.MethodProxy.invokeSuper(MethodProxy.java:258)
	at org.springframework.context.annotation.ConfigurationClassEnhancer$BeanMethodInterceptor.intercept(ConfigurationClassEnhancer.java:348)
	at com.madhurtoppo.common.config.AxonConfig$$SpringCGLIB$$0.xStream(<generated>)
	at com.madhurtoppo.common.config.AxonConfig.xStream(AxonConfig.java:14)
	at com.madhurtoppo.common.config.AxonConfig$$SpringCGLIB$$0.CGLIB$xStream$0(<generated>)
	at com.madhurtoppo.common.config.AxonConfig$$SpringCGLIB$$FastClass$$1.invoke(<generated>)
	at org.springframework.cglib.proxy.MethodProxy.invokeSuper(MethodProxy.java:258)
	at org.springframework.context.annotation.ConfigurationClassEnhancer$BeanMethodInterceptor.intercept(ConfigurationClassEnhancer.java:348)
	at com.madhurtoppo.common.config.AxonConfig$$SpringCGLIB$$0.xStream(<generated>)
	at com.madhurtoppo.common.config.AxonConfig.xStream(AxonConfig.java:14)
	at com.madhurtoppo.common.config.AxonConfig$$SpringCGLIB$$0.CGLIB$xStream$0(<generated>)
	at com.madhurtoppo.common.config.AxonConfig$$SpringCGLIB$$FastClass$$1.invoke(<generated>)
	at org.springframework.cglib.proxy.MethodProxy.invokeSuper(MethodProxy.java:258)
	at org.springframework.context.annotation.ConfigurationClassEnhancer$BeanMethodInterceptor.intercept(ConfigurationClassEnhancer.java:348)
	at com.madhurtoppo.common.config.AxonConfig$$SpringCGLIB$$0.xStream(<generated>)
	at com.madhurtoppo.common.config.AxonConfig.xStream(AxonConfig.java:14)
	at com.madhurtoppo.common.config.AxonConfig$$SpringCGLIB$$0.CGLIB$xStream$0(<generated>)
	at com.madhurtoppo.common.config.AxonConfig$$SpringCGLIB$$FastClass$$1.invoke(<generated>)
	at org.springframework.cglib.proxy.MethodProxy.invokeSuper(MethodProxy.java:258)
	at org.springframework.context.annotation.ConfigurationClassEnhancer$BeanMethodInterceptor.intercept(ConfigurationClassEnhancer.java:348)
	at com.madhurtoppo.common.config.AxonConfig$$SpringCGLIB$$0.xStream(<generated>)
	at com.madhurtoppo.common.config.AxonConfig.xStream(AxonConfig.java:14)
	at com.madhurtoppo.common.config.AxonConfig$$SpringCGLIB$$0.CGLIB$xStream$0(<generated>)
	at com.madhurtoppo.common.config.AxonConfig$$SpringCGLIB$$FastClass$$1.invoke(<generated>)
	at org.springframework.cglib.proxy.MethodProxy.invokeSuper(MethodProxy.java:258)
	at org.springframework.context.annotation.ConfigurationClassEnhancer$BeanMethodInterceptor.intercept(ConfigurationClassEnhancer.java:348)
	at com.madhurtoppo.common.config.AxonConfig$$SpringCGLIB$$0.xStream(<generated>)
	at com.madhurtoppo.common.config.AxonConfig.xStream(AxonConfig.java:14)
	at com.madhurtoppo.common.config.AxonConfig$$SpringCGLIB$$0.CGLIB$xStream$0(<generated>)
	at com.madhurtoppo.common.config.AxonConfig$$SpringCGLIB$$FastClass$$1.invoke(<generated>)
	at org.springframework.cglib.proxy.MethodProxy.invokeSuper(MethodProxy.java:258)
	at org.springframework.context.annotation.ConfigurationClassEnhancer$BeanMethodInterceptor.intercept(ConfigurationClassEnhancer.java:348)
	at com.madhurtoppo.common.config.AxonConfig$$SpringCGLIB$$0.xStream(<generated>)
	at com.madhurtoppo.common.config.AxonConfig.xStream(AxonConfig.java:14)
	at com.madhurtoppo.common.config.AxonConfig$$SpringCGLIB$$0.CGLIB$xStream$0(<generated>)
	at com.madhurtoppo.common.config.AxonConfig$$SpringCGLIB$$FastClass$$1.invoke(<generated>)
	at org.springframework.cglib.proxy.MethodProxy.invokeSuper(MethodProxy.java:258)
	at org.springframework.context.annotation.ConfigurationClassEnhancer$BeanMethodInterceptor.intercept(ConfigurationClassEnhancer.java:348)
	at com.madhurtoppo.common.config.AxonConfig$$SpringCGLIB$$0.xStream(<generated>)
	at com.madhurtoppo.common.config.AxonConfig.xStream(AxonConfig.java:14)
	at com.madhurtoppo.common.config.AxonConfig$$SpringCGLIB$$0.CGLIB$xStream$0(<generated>)
	at com.madhurtoppo.common.config.AxonConfig$$SpringCGLIB$$FastClass$$1.invoke(<generated>)
	at org.springframework.cglib.proxy.MethodProxy.invokeSuper(MethodProxy.java:258)
	at org.springframework.context.annotation.ConfigurationClassEnhancer$BeanMethodInterceptor.intercept(ConfigurationClassEnhancer.java:348)
	at com.madhurtoppo.common.config.AxonConfig$$SpringCGLIB$$0.xStream(<generated>)
	at com.madhurtoppo.common.config.AxonConfig.xStream(AxonConfig.java:14)
	at com.madhurtoppo.common.config.AxonConfig$$SpringCGLIB$$0.CGLIB$xStream$0(<generated>)
	at com.madhurtoppo.common.config.AxonConfig$$SpringCGLIB$$FastClass$$1.invoke(<generated>)
	at org.springframework.cglib.proxy.MethodProxy.invokeSuper(MethodProxy.java:258)
	at org.springframework.context.annotation.ConfigurationClassEnhancer$BeanMethodInterceptor.intercept(ConfigurationClassEnhancer.java:348)
	at com.madhurtoppo.common.config.AxonConfig$$SpringCGLIB$$0.xStream(<generated>)
	at com.madhurtoppo.common.config.AxonConfig.xStream(AxonConfig.java:14)
	at com.madhurtoppo.common.config.AxonConfig$$SpringCGLIB$$0.CGLIB$xStream$0(<generated>)
	at com.madhurtoppo.common.config.AxonConfig$$SpringCGLIB$$FastClass$$1.invoke(<generated>)
	at org.springframework.cglib.proxy.MethodProxy.invokeSuper(MethodProxy.java:258)
	at org.springframework.context.annotation.ConfigurationClassEnhancer$BeanMethodInterceptor.intercept(ConfigurationClassEnhancer.java:348)
	at com.madhurtoppo.common.config.AxonConfig$$SpringCGLIB$$0.xStream(<generated>)
	at com.madhurtoppo.common.config.AxonConfig.xStream(AxonConfig.java:14)
	at com.madhurtoppo.common.config.AxonConfig$$SpringCGLIB$$0.CGLIB$xStream$0(<generated>)
	at com.madhurtoppo.common.config.AxonConfig$$SpringCGLIB$$FastClass$$1.invoke(<generated>)
	at org.springframework.cglib.proxy.MethodProxy.invokeSuper(MethodProxy.java:258)
	at org.springframework.context.annotation.ConfigurationClassEnhancer$BeanMethodInterceptor.intercept(ConfigurationClassEnhancer.java:348)
	at com.madhurtoppo.common.config.AxonConfig$$SpringCGLIB$$0.xStream(<generated>)
	at com.madhurtoppo.common.config.AxonConfig.xStream(AxonConfig.java:14)
	at com.madhurtoppo.common.config.AxonConfig$$SpringCGLIB$$0.CGLIB$xStream$0(<generated>)
	at com.madhurtoppo.common.config.AxonConfig$$SpringCGLIB$$FastClass$$1.invoke(<generated>)
	at org.springframework.cglib.proxy.MethodProxy.invokeSuper(MethodProxy.java:258)
	at org.springframework.context.annotation.ConfigurationClassEnhancer$BeanMethodInterceptor.intercept(ConfigurationClassEnhancer.java:348)
	at com.madhurtoppo.common.config.AxonConfig$$SpringCGLIB$$0.xStream(<generated>)
	at com.madhurtoppo.common.config.AxonConfig.xStream(AxonConfig.java:14)
	at com.madhurtoppo.common.config.AxonConfig$$SpringCGLIB$$0.CGLIB$xStream$0(<generated>)
	at com.madhurtoppo.common.config.AxonConfig$$SpringCGLIB$$FastClass$$1.invoke(<generated>)
	at org.springframework.cglib.proxy.MethodProxy.invokeSuper(MethodProxy.java:258)
	at org.springframework.context.annotation.ConfigurationClassEnhancer$BeanMethodInterceptor.intercept(ConfigurationClassEnhancer.java:348)
	at com.madhurtoppo.common.config.AxonConfig$$SpringCGLIB$$0.xStream(<generated>)
	at com.madhurtoppo.common.config.AxonConfig.xStream(AxonConfig.java:14)
	at com.madhurtoppo.common.config.AxonConfig$$SpringCGLIB$$0.CGLIB$xStream$0(<generated>)
	at com.madhurtoppo.common.config.AxonConfig$$SpringCGLIB$$FastClass$$1.invoke(<generated>)
	at org.springframework.cglib.proxy.MethodProxy.invokeSuper(MethodProxy.java:258)
	at org.springframework.context.annotation.ConfigurationClassEnhancer$BeanMethodInterceptor.intercept(ConfigurationClassEnhancer.java:348)
	at com.madhurtoppo.common.config.AxonConfig$$SpringCGLIB$$0.xStream(<generated>)
	at com.madhurtoppo.common.config.AxonConfig.xStream(AxonConfig.java:14)
	at com.madhurtoppo.common.config.AxonConfig$$SpringCGLIB$$0.CGLIB$xStream$0(<generated>)
	at com.madhurtoppo.common.config.AxonConfig$$SpringCGLIB$$FastClass$$1.invoke(<generated>)
	at org.springframework.cglib.proxy.MethodProxy.invokeSuper(MethodProxy.java:258)
	at org.springframework.context.annotation.ConfigurationClassEnhancer$BeanMethodInterceptor.intercept(ConfigurationClassEnhancer.java:348)
	at com.madhurtoppo.common.config.AxonConfig$$SpringCGLIB$$0.xStream(<generated>)
	at com.madhurtoppo.common.config.AxonConfig.xStream(AxonConfig.java:14)
	at com.madhurtoppo.common.config.AxonConfig$$SpringCGLIB$$0.CGLIB$xStream$0(<generated>)
	at com.madhurtoppo.common.config.AxonConfig$$SpringCGLIB$$FastClass$$1.invoke(<generated>)
	at org.springframework.cglib.proxy.MethodProxy.invokeSuper(MethodProxy.java:258)
	at org.springframework.context.annotation.ConfigurationClassEnhancer$BeanMethodInterceptor.intercept(ConfigurationClassEnhancer.java:348)
	at com.madhurtoppo.common.config.AxonConfig$$SpringCGLIB$$0.xStream(<generated>)
	at com.madhurtoppo.common.config.AxonConfig.xStream(AxonConfig.java:14)
	at com.madhurtoppo.common.config.AxonConfig$$SpringCGLIB$$0.CGLIB$xStream$0(<generated>)
	at com.madhurtoppo.common.config.AxonConfig$$SpringCGLIB$$FastClass$$1.invoke(<generated>)
	at org.springframework.cglib.proxy.MethodProxy.invokeSuper(MethodProxy.java:258)
	at org.springframework.context.annotation.ConfigurationClassEnhancer$BeanMethodInterceptor.intercept(ConfigurationClassEnhancer.java:348)
	at com.madhurtoppo.common.config.AxonConfig$$SpringCGLIB$$0.xStream(<generated>)
	at com.madhurtoppo.common.config.AxonConfig.xStream(AxonConfig.java:14)
	at com.madhurtoppo.common.config.AxonConfig$$SpringCGLIB$$0.CGLIB$xStream$0(<generated>)
	at com.madhurtoppo.common.config.AxonConfig$$SpringCGLIB$$FastClass$$1.invoke(<generated>)
	at org.springframework.cglib.proxy.MethodProxy.invokeSuper(MethodProxy.java:258)
	at org.springframework.context.annotation.ConfigurationClassEnhancer$BeanMethodInterceptor.intercept(ConfigurationClassEnhancer.java:348)
	at com.madhurtoppo.common.config.AxonConfig$$SpringCGLIB$$0.xStream(<generated>)
	at com.madhurtoppo.common.config.AxonConfig.xStream(AxonConfig.java:14)
	at com.madhurtoppo.common.config.AxonConfig$$SpringCGLIB$$0.CGLIB$xStream$0(<generated>)
	at com.madhurtoppo.common.config.AxonConfig$$SpringCGLIB$$FastClass$$1.invoke(<generated>)
	at org.springframework.cglib.proxy.MethodProxy.invokeSuper(MethodProxy.java:258)
	at org.springframework.context.annotation.ConfigurationClassEnhancer$BeanMethodInterceptor.intercept(ConfigurationClassEnhancer.java:348)
	at com.madhurtoppo.common.config.AxonConfig$$SpringCGLIB$$0.xStream(<generated>)
	at com.madhurtoppo.common.config.AxonConfig.xStream(AxonConfig.java:14)
	at com.madhurtoppo.common.config.AxonConfig$$SpringCGLIB$$0.CGLIB$xStream$0(<generated>)
	at com.madhurtoppo.common.config.AxonConfig$$SpringCGLIB$$FastClass$$1.invoke(<generated>)
	at org.springframework.cglib.proxy.MethodProxy.invokeSuper(MethodProxy.java:258)
	at org.springframework.context.annotation.ConfigurationClassEnhancer$BeanMethodInterceptor.intercept(ConfigurationClassEnhancer.java:348)
	at com.madhurtoppo.common.config.AxonConfig$$SpringCGLIB$$0.xStream(<generated>)
	at com.madhurtoppo.common.config.AxonConfig.xStream(AxonConfig.java:14)
	at com.madhurtoppo.common.config.AxonConfig$$SpringCGLIB$$0.CGLIB$xStream$0(<generated>)
	at com.madhurtoppo.common.config.AxonConfig$$SpringCGLIB$$FastClass$$1.invoke(<generated>)
	at org.springframework.cglib.proxy.MethodProxy.invokeSuper(MethodProxy.java:258)
	at org.springframework.context.annotation.ConfigurationClassEnhancer$BeanMethodInterceptor.intercept(ConfigurationClassEnhancer.java:348)
	at com.madhurtoppo.common.config.AxonConfig$$SpringCGLIB$$0.xStream(<generated>)
	at com.madhurtoppo.common.config.AxonConfig.xStream(AxonConfig.java:14)
	at com.madhurtoppo.common.config.AxonConfig$$SpringCGLIB$$0.CGLIB$xStream$0(<generated>)
	at com.madhurtoppo.common.config.AxonConfig$$SpringCGLIB$$FastClass$$1.invoke(<generated>)
	at org.springframework.cglib.proxy.MethodProxy.invokeSuper(MethodProxy.java:258)
	at org.springframework.context.annotation.ConfigurationClassEnhancer$BeanMethodInterceptor.intercept(ConfigurationClassEnhancer.java:348)
	at com.madhurtoppo.common.config.AxonConfig$$SpringCGLIB$$0.xStream(<generated>)
	at com.madhurtoppo.common.config.AxonConfig.xStream(AxonConfig.java:14)
	at com.madhurtoppo.common.config.AxonConfig$$SpringCGLIB$$0.CGLIB$xStream$0(<generated>)
	at com.madhurtoppo.common.config.AxonConfig$$SpringCGLIB$$FastClass$$1.invoke(<generated>)
	at org.springframework.cglib.proxy.MethodProxy.invokeSuper(MethodProxy.java:258)
	at org.springframework.context.annotation.ConfigurationClassEnhancer$BeanMethodInterceptor.intercept(ConfigurationClassEnhancer.java:348)
	at com.madhurtoppo.common.config.AxonConfig$$SpringCGLIB$$0.xStream(<generated>)
	at com.madhurtoppo.common.config.AxonConfig.xStream(AxonConfig.java:14)
	at com.madhurtoppo.common.config.AxonConfig$$SpringCGLIB$$0.CGLIB$xStream$0(<generated>)
	at com.madhurtoppo.common.config.AxonConfig$$SpringCGLIB$$FastClass$$1.invoke(<generated>)
	at org.springframework.cglib.proxy.MethodProxy.invokeSuper(MethodProxy.java:258)
	at org.springframework.context.annotation.ConfigurationClassEnhancer$BeanMethodInterceptor.intercept(ConfigurationClassEnhancer.java:348)
	at com.madhurtoppo.common.config.AxonConfig$$SpringCGLIB$$0.xStream(<generated>)
	at com.madhurtoppo.common.config.AxonConfig.xStream(AxonConfig.java:14)
	at com.madhurtoppo.common.config.AxonConfig$$SpringCGLIB$$0.CGLIB$xStream$0(<generated>)
	at com.madhurtoppo.common.config.AxonConfig$$SpringCGLIB$$FastClass$$1.invoke(<generated>)
	at org.springframework.cglib.proxy.MethodProxy.invokeSuper(MethodProxy.java:258)
	at org.springframework.context.annotation.ConfigurationClassEnhancer$BeanMethodInterceptor.intercept(ConfigurationClassEnhancer.java:348)
	at com.madhurtoppo.common.config.AxonConfig$$SpringCGLIB$$0.xStream(<generated>)
	at com.madhurtoppo.common.config.AxonConfig.xStream(AxonConfig.java:14)
	at com.madhurtoppo.common.config.AxonConfig$$SpringCGLIB$$0.CGLIB$xStream$0(<generated>)
	at com.madhurtoppo.common.config.AxonConfig$$SpringCGLIB$$FastClass$$1.invoke(<generated>)
	at org.springframework.cglib.proxy.MethodProxy.invokeSuper(MethodProxy.java:258)
	at org.springframework.context.annotation.ConfigurationClassEnhancer$BeanMethodInterceptor.intercept(ConfigurationClassEnhancer.java:348)
	at com.madhurtoppo.common.config.AxonConfig$$SpringCGLIB$$0.xStream(<generated>)
	at com.madhurtoppo.common.config.AxonConfig.xStream(AxonConfig.java:14)
	at com.madhurtoppo.common.config.AxonConfig$$SpringCGLIB$$0.CGLIB$xStream$0(<generated>)
	at com.madhurtoppo.common.config.AxonConfig$$SpringCGLIB$$FastClass$$1.invoke(<generated>)
	at org.springframework.cglib.proxy.MethodProxy.invokeSuper(MethodProxy.java:258)
	at org.springframework.context.annotation.ConfigurationClassEnhancer$BeanMethodInterceptor.intercept(ConfigurationClassEnhancer.java:348)
	at com.madhurtoppo.common.config.AxonConfig$$SpringCGLIB$$0.xStream(<generated>)
	at com.madhurtoppo.common.config.AxonConfig.xStream(AxonConfig.java:14)
	at com.madhurtoppo.common.config.AxonConfig$$SpringCGLIB$$0.CGLIB$xStream$0(<generated>)
	at com.madhurtoppo.common.config.AxonConfig$$SpringCGLIB$$FastClass$$1.invoke(<generated>)
	at org.springframework.cglib.proxy.MethodProxy.invokeSuper(MethodProxy.java:258)
	at org.springframework.context.annotation.ConfigurationClassEnhancer$BeanMethodInterceptor.intercept(ConfigurationClassEnhancer.java:348)
	at com.madhurtoppo.common.config.AxonConfig$$SpringCGLIB$$0.xStream(<generated>)
	at com.madhurtoppo.common.config.AxonConfig.xStream(AxonConfig.java:14)
	at com.madhurtoppo.common.config.AxonConfig$$SpringCGLIB$$0.CGLIB$xStream$0(<generated>)
	at com.madhurtoppo.common.config.AxonConfig$$SpringCGLIB$$FastClass$$1.invoke(<generated>)
	at org.springframework.cglib.proxy.MethodProxy.invokeSuper(MethodProxy.java:258)
	at org.springframework.context.annotation.ConfigurationClassEnhancer$BeanMethodInterceptor.intercept(ConfigurationClassEnhancer.java:348)
	at com.madhurtoppo.common.config.AxonConfig$$SpringCGLIB$$0.xStream(<generated>)
	at com.madhurtoppo.common.config.AxonConfig.xStream(AxonConfig.java:14)
	at com.madhurtoppo.common.config.AxonConfig$$SpringCGLIB$$0.CGLIB$xStream$0(<generated>)
	at com.madhurtoppo.common.config.AxonConfig$$SpringCGLIB$$FastClass$$1.invoke(<generated>)
	at org.springframework.cglib.proxy.MethodProxy.invokeSuper(MethodProxy.java:258)
	at org.springframework.context.annotation.ConfigurationClassEnhancer$BeanMethodInterceptor.intercept(ConfigurationClassEnhancer.java:348)
	at com.madhurtoppo.common.config.AxonConfig$$SpringCGLIB$$0.xStream(<generated>)
	at com.madhurtoppo.common.config.AxonConfig.xStream(AxonConfig.java:14)
	at com.madhurtoppo.common.config.AxonConfig$$SpringCGLIB$$0.CGLIB$xStream$0(<generated>)
	at com.madhurtoppo.common.config.AxonConfig$$SpringCGLIB$$FastClass$$1.invoke(<generated>)
	at org.springframework.cglib.proxy.MethodProxy.invokeSuper(MethodProxy.java:258)
	at org.springframework.context.annotation.ConfigurationClassEnhancer$BeanMethodInterceptor.intercept(ConfigurationClassEnhancer.java:348)
	at com.madhurtoppo.common.config.AxonConfig$$SpringCGLIB$$0.xStream(<generated>)
	at com.madhurtoppo.common.config.AxonConfig.xStream(AxonConfig.java:14)
	at com.madhurtoppo.common.config.AxonConfig$$SpringCGLIB$$0.CGLIB$xStream$0(<generated>)
	at com.madhurtoppo.common.config.AxonConfig$$SpringCGLIB$$FastClass$$1.invoke(<generated>)
	at org.springframework.cglib.proxy.MethodProxy.invokeSuper(MethodProxy.java:258)
	at org.springframework.context.annotation.ConfigurationClassEnhancer$BeanMethodInterceptor.intercept(ConfigurationClassEnhancer.java:348)
	at com.madhurtoppo.common.config.AxonConfig$$SpringCGLIB$$0.xStream(<generated>)
	at com.madhurtoppo.common.config.AxonConfig.xStream(AxonConfig.java:14)
	at com.madhurtoppo.common.config.AxonConfig$$SpringCGLIB$$0.CGLIB$xStream$0(<generated>)
	at com.madhurtoppo.common.config.AxonConfig$$SpringCGLIB$$FastClass$$1.invoke(<generated>)
	at org.springframework.cglib.proxy.MethodProxy.invokeSuper(MethodProxy.java:258)
	at org.springframework.context.annotation.ConfigurationClassEnhancer$BeanMethodInterceptor.intercept(ConfigurationClassEnhancer.java:348)
	at com.madhurtoppo.common.config.AxonConfig$$SpringCGLIB$$0.xStream(<generated>)
	at com.madhurtoppo.common.config.AxonConfig.xStream(AxonConfig.java:14)
	at com.madhurtoppo.common.config.AxonConfig$$SpringCGLIB$$0.CGLIB$xStream$0(<generated>)
	at com.madhurtoppo.common.config.AxonConfig$$SpringCGLIB$$FastClass$$1.invoke(<generated>)
	at org.springframework.cglib.proxy.MethodProxy.invokeSuper(MethodProxy.java:258)
	at org.springframework.context.annotation.ConfigurationClassEnhancer$BeanMethodInterceptor.intercept(ConfigurationClassEnhancer.java:348)
	at com.madhurtoppo.common.config.AxonConfig$$SpringCGLIB$$0.xStream(<generated>)
	at com.madhurtoppo.common.config.AxonConfig.xStream(AxonConfig.java:14)
	at com.madhurtoppo.common.config.AxonConfig$$SpringCGLIB$$0.CGLIB$xStream$0(<generated>)
	at com.madhurtoppo.common.config.AxonConfig$$SpringCGLIB$$FastClass$$1.invoke(<generated>)
	at org.springframework.cglib.proxy.MethodProxy.invokeSuper(MethodProxy.java:258)
	at org.springframework.context.annotation.ConfigurationClassEnhancer$BeanMethodInterceptor.intercept(ConfigurationClassEnhancer.java:348)
	at com.madhurtoppo.common.config.AxonConfig$$SpringCGLIB$$0.xStream(<generated>)
	at com.madhurtoppo.common.config.AxonConfig.xStream(AxonConfig.java:14)
	at com.madhurtoppo.common.config.AxonConfig$$SpringCGLIB$$0.CGLIB$xStream$0(<generated>)
	at com.madhurtoppo.common.config.AxonConfig$$SpringCGLIB$$FastClass$$1.invoke(<generated>)
	at org.springframework.cglib.proxy.MethodProxy.invokeSuper(MethodProxy.java:258)
	at org.springframework.context.annotation.ConfigurationClassEnhancer$BeanMethodInterceptor.intercept(ConfigurationClassEnhancer.java:348)
	at com.madhurtoppo.common.config.AxonConfig$$SpringCGLIB$$0.xStream(<generated>)
	at com.madhurtoppo.common.config.AxonConfig.xStream(AxonConfig.java:14)
	at com.madhurtoppo.common.config.AxonConfig$$SpringCGLIB$$0.CGLIB$xStream$0(<generated>)
	at com.madhurtoppo.common.config.AxonConfig$$SpringCGLIB$$FastClass$$1.invoke(<generated>)
	at org.springframework.cglib.proxy.MethodProxy.invokeSuper(MethodProxy.java:258)
	at org.springframework.context.annotation.ConfigurationClassEnhancer$BeanMethodInterceptor.intercept(ConfigurationClassEnhancer.java:348)
	at com.madhurtoppo.common.config.AxonConfig$$SpringCGLIB$$0.xStream(<generated>)
	at com.madhurtoppo.common.config.AxonConfig.xStream(AxonConfig.java:14)
	at com.madhurtoppo.common.config.AxonConfig$$SpringCGLIB$$0.CGLIB$xStream$0(<generated>)
	at com.madhurtoppo.common.config.AxonConfig$$SpringCGLIB$$FastClass$$1.invoke(<generated>)
	at org.springframework.cglib.proxy.MethodProxy.invokeSuper(MethodProxy.java:258)
	at org.springframework.context.annotation.ConfigurationClassEnhancer$BeanMethodInterceptor.intercept(ConfigurationClassEnhancer.java:348)
	at com.madhurtoppo.common.config.AxonConfig$$SpringCGLIB$$0.xStream(<generated>)
	at com.madhurtoppo.common.config.AxonConfig.xStream(AxonConfig.java:14)
	at com.madhurtoppo.common.config.AxonConfig$$SpringCGLIB$$0.CGLIB$xStream$0(<generated>)
	at com.madhurtoppo.common.config.AxonConfig$$SpringCGLIB$$FastClass$$1.invoke(<generated>)
	at org.springframework.cglib.proxy.MethodProxy.invokeSuper(MethodProxy.java:258)
	at org.springframework.context.annotation.ConfigurationClassEnhancer$BeanMethodInterceptor.intercept(ConfigurationClassEnhancer.java:348)
	at com.madhurtoppo.common.config.AxonConfig$$SpringCGLIB$$0.xStream(<generated>)
	at com.madhurtoppo.common.config.AxonConfig.xStream(AxonConfig.java:14)
	at com.madhurtoppo.common.config.AxonConfig$$SpringCGLIB$$0.CGLIB$xStream$0(<generated>)
	at com.madhurtoppo.common.config.AxonConfig$$SpringCGLIB$$FastClass$$1.invoke(<generated>)
	at org.springframework.cglib.proxy.MethodProxy.invokeSuper(MethodProxy.java:258)
	at org.springframework.context.annotation.ConfigurationClassEnhancer$BeanMethodInterceptor.intercept(ConfigurationClassEnhancer.java:348)
	at com.madhurtoppo.common.config.AxonConfig$$SpringCGLIB$$0.xStream(<generated>)
	at com.madhurtoppo.common.config.AxonConfig.xStream(AxonConfig.java:14)
	at com.madhurtoppo.common.config.AxonConfig$$SpringCGLIB$$0.CGLIB$xStream$0(<generated>)
	at com.madhurtoppo.common.config.AxonConfig$$SpringCGLIB$$FastClass$$1.invoke(<generated>)
	at org.springframework.cglib.proxy.MethodProxy.invokeSuper(MethodProxy.java:258)
	at org.springframework.context.annotation.ConfigurationClassEnhancer$BeanMethodInterceptor.intercept(ConfigurationClassEnhancer.java:348)
	at com.madhurtoppo.common.config.AxonConfig$$SpringCGLIB$$0.xStream(<generated>)
	at com.madhurtoppo.common.config.AxonConfig.xStream(AxonConfig.java:14)
	at com.madhurtoppo.common.config.AxonConfig$$SpringCGLIB$$0.CGLIB$xStream$0(<generated>)
	at com.madhurtoppo.common.config.AxonConfig$$SpringCGLIB$$FastClass$$1.invoke(<generated>)
	at org.springframework.cglib.proxy.MethodProxy.invokeSuper(MethodProxy.java:258)
	at org.springframework.context.annotation.ConfigurationClassEnhancer$BeanMethodInterceptor.intercept(ConfigurationClassEnhancer.java:348)
	at com.madhurtoppo.common.config.AxonConfig$$SpringCGLIB$$0.xStream(<generated>)
	at com.madhurtoppo.common.config.AxonConfig.xStream(AxonConfig.java:14)
	at com.madhurtoppo.common.config.AxonConfig$$SpringCGLIB$$0.CGLIB$xStream$0(<generated>)
	at com.madhurtoppo.common.config.AxonConfig$$SpringCGLIB$$FastClass$$1.invoke(<generated>)
	at org.springframework.cglib.proxy.MethodProxy.invokeSuper(MethodProxy.java:258)
	at org.springframework.context.annotation.ConfigurationClassEnhancer$BeanMethodInterceptor.intercept(ConfigurationClassEnhancer.java:348)
	at com.madhurtoppo.common.config.AxonConfig$$SpringCGLIB$$0.xStream(<generated>)
	at com.madhurtoppo.common.config.AxonConfig.xStream(AxonConfig.java:14)
	at com.madhurtoppo.common.config.AxonConfig$$SpringCGLIB$$0.CGLIB$xStream$0(<generated>)
	at com.madhurtoppo.common.config.AxonConfig$$SpringCGLIB$$FastClass$$1.invoke(<generated>)
	at org.springframework.cglib.proxy.MethodProxy.invokeSuper(MethodProxy.java:258)
	at org.springframework.context.annotation.ConfigurationClassEnhancer$BeanMethodInterceptor.intercept(ConfigurationClassEnhancer.java:348)
	at com.madhurtoppo.common.config.AxonConfig$$SpringCGLIB$$0.xStream(<generated>)
	at com.madhurtoppo.common.config.AxonConfig.xStream(AxonConfig.java:14)
	at com.madhurtoppo.common.config.AxonConfig$$SpringCGLIB$$0.CGLIB$xStream$0(<generated>)
	at com.madhurtoppo.common.config.AxonConfig$$SpringCGLIB$$FastClass$$1.invoke(<generated>)
	at org.springframework.cglib.proxy.MethodProxy.invokeSuper(MethodProxy.java:258)
	at org.springframework.context.annotation.ConfigurationClassEnhancer$BeanMethodInterceptor.intercept(ConfigurationClassEnhancer.java:348)
	at com.madhurtoppo.common.config.AxonConfig$$SpringCGLIB$$0.xStream(<generated>)
	at com.madhurtoppo.common.config.AxonConfig.xStream(AxonConfig.java:14)
	at com.madhurtoppo.common.config.AxonConfig$$SpringCGLIB$$0.CGLIB$xStream$0(<generated>)
	at com.madhurtoppo.common.config.AxonConfig$$SpringCGLIB$$FastClass$$1.invoke(<generated>)
	at org.springframework.cglib.proxy.MethodProxy.invokeSuper(MethodProxy.java:258)
	at org.springframework.context.annotation.ConfigurationClassEnhancer$BeanMethodInterceptor.intercept(ConfigurationClassEnhancer.java:348)
	at com.madhurtoppo.common.config.AxonConfig$$SpringCGLIB$$0.xStream(<generated>)
	at com.madhurtoppo.common.config.AxonConfig.xStream(AxonConfig.java:14)
	at com.madhurtoppo.common.config.AxonConfig$$SpringCGLIB$$0.CGLIB$xStream$0(<generated>)
	at com.madhurtoppo.common.config.AxonConfig$$SpringCGLIB$$FastClass$$1.invoke(<generated>)
	at org.springframework.cglib.proxy.MethodProxy.invokeSuper(MethodProxy.java:258)
	at org.springframework.context.annotation.ConfigurationClassEnhancer$BeanMethodInterceptor.intercept(ConfigurationClassEnhancer.java:348)
	at com.madhurtoppo.common.config.AxonConfig$$SpringCGLIB$$0.xStream(<generated>)
	at com.madhurtoppo.common.config.AxonConfig.xStream(AxonConfig.java:14)
	at com.madhurtoppo.common.config.AxonConfig$$SpringCGLIB$$0.CGLIB$xStream$0(<generated>)
	at com.madhurtoppo.common.config.AxonConfig$$SpringCGLIB$$FastClass$$1.invoke(<generated>)
	at org.springframework.cglib.proxy.MethodProxy.invokeSuper(MethodProxy.java:258)
	at org.springframework.context.annotation.ConfigurationClassEnhancer$BeanMethodInterceptor.intercept(ConfigurationClassEnhancer.java:348)
	at com.madhurtoppo.common.config.AxonConfig$$SpringCGLIB$$0.xStream(<generated>)
	at com.madhurtoppo.common.config.AxonConfig.xStream(AxonConfig.java:14)
	at com.madhurtoppo.common.config.AxonConfig$$SpringCGLIB$$0.CGLIB$xStream$0(<generated>)
	at com.madhurtoppo.common.config.AxonConfig$$SpringCGLIB$$FastClass$$1.invoke(<generated>)
	at org.springframework.cglib.proxy.MethodProxy.invokeSuper(MethodProxy.java:258)
	at org.springframework.context.annotation.ConfigurationClassEnhancer$BeanMethodInterceptor.intercept(ConfigurationClassEnhancer.java:348)
	at com.madhurtoppo.common.config.AxonConfig$$SpringCGLIB$$0.xStream(<generated>)
	at com.madhurtoppo.common.config.AxonConfig.xStream(AxonConfig.java:14)
	at com.madhurtoppo.common.config.AxonConfig$$SpringCGLIB$$0.CGLIB$xStream$0(<generated>)
	at com.madhurtoppo.common.config.AxonConfig$$SpringCGLIB$$FastClass$$1.invoke(<generated>)
	at org.springframework.cglib.proxy.MethodProxy.invokeSuper(MethodProxy.java:258)
	at org.springframework.context.annotation.ConfigurationClassEnhancer$BeanMethodInterceptor.intercept(ConfigurationClassEnhancer.java:348)
	at com.madhurtoppo.common.config.AxonConfig$$SpringCGLIB$$0.xStream(<generated>)
	at com.madhurtoppo.common.config.AxonConfig.xStream(AxonConfig.java:14)
	at com.madhurtoppo.common.config.AxonConfig$$SpringCGLIB$$0.CGLIB$xStream$0(<generated>)
	at com.madhurtoppo.common.config.AxonConfig$$SpringCGLIB$$FastClass$$1.invoke(<generated>)
	at org.springframework.cglib.proxy.MethodProxy.invokeSuper(MethodProxy.java:258)
	at org.springframework.context.annotation.ConfigurationClassEnhancer$BeanMethodInterceptor.intercept(ConfigurationClassEnhancer.java:348)
	at com.madhurtoppo.common.config.AxonConfig$$SpringCGLIB$$0.xStream(<generated>)
	at com.madhurtoppo.common.config.AxonConfig.xStream(AxonConfig.java:14)
	at com.madhurtoppo.common.config.AxonConfig$$SpringCGLIB$$0.CGLIB$xStream$0(<generated>)
	at com.madhurtoppo.common.config.AxonConfig$$SpringCGLIB$$FastClass$$1.invoke(<generated>)
	at org.springframework.cglib.proxy.MethodProxy.invokeSuper(MethodProxy.java:258)
	at org.springframework.context.annotation.ConfigurationClassEnhancer$BeanMethodInterceptor.intercept(ConfigurationClassEnhancer.java:348)
	at com.madhurtoppo.common.config.AxonConfig$$SpringCGLIB$$0.xStream(<generated>)
	at com.madhurtoppo.common.config.AxonConfig.xStream(AxonConfig.java:14)
	at com.madhurtoppo.common.config.AxonConfig$$SpringCGLIB$$0.CGLIB$xStream$0(<generated>)
	at com.madhurtoppo.common.config.AxonConfig$$SpringCGLIB$$FastClass$$1.invoke(<generated>)
	at org.springframework.cglib.proxy.MethodProxy.invokeSuper(MethodProxy.java:258)
	at org.springframework.context.annotation.ConfigurationClassEnhancer$BeanMethodInterceptor.intercept(ConfigurationClassEnhancer.java:348)
	at com.madhurtoppo.common.config.AxonConfig$$SpringCGLIB$$0.xStream(<generated>)
	at com.madhurtoppo.common.config.AxonConfig.xStream(AxonConfig.java:14)
	at com.madhurtoppo.common.config.AxonConfig$$SpringCGLIB$$0.CGLIB$xStream$0(<generated>)
	at com.madhurtoppo.common.config.AxonConfig$$SpringCGLIB$$FastClass$$1.invoke(<generated>)
	at org.springframework.cglib.proxy.MethodProxy.invokeSuper(MethodProxy.java:258)
	at org.springframework.context.annotation.ConfigurationClassEnhancer$BeanMethodInterceptor.intercept(ConfigurationClassEnhancer.java:348)
	at com.madhurtoppo.common.config.AxonConfig$$SpringCGLIB$$0.xStream(<generated>)
	at com.madhurtoppo.common.config.AxonConfig.xStream(AxonConfig.java:14)
	at com.madhurtoppo.common.config.AxonConfig$$SpringCGLIB$$0.CGLIB$xStream$0(<generated>)
	at com.madhurtoppo.common.config.AxonConfig$$SpringCGLIB$$FastClass$$1.invoke(<generated>)
	at org.springframework.cglib.proxy.MethodProxy.invokeSuper(MethodProxy.java:258)
	at org.springframework.context.annotation.ConfigurationClassEnhancer$BeanMethodInterceptor.intercept(ConfigurationClassEnhancer.java:348)
	at com.madhurtoppo.common.config.AxonConfig$$SpringCGLIB$$0.xStream(<generated>)
	at com.madhurtoppo.common.config.AxonConfig.xStream(AxonConfig.java:14)
	at com.madhurtoppo.common.config.AxonConfig$$SpringCGLIB$$0.CGLIB$xStream$0(<generated>)
	at com.madhurtoppo.common.config.AxonConfig$$SpringCGLIB$$FastClass$$1.invoke(<generated>)
	at org.springframework.cglib.proxy.MethodProxy.invokeSuper(MethodProxy.java:258)
	at org.springframework.context.annotation.ConfigurationClassEnhancer$BeanMethodInterceptor.intercept(ConfigurationClassEnhancer.java:348)
	at com.madhurtoppo.common.config.AxonConfig$$SpringCGLIB$$0.xStream(<generated>)
	at com.madhurtoppo.common.config.AxonConfig.xStream(AxonConfig.java:14)
	at com.madhurtoppo.common.config.AxonConfig$$SpringCGLIB$$0.CGLIB$xStream$0(<generated>)
	at com.madhurtoppo.common.config.AxonConfig$$SpringCGLIB$$FastClass$$1.invoke(<generated>)
	at org.springframework.cglib.proxy.MethodProxy.invokeSuper(MethodProxy.java:258)
	at org.springframework.context.annotation.ConfigurationClassEnhancer$BeanMethodInterceptor.intercept(ConfigurationClassEnhancer.java:348)
	at com.madhurtoppo.common.config.AxonConfig$$SpringCGLIB$$0.xStream(<generated>)
	at com.madhurtoppo.common.config.AxonConfig.xStream(AxonConfig.java:14)
	at com.madhurtoppo.common.config.AxonConfig$$SpringCGLIB$$0.CGLIB$xStream$0(<generated>)
	at com.madhurtoppo.common.config.AxonConfig$$SpringCGLIB$$FastClass$$1.invoke(<generated>)
	at org.springframework.cglib.proxy.MethodProxy.invokeSuper(MethodProxy.java:258)
	at org.springframework.context.annotation.ConfigurationClassEnhancer$BeanMethodInterceptor.intercept(ConfigurationClassEnhancer.java:348)
	at com.madhurtoppo.common.config.AxonConfig$$SpringCGLIB$$0.xStream(<generated>)
	at com.madhurtoppo.common.config.AxonConfig.xStream(AxonConfig.java:14)
	at com.madhurtoppo.common.config.AxonConfig$$SpringCGLIB$$0.CGLIB$xStream$0(<generated>)
	at com.madhurtoppo.common.config.AxonConfig$$SpringCGLIB$$FastClass$$1.invoke(<generated>)
	at org.springframework.cglib.proxy.MethodProxy.invokeSuper(MethodProxy.java:258)
	at org.springframework.context.annotation.ConfigurationClassEnhancer$BeanMethodInterceptor.intercept(ConfigurationClassEnhancer.java:348)
	at com.madhurtoppo.common.config.AxonConfig$$SpringCGLIB$$0.xStream(<generated>)
	at com.madhurtoppo.common.config.AxonConfig.xStream(AxonConfig.java:14)
	at com.madhurtoppo.common.config.AxonConfig$$SpringCGLIB$$0.CGLIB$xStream$0(<generated>)
	at com.madhurtoppo.common.config.AxonConfig$$SpringCGLIB$$FastClass$$1.invoke(<generated>)
	at org.springframework.cglib.proxy.MethodProxy.invokeSuper(MethodProxy.java:258)
	at org.springframework.context.annotation.ConfigurationClassEnhancer$BeanMethodInterceptor.intercept(ConfigurationClassEnhancer.java:348)
	at com.madhurtoppo.common.config.AxonConfig$$SpringCGLIB$$0.xStream(<generated>)
	at com.madhurtoppo.common.config.AxonConfig.xStream(AxonConfig.java:14)
	at com.madhurtoppo.common.config.AxonConfig$$SpringCGLIB$$0.CGLIB$xStream$0(<generated>)
	at com.madhurtoppo.common.config.AxonConfig$$SpringCGLIB$$FastClass$$1.invoke(<generated>)
	at org.springframework.cglib.proxy.MethodProxy.invokeSuper(MethodProxy.java:258)
	at org.springframework.context.annotation.ConfigurationClassEnhancer$BeanMethodInterceptor.intercept(ConfigurationClassEnhancer.java:348)
	at com.madhurtoppo.common.config.AxonConfig$$SpringCGLIB$$0.xStream(<generated>)
	at com.madhurtoppo.common.config.AxonConfig.xStream(AxonConfig.java:14)
	at com.madhurtoppo.common.config.AxonConfig$$SpringCGLIB$$0.CGLIB$xStream$0(<generated>)
	at com.madhurtoppo.common.config.AxonConfig$$SpringCGLIB$$FastClass$$1.invoke(<generated>)
	at org.springframework.cglib.proxy.MethodProxy.invokeSuper(MethodProxy.java:258)
	at org.springframework.context.annotation.ConfigurationClassEnhancer$BeanMethodInterceptor.intercept(ConfigurationClassEnhancer.java:348)
	at com.madhurtoppo.common.config.AxonConfig$$SpringCGLIB$$0.xStream(<generated>)
	at com.madhurtoppo.common.config.AxonConfig.xStream(AxonConfig.java:14)
	at com.madhurtoppo.common.config.AxonConfig$$SpringCGLIB$$0.CGLIB$xStream$0(<generated>)
	at com.madhurtoppo.common.config.AxonConfig$$SpringCGLIB$$FastClass$$1.invoke(<generated>)
	at org.springframework.cglib.proxy.MethodProxy.invokeSuper(MethodProxy.java:258)
	at org.springframework.context.annotation.ConfigurationClassEnhancer$BeanMethodInterceptor.intercept(ConfigurationClassEnhancer.java:348)
	at com.madhurtoppo.common.config.AxonConfig$$SpringCGLIB$$0.xStream(<generated>)
	at com.madhurtoppo.common.config.AxonConfig.xStream(AxonConfig.java:14)
	at com.madhurtoppo.common.config.AxonConfig$$SpringCGLIB$$0.CGLIB$xStream$0(<generated>)
	at com.madhurtoppo.common.config.AxonConfig$$SpringCGLIB$$FastClass$$1.invoke(<generated>)
	at org.springframework.cglib.proxy.MethodProxy.invokeSuper(MethodProxy.java:258)
	at org.springframework.context.annotation.ConfigurationClassEnhancer$BeanMethodInterceptor.intercept(ConfigurationClassEnhancer.java:348)
	at com.madhurtoppo.common.config.AxonConfig$$SpringCGLIB$$0.xStream(<generated>)
	at com.madhurtoppo.common.config.AxonConfig.xStream(AxonConfig.java:14)
	at com.madhurtoppo.common.config.AxonConfig$$SpringCGLIB$$0.CGLIB$xStream$0(<generated>)
	at com.madhurtoppo.common.config.AxonConfig$$SpringCGLIB$$FastClass$$1.invoke(<generated>)
	at org.springframework.cglib.proxy.MethodProxy.invokeSuper(MethodProxy.java:258)
	at org.springframework.context.annotation.ConfigurationClassEnhancer$BeanMethodInterceptor.intercept(ConfigurationClassEnhancer.java:348)
	at com.madhurtoppo.common.config.AxonConfig$$SpringCGLIB$$0.xStream(<generated>)
	at com.madhurtoppo.common.config.AxonConfig.xStream(AxonConfig.java:14)
	at com.madhurtoppo.common.config.AxonConfig$$SpringCGLIB$$0.CGLIB$xStream$0(<generated>)
	at com.madhurtoppo.common.config.AxonConfig$$SpringCGLIB$$FastClass$$1.invoke(<generated>)
	at org.springframework.cglib.proxy.MethodProxy.invokeSuper(MethodProxy.java:258)
	at org.springframework.context.annotation.ConfigurationClassEnhancer$BeanMethodInterceptor.intercept(ConfigurationClassEnhancer.java:348)
	at com.madhurtoppo.common.config.AxonConfig$$SpringCGLIB$$0.xStream(<generated>)
	at com.madhurtoppo.common.config.AxonConfig.xStream(AxonConfig.java:14)
	at com.madhurtoppo.common.config.AxonConfig$$SpringCGLIB$$0.CGLIB$xStream$0(<generated>)
	at com.madhurtoppo.common.config.AxonConfig$$SpringCGLIB$$FastClass$$1.invoke(<generated>)
	at org.springframework.cglib.proxy.MethodProxy.invokeSuper(MethodProxy.java:258)
	at org.springframework.context.annotation.ConfigurationClassEnhancer$BeanMethodInterceptor.intercept(ConfigurationClassEnhancer.java:348)
	at com.madhurtoppo.common.config.AxonConfig$$SpringCGLIB$$0.xStream(<generated>)
	at com.madhurtoppo.common.config.AxonConfig.xStream(AxonConfig.java:14)
	at com.madhurtoppo.common.config.AxonConfig$$SpringCGLIB$$0.CGLIB$xStream$0(<generated>)
	at com.madhurtoppo.common.config.AxonConfig$$SpringCGLIB$$FastClass$$1.invoke(<generated>)
	at org.springframework.cglib.proxy.MethodProxy.invokeSuper(MethodProxy.java:258)
	at org.springframework.context.annotation.ConfigurationClassEnhancer$BeanMethodInterceptor.intercept(ConfigurationClassEnhancer.java:348)
	at com.madhurtoppo.common.config.AxonConfig$$SpringCGLIB$$0.xStream(<generated>)
	at com.madhurtoppo.common.config.AxonConfig.xStream(AxonConfig.java:14)
	at com.madhurtoppo.common.config.AxonConfig$$SpringCGLIB$$0.CGLIB$xStream$0(<generated>)
	at com.madhurtoppo.common.config.AxonConfig$$SpringCGLIB$$FastClass$$1.invoke(<generated>)
	at org.springframework.cglib.proxy.MethodProxy.invokeSuper(MethodProxy.java:258)
	at org.springframework.context.annotation.ConfigurationClassEnhancer$BeanMethodInterceptor.intercept(ConfigurationClassEnhancer.java:348)
	at com.madhurtoppo.common.config.AxonConfig$$SpringCGLIB$$0.xStream(<generated>)
	at com.madhurtoppo.common.config.AxonConfig.xStream(AxonConfig.java:14)
	at com.madhurtoppo.common.config.AxonConfig$$SpringCGLIB$$0.CGLIB$xStream$0(<generated>)
	at com.madhurtoppo.common.config.AxonConfig$$SpringCGLIB$$FastClass$$1.invoke(<generated>)
	at org.springframework.cglib.proxy.MethodProxy.invokeSuper(MethodProxy.java:258)
	at org.springframework.context.annotation.ConfigurationClassEnhancer$BeanMethodInterceptor.intercept(ConfigurationClassEnhancer.java:348)
	at com.madhurtoppo.common.config.AxonConfig$$SpringCGLIB$$0.xStream(<generated>)
	at com.madhurtoppo.common.config.AxonConfig.xStream(AxonConfig.java:14)
	at com.madhurtoppo.common.config.AxonConfig$$SpringCGLIB$$0.CGLIB$xStream$0(<generated>)
	at com.madhurtoppo.common.config.AxonConfig$$SpringCGLIB$$FastClass$$1.invoke(<generated>)
	at org.springframework.cglib.proxy.MethodProxy.invokeSuper(MethodProxy.java:258)
	at org.springframework.context.annotation.ConfigurationClassEnhancer$BeanMethodInterceptor.intercept(ConfigurationClassEnhancer.java:348)
	at com.madhurtoppo.common.config.AxonConfig$$SpringCGLIB$$0.xStream(<generated>)
	at com.madhurtoppo.common.config.AxonConfig.xStream(AxonConfig.java:14)
	at com.madhurtoppo.common.config.AxonConfig$$SpringCGLIB$$0.CGLIB$xStream$0(<generated>)
	at com.madhurtoppo.common.config.AxonConfig$$SpringCGLIB$$FastClass$$1.invoke(<generated>)
	at org.springframework.cglib.proxy.MethodProxy.invokeSuper(MethodProxy.java:258)
	at org.springframework.context.annotation.ConfigurationClassEnhancer$BeanMethodInterceptor.intercept(ConfigurationClassEnhancer.java:348)
	at com.madhurtoppo.common.config.AxonConfig$$SpringCGLIB$$0.xStream(<generated>)
	at com.madhurtoppo.common.config.AxonConfig.xStream(AxonConfig.java:14)
	at com.madhurtoppo.common.config.AxonConfig$$SpringCGLIB$$0.CGLIB$xStream$0(<generated>)
	at com.madhurtoppo.common.config.AxonConfig$$SpringCGLIB$$FastClass$$1.invoke(<generated>)
	at org.springframework.cglib.proxy.MethodProxy.invokeSuper(MethodProxy.java:258)
	at org.springframework.context.annotation.ConfigurationClassEnhancer$BeanMethodInterceptor.intercept(ConfigurationClassEnhancer.java:348)
	at com.madhurtoppo.common.config.AxonConfig$$SpringCGLIB$$0.xStream(<generated>)
	at com.madhurtoppo.common.config.AxonConfig.xStream(AxonConfig.java:14)
	at com.madhurtoppo.common.config.AxonConfig$$SpringCGLIB$$0.CGLIB$xStream$0(<generated>)
	at com.madhurtoppo.common.config.AxonConfig$$SpringCGLIB$$FastClass$$1.invoke(<generated>)
	at org.springframework.cglib.proxy.MethodProxy.invokeSuper(MethodProxy.java:258)
	at org.springframework.context.annotation.ConfigurationClassEnhancer$BeanMethodInterceptor.intercept(ConfigurationClassEnhancer.java:348)
	at com.madhurtoppo.common.config.AxonConfig$$SpringCGLIB$$0.xStream(<generated>)
	at com.madhurtoppo.common.config.AxonConfig.xStream(AxonConfig.java:14)
	at com.madhurtoppo.common.config.AxonConfig$$SpringCGLIB$$0.CGLIB$xStream$0(<generated>)
	at com.madhurtoppo.common.config.AxonConfig$$SpringCGLIB$$FastClass$$1.invoke(<generated>)
	at org.springframework.cglib.proxy.MethodProxy.invokeSuper(MethodProxy.java:258)
	at org.springframework.context.annotation.ConfigurationClassEnhancer$BeanMethodInterceptor.intercept(ConfigurationClassEnhancer.java:348)
	at com.madhurtoppo.common.config.AxonConfig$$SpringCGLIB$$0.xStream(<generated>)
	at com.madhurtoppo.common.config.AxonConfig.xStream(AxonConfig.java:14)
	at com.madhurtoppo.common.config.AxonConfig$$SpringCGLIB$$0.CGLIB$xStream$0(<generated>)
	at com.madhurtoppo.common.config.AxonConfig$$SpringCGLIB$$FastClass$$1.invoke(<generated>)
	at org.springframework.cglib.proxy.MethodProxy.invokeSuper(MethodProxy.java:258)
	at org.springframework.context.annotation.ConfigurationClassEnhancer$BeanMethodInterceptor.intercept(ConfigurationClassEnhancer.java:348)
	at com.madhurtoppo.common.config.AxonConfig$$SpringCGLIB$$0.xStream(<generated>)
	at com.madhurtoppo.common.config.AxonConfig.xStream(AxonConfig.java:14)
	at com.madhurtoppo.common.config.AxonConfig$$SpringCGLIB$$0.CGLIB$xStream$0(<generated>)
	at com.madhurtoppo.common.config.AxonConfig$$SpringCGLIB$$FastClass$$1.invoke(<generated>)
	at org.springframework.cglib.proxy.MethodProxy.invokeSuper(MethodProxy.java:258)
	at org.springframework.context.annotation.ConfigurationClassEnhancer$BeanMethodInterceptor.intercept(ConfigurationClassEnhancer.java:348)
	at com.madhurtoppo.common.config.AxonConfig$$SpringCGLIB$$0.xStream(<generated>)
	at com.madhurtoppo.common.config.AxonConfig.xStream(AxonConfig.java:14)
	at com.madhurtoppo.common.config.AxonConfig$$SpringCGLIB$$0.CGLIB$xStream$0(<generated>)
	at com.madhurtoppo.common.config.AxonConfig$$SpringCGLIB$$FastClass$$1.invoke(<generated>)
	at org.springframework.cglib.proxy.MethodProxy.invokeSuper(MethodProxy.java:258)
	at org.springframework.context.annotation.ConfigurationClassEnhancer$BeanMethodInterceptor.intercept(ConfigurationClassEnhancer.java:348)
	at com.madhurtoppo.common.config.AxonConfig$$SpringCGLIB$$0.xStream(<generated>)
	at com.madhurtoppo.common.config.AxonConfig.xStream(AxonConfig.java:14)
	at com.madhurtoppo.common.config.AxonConfig$$SpringCGLIB$$0.CGLIB$xStream$0(<generated>)
	at com.madhurtoppo.common.config.AxonConfig$$SpringCGLIB$$FastClass$$1.invoke(<generated>)
	at org.springframework.cglib.proxy.MethodProxy.invokeSuper(MethodProxy.java:258)
	at org.springframework.context.annotation.ConfigurationClassEnhancer$BeanMethodInterceptor.intercept(ConfigurationClassEnhancer.java:348)
	at com.madhurtoppo.common.config.AxonConfig$$SpringCGLIB$$0.xStream(<generated>)
	at com.madhurtoppo.common.config.AxonConfig.xStream(AxonConfig.java:14)
	at com.madhurtoppo.common.config.AxonConfig$$SpringCGLIB$$0.CGLIB$xStream$0(<generated>)
	at com.madhurtoppo.common.config.AxonConfig$$SpringCGLIB$$FastClass$$1.invoke(<generated>)
	at org.springframework.cglib.proxy.MethodProxy.invokeSuper(MethodProxy.java:258)
	at org.springframework.context.annotation.ConfigurationClassEnhancer$BeanMethodInterceptor.intercept(ConfigurationClassEnhancer.java:348)
	at com.madhurtoppo.common.config.AxonConfig$$SpringCGLIB$$0.xStream(<generated>)
	at com.madhurtoppo.common.config.AxonConfig.xStream(AxonConfig.java:14)
	at com.madhurtoppo.common.config.AxonConfig$$SpringCGLIB$$0.CGLIB$xStream$0(<generated>)
	at com.madhurtoppo.common.config.AxonConfig$$SpringCGLIB$$FastClass$$1.invoke(<generated>)
	at org.springframework.cglib.proxy.MethodProxy.invokeSuper(MethodProxy.java:258)
	at org.springframework.context.annotation.ConfigurationClassEnhancer$BeanMethodInterceptor.intercept(ConfigurationClassEnhancer.java:348)
	at com.madhurtoppo.common.config.AxonConfig$$SpringCGLIB$$0.xStream(<generated>)
	at com.madhurtoppo.common.config.AxonConfig.xStream(AxonConfig.java:14)
	at com.madhurtoppo.common.config.AxonConfig$$SpringCGLIB$$0.CGLIB$xStream$0(<generated>)
	at com.madhurtoppo.common.config.AxonConfig$$SpringCGLIB$$FastClass$$1.invoke(<generated>)
	at org.springframework.cglib.proxy.MethodProxy.invokeSuper(MethodProxy.java:258)
	at org.springframework.context.annotation.ConfigurationClassEnhancer$BeanMethodInterceptor.intercept(ConfigurationClassEnhancer.java:348)
	at com.madhurtoppo.common.config.AxonConfig$$SpringCGLIB$$0.xStream(<generated>)
	at com.madhurtoppo.common.config.AxonConfig.xStream(AxonConfig.java:14)
	at com.madhurtoppo.common.config.AxonConfig$$SpringCGLIB$$0.CGLIB$xStream$0(<generated>)
	at com.madhurtoppo.common.config.AxonConfig$$SpringCGLIB$$FastClass$$1.invoke(<generated>)
	at org.springframework.cglib.proxy.MethodProxy.invokeSuper(MethodProxy.java:258)
	at org.springframework.context.annotation.ConfigurationClassEnhancer$BeanMethodInterceptor.intercept(ConfigurationClassEnhancer.java:348)
	at com.madhurtoppo.common.config.AxonConfig$$SpringCGLIB$$0.xStream(<generated>)
	at com.madhurtoppo.common.config.AxonConfig.xStream(AxonConfig.java:14)
	at com.madhurtoppo.common.config.AxonConfig$$SpringCGLIB$$0.CGLIB$xStream$0(<generated>)
	at com.madhurtoppo.common.config.AxonConfig$$SpringCGLIB$$FastClass$$1.invoke(<generated>)
	at org.springframework.cglib.proxy.MethodProxy.invokeSuper(MethodProxy.java:258)
	at org.springframework.context.annotation.ConfigurationClassEnhancer$BeanMethodInterceptor.intercept(ConfigurationClassEnhancer.java:348)
	at com.madhurtoppo.common.config.AxonConfig$$SpringCGLIB$$0.xStream(<generated>)
	at com.madhurtoppo.common.config.AxonConfig.xStream(AxonConfig.java:14)
	at com.madhurtoppo.common.config.AxonConfig$$SpringCGLIB$$0.CGLIB$xStream$0(<generated>)
	at com.madhurtoppo.common.config.AxonConfig$$SpringCGLIB$$FastClass$$1.invoke(<generated>)
	at org.springframework.cglib.proxy.MethodProxy.invokeSuper(MethodProxy.java:258)
	at org.springframework.context.annotation.ConfigurationClassEnhancer$BeanMethodInterceptor.intercept(ConfigurationClassEnhancer.java:348)
	at com.madhurtoppo.common.config.AxonConfig$$SpringCGLIB$$0.xStream(<generated>)
	at com.madhurtoppo.common.config.AxonConfig.xStream(AxonConfig.java:14)
	at com.madhurtoppo.common.config.AxonConfig$$SpringCGLIB$$0.CGLIB$xStream$0(<generated>)
	at com.madhurtoppo.common.config.AxonConfig$$SpringCGLIB$$FastClass$$1.invoke(<generated>)
	at org.springframework.cglib.proxy.MethodProxy.invokeSuper(MethodProxy.java:258)
	at org.springframework.context.annotation.ConfigurationClassEnhancer$BeanMethodInterceptor.intercept(ConfigurationClassEnhancer.java:348)
	at com.madhurtoppo.common.config.AxonConfig$$SpringCGLIB$$0.xStream(<generated>)
	at com.madhurtoppo.common.config.AxonConfig.xStream(AxonConfig.java:14)
	at com.madhurtoppo.common.config.AxonConfig$$SpringCGLIB$$0.CGLIB$xStream$0(<generated>)
	at com.madhurtoppo.common.config.AxonConfig$$SpringCGLIB$$FastClass$$1.invoke(<generated>)
	at org.springframework.cglib.proxy.MethodProxy.invokeSuper(MethodProxy.java:258)
	at org.springframework.context.annotation.ConfigurationClassEnhancer$BeanMethodInterceptor.intercept(ConfigurationClassEnhancer.java:348)
	at com.madhurtoppo.common.config.AxonConfig$$SpringCGLIB$$0.xStream(<generated>)
	at com.madhurtoppo.common.config.AxonConfig.xStream(AxonConfig.java:14)
	at com.madhurtoppo.common.config.AxonConfig$$SpringCGLIB$$0.CGLIB$xStream$0(<generated>)
	at com.madhurtoppo.common.config.AxonConfig$$SpringCGLIB$$FastClass$$1.invoke(<generated>)
	at org.springframework.cglib.proxy.MethodProxy.invokeSuper(MethodProxy.java:258)
	at org.springframework.context.annotation.ConfigurationClassEnhancer$BeanMethodInterceptor.intercept(ConfigurationClassEnhancer.java:348)
	at com.madhurtoppo.common.config.AxonConfig$$SpringCGLIB$$0.xStream(<generated>)
	at com.madhurtoppo.common.config.AxonConfig.xStream(AxonConfig.java:14)
	at com.madhurtoppo.common.config.AxonConfig$$SpringCGLIB$$0.CGLIB$xStream$0(<generated>)
	at com.madhurtoppo.common.config.AxonConfig$$SpringCGLIB$$FastClass$$1.invoke(<generated>)
	at org.springframework.cglib.proxy.MethodProxy.invokeSuper(MethodProxy.java:258)
	at org.springframework.context.annotation.ConfigurationClassEnhancer$BeanMethodInterceptor.intercept(ConfigurationClassEnhancer.java:348)
	at com.madhurtoppo.common.config.AxonConfig$$SpringCGLIB$$0.xStream(<generated>)
	at com.madhurtoppo.common.config.AxonConfig.xStream(AxonConfig.java:14)
	at com.madhurtoppo.common.config.AxonConfig$$SpringCGLIB$$0.CGLIB$xStream$0(<generated>)
	at com.madhurtoppo.common.config.AxonConfig$$SpringCGLIB$$FastClass$$1.invoke(<generated>)
	at org.springframework.cglib.proxy.MethodProxy.invokeSuper(MethodProxy.java:258)
	at org.springframework.context.annotation.ConfigurationClassEnhancer$BeanMethodInterceptor.intercept(ConfigurationClassEnhancer.java:348)
	at com.madhurtoppo.common.config.AxonConfig$$SpringCGLIB$$0.xStream(<generated>)
	at com.madhurtoppo.common.config.AxonConfig.xStream(AxonConfig.java:14)
	at com.madhurtoppo.common.config.AxonConfig$$SpringCGLIB$$0.CGLIB$xStream$0(<generated>)
	at com.madhurtoppo.common.config.AxonConfig$$SpringCGLIB$$FastClass$$1.invoke(<generated>)
	at org.springframework.cglib.proxy.MethodProxy.invokeSuper(MethodProxy.java:258)
	at org.springframework.context.annotation.ConfigurationClassEnhancer$BeanMethodInterceptor.intercept(ConfigurationClassEnhancer.java:348)
	at com.madhurtoppo.common.config.AxonConfig$$SpringCGLIB$$0.xStream(<generated>)
	at com.madhurtoppo.common.config.AxonConfig.xStream(AxonConfig.java:14)
	at com.madhurtoppo.common.config.AxonConfig$$SpringCGLIB$$0.CGLIB$xStream$0(<generated>)
	at com.madhurtoppo.common.config.AxonConfig$$SpringCGLIB$$FastClass$$1.invoke(<generated>)
	at org.springframework.cglib.proxy.MethodProxy.invokeSuper(MethodProxy.java:258)
	at org.springframework.context.annotation.ConfigurationClassEnhancer$BeanMethodInterceptor.intercept(ConfigurationClassEnhancer.java:348)
	at com.madhurtoppo.common.config.AxonConfig$$SpringCGLIB$$0.xStream(<generated>)
	at com.madhurtoppo.common.config.AxonConfig.xStream(AxonConfig.java:14)
	at com.madhurtoppo.common.config.AxonConfig$$SpringCGLIB$$0.CGLIB$xStream$0(<generated>)
	at com.madhurtoppo.common.config.AxonConfig$$SpringCGLIB$$FastClass$$1.invoke(<generated>)
	at org.springframework.cglib.proxy.MethodProxy.invokeSuper(MethodProxy.java:258)
	at org.springframework.context.annotation.ConfigurationClassEnhancer$BeanMethodInterceptor.intercept(ConfigurationClassEnhancer.java:348)
	at com.madhurtoppo.common.config.AxonConfig$$SpringCGLIB$$0.xStream(<generated>)
	at com.madhurtoppo.common.config.AxonConfig.xStream(AxonConfig.java:14)
	at com.madhurtoppo.common.config.AxonConfig$$SpringCGLIB$$0.CGLIB$xStream$0(<generated>)
	at com.madhurtoppo.common.config.AxonConfig$$SpringCGLIB$$FastClass$$1.invoke(<generated>)
	at org.springframework.cglib.proxy.MethodProxy.invokeSuper(MethodProxy.java:258)
	at org.springframework.context.annotation.ConfigurationClassEnhancer$BeanMethodInterceptor.intercept(ConfigurationClassEnhancer.java:348)
	at com.madhurtoppo.common.config.AxonConfig$$SpringCGLIB$$0.xStream(<generated>)
	at com.madhurtoppo.common.config.AxonConfig.xStream(AxonConfig.java:14)
	at com.madhurtoppo.common.config.AxonConfig$$SpringCGLIB$$0.CGLIB$xStream$0(<generated>)
	at com.madhurtoppo.common.config.AxonConfig$$SpringCGLIB$$FastClass$$1.invoke(<generated>)
	at org.springframework.cglib.proxy.MethodProxy.invokeSuper(MethodProxy.java:258)
	at org.springframework.context.annotation.ConfigurationClassEnhancer$BeanMethodInterceptor.intercept(ConfigurationClassEnhancer.java:348)
	at com.madhurtoppo.common.config.AxonConfig$$SpringCGLIB$$0.xStream(<generated>)
	at com.madhurtoppo.common.config.AxonConfig.xStream(AxonConfig.java:14)
	at com.madhurtoppo.common.config.AxonConfig$$SpringCGLIB$$0.CGLIB$xStream$0(<generated>)
	at com.madhurtoppo.common.config.AxonConfig$$SpringCGLIB$$FastClass$$1.invoke(<generated>)
	at org.springframework.cglib.proxy.MethodProxy.invokeSuper(MethodProxy.java:258)
	at org.springframework.context.annotation.ConfigurationClassEnhancer$BeanMethodInterceptor.intercept(ConfigurationClassEnhancer.java:348)
	at com.madhurtoppo.common.config.AxonConfig$$SpringCGLIB$$0.xStream(<generated>)
	at com.madhurtoppo.common.config.AxonConfig.xStream(AxonConfig.java:14)
	at com.madhurtoppo.common.config.AxonConfig$$SpringCGLIB$$0.CGLIB$xStream$0(<generated>)
	at com.madhurtoppo.common.config.AxonConfig$$SpringCGLIB$$FastClass$$1.invoke(<generated>)
	at org.springframework.cglib.proxy.MethodProxy.invokeSuper(MethodProxy.java:258)
	at org.springframework.context.annotation.ConfigurationClassEnhancer$BeanMethodInterceptor.intercept(ConfigurationClassEnhancer.java:348)
	at com.madhurtoppo.common.config.AxonConfig$$SpringCGLIB$$0.xStream(<generated>)
	at com.madhurtoppo.common.config.AxonConfig.xStream(AxonConfig.java:14)
	at com.madhurtoppo.common.config.AxonConfig$$SpringCGLIB$$0.CGLIB$xStream$0(<generated>)
	at com.madhurtoppo.common.config.AxonConfig$$SpringCGLIB$$FastClass$$1.invoke(<generated>)
	at org.springframework.cglib.proxy.MethodProxy.invokeSuper(MethodProxy.java:258)
	at org.springframework.context.annotation.ConfigurationClassEnhancer$BeanMethodInterceptor.intercept(ConfigurationClassEnhancer.java:348)
	at com.madhurtoppo.common.config.AxonConfig$$SpringCGLIB$$0.xStream(<generated>)
	at com.madhurtoppo.common.config.AxonConfig.xStream(AxonConfig.java:14)
	at com.madhurtoppo.common.config.AxonConfig$$SpringCGLIB$$0.CGLIB$xStream$0(<generated>)
	at com.madhurtoppo.common.config.AxonConfig$$SpringCGLIB$$FastClass$$1.invoke(<generated>)
	at org.springframework.cglib.proxy.MethodProxy.invokeSuper(MethodProxy.java:258)
	at org.springframework.context.annotation.ConfigurationClassEnhancer$BeanMethodInterceptor.intercept(ConfigurationClassEnhancer.java:348)
	at com.madhurtoppo.common.config.AxonConfig$$SpringCGLIB$$0.xStream(<generated>)
	at com.madhurtoppo.common.config.AxonConfig.xStream(AxonConfig.java:14)
	at com.madhurtoppo.common.config.AxonConfig$$SpringCGLIB$$0.CGLIB$xStream$0(<generated>)
	at com.madhurtoppo.common.config.AxonConfig$$SpringCGLIB$$FastClass$$1.invoke(<generated>)
	at org.springframework.cglib.proxy.MethodProxy.invokeSuper(MethodProxy.java:258)
	at org.springframework.context.annotation.ConfigurationClassEnhancer$BeanMethodInterceptor.intercept(ConfigurationClassEnhancer.java:348)
	at com.madhurtoppo.common.config.AxonConfig$$SpringCGLIB$$0.xStream(<generated>)
	at com.madhurtoppo.common.config.AxonConfig.xStream(AxonConfig.java:14)
	at com.madhurtoppo.common.config.AxonConfig$$SpringCGLIB$$0.CGLIB$xStream$0(<generated>)
	at com.madhurtoppo.common.config.AxonConfig$$SpringCGLIB$$FastClass$$1.invoke(<generated>)
	at org.springframework.cglib.proxy.MethodProxy.invokeSuper(MethodProxy.java:258)
	at org.springframework.context.annotation.ConfigurationClassEnhancer$BeanMethodInterceptor.intercept(ConfigurationClassEnhancer.java:348)
	at com.madhurtoppo.common.config.AxonConfig$$SpringCGLIB$$0.xStream(<generated>)
	at com.madhurtoppo.common.config.AxonConfig.xStream(AxonConfig.java:14)
	at com.madhurtoppo.common.config.AxonConfig$$SpringCGLIB$$0.CGLIB$xStream$0(<generated>)
	at com.madhurtoppo.common.config.AxonConfig$$SpringCGLIB$$FastClass$$1.invoke(<generated>)
	at org.springframework.cglib.proxy.MethodProxy.invokeSuper(MethodProxy.java:258)
	at org.springframework.context.annotation.ConfigurationClassEnhancer$BeanMethodInterceptor.intercept(ConfigurationClassEnhancer.java:348)
	at com.madhurtoppo.common.config.AxonConfig$$SpringCGLIB$$0.xStream(<generated>)
	at com.madhurtoppo.common.config.AxonConfig.xStream(AxonConfig.java:14)
	at com.madhurtoppo.common.config.AxonConfig$$SpringCGLIB$$0.CGLIB$xStream$0(<generated>)
	at com.madhurtoppo.common.config.AxonConfig$$SpringCGLIB$$FastClass$$1.invoke(<generated>)
	at org.springframework.cglib.proxy.MethodProxy.invokeSuper(MethodProxy.java:258)
	at org.springframework.context.annotation.ConfigurationClassEnhancer$BeanMethodInterceptor.intercept(ConfigurationClassEnhancer.java:348)
	at com.madhurtoppo.common.config.AxonConfig$$SpringCGLIB$$0.xStream(<generated>)
	at com.madhurtoppo.common.config.AxonConfig.xStream(AxonConfig.java:14)
	at com.madhurtoppo.common.config.AxonConfig$$SpringCGLIB$$0.CGLIB$xStream$0(<generated>)
	at com.madhurtoppo.common.config.AxonConfig$$SpringCGLIB$$FastClass$$1.invoke(<generated>)
	at org.springframework.cglib.proxy.MethodProxy.invokeSuper(MethodProxy.java:258)
	at org.springframework.context.annotation.ConfigurationClassEnhancer$BeanMethodInterceptor.intercept(ConfigurationClassEnhancer.java:348)
	at com.madhurtoppo.common.config.AxonConfig$$SpringCGLIB$$0.xStream(<generated>)
	at com.madhurtoppo.common.config.AxonConfig.xStream(AxonConfig.java:14)
	at com.madhurtoppo.common.config.AxonConfig$$SpringCGLIB$$0.CGLIB$xStream$0(<generated>)
	at com.madhurtoppo.common.config.AxonConfig$$SpringCGLIB$$FastClass$$1.invoke(<generated>)
	at org.springframework.cglib.proxy.MethodProxy.invokeSuper(MethodProxy.java:258)
	at org.springframework.context.annotation.ConfigurationClassEnhancer$BeanMethodInterceptor.intercept(ConfigurationClassEnhancer.java:348)
	at com.madhurtoppo.common.config.AxonConfig$$SpringCGLIB$$0.xStream(<generated>)
	at com.madhurtoppo.common.config.AxonConfig.xStream(AxonConfig.java:14)
	at com.madhurtoppo.common.config.AxonConfig$$SpringCGLIB$$0.CGLIB$xStream$0(<generated>)
	at com.madhurtoppo.common.config.AxonConfig$$SpringCGLIB$$FastClass$$1.invoke(<generated>)
	at org.springframework.cglib.proxy.MethodProxy.invokeSuper(MethodProxy.java:258)
	at org.springframework.context.annotation.ConfigurationClassEnhancer$BeanMethodInterceptor.intercept(ConfigurationClassEnhancer.java:348)
	at com.madhurtoppo.common.config.AxonConfig$$SpringCGLIB$$0.xStream(<generated>)
	at com.madhurtoppo.common.config.AxonConfig.xStream(AxonConfig.java:14)
	at com.madhurtoppo.common.config.AxonConfig$$SpringCGLIB$$0.CGLIB$xStream$0(<generated>)
	at com.madhurtoppo.common.config.AxonConfig$$SpringCGLIB$$FastClass$$1.invoke(<generated>)
	at org.springframework.cglib.proxy.MethodProxy.invokeSuper(MethodProxy.java:258)
	at org.springframework.context.annotation.ConfigurationClassEnhancer$BeanMethodInterceptor.intercept(ConfigurationClassEnhancer.java:348)
	at com.madhurtoppo.common.config.AxonConfig$$SpringCGLIB$$0.xStream(<generated>)
	at com.madhurtoppo.common.config.AxonConfig.xStream(AxonConfig.java:14)
	at com.madhurtoppo.common.config.AxonConfig$$SpringCGLIB$$0.CGLIB$xStream$0(<generated>)
	at com.madhurtoppo.common.config.AxonConfig$$SpringCGLIB$$FastClass$$1.invoke(<generated>)
	at org.springframework.cglib.proxy.MethodProxy.invokeSuper(MethodProxy.java:258)
	at org.springframework.context.annotation.ConfigurationClassEnhancer$BeanMethodInterceptor.intercept(ConfigurationClassEnhancer.java:348)
	at com.madhurtoppo.common.config.AxonConfig$$SpringCGLIB$$0.xStream(<generated>)
	at com.madhurtoppo.common.config.AxonConfig.xStream(AxonConfig.java:14)
	at com.madhurtoppo.common.config.AxonConfig$$SpringCGLIB$$0.CGLIB$xStream$0(<generated>)
	at com.madhurtoppo.common.config.AxonConfig$$SpringCGLIB$$FastClass$$1.invoke(<generated>)
	at org.springframework.cglib.proxy.MethodProxy.invokeSuper(MethodProxy.java:258)
	at org.springframework.context.annotation.ConfigurationClassEnhancer$BeanMethodInterceptor.intercept(ConfigurationClassEnhancer.java:348)
	at com.madhurtoppo.common.config.AxonConfig$$SpringCGLIB$$0.xStream(<generated>)
	at com.madhurtoppo.common.config.AxonConfig.xStream(AxonConfig.java:14)
	at com.madhurtoppo.common.config.AxonConfig$$SpringCGLIB$$0.CGLIB$xStream$0(<generated>)
	at com.madhurtoppo.common.config.AxonConfig$$SpringCGLIB$$FastClass$$1.invoke(<generated>)
	at org.springframework.cglib.proxy.MethodProxy.invokeSuper(MethodProxy.java:258)
	at org.springframework.context.annotation.ConfigurationClassEnhancer$BeanMethodInterceptor.intercept(ConfigurationClassEnhancer.java:348)
	at com.madhurtoppo.common.config.AxonConfig$$SpringCGLIB$$0.xStream(<generated>)
	at com.madhurtoppo.common.config.AxonConfig.xStream(AxonConfig.java:14)
	at com.madhurtoppo.common.config.AxonConfig$$SpringCGLIB$$0.CGLIB$xStream$0(<generated>)
	at com.madhurtoppo.common.config.AxonConfig$$SpringCGLIB$$FastClass$$1.invoke(<generated>)
	at org.springframework.cglib.proxy.MethodProxy.invokeSuper(MethodProxy.java:258)
	at org.springframework.context.annotation.ConfigurationClassEnhancer$BeanMethodInterceptor.intercept(ConfigurationClassEnhancer.java:348)
	at com.madhurtoppo.common.config.AxonConfig$$SpringCGLIB$$0.xStream(<generated>)
	at com.madhurtoppo.common.config.AxonConfig.xStream(AxonConfig.java:14)
	at com.madhurtoppo.common.config.AxonConfig$$SpringCGLIB$$0.CGLIB$xStream$0(<generated>)
	at com.madhurtoppo.common.config.AxonConfig$$SpringCGLIB$$FastClass$$1.invoke(<generated>)
	at org.springframework.cglib.proxy.MethodProxy.invokeSuper(MethodProxy.java:258)
	at org.springframework.context.annotation.ConfigurationClassEnhancer$BeanMethodInterceptor.intercept(ConfigurationClassEnhancer.java:348)
	at com.madhurtoppo.common.config.AxonConfig$$SpringCGLIB$$0.xStream(<generated>)
	at com.madhurtoppo.common.config.AxonConfig.xStream(AxonConfig.java:14)
	at com.madhurtoppo.common.config.AxonConfig$$SpringCGLIB$$0.CGLIB$xStream$0(<generated>)
	at com.madhurtoppo.common.config.AxonConfig$$SpringCGLIB$$FastClass$$1.invoke(<generated>)
	at org.springframework.cglib.proxy.MethodProxy.invokeSuper(MethodProxy.java:258)
	at org.springframework.context.annotation.ConfigurationClassEnhancer$BeanMethodInterceptor.intercept(ConfigurationClassEnhancer.java:348)
	at com.madhurtoppo.common.config.AxonConfig$$SpringCGLIB$$0.xStream(<generated>)
	at com.madhurtoppo.common.config.AxonConfig.xStream(AxonConfig.java:14)
	at com.madhurtoppo.common.config.AxonConfig$$SpringCGLIB$$0.CGLIB$xStream$0(<generated>)
	at com.madhurtoppo.common.config.AxonConfig$$SpringCGLIB$$FastClass$$1.invoke(<generated>)
	at org.springframework.cglib.proxy.MethodProxy.invokeSuper(MethodProxy.java:258)
	at org.springframework.context.annotation.ConfigurationClassEnhancer$BeanMethodInterceptor.intercept(ConfigurationClassEnhancer.java:348)
	at com.madhurtoppo.common.config.AxonConfig$$SpringCGLIB$$0.xStream(<generated>)
&amp#27;[32m12:35:03.517&amp#27;[0;39m &amp#27;[34mWARN &amp#27;[0;39m &amp#27;[31m[main]&amp#27;[0;39m &amp#27;[33mo.s.t.c.TestContextManager&amp#27;[0;39m - Caught exception while allowing TestExecutionListener [org.springframework.test.context.web.ServletTestExecutionListener] to prepare test instance [com.madhurtoppo.customer.CustomerApplicationTests@2154de40]
java.lang.IllegalStateException: Failed to load ApplicationContext for [WebMergedContextConfiguration@1849d35a testClass = com.madhurtoppo.customer.CustomerApplicationTests, locations = [], classes = [com.madhurtoppo.customer.CustomersApplication], contextInitializerClasses = [], activeProfiles = [], propertySourceDescriptors = [], propertySourceProperties = ["org.springframework.boot.test.context.SpringBootTestContextBootstrapper=true"], contextCustomizers = [org.springframework.boot.test.context.filter.ExcludeFilterContextCustomizer@7068e664, org.springframework.boot.test.json.DuplicateJsonObjectContextCustomizerFactory$DuplicateJsonObjectContextCustomizer@7975d1d8, org.springframework.boot.test.mock.mockito.MockitoContextCustomizer@0, org.springframework.boot.test.web.client.TestRestTemplateContextCustomizer@68746f22, org.springframework.boot.test.web.reactor.netty.DisableReactorResourceFactoryGlobalResourcesContextCustomizerFactory$DisableReactorResourceFactoryGlobalResourcesContextCustomizerCustomizer@376a0d86, org.springframework.boot.test.autoconfigure.actuate.observability.ObservabilityContextCustomizerFactory$DisableObservabilityContextCustomizer@1f, org.springframework.boot.test.autoconfigure.properties.PropertyMappingContextCustomizer@0, org.springframework.boot.test.autoconfigure.web.servlet.WebDriverContextCustomizer@478db956, org.springframework.boot.test.context.SpringBootTestAnnotation@a20a07ef], resourceBasePath = "src/main/webapp", contextLoader = org.springframework.boot.test.context.SpringBootContextLoader, parent = null]
	at org.springframework.test.context.cache.DefaultCacheAwareContextLoaderDelegate.loadContext(DefaultCacheAwareContextLoaderDelegate.java:180)
	at org.springframework.test.context.support.DefaultTestContext.getApplicationContext(DefaultTestContext.java:130)
	at org.springframework.test.context.web.ServletTestExecutionListener.setUpRequestContextIfNecessary(ServletTestExecutionListener.java:191)
	at org.springframework.test.context.web.ServletTestExecutionListener.prepareTestInstance(ServletTestExecutionListener.java:130)
	at org.springframework.test.context.TestContextManager.prepareTestInstance(TestContextManager.java:260)
	at org.springframework.test.context.junit.jupiter.SpringExtension.postProcessTestInstance(SpringExtension.java:163)
	at org.junit.jupiter.engine.descriptor.ClassBasedTestDescriptor.lambda$invokeTestInstancePostProcessors$10(ClassBasedTestDescriptor.java:378)
	at org.junit.jupiter.engine.descriptor.ClassBasedTestDescriptor.executeAndMaskThrowable(ClassBasedTestDescriptor.java:383)
	at org.junit.jupiter.engine.descriptor.ClassBasedTestDescriptor.lambda$invokeTestInstancePostProcessors$11(ClassBasedTestDescriptor.java:378)
	at java.base/java.util.stream.ReferencePipeline$3$1.accept(ReferencePipeline.java:197)
	at java.base/java.util.stream.ReferencePipeline$2$1.accept(ReferencePipeline.java:179)
	at java.base/java.util.ArrayList$ArrayListSpliterator.forEachRemaining(ArrayList.java:1708)
	at java.base/java.util.stream.AbstractPipeline.copyInto(AbstractPipeline.java:509)
	at java.base/java.util.stream.AbstractPipeline.wrapAndCopyInto(AbstractPipeline.java:499)
	at java.base/java.util.stream.StreamSpliterators$WrappingSpliterator.forEachRemaining(StreamSpliterators.java:310)
	at java.base/java.util.stream.Streams$ConcatSpliterator.forEachRemaining(Streams.java:735)
	at java.base/java.util.stream.Streams$ConcatSpliterator.forEachRemaining(Streams.java:734)
	at java.base/java.util.stream.ReferencePipeline$Head.forEach(ReferencePipeline.java:762)
	at org.junit.jupiter.engine.descriptor.ClassBasedTestDescriptor.invokeTestInstancePostProcessors(ClassBasedTestDescriptor.java:377)
	at org.junit.jupiter.engine.descriptor.ClassBasedTestDescriptor.lambda$instantiateAndPostProcessTestInstance$6(ClassBasedTestDescriptor.java:290)
	at org.junit.platform.engine.support.hierarchical.ThrowableCollector.execute(ThrowableCollector.java:73)
	at org.junit.jupiter.engine.descriptor.ClassBasedTestDescriptor.instantiateAndPostProcessTestInstance(ClassBasedTestDescriptor.java:289)
	at org.junit.jupiter.engine.descriptor.ClassBasedTestDescriptor.lambda$testInstancesProvider$4(ClassBasedTestDescriptor.java:279)
	at java.base/java.util.Optional.orElseGet(Optional.java:364)
	at org.junit.jupiter.engine.descriptor.ClassBasedTestDescriptor.lambda$testInstancesProvider$5(ClassBasedTestDescriptor.java:278)
	at org.junit.jupiter.engine.execution.TestInstancesProvider.getTestInstances(TestInstancesProvider.java:31)
	at org.junit.jupiter.engine.descriptor.TestMethodTestDescriptor.lambda$prepare$0(TestMethodTestDescriptor.java:106)
	at org.junit.platform.engine.support.hierarchical.ThrowableCollector.execute(ThrowableCollector.java:73)
	at org.junit.jupiter.engine.descriptor.TestMethodTestDescriptor.prepare(TestMethodTestDescriptor.java:105)
	at org.junit.jupiter.engine.descriptor.TestMethodTestDescriptor.prepare(TestMethodTestDescriptor.java:69)
	at org.junit.platform.engine.support.hierarchical.NodeTestTask.lambda$prepare$2(NodeTestTask.java:123)
	at org.junit.platform.engine.support.hierarchical.ThrowableCollector.execute(ThrowableCollector.java:73)
	at org.junit.platform.engine.support.hierarchical.NodeTestTask.prepare(NodeTestTask.java:123)
	at org.junit.platform.engine.support.hierarchical.NodeTestTask.execute(NodeTestTask.java:90)
	at java.base/java.util.ArrayList.forEach(ArrayList.java:1596)
	at org.junit.platform.engine.support.hierarchical.SameThreadHierarchicalTestExecutorService.invokeAll(SameThreadHierarchicalTestExecutorService.java:41)
	at org.junit.platform.engine.support.hierarchical.NodeTestTask.lambda$executeRecursively$6(NodeTestTask.java:155)
	at org.junit.platform.engine.support.hierarchical.ThrowableCollector.execute(ThrowableCollector.java:73)
	at org.junit.platform.engine.support.hierarchical.NodeTestTask.lambda$executeRecursively$8(NodeTestTask.java:141)
	at org.junit.platform.engine.support.hierarchical.Node.around(Node.java:137)
	at org.junit.platform.engine.support.hierarchical.NodeTestTask.lambda$executeRecursively$9(NodeTestTask.java:139)
	at org.junit.platform.engine.support.hierarchical.ThrowableCollector.execute(ThrowableCollector.java:73)
	at org.junit.platform.engine.support.hierarchical.NodeTestTask.executeRecursively(NodeTestTask.java:138)
	at org.junit.platform.engine.support.hierarchical.NodeTestTask.execute(NodeTestTask.java:95)
	at java.base/java.util.ArrayList.forEach(ArrayList.java:1596)
	at org.junit.platform.engine.support.hierarchical.SameThreadHierarchicalTestExecutorService.invokeAll(SameThreadHierarchicalTestExecutorService.java:41)
	at org.junit.platform.engine.support.hierarchical.NodeTestTask.lambda$executeRecursively$6(NodeTestTask.java:155)
	at org.junit.platform.engine.support.hierarchical.ThrowableCollector.execute(ThrowableCollector.java:73)
	at org.junit.platform.engine.support.hierarchical.NodeTestTask.lambda$executeRecursively$8(NodeTestTask.java:141)
	at org.junit.platform.engine.support.hierarchical.Node.around(Node.java:137)
	at org.junit.platform.engine.support.hierarchical.NodeTestTask.lambda$executeRecursively$9(NodeTestTask.java:139)
	at org.junit.platform.engine.support.hierarchical.ThrowableCollector.execute(ThrowableCollector.java:73)
	at org.junit.platform.engine.support.hierarchical.NodeTestTask.executeRecursively(NodeTestTask.java:138)
	at org.junit.platform.engine.support.hierarchical.NodeTestTask.execute(NodeTestTask.java:95)
	at org.junit.platform.engine.support.hierarchical.SameThreadHierarchicalTestExecutorService.submit(SameThreadHierarchicalTestExecutorService.java:35)
	at org.junit.platform.engine.support.hierarchical.HierarchicalTestExecutor.execute(HierarchicalTestExecutor.java:57)
	at org.junit.platform.engine.support.hierarchical.HierarchicalTestEngine.execute(HierarchicalTestEngine.java:54)
	at org.junit.platform.launcher.core.EngineExecutionOrchestrator.execute(EngineExecutionOrchestrator.java:198)
	at org.junit.platform.launcher.core.EngineExecutionOrchestrator.execute(EngineExecutionOrchestrator.java:169)
	at org.junit.platform.launcher.core.EngineExecutionOrchestrator.execute(EngineExecutionOrchestrator.java:93)
	at org.junit.platform.launcher.core.EngineExecutionOrchestrator.lambda$execute$0(EngineExecutionOrchestrator.java:58)
	at org.junit.platform.launcher.core.EngineExecutionOrchestrator.withInterceptedStreams(EngineExecutionOrchestrator.java:141)
	at org.junit.platform.launcher.core.EngineExecutionOrchestrator.execute(EngineExecutionOrchestrator.java:57)
	at org.junit.platform.launcher.core.DefaultLauncher.execute(DefaultLauncher.java:103)
	at org.junit.platform.launcher.core.DefaultLauncher.execute(DefaultLauncher.java:85)
	at org.junit.platform.launcher.core.DelegatingLauncher.execute(DelegatingLauncher.java:47)
	at org.apache.maven.surefire.junitplatform.LazyLauncher.execute(LazyLauncher.java:56)
	at org.apache.maven.surefire.junitplatform.JUnitPlatformProvider.execute(JUnitPlatformProvider.java:184)
	at org.apache.maven.surefire.junitplatform.JUnitPlatformProvider.invokeAllTests(JUnitPlatformProvider.java:148)
	at org.apache.maven.surefire.junitplatform.JUnitPlatformProvider.invoke(JUnitPlatformProvider.java:122)
	at org.apache.maven.surefire.booter.ForkedBooter.runSuitesInProcess(ForkedBooter.java:385)
	at org.apache.maven.surefire.booter.ForkedBooter.execute(ForkedBooter.java:162)
	at org.apache.maven.surefire.booter.ForkedBooter.run(ForkedBooter.java:507)
	at org.apache.maven.surefire.booter.ForkedBooter.main(ForkedBooter.java:495)
Caused by: org.springframework.beans.factory.UnsatisfiedDependencyException: Error creating bean with name 'customersApplication': Unsatisfied dependency expressed through method 'registerCustomerCommandInterceptor' parameter 1: Error creating bean with name 'commandGateway' defined in class path resource [org/axonframework/springboot/autoconfig/AxonAutoConfiguration.class]: Unsatisfied dependency expressed through method 'commandGateway' parameter 0: Error creating bean with name 'axonServerCommandBus' defined in class path resource [org/axonframework/springboot/autoconfig/AxonServerBusAutoConfiguration.class]: Unsatisfied dependency expressed through method 'axonServerCommandBus' parameter 2: Error creating bean with name 'commandBus' defined in class path resource [org/axonframework/springboot/autoconfig/AxonAutoConfiguration.class]: Unsatisfied dependency expressed through method 'commandBus' parameter 1: Error creating bean with name 'springAxonConfiguration' defined in class path resource [org/axonframework/springboot/autoconfig/InfraConfiguration.class]: Unsatisfied dependency expressed through method 'springAxonConfiguration' parameter 0: Error creating bean with name 'springAxonConfigurer' defined in class path resource [org/axonframework/springboot/autoconfig/InfraConfiguration.class]: Unsatisfied dependency expressed through method 'springAxonConfigurer' parameter 1: Error creating bean with name 'deadLetterQueueProviderConfigurerModule' defined in class path resource [org/axonframework/springboot/autoconfig/JpaAutoConfiguration.class]: Unsatisfied dependency expressed through method 'deadLetterQueueProviderConfigurerModule' parameter 3: Error creating bean with name 'serializer' defined in class path resource [org/axonframework/springboot/autoconfig/AxonAutoConfiguration.class]: Failed to instantiate [org.axonframework.serialization.Serializer]: Factory method 'serializer' threw exception with message: Error creating bean with name 'xStream' defined in com.madhurtoppo.common.config.AxonConfig: Failed to instantiate [com.thoughtworks.xstream.XStream]: Factory method 'xStream' threw exception with message: null
	at org.springframework.beans.factory.annotation.AutowiredAnnotationBeanPostProcessor$AutowiredMethodElement.resolveMethodArguments(AutowiredAnnotationBeanPostProcessor.java:896)
	at org.springframework.beans.factory.annotation.AutowiredAnnotationBeanPostProcessor$AutowiredMethodElement.inject(AutowiredAnnotationBeanPostProcessor.java:849)
	at org.springframework.beans.factory.annotation.InjectionMetadata.inject(InjectionMetadata.java:145)
	at org.springframework.beans.factory.annotation.AutowiredAnnotationBeanPostProcessor.postProcessProperties(AutowiredAnnotationBeanPostProcessor.java:509)
	at org.springframework.beans.factory.support.AbstractAutowireCapableBeanFactory.populateBean(AbstractAutowireCapableBeanFactory.java:1439)
	at org.springframework.beans.factory.support.AbstractAutowireCapableBeanFactory.doCreateBean(AbstractAutowireCapableBeanFactory.java:599)
	at org.springframework.beans.factory.support.AbstractAutowireCapableBeanFactory.createBean(AbstractAutowireCapableBeanFactory.java:522)
	at org.springframework.beans.factory.support.AbstractBeanFactory.lambda$doGetBean$0(AbstractBeanFactory.java:337)
	at org.springframework.beans.factory.support.DefaultSingletonBeanRegistry.getSingleton(DefaultSingletonBeanRegistry.java:234)
	at org.springframework.beans.factory.support.AbstractBeanFactory.doGetBean(AbstractBeanFactory.java:335)
	at org.springframework.beans.factory.support.AbstractBeanFactory.getBean(AbstractBeanFactory.java:200)
	at org.springframework.beans.factory.support.DefaultListableBeanFactory.preInstantiateSingletons(DefaultListableBeanFactory.java:975)
	at org.springframework.context.support.AbstractApplicationContext.finishBeanFactoryInitialization(AbstractApplicationContext.java:971)
	at org.springframework.context.support.AbstractApplicationContext.refresh(AbstractApplicationContext.java:625)
	at org.springframework.boot.SpringApplication.refresh(SpringApplication.java:754)
	at org.springframework.boot.SpringApplication.refreshContext(SpringApplication.java:456)
	at org.springframework.boot.SpringApplication.run(SpringApplication.java:335)
	at org.springframework.boot.test.context.SpringBootContextLoader.lambda$loadContext$3(SpringBootContextLoader.java:137)
	at org.springframework.util.function.ThrowingSupplier.get(ThrowingSupplier.java:58)
	at org.springframework.util.function.ThrowingSupplier.get(ThrowingSupplier.java:46)
	at org.springframework.boot.SpringApplication.withHook(SpringApplication.java:1463)
	at org.springframework.boot.test.context.SpringBootContextLoader$ContextLoaderHook.run(SpringBootContextLoader.java:553)
	at org.springframework.boot.test.context.SpringBootContextLoader.loadContext(SpringBootContextLoader.java:137)
	at org.springframework.boot.test.context.SpringBootContextLoader.loadContext(SpringBootContextLoader.java:108)
	at org.springframework.test.context.cache.DefaultCacheAwareContextLoaderDelegate.loadContextInternal(DefaultCacheAwareContextLoaderDelegate.java:225)
	at org.springframework.test.context.cache.DefaultCacheAwareContextLoaderDelegate.loadContext(DefaultCacheAwareContextLoaderDelegate.java:152)
	... 73 common frames omitted
Caused by: org.springframework.beans.factory.UnsatisfiedDependencyException: Error creating bean with name 'commandGateway' defined in class path resource [org/axonframework/springboot/autoconfig/AxonAutoConfiguration.class]: Unsatisfied dependency expressed through method 'commandGateway' parameter 0: Error creating bean with name 'axonServerCommandBus' defined in class path resource [org/axonframework/springboot/autoconfig/AxonServerBusAutoConfiguration.class]: Unsatisfied dependency expressed through method 'axonServerCommandBus' parameter 2: Error creating bean with name 'commandBus' defined in class path resource [org/axonframework/springboot/autoconfig/AxonAutoConfiguration.class]: Unsatisfied dependency expressed through method 'commandBus' parameter 1: Error creating bean with name 'springAxonConfiguration' defined in class path resource [org/axonframework/springboot/autoconfig/InfraConfiguration.class]: Unsatisfied dependency expressed through method 'springAxonConfiguration' parameter 0: Error creating bean with name 'springAxonConfigurer' defined in class path resource [org/axonframework/springboot/autoconfig/InfraConfiguration.class]: Unsatisfied dependency expressed through method 'springAxonConfigurer' parameter 1: Error creating bean with name 'deadLetterQueueProviderConfigurerModule' defined in class path resource [org/axonframework/springboot/autoconfig/JpaAutoConfiguration.class]: Unsatisfied dependency expressed through method 'deadLetterQueueProviderConfigurerModule' parameter 3: Error creating bean with name 'serializer' defined in class path resource [org/axonframework/springboot/autoconfig/AxonAutoConfiguration.class]: Failed to instantiate [org.axonframework.serialization.Serializer]: Factory method 'serializer' threw exception with message: Error creating bean with name 'xStream' defined in com.madhurtoppo.common.config.AxonConfig: Failed to instantiate [com.thoughtworks.xstream.XStream]: Factory method 'xStream' threw exception with message: null
	at org.springframework.beans.factory.support.ConstructorResolver.createArgumentArray(ConstructorResolver.java:795)
	at org.springframework.beans.factory.support.ConstructorResolver.instantiateUsingFactoryMethod(ConstructorResolver.java:542)
	at org.springframework.beans.factory.support.AbstractAutowireCapableBeanFactory.instantiateUsingFactoryMethod(AbstractAutowireCapableBeanFactory.java:1355)
	at org.springframework.beans.factory.support.AbstractAutowireCapableBeanFactory.createBeanInstance(AbstractAutowireCapableBeanFactory.java:1185)
	at org.springframework.beans.factory.support.AbstractAutowireCapableBeanFactory.doCreateBean(AbstractAutowireCapableBeanFactory.java:562)
	at org.springframework.beans.factory.support.AbstractAutowireCapableBeanFactory.createBean(AbstractAutowireCapableBeanFactory.java:522)
	at org.springframework.beans.factory.support.AbstractBeanFactory.lambda$doGetBean$0(AbstractBeanFactory.java:337)
	at org.springframework.beans.factory.support.DefaultSingletonBeanRegistry.getSingleton(DefaultSingletonBeanRegistry.java:234)
	at org.springframework.beans.factory.support.AbstractBeanFactory.doGetBean(AbstractBeanFactory.java:335)
	at org.springframework.beans.factory.support.AbstractBeanFactory.getBean(AbstractBeanFactory.java:200)
	at org.springframework.beans.factory.config.DependencyDescriptor.resolveCandidate(DependencyDescriptor.java:254)
	at org.springframework.beans.factory.support.DefaultListableBeanFactory.doResolveDependency(DefaultListableBeanFactory.java:1443)
	at org.springframework.beans.factory.support.DefaultListableBeanFactory.resolveDependency(DefaultListableBeanFactory.java:1353)
	at org.springframework.beans.factory.annotation.AutowiredAnnotationBeanPostProcessor$AutowiredMethodElement.resolveMethodArguments(AutowiredAnnotationBeanPostProcessor.java:888)
	... 98 common frames omitted
Caused by: org.springframework.beans.factory.UnsatisfiedDependencyException: Error creating bean with name 'axonServerCommandBus' defined in class path resource [org/axonframework/springboot/autoconfig/AxonServerBusAutoConfiguration.class]: Unsatisfied dependency expressed through method 'axonServerCommandBus' parameter 2: Error creating bean with name 'commandBus' defined in class path resource [org/axonframework/springboot/autoconfig/AxonAutoConfiguration.class]: Unsatisfied dependency expressed through method 'commandBus' parameter 1: Error creating bean with name 'springAxonConfiguration' defined in class path resource [org/axonframework/springboot/autoconfig/InfraConfiguration.class]: Unsatisfied dependency expressed through method 'springAxonConfiguration' parameter 0: Error creating bean with name 'springAxonConfigurer' defined in class path resource [org/axonframework/springboot/autoconfig/InfraConfiguration.class]: Unsatisfied dependency expressed through method 'springAxonConfigurer' parameter 1: Error creating bean with name 'deadLetterQueueProviderConfigurerModule' defined in class path resource [org/axonframework/springboot/autoconfig/JpaAutoConfiguration.class]: Unsatisfied dependency expressed through method 'deadLetterQueueProviderConfigurerModule' parameter 3: Error creating bean with name 'serializer' defined in class path resource [org/axonframework/springboot/autoconfig/AxonAutoConfiguration.class]: Failed to instantiate [org.axonframework.serialization.Serializer]: Factory method 'serializer' threw exception with message: Error creating bean with name 'xStream' defined in com.madhurtoppo.common.config.AxonConfig: Failed to instantiate [com.thoughtworks.xstream.XStream]: Factory method 'xStream' threw exception with message: null
	at org.springframework.beans.factory.support.ConstructorResolver.createArgumentArray(ConstructorResolver.java:795)
	at org.springframework.beans.factory.support.ConstructorResolver.instantiateUsingFactoryMethod(ConstructorResolver.java:542)
	at org.springframework.beans.factory.support.AbstractAutowireCapableBeanFactory.instantiateUsingFactoryMethod(AbstractAutowireCapableBeanFactory.java:1355)
	at org.springframework.beans.factory.support.AbstractAutowireCapableBeanFactory.createBeanInstance(AbstractAutowireCapableBeanFactory.java:1185)
	at org.springframework.beans.factory.support.AbstractAutowireCapableBeanFactory.doCreateBean(AbstractAutowireCapableBeanFactory.java:562)
	at org.springframework.beans.factory.support.AbstractAutowireCapableBeanFactory.createBean(AbstractAutowireCapableBeanFactory.java:522)
	at org.springframework.beans.factory.support.AbstractBeanFactory.lambda$doGetBean$0(AbstractBeanFactory.java:337)
	at org.springframework.beans.factory.support.DefaultSingletonBeanRegistry.getSingleton(DefaultSingletonBeanRegistry.java:234)
	at org.springframework.beans.factory.support.AbstractBeanFactory.doGetBean(AbstractBeanFactory.java:335)
	at org.springframework.beans.factory.support.AbstractBeanFactory.getBean(AbstractBeanFactory.java:200)
	at org.springframework.beans.factory.config.DependencyDescriptor.resolveCandidate(DependencyDescriptor.java:254)
	at org.springframework.beans.factory.support.DefaultListableBeanFactory.doResolveDependency(DefaultListableBeanFactory.java:1443)
	at org.springframework.beans.factory.support.DefaultListableBeanFactory.resolveDependency(DefaultListableBeanFactory.java:1353)
	at org.springframework.beans.factory.support.ConstructorResolver.resolveAutowiredArgument(ConstructorResolver.java:904)
	at org.springframework.beans.factory.support.ConstructorResolver.createArgumentArray(ConstructorResolver.java:782)
	... 111 common frames omitted
Caused by: org.springframework.beans.factory.UnsatisfiedDependencyException: Error creating bean with name 'commandBus' defined in class path resource [org/axonframework/springboot/autoconfig/AxonAutoConfiguration.class]: Unsatisfied dependency expressed through method 'commandBus' parameter 1: Error creating bean with name 'springAxonConfiguration' defined in class path resource [org/axonframework/springboot/autoconfig/InfraConfiguration.class]: Unsatisfied dependency expressed through method 'springAxonConfiguration' parameter 0: Error creating bean with name 'springAxonConfigurer' defined in class path resource [org/axonframework/springboot/autoconfig/InfraConfiguration.class]: Unsatisfied dependency expressed through method 'springAxonConfigurer' parameter 1: Error creating bean with name 'deadLetterQueueProviderConfigurerModule' defined in class path resource [org/axonframework/springboot/autoconfig/JpaAutoConfiguration.class]: Unsatisfied dependency expressed through method 'deadLetterQueueProviderConfigurerModule' parameter 3: Error creating bean with name 'serializer' defined in class path resource [org/axonframework/springboot/autoconfig/AxonAutoConfiguration.class]: Failed to instantiate [org.axonframework.serialization.Serializer]: Factory method 'serializer' threw exception with message: Error creating bean with name 'xStream' defined in com.madhurtoppo.common.config.AxonConfig: Failed to instantiate [com.thoughtworks.xstream.XStream]: Factory method 'xStream' threw exception with message: null
	at org.springframework.beans.factory.support.ConstructorResolver.createArgumentArray(ConstructorResolver.java:795)
	at org.springframework.beans.factory.support.ConstructorResolver.instantiateUsingFactoryMethod(ConstructorResolver.java:542)
	at org.springframework.beans.factory.support.AbstractAutowireCapableBeanFactory.instantiateUsingFactoryMethod(AbstractAutowireCapableBeanFactory.java:1355)
	at org.springframework.beans.factory.support.AbstractAutowireCapableBeanFactory.createBeanInstance(AbstractAutowireCapableBeanFactory.java:1185)
	at org.springframework.beans.factory.support.AbstractAutowireCapableBeanFactory.doCreateBean(AbstractAutowireCapableBeanFactory.java:562)
	at org.springframework.beans.factory.support.AbstractAutowireCapableBeanFactory.createBean(AbstractAutowireCapableBeanFactory.java:522)
	at org.springframework.beans.factory.support.AbstractBeanFactory.lambda$doGetBean$0(AbstractBeanFactory.java:337)
	at org.springframework.beans.factory.support.DefaultSingletonBeanRegistry.getSingleton(DefaultSingletonBeanRegistry.java:234)
	at org.springframework.beans.factory.support.AbstractBeanFactory.doGetBean(AbstractBeanFactory.java:335)
	at org.springframework.beans.factory.support.AbstractBeanFactory.getBean(AbstractBeanFactory.java:200)
	at org.springframework.beans.factory.config.DependencyDescriptor.resolveCandidate(DependencyDescriptor.java:254)
	at org.springframework.beans.factory.support.DefaultListableBeanFactory.doResolveDependency(DefaultListableBeanFactory.java:1443)
	at org.springframework.beans.factory.support.DefaultListableBeanFactory.resolveDependency(DefaultListableBeanFactory.java:1353)
	at org.springframework.beans.factory.support.ConstructorResolver.resolveAutowiredArgument(ConstructorResolver.java:904)
	at org.springframework.beans.factory.support.ConstructorResolver.createArgumentArray(ConstructorResolver.java:782)
	... 125 common frames omitted
Caused by: org.springframework.beans.factory.UnsatisfiedDependencyException: Error creating bean with name 'springAxonConfiguration' defined in class path resource [org/axonframework/springboot/autoconfig/InfraConfiguration.class]: Unsatisfied dependency expressed through method 'springAxonConfiguration' parameter 0: Error creating bean with name 'springAxonConfigurer' defined in class path resource [org/axonframework/springboot/autoconfig/InfraConfiguration.class]: Unsatisfied dependency expressed through method 'springAxonConfigurer' parameter 1: Error creating bean with name 'deadLetterQueueProviderConfigurerModule' defined in class path resource [org/axonframework/springboot/autoconfig/JpaAutoConfiguration.class]: Unsatisfied dependency expressed through method 'deadLetterQueueProviderConfigurerModule' parameter 3: Error creating bean with name 'serializer' defined in class path resource [org/axonframework/springboot/autoconfig/AxonAutoConfiguration.class]: Failed to instantiate [org.axonframework.serialization.Serializer]: Factory method 'serializer' threw exception with message: Error creating bean with name 'xStream' defined in com.madhurtoppo.common.config.AxonConfig: Failed to instantiate [com.thoughtworks.xstream.XStream]: Factory method 'xStream' threw exception with message: null
	at org.springframework.beans.factory.support.ConstructorResolver.createArgumentArray(ConstructorResolver.java:795)
	at org.springframework.beans.factory.support.ConstructorResolver.instantiateUsingFactoryMethod(ConstructorResolver.java:542)
	at org.springframework.beans.factory.support.AbstractAutowireCapableBeanFactory.instantiateUsingFactoryMethod(AbstractAutowireCapableBeanFactory.java:1355)
	at org.springframework.beans.factory.support.AbstractAutowireCapableBeanFactory.createBeanInstance(AbstractAutowireCapableBeanFactory.java:1185)
	at org.springframework.beans.factory.support.AbstractAutowireCapableBeanFactory.doCreateBean(AbstractAutowireCapableBeanFactory.java:562)
	at org.springframework.beans.factory.support.AbstractAutowireCapableBeanFactory.createBean(AbstractAutowireCapableBeanFactory.java:522)
	at org.springframework.beans.factory.support.AbstractBeanFactory.lambda$doGetBean$0(AbstractBeanFactory.java:337)
	at org.springframework.beans.factory.support.DefaultSingletonBeanRegistry.getSingleton(DefaultSingletonBeanRegistry.java:234)
	at org.springframework.beans.factory.support.AbstractBeanFactory.doGetBean(AbstractBeanFactory.java:335)
	at org.springframework.beans.factory.support.AbstractBeanFactory.getBean(AbstractBeanFactory.java:200)
	at org.springframework.beans.factory.config.DependencyDescriptor.resolveCandidate(DependencyDescriptor.java:254)
	at org.springframework.beans.factory.support.DefaultListableBeanFactory.doResolveDependency(DefaultListableBeanFactory.java:1443)
	at org.springframework.beans.factory.support.DefaultListableBeanFactory.resolveDependency(DefaultListableBeanFactory.java:1353)
	at org.springframework.beans.factory.support.ConstructorResolver.resolveAutowiredArgument(ConstructorResolver.java:904)
	at org.springframework.beans.factory.support.ConstructorResolver.createArgumentArray(ConstructorResolver.java:782)
	... 139 common frames omitted
Caused by: org.springframework.beans.factory.UnsatisfiedDependencyException: Error creating bean with name 'springAxonConfigurer' defined in class path resource [org/axonframework/springboot/autoconfig/InfraConfiguration.class]: Unsatisfied dependency expressed through method 'springAxonConfigurer' parameter 1: Error creating bean with name 'deadLetterQueueProviderConfigurerModule' defined in class path resource [org/axonframework/springboot/autoconfig/JpaAutoConfiguration.class]: Unsatisfied dependency expressed through method 'deadLetterQueueProviderConfigurerModule' parameter 3: Error creating bean with name 'serializer' defined in class path resource [org/axonframework/springboot/autoconfig/AxonAutoConfiguration.class]: Failed to instantiate [org.axonframework.serialization.Serializer]: Factory method 'serializer' threw exception with message: Error creating bean with name 'xStream' defined in com.madhurtoppo.common.config.AxonConfig: Failed to instantiate [com.thoughtworks.xstream.XStream]: Factory method 'xStream' threw exception with message: null
	at org.springframework.beans.factory.support.ConstructorResolver.createArgumentArray(ConstructorResolver.java:795)
	at org.springframework.beans.factory.support.ConstructorResolver.instantiateUsingFactoryMethod(ConstructorResolver.java:542)
	at org.springframework.beans.factory.support.AbstractAutowireCapableBeanFactory.instantiateUsingFactoryMethod(AbstractAutowireCapableBeanFactory.java:1355)
	at org.springframework.beans.factory.support.AbstractAutowireCapableBeanFactory.createBeanInstance(AbstractAutowireCapableBeanFactory.java:1185)
	at org.springframework.beans.factory.support.AbstractAutowireCapableBeanFactory.doCreateBean(AbstractAutowireCapableBeanFactory.java:562)
	at org.springframework.beans.factory.support.AbstractAutowireCapableBeanFactory.createBean(AbstractAutowireCapableBeanFactory.java:522)
	at org.springframework.beans.factory.support.AbstractBeanFactory.lambda$doGetBean$0(AbstractBeanFactory.java:337)
	at org.springframework.beans.factory.support.DefaultSingletonBeanRegistry.getSingleton(DefaultSingletonBeanRegistry.java:234)
	at org.springframework.beans.factory.support.AbstractBeanFactory.doGetBean(AbstractBeanFactory.java:335)
	at org.springframework.beans.factory.support.AbstractBeanFactory.getBean(AbstractBeanFactory.java:200)
	at org.springframework.beans.factory.config.DependencyDescriptor.resolveCandidate(DependencyDescriptor.java:254)
	at org.springframework.beans.factory.support.DefaultListableBeanFactory.doResolveDependency(DefaultListableBeanFactory.java:1443)
	at org.springframework.beans.factory.support.DefaultListableBeanFactory.resolveDependency(DefaultListableBeanFactory.java:1353)
	at org.springframework.beans.factory.support.ConstructorResolver.resolveAutowiredArgument(ConstructorResolver.java:904)
	at org.springframework.beans.factory.support.ConstructorResolver.createArgumentArray(ConstructorResolver.java:782)
	... 153 common frames omitted
Caused by: org.springframework.beans.factory.UnsatisfiedDependencyException: Error creating bean with name 'deadLetterQueueProviderConfigurerModule' defined in class path resource [org/axonframework/springboot/autoconfig/JpaAutoConfiguration.class]: Unsatisfied dependency expressed through method 'deadLetterQueueProviderConfigurerModule' parameter 3: Error creating bean with name 'serializer' defined in class path resource [org/axonframework/springboot/autoconfig/AxonAutoConfiguration.class]: Failed to instantiate [org.axonframework.serialization.Serializer]: Factory method 'serializer' threw exception with message: Error creating bean with name 'xStream' defined in com.madhurtoppo.common.config.AxonConfig: Failed to instantiate [com.thoughtworks.xstream.XStream]: Factory method 'xStream' threw exception with message: null
	at org.springframework.beans.factory.support.ConstructorResolver.createArgumentArray(ConstructorResolver.java:795)
	at org.springframework.beans.factory.support.ConstructorResolver.instantiateUsingFactoryMethod(ConstructorResolver.java:542)
	at org.springframework.beans.factory.support.AbstractAutowireCapableBeanFactory.instantiateUsingFactoryMethod(AbstractAutowireCapableBeanFactory.java:1355)
	at org.springframework.beans.factory.support.AbstractAutowireCapableBeanFactory.createBeanInstance(AbstractAutowireCapableBeanFactory.java:1185)
	at org.springframework.beans.factory.support.AbstractAutowireCapableBeanFactory.doCreateBean(AbstractAutowireCapableBeanFactory.java:562)
	at org.springframework.beans.factory.support.AbstractAutowireCapableBeanFactory.createBean(AbstractAutowireCapableBeanFactory.java:522)
	at org.springframework.beans.factory.support.AbstractBeanFactory.lambda$doGetBean$0(AbstractBeanFactory.java:337)
	at org.springframework.beans.factory.support.DefaultSingletonBeanRegistry.getSingleton(DefaultSingletonBeanRegistry.java:234)
	at org.springframework.beans.factory.support.AbstractBeanFactory.doGetBean(AbstractBeanFactory.java:335)
	at org.springframework.beans.factory.support.AbstractBeanFactory.getBean(AbstractBeanFactory.java:200)
	at org.springframework.beans.factory.config.DependencyDescriptor.resolveCandidate(DependencyDescriptor.java:254)
	at org.springframework.beans.factory.support.DefaultListableBeanFactory.addCandidateEntry(DefaultListableBeanFactory.java:1689)
	at org.springframework.beans.factory.support.DefaultListableBeanFactory.findAutowireCandidates(DefaultListableBeanFactory.java:1653)
	at org.springframework.beans.factory.support.DefaultListableBeanFactory.resolveMultipleBeanCollection(DefaultListableBeanFactory.java:1543)
	at org.springframework.beans.factory.support.DefaultListableBeanFactory.resolveMultipleBeans(DefaultListableBeanFactory.java:1511)
	at org.springframework.beans.factory.support.DefaultListableBeanFactory.doResolveDependency(DefaultListableBeanFactory.java:1392)
	at org.springframework.beans.factory.support.DefaultListableBeanFactory.resolveDependency(DefaultListableBeanFactory.java:1353)
	at org.springframework.beans.factory.support.ConstructorResolver.resolveAutowiredArgument(ConstructorResolver.java:904)
	at org.springframework.beans.factory.support.ConstructorResolver.createArgumentArray(ConstructorResolver.java:782)
	... 167 common frames omitted
Caused by: org.springframework.beans.factory.BeanCreationException: Error creating bean with name 'serializer' defined in class path resource [org/axonframework/springboot/autoconfig/AxonAutoConfiguration.class]: Failed to instantiate [org.axonframework.serialization.Serializer]: Factory method 'serializer' threw exception with message: Error creating bean with name 'xStream' defined in com.madhurtoppo.common.config.AxonConfig: Failed to instantiate [com.thoughtworks.xstream.XStream]: Factory method 'xStream' threw exception with message: null
	at org.springframework.beans.factory.support.ConstructorResolver.instantiate(ConstructorResolver.java:648)
	at org.springframework.beans.factory.support.ConstructorResolver.instantiateUsingFactoryMethod(ConstructorResolver.java:636)
	at org.springframework.beans.factory.support.AbstractAutowireCapableBeanFactory.instantiateUsingFactoryMethod(AbstractAutowireCapableBeanFactory.java:1355)
	at org.springframework.beans.factory.support.AbstractAutowireCapableBeanFactory.createBeanInstance(AbstractAutowireCapableBeanFactory.java:1185)
	at org.springframework.beans.factory.support.AbstractAutowireCapableBeanFactory.doCreateBean(AbstractAutowireCapableBeanFactory.java:562)
	at org.springframework.beans.factory.support.AbstractAutowireCapableBeanFactory.createBean(AbstractAutowireCapableBeanFactory.java:522)
	at org.springframework.beans.factory.support.AbstractBeanFactory.lambda$doGetBean$0(AbstractBeanFactory.java:337)
	at org.springframework.beans.factory.support.DefaultSingletonBeanRegistry.getSingleton(DefaultSingletonBeanRegistry.java:234)
	at org.springframework.beans.factory.support.AbstractBeanFactory.doGetBean(AbstractBeanFactory.java:335)
	at org.springframework.beans.factory.support.AbstractBeanFactory.getBean(AbstractBeanFactory.java:200)
	at org.springframework.beans.factory.config.DependencyDescriptor.resolveCandidate(DependencyDescriptor.java:254)
	at org.springframework.beans.factory.support.DefaultListableBeanFactory.doResolveDependency(DefaultListableBeanFactory.java:1443)
	at org.springframework.beans.factory.support.DefaultListableBeanFactory.resolveDependency(DefaultListableBeanFactory.java:1353)
	at org.springframework.beans.factory.support.ConstructorResolver.resolveAutowiredArgument(ConstructorResolver.java:904)
	at org.springframework.beans.factory.support.ConstructorResolver.createArgumentArray(ConstructorResolver.java:782)
	... 185 common frames omitted
Caused by: org.springframework.beans.BeanInstantiationException: Failed to instantiate [org.axonframework.serialization.Serializer]: Factory method 'serializer' threw exception with message: Error creating bean with name 'xStream' defined in com.madhurtoppo.common.config.AxonConfig: Failed to instantiate [com.thoughtworks.xstream.XStream]: Factory method 'xStream' threw exception with message: null
	at org.springframework.beans.factory.support.SimpleInstantiationStrategy.instantiate(SimpleInstantiationStrategy.java:178)
	at org.springframework.beans.factory.support.ConstructorResolver.instantiate(ConstructorResolver.java:644)
	... 199 common frames omitted
Caused by: org.springframework.beans.factory.BeanCreationException: Error creating bean with name 'xStream' defined in com.madhurtoppo.common.config.AxonConfig: Failed to instantiate [com.thoughtworks.xstream.XStream]: Factory method 'xStream' threw exception with message: null
	at org.springframework.beans.factory.support.ConstructorResolver.instantiate(ConstructorResolver.java:648)
	at org.springframework.beans.factory.support.ConstructorResolver.instantiateUsingFactoryMethod(ConstructorResolver.java:485)
	at org.springframework.beans.factory.support.AbstractAutowireCapableBeanFactory.instantiateUsingFactoryMethod(AbstractAutowireCapableBeanFactory.java:1355)
	at org.springframework.beans.factory.support.AbstractAutowireCapableBeanFactory.createBeanInstance(AbstractAutowireCapableBeanFactory.java:1185)
	at org.springframework.beans.factory.support.AbstractAutowireCapableBeanFactory.doCreateBean(AbstractAutowireCapableBeanFactory.java:562)
	at org.springframework.beans.factory.support.AbstractAutowireCapableBeanFactory.createBean(AbstractAutowireCapableBeanFactory.java:522)
	at org.springframework.beans.factory.support.AbstractBeanFactory.lambda$doGetBean$0(AbstractBeanFactory.java:337)
	at org.springframework.beans.factory.support.DefaultSingletonBeanRegistry.getSingleton(DefaultSingletonBeanRegistry.java:234)
	at org.springframework.beans.factory.support.AbstractBeanFactory.doGetBean(AbstractBeanFactory.java:335)
	at org.springframework.beans.factory.support.AbstractBeanFactory.getBean(AbstractBeanFactory.java:200)
	at org.springframework.beans.factory.support.DefaultListableBeanFactory.getBeansOfType(DefaultListableBeanFactory.java:665)
	at org.springframework.beans.factory.support.DefaultListableBeanFactory.getBeansOfType(DefaultListableBeanFactory.java:653)
	at org.springframework.context.support.AbstractApplicationContext.getBeansOfType(AbstractApplicationContext.java:1389)
	at org.springframework.beans.factory.BeanFactoryUtils.beansOfTypeIncludingAncestors(BeanFactoryUtils.java:321)
	at org.axonframework.springboot.autoconfig.AxonAutoConfiguration.buildSerializer(AxonAutoConfiguration.java:224)
	at org.axonframework.springboot.autoconfig.AxonAutoConfiguration.serializer(AxonAutoConfiguration.java:150)
	at java.base/jdk.internal.reflect.DirectMethodHandleAccessor.invoke(DirectMethodHandleAccessor.java:103)
	at java.base/java.lang.reflect.Method.invoke(Method.java:580)
	at org.springframework.beans.factory.support.SimpleInstantiationStrategy.instantiate(SimpleInstantiationStrategy.java:146)
	... 200 common frames omitted
Caused by: org.springframework.beans.BeanInstantiationException: Failed to instantiate [com.thoughtworks.xstream.XStream]: Factory method 'xStream' threw exception with message: null
	at org.springframework.beans.factory.support.SimpleInstantiationStrategy.instantiate(SimpleInstantiationStrategy.java:178)
	at org.springframework.beans.factory.support.ConstructorResolver.instantiate(ConstructorResolver.java:644)
	... 218 common frames omitted
Caused by: java.lang.StackOverflowError: null
	at java.base/java.lang.Class.forName0(Native Method)
	at java.base/java.lang.Class.forName(Class.java:534)
	at java.base/java.lang.Class.forName(Class.java:513)
	at com.thoughtworks.xstream.XStream.buildMapperDynamically(XStream.java:595)
	at com.thoughtworks.xstream.XStream.buildMapper(XStream.java:571)
	at com.thoughtworks.xstream.XStream.<init>(XStream.java:542)
	at com.thoughtworks.xstream.XStream.<init>(XStream.java:476)
	at com.thoughtworks.xstream.XStream.<init>(XStream.java:450)
	at com.thoughtworks.xstream.XStream.<init>(XStream.java:403)
	at com.thoughtworks.xstream.XStream.<init>(XStream.java:351)
	at com.madhurtoppo.common.config.AxonConfig.xStream(AxonConfig.java:13)
	at com.madhurtoppo.common.config.AxonConfig$$SpringCGLIB$$0.CGLIB$xStream$0(<generated>)
	at com.madhurtoppo.common.config.AxonConfig$$SpringCGLIB$$FastClass$$1.invoke(<generated>)
	at org.springframework.cglib.proxy.MethodProxy.invokeSuper(MethodProxy.java:258)
	at org.springframework.context.annotation.ConfigurationClassEnhancer$BeanMethodInterceptor.intercept(ConfigurationClassEnhancer.java:348)
	at com.madhurtoppo.common.config.AxonConfig$$SpringCGLIB$$0.xStream(<generated>)
	at com.madhurtoppo.common.config.AxonConfig.xStream(AxonConfig.java:14)
	at com.madhurtoppo.common.config.AxonConfig$$SpringCGLIB$$0.CGLIB$xStream$0(<generated>)
	at com.madhurtoppo.common.config.AxonConfig$$SpringCGLIB$$FastClass$$1.invoke(<generated>)
	at org.springframework.cglib.proxy.MethodProxy.invokeSuper(MethodProxy.java:258)
	at org.springframework.context.annotation.ConfigurationClassEnhancer$BeanMethodInterceptor.intercept(ConfigurationClassEnhancer.java:348)
	at com.madhurtoppo.common.config.AxonConfig$$SpringCGLIB$$0.xStream(<generated>)
	at com.madhurtoppo.common.config.AxonConfig.xStream(AxonConfig.java:14)
	at com.madhurtoppo.common.config.AxonConfig$$SpringCGLIB$$0.CGLIB$xStream$0(<generated>)
	at com.madhurtoppo.common.config.AxonConfig$$SpringCGLIB$$FastClass$$1.invoke(<generated>)
	at org.springframework.cglib.proxy.MethodProxy.invokeSuper(MethodProxy.java:258)
	at org.springframework.context.annotation.ConfigurationClassEnhancer$BeanMethodInterceptor.intercept(ConfigurationClassEnhancer.java:348)
	at com.madhurtoppo.common.config.AxonConfig$$SpringCGLIB$$0.xStream(<generated>)
	at com.madhurtoppo.common.config.AxonConfig.xStream(AxonConfig.java:14)
	at com.madhurtoppo.common.config.AxonConfig$$SpringCGLIB$$0.CGLIB$xStream$0(<generated>)
	at com.madhurtoppo.common.config.AxonConfig$$SpringCGLIB$$FastClass$$1.invoke(<generated>)
	at org.springframework.cglib.proxy.MethodProxy.invokeSuper(MethodProxy.java:258)
	at org.springframework.context.annotation.ConfigurationClassEnhancer$BeanMethodInterceptor.intercept(ConfigurationClassEnhancer.java:348)
	at com.madhurtoppo.common.config.AxonConfig$$SpringCGLIB$$0.xStream(<generated>)
	at com.madhurtoppo.common.config.AxonConfig.xStream(AxonConfig.java:14)
	at com.madhurtoppo.common.config.AxonConfig$$SpringCGLIB$$0.CGLIB$xStream$0(<generated>)
	at com.madhurtoppo.common.config.AxonConfig$$SpringCGLIB$$FastClass$$1.invoke(<generated>)
	at org.springframework.cglib.proxy.MethodProxy.invokeSuper(MethodProxy.java:258)
	at org.springframework.context.annotation.ConfigurationClassEnhancer$BeanMethodInterceptor.intercept(ConfigurationClassEnhancer.java:348)
	at com.madhurtoppo.common.config.AxonConfig$$SpringCGLIB$$0.xStream(<generated>)
	at com.madhurtoppo.common.config.AxonConfig.xStream(AxonConfig.java:14)
	at com.madhurtoppo.common.config.AxonConfig$$SpringCGLIB$$0.CGLIB$xStream$0(<generated>)
	at com.madhurtoppo.common.config.AxonConfig$$SpringCGLIB$$FastClass$$1.invoke(<generated>)
	at org.springframework.cglib.proxy.MethodProxy.invokeSuper(MethodProxy.java:258)
	at org.springframework.context.annotation.ConfigurationClassEnhancer$BeanMethodInterceptor.intercept(ConfigurationClassEnhancer.java:348)
	at com.madhurtoppo.common.config.AxonConfig$$SpringCGLIB$$0.xStream(<generated>)
	at com.madhurtoppo.common.config.AxonConfig.xStream(AxonConfig.java:14)
	at com.madhurtoppo.common.config.AxonConfig$$SpringCGLIB$$0.CGLIB$xStream$0(<generated>)
	at com.madhurtoppo.common.config.AxonConfig$$SpringCGLIB$$FastClass$$1.invoke(<generated>)
	at org.springframework.cglib.proxy.MethodProxy.invokeSuper(MethodProxy.java:258)
	at org.springframework.context.annotation.ConfigurationClassEnhancer$BeanMethodInterceptor.intercept(ConfigurationClassEnhancer.java:348)
	at com.madhurtoppo.common.config.AxonConfig$$SpringCGLIB$$0.xStream(<generated>)
	at com.madhurtoppo.common.config.AxonConfig.xStream(AxonConfig.java:14)
	at com.madhurtoppo.common.config.AxonConfig$$SpringCGLIB$$0.CGLIB$xStream$0(<generated>)
	at com.madhurtoppo.common.config.AxonConfig$$SpringCGLIB$$FastClass$$1.invoke(<generated>)
	at org.springframework.cglib.proxy.MethodProxy.invokeSuper(MethodProxy.java:258)
	at org.springframework.context.annotation.ConfigurationClassEnhancer$BeanMethodInterceptor.intercept(ConfigurationClassEnhancer.java:348)
	at com.madhurtoppo.common.config.AxonConfig$$SpringCGLIB$$0.xStream(<generated>)
	at com.madhurtoppo.common.config.AxonConfig.xStream(AxonConfig.java:14)
	at com.madhurtoppo.common.config.AxonConfig$$SpringCGLIB$$0.CGLIB$xStream$0(<generated>)
	at com.madhurtoppo.common.config.AxonConfig$$SpringCGLIB$$FastClass$$1.invoke(<generated>)
	at org.springframework.cglib.proxy.MethodProxy.invokeSuper(MethodProxy.java:258)
	at org.springframework.context.annotation.ConfigurationClassEnhancer$BeanMethodInterceptor.intercept(ConfigurationClassEnhancer.java:348)
	at com.madhurtoppo.common.config.AxonConfig$$SpringCGLIB$$0.xStream(<generated>)
	at com.madhurtoppo.common.config.AxonConfig.xStream(AxonConfig.java:14)
	at com.madhurtoppo.common.config.AxonConfig$$SpringCGLIB$$0.CGLIB$xStream$0(<generated>)
	at com.madhurtoppo.common.config.AxonConfig$$SpringCGLIB$$FastClass$$1.invoke(<generated>)
	at org.springframework.cglib.proxy.MethodProxy.invokeSuper(MethodProxy.java:258)
	at org.springframework.context.annotation.ConfigurationClassEnhancer$BeanMethodInterceptor.intercept(ConfigurationClassEnhancer.java:348)
	at com.madhurtoppo.common.config.AxonConfig$$SpringCGLIB$$0.xStream(<generated>)
	at com.madhurtoppo.common.config.AxonConfig.xStream(AxonConfig.java:14)
	at com.madhurtoppo.common.config.AxonConfig$$SpringCGLIB$$0.CGLIB$xStream$0(<generated>)
	at com.madhurtoppo.common.config.AxonConfig$$SpringCGLIB$$FastClass$$1.invoke(<generated>)
	at org.springframework.cglib.proxy.MethodProxy.invokeSuper(MethodProxy.java:258)
	at org.springframework.context.annotation.ConfigurationClassEnhancer$BeanMethodInterceptor.intercept(ConfigurationClassEnhancer.java:348)
	at com.madhurtoppo.common.config.AxonConfig$$SpringCGLIB$$0.xStream(<generated>)
	at com.madhurtoppo.common.config.AxonConfig.xStream(AxonConfig.java:14)
	at com.madhurtoppo.common.config.AxonConfig$$SpringCGLIB$$0.CGLIB$xStream$0(<generated>)
	at com.madhurtoppo.common.config.AxonConfig$$SpringCGLIB$$FastClass$$1.invoke(<generated>)
	at org.springframework.cglib.proxy.MethodProxy.invokeSuper(MethodProxy.java:258)
	at org.springframework.context.annotation.ConfigurationClassEnhancer$BeanMethodInterceptor.intercept(ConfigurationClassEnhancer.java:348)
	at com.madhurtoppo.common.config.AxonConfig$$SpringCGLIB$$0.xStream(<generated>)
	at com.madhurtoppo.common.config.AxonConfig.xStream(AxonConfig.java:14)
	at com.madhurtoppo.common.config.AxonConfig$$SpringCGLIB$$0.CGLIB$xStream$0(<generated>)
	at com.madhurtoppo.common.config.AxonConfig$$SpringCGLIB$$FastClass$$1.invoke(<generated>)
	at org.springframework.cglib.proxy.MethodProxy.invokeSuper(MethodProxy.java:258)
	at org.springframework.context.annotation.ConfigurationClassEnhancer$BeanMethodInterceptor.intercept(ConfigurationClassEnhancer.java:348)
	at com.madhurtoppo.common.config.AxonConfig$$SpringCGLIB$$0.xStream(<generated>)
	at com.madhurtoppo.common.config.AxonConfig.xStream(AxonConfig.java:14)
	at com.madhurtoppo.common.config.AxonConfig$$SpringCGLIB$$0.CGLIB$xStream$0(<generated>)
	at com.madhurtoppo.common.config.AxonConfig$$SpringCGLIB$$FastClass$$1.invoke(<generated>)
	at org.springframework.cglib.proxy.MethodProxy.invokeSuper(MethodProxy.java:258)
	at org.springframework.context.annotation.ConfigurationClassEnhancer$BeanMethodInterceptor.intercept(ConfigurationClassEnhancer.java:348)
	at com.madhurtoppo.common.config.AxonConfig$$SpringCGLIB$$0.xStream(<generated>)
	at com.madhurtoppo.common.config.AxonConfig.xStream(AxonConfig.java:14)
	at com.madhurtoppo.common.config.AxonConfig$$SpringCGLIB$$0.CGLIB$xStream$0(<generated>)
	at com.madhurtoppo.common.config.AxonConfig$$SpringCGLIB$$FastClass$$1.invoke(<generated>)
	at org.springframework.cglib.proxy.MethodProxy.invokeSuper(MethodProxy.java:258)
	at org.springframework.context.annotation.ConfigurationClassEnhancer$BeanMethodInterceptor.intercept(ConfigurationClassEnhancer.java:348)
	at com.madhurtoppo.common.config.AxonConfig$$SpringCGLIB$$0.xStream(<generated>)
	at com.madhurtoppo.common.config.AxonConfig.xStream(AxonConfig.java:14)
	at com.madhurtoppo.common.config.AxonConfig$$SpringCGLIB$$0.CGLIB$xStream$0(<generated>)
	at com.madhurtoppo.common.config.AxonConfig$$SpringCGLIB$$FastClass$$1.invoke(<generated>)
	at org.springframework.cglib.proxy.MethodProxy.invokeSuper(MethodProxy.java:258)
	at org.springframework.context.annotation.ConfigurationClassEnhancer$BeanMethodInterceptor.intercept(ConfigurationClassEnhancer.java:348)
	at com.madhurtoppo.common.config.AxonConfig$$SpringCGLIB$$0.xStream(<generated>)
	at com.madhurtoppo.common.config.AxonConfig.xStream(AxonConfig.java:14)
	at com.madhurtoppo.common.config.AxonConfig$$SpringCGLIB$$0.CGLIB$xStream$0(<generated>)
	at com.madhurtoppo.common.config.AxonConfig$$SpringCGLIB$$FastClass$$1.invoke(<generated>)
	at org.springframework.cglib.proxy.MethodProxy.invokeSuper(MethodProxy.java:258)
	at org.springframework.context.annotation.ConfigurationClassEnhancer$BeanMethodInterceptor.intercept(ConfigurationClassEnhancer.java:348)
	at com.madhurtoppo.common.config.AxonConfig$$SpringCGLIB$$0.xStream(<generated>)
	at com.madhurtoppo.common.config.AxonConfig.xStream(AxonConfig.java:14)
	at com.madhurtoppo.common.config.AxonConfig$$SpringCGLIB$$0.CGLIB$xStream$0(<generated>)
	at com.madhurtoppo.common.config.AxonConfig$$SpringCGLIB$$FastClass$$1.invoke(<generated>)
	at org.springframework.cglib.proxy.MethodProxy.invokeSuper(MethodProxy.java:258)
	at org.springframework.context.annotation.ConfigurationClassEnhancer$BeanMethodInterceptor.intercept(ConfigurationClassEnhancer.java:348)
	at com.madhurtoppo.common.config.AxonConfig$$SpringCGLIB$$0.xStream(<generated>)
	at com.madhurtoppo.common.config.AxonConfig.xStream(AxonConfig.java:14)
	at com.madhurtoppo.common.config.AxonConfig$$SpringCGLIB$$0.CGLIB$xStream$0(<generated>)
	at com.madhurtoppo.common.config.AxonConfig$$SpringCGLIB$$FastClass$$1.invoke(<generated>)
	at org.springframework.cglib.proxy.MethodProxy.invokeSuper(MethodProxy.java:258)
	at org.springframework.context.annotation.ConfigurationClassEnhancer$BeanMethodInterceptor.intercept(ConfigurationClassEnhancer.java:348)
	at com.madhurtoppo.common.config.AxonConfig$$SpringCGLIB$$0.xStream(<generated>)
	at com.madhurtoppo.common.config.AxonConfig.xStream(AxonConfig.java:14)
	at com.madhurtoppo.common.config.AxonConfig$$SpringCGLIB$$0.CGLIB$xStream$0(<generated>)
	at com.madhurtoppo.common.config.AxonConfig$$SpringCGLIB$$FastClass$$1.invoke(<generated>)
	at org.springframework.cglib.proxy.MethodProxy.invokeSuper(MethodProxy.java:258)
	at org.springframework.context.annotation.ConfigurationClassEnhancer$BeanMethodInterceptor.intercept(ConfigurationClassEnhancer.java:348)
	at com.madhurtoppo.common.config.AxonConfig$$SpringCGLIB$$0.xStream(<generated>)
	at com.madhurtoppo.common.config.AxonConfig.xStream(AxonConfig.java:14)
	at com.madhurtoppo.common.config.AxonConfig$$SpringCGLIB$$0.CGLIB$xStream$0(<generated>)
	at com.madhurtoppo.common.config.AxonConfig$$SpringCGLIB$$FastClass$$1.invoke(<generated>)
	at org.springframework.cglib.proxy.MethodProxy.invokeSuper(MethodProxy.java:258)
	at org.springframework.context.annotation.ConfigurationClassEnhancer$BeanMethodInterceptor.intercept(ConfigurationClassEnhancer.java:348)
	at com.madhurtoppo.common.config.AxonConfig$$SpringCGLIB$$0.xStream(<generated>)
	at com.madhurtoppo.common.config.AxonConfig.xStream(AxonConfig.java:14)
	at com.madhurtoppo.common.config.AxonConfig$$SpringCGLIB$$0.CGLIB$xStream$0(<generated>)
	at com.madhurtoppo.common.config.AxonConfig$$SpringCGLIB$$FastClass$$1.invoke(<generated>)
	at org.springframework.cglib.proxy.MethodProxy.invokeSuper(MethodProxy.java:258)
	at org.springframework.context.annotation.ConfigurationClassEnhancer$BeanMethodInterceptor.intercept(ConfigurationClassEnhancer.java:348)
	at com.madhurtoppo.common.config.AxonConfig$$SpringCGLIB$$0.xStream(<generated>)
	at com.madhurtoppo.common.config.AxonConfig.xStream(AxonConfig.java:14)
	at com.madhurtoppo.common.config.AxonConfig$$SpringCGLIB$$0.CGLIB$xStream$0(<generated>)
	at com.madhurtoppo.common.config.AxonConfig$$SpringCGLIB$$FastClass$$1.invoke(<generated>)
	at org.springframework.cglib.proxy.MethodProxy.invokeSuper(MethodProxy.java:258)
	at org.springframework.context.annotation.ConfigurationClassEnhancer$BeanMethodInterceptor.intercept(ConfigurationClassEnhancer.java:348)
	at com.madhurtoppo.common.config.AxonConfig$$SpringCGLIB$$0.xStream(<generated>)
	at com.madhurtoppo.common.config.AxonConfig.xStream(AxonConfig.java:14)
	at com.madhurtoppo.common.config.AxonConfig$$SpringCGLIB$$0.CGLIB$xStream$0(<generated>)
	at com.madhurtoppo.common.config.AxonConfig$$SpringCGLIB$$FastClass$$1.invoke(<generated>)
	at org.springframework.cglib.proxy.MethodProxy.invokeSuper(MethodProxy.java:258)
	at org.springframework.context.annotation.ConfigurationClassEnhancer$BeanMethodInterceptor.intercept(ConfigurationClassEnhancer.java:348)
	at com.madhurtoppo.common.config.AxonConfig$$SpringCGLIB$$0.xStream(<generated>)
	at com.madhurtoppo.common.config.AxonConfig.xStream(AxonConfig.java:14)
	at com.madhurtoppo.common.config.AxonConfig$$SpringCGLIB$$0.CGLIB$xStream$0(<generated>)
	at com.madhurtoppo.common.config.AxonConfig$$SpringCGLIB$$FastClass$$1.invoke(<generated>)
	at org.springframework.cglib.proxy.MethodProxy.invokeSuper(MethodProxy.java:258)
	at org.springframework.context.annotation.ConfigurationClassEnhancer$BeanMethodInterceptor.intercept(ConfigurationClassEnhancer.java:348)
	at com.madhurtoppo.common.config.AxonConfig$$SpringCGLIB$$0.xStream(<generated>)
	at com.madhurtoppo.common.config.AxonConfig.xStream(AxonConfig.java:14)
	at com.madhurtoppo.common.config.AxonConfig$$SpringCGLIB$$0.CGLIB$xStream$0(<generated>)
	at com.madhurtoppo.common.config.AxonConfig$$SpringCGLIB$$FastClass$$1.invoke(<generated>)
	at org.springframework.cglib.proxy.MethodProxy.invokeSuper(MethodProxy.java:258)
	at org.springframework.context.annotation.ConfigurationClassEnhancer$BeanMethodInterceptor.intercept(ConfigurationClassEnhancer.java:348)
	at com.madhurtoppo.common.config.AxonConfig$$SpringCGLIB$$0.xStream(<generated>)
	at com.madhurtoppo.common.config.AxonConfig.xStream(AxonConfig.java:14)
	at com.madhurtoppo.common.config.AxonConfig$$SpringCGLIB$$0.CGLIB$xStream$0(<generated>)
	at com.madhurtoppo.common.config.AxonConfig$$SpringCGLIB$$FastClass$$1.invoke(<generated>)
	at org.springframework.cglib.proxy.MethodProxy.invokeSuper(MethodProxy.java:258)
	at org.springframework.context.annotation.ConfigurationClassEnhancer$BeanMethodInterceptor.intercept(ConfigurationClassEnhancer.java:348)
	at com.madhurtoppo.common.config.AxonConfig$$SpringCGLIB$$0.xStream(<generated>)
	at com.madhurtoppo.common.config.AxonConfig.xStream(AxonConfig.java:14)
	at com.madhurtoppo.common.config.AxonConfig$$SpringCGLIB$$0.CGLIB$xStream$0(<generated>)
	at com.madhurtoppo.common.config.AxonConfig$$SpringCGLIB$$FastClass$$1.invoke(<generated>)
	at org.springframework.cglib.proxy.MethodProxy.invokeSuper(MethodProxy.java:258)
	at org.springframework.context.annotation.ConfigurationClassEnhancer$BeanMethodInterceptor.intercept(ConfigurationClassEnhancer.java:348)
	at com.madhurtoppo.common.config.AxonConfig$$SpringCGLIB$$0.xStream(<generated>)
	at com.madhurtoppo.common.config.AxonConfig.xStream(AxonConfig.java:14)
	at com.madhurtoppo.common.config.AxonConfig$$SpringCGLIB$$0.CGLIB$xStream$0(<generated>)
	at com.madhurtoppo.common.config.AxonConfig$$SpringCGLIB$$FastClass$$1.invoke(<generated>)
	at org.springframework.cglib.proxy.MethodProxy.invokeSuper(MethodProxy.java:258)
	at org.springframework.context.annotation.ConfigurationClassEnhancer$BeanMethodInterceptor.intercept(ConfigurationClassEnhancer.java:348)
	at com.madhurtoppo.common.config.AxonConfig$$SpringCGLIB$$0.xStream(<generated>)
	at com.madhurtoppo.common.config.AxonConfig.xStream(AxonConfig.java:14)
	at com.madhurtoppo.common.config.AxonConfig$$SpringCGLIB$$0.CGLIB$xStream$0(<generated>)
	at com.madhurtoppo.common.config.AxonConfig$$SpringCGLIB$$FastClass$$1.invoke(<generated>)
	at org.springframework.cglib.proxy.MethodProxy.invokeSuper(MethodProxy.java:258)
	at org.springframework.context.annotation.ConfigurationClassEnhancer$BeanMethodInterceptor.intercept(ConfigurationClassEnhancer.java:348)
	at com.madhurtoppo.common.config.AxonConfig$$SpringCGLIB$$0.xStream(<generated>)
	at com.madhurtoppo.common.config.AxonConfig.xStream(AxonConfig.java:14)
	at com.madhurtoppo.common.config.AxonConfig$$SpringCGLIB$$0.CGLIB$xStream$0(<generated>)
	at com.madhurtoppo.common.config.AxonConfig$$SpringCGLIB$$FastClass$$1.invoke(<generated>)
	at org.springframework.cglib.proxy.MethodProxy.invokeSuper(MethodProxy.java:258)
	at org.springframework.context.annotation.ConfigurationClassEnhancer$BeanMethodInterceptor.intercept(ConfigurationClassEnhancer.java:348)
	at com.madhurtoppo.common.config.AxonConfig$$SpringCGLIB$$0.xStream(<generated>)
	at com.madhurtoppo.common.config.AxonConfig.xStream(AxonConfig.java:14)
	at com.madhurtoppo.common.config.AxonConfig$$SpringCGLIB$$0.CGLIB$xStream$0(<generated>)
	at com.madhurtoppo.common.config.AxonConfig$$SpringCGLIB$$FastClass$$1.invoke(<generated>)
	at org.springframework.cglib.proxy.MethodProxy.invokeSuper(MethodProxy.java:258)
	at org.springframework.context.annotation.ConfigurationClassEnhancer$BeanMethodInterceptor.intercept(ConfigurationClassEnhancer.java:348)
	at com.madhurtoppo.common.config.AxonConfig$$SpringCGLIB$$0.xStream(<generated>)
	at com.madhurtoppo.common.config.AxonConfig.xStream(AxonConfig.java:14)
	at com.madhurtoppo.common.config.AxonConfig$$SpringCGLIB$$0.CGLIB$xStream$0(<generated>)
	at com.madhurtoppo.common.config.AxonConfig$$SpringCGLIB$$FastClass$$1.invoke(<generated>)
	at org.springframework.cglib.proxy.MethodProxy.invokeSuper(MethodProxy.java:258)
	at org.springframework.context.annotation.ConfigurationClassEnhancer$BeanMethodInterceptor.intercept(ConfigurationClassEnhancer.java:348)
	at com.madhurtoppo.common.config.AxonConfig$$SpringCGLIB$$0.xStream(<generated>)
	at com.madhurtoppo.common.config.AxonConfig.xStream(AxonConfig.java:14)
	at com.madhurtoppo.common.config.AxonConfig$$SpringCGLIB$$0.CGLIB$xStream$0(<generated>)
	at com.madhurtoppo.common.config.AxonConfig$$SpringCGLIB$$FastClass$$1.invoke(<generated>)
	at org.springframework.cglib.proxy.MethodProxy.invokeSuper(MethodProxy.java:258)
	at org.springframework.context.annotation.ConfigurationClassEnhancer$BeanMethodInterceptor.intercept(ConfigurationClassEnhancer.java:348)
	at com.madhurtoppo.common.config.AxonConfig$$SpringCGLIB$$0.xStream(<generated>)
	at com.madhurtoppo.common.config.AxonConfig.xStream(AxonConfig.java:14)
	at com.madhurtoppo.common.config.AxonConfig$$SpringCGLIB$$0.CGLIB$xStream$0(<generated>)
	at com.madhurtoppo.common.config.AxonConfig$$SpringCGLIB$$FastClass$$1.invoke(<generated>)
	at org.springframework.cglib.proxy.MethodProxy.invokeSuper(MethodProxy.java:258)
	at org.springframework.context.annotation.ConfigurationClassEnhancer$BeanMethodInterceptor.intercept(ConfigurationClassEnhancer.java:348)
	at com.madhurtoppo.common.config.AxonConfig$$SpringCGLIB$$0.xStream(<generated>)
	at com.madhurtoppo.common.config.AxonConfig.xStream(AxonConfig.java:14)
	at com.madhurtoppo.common.config.AxonConfig$$SpringCGLIB$$0.CGLIB$xStream$0(<generated>)
	at com.madhurtoppo.common.config.AxonConfig$$SpringCGLIB$$FastClass$$1.invoke(<generated>)
	at org.springframework.cglib.proxy.MethodProxy.invokeSuper(MethodProxy.java:258)
	at org.springframework.context.annotation.ConfigurationClassEnhancer$BeanMethodInterceptor.intercept(ConfigurationClassEnhancer.java:348)
	at com.madhurtoppo.common.config.AxonConfig$$SpringCGLIB$$0.xStream(<generated>)
	at com.madhurtoppo.common.config.AxonConfig.xStream(AxonConfig.java:14)
	at com.madhurtoppo.common.config.AxonConfig$$SpringCGLIB$$0.CGLIB$xStream$0(<generated>)
	at com.madhurtoppo.common.config.AxonConfig$$SpringCGLIB$$FastClass$$1.invoke(<generated>)
	at org.springframework.cglib.proxy.MethodProxy.invokeSuper(MethodProxy.java:258)
	at org.springframework.context.annotation.ConfigurationClassEnhancer$BeanMethodInterceptor.intercept(ConfigurationClassEnhancer.java:348)
	at com.madhurtoppo.common.config.AxonConfig$$SpringCGLIB$$0.xStream(<generated>)
	at com.madhurtoppo.common.config.AxonConfig.xStream(AxonConfig.java:14)
	at com.madhurtoppo.common.config.AxonConfig$$SpringCGLIB$$0.CGLIB$xStream$0(<generated>)
	at com.madhurtoppo.common.config.AxonConfig$$SpringCGLIB$$FastClass$$1.invoke(<generated>)
	at org.springframework.cglib.proxy.MethodProxy.invokeSuper(MethodProxy.java:258)
	at org.springframework.context.annotation.ConfigurationClassEnhancer$BeanMethodInterceptor.intercept(ConfigurationClassEnhancer.java:348)
	at com.madhurtoppo.common.config.AxonConfig$$SpringCGLIB$$0.xStream(<generated>)
	at com.madhurtoppo.common.config.AxonConfig.xStream(AxonConfig.java:14)
	at com.madhurtoppo.common.config.AxonConfig$$SpringCGLIB$$0.CGLIB$xStream$0(<generated>)
	at com.madhurtoppo.common.config.AxonConfig$$SpringCGLIB$$FastClass$$1.invoke(<generated>)
	at org.springframework.cglib.proxy.MethodProxy.invokeSuper(MethodProxy.java:258)
	at org.springframework.context.annotation.ConfigurationClassEnhancer$BeanMethodInterceptor.intercept(ConfigurationClassEnhancer.java:348)
	at com.madhurtoppo.common.config.AxonConfig$$SpringCGLIB$$0.xStream(<generated>)
	at com.madhurtoppo.common.config.AxonConfig.xStream(AxonConfig.java:14)
	at com.madhurtoppo.common.config.AxonConfig$$SpringCGLIB$$0.CGLIB$xStream$0(<generated>)
	at com.madhurtoppo.common.config.AxonConfig$$SpringCGLIB$$FastClass$$1.invoke(<generated>)
	at org.springframework.cglib.proxy.MethodProxy.invokeSuper(MethodProxy.java:258)
	at org.springframework.context.annotation.ConfigurationClassEnhancer$BeanMethodInterceptor.intercept(ConfigurationClassEnhancer.java:348)
	at com.madhurtoppo.common.config.AxonConfig$$SpringCGLIB$$0.xStream(<generated>)
	at com.madhurtoppo.common.config.AxonConfig.xStream(AxonConfig.java:14)
	at com.madhurtoppo.common.config.AxonConfig$$SpringCGLIB$$0.CGLIB$xStream$0(<generated>)
	at com.madhurtoppo.common.config.AxonConfig$$SpringCGLIB$$FastClass$$1.invoke(<generated>)
	at org.springframework.cglib.proxy.MethodProxy.invokeSuper(MethodProxy.java:258)
	at org.springframework.context.annotation.ConfigurationClassEnhancer$BeanMethodInterceptor.intercept(ConfigurationClassEnhancer.java:348)
	at com.madhurtoppo.common.config.AxonConfig$$SpringCGLIB$$0.xStream(<generated>)
	at com.madhurtoppo.common.config.AxonConfig.xStream(AxonConfig.java:14)
	at com.madhurtoppo.common.config.AxonConfig$$SpringCGLIB$$0.CGLIB$xStream$0(<generated>)
	at com.madhurtoppo.common.config.AxonConfig$$SpringCGLIB$$FastClass$$1.invoke(<generated>)
	at org.springframework.cglib.proxy.MethodProxy.invokeSuper(MethodProxy.java:258)
	at org.springframework.context.annotation.ConfigurationClassEnhancer$BeanMethodInterceptor.intercept(ConfigurationClassEnhancer.java:348)
	at com.madhurtoppo.common.config.AxonConfig$$SpringCGLIB$$0.xStream(<generated>)
	at com.madhurtoppo.common.config.AxonConfig.xStream(AxonConfig.java:14)
	at com.madhurtoppo.common.config.AxonConfig$$SpringCGLIB$$0.CGLIB$xStream$0(<generated>)
	at com.madhurtoppo.common.config.AxonConfig$$SpringCGLIB$$FastClass$$1.invoke(<generated>)
	at org.springframework.cglib.proxy.MethodProxy.invokeSuper(MethodProxy.java:258)
	at org.springframework.context.annotation.ConfigurationClassEnhancer$BeanMethodInterceptor.intercept(ConfigurationClassEnhancer.java:348)
	at com.madhurtoppo.common.config.AxonConfig$$SpringCGLIB$$0.xStream(<generated>)
	at com.madhurtoppo.common.config.AxonConfig.xStream(AxonConfig.java:14)
	at com.madhurtoppo.common.config.AxonConfig$$SpringCGLIB$$0.CGLIB$xStream$0(<generated>)
	at com.madhurtoppo.common.config.AxonConfig$$SpringCGLIB$$FastClass$$1.invoke(<generated>)
	at org.springframework.cglib.proxy.MethodProxy.invokeSuper(MethodProxy.java:258)
	at org.springframework.context.annotation.ConfigurationClassEnhancer$BeanMethodInterceptor.intercept(ConfigurationClassEnhancer.java:348)
	at com.madhurtoppo.common.config.AxonConfig$$SpringCGLIB$$0.xStream(<generated>)
	at com.madhurtoppo.common.config.AxonConfig.xStream(AxonConfig.java:14)
	at com.madhurtoppo.common.config.AxonConfig$$SpringCGLIB$$0.CGLIB$xStream$0(<generated>)
	at com.madhurtoppo.common.config.AxonConfig$$SpringCGLIB$$FastClass$$1.invoke(<generated>)
	at org.springframework.cglib.proxy.MethodProxy.invokeSuper(MethodProxy.java:258)
	at org.springframework.context.annotation.ConfigurationClassEnhancer$BeanMethodInterceptor.intercept(ConfigurationClassEnhancer.java:348)
	at com.madhurtoppo.common.config.AxonConfig$$SpringCGLIB$$0.xStream(<generated>)
	at com.madhurtoppo.common.config.AxonConfig.xStream(AxonConfig.java:14)
	at com.madhurtoppo.common.config.AxonConfig$$SpringCGLIB$$0.CGLIB$xStream$0(<generated>)
	at com.madhurtoppo.common.config.AxonConfig$$SpringCGLIB$$FastClass$$1.invoke(<generated>)
	at org.springframework.cglib.proxy.MethodProxy.invokeSuper(MethodProxy.java:258)
	at org.springframework.context.annotation.ConfigurationClassEnhancer$BeanMethodInterceptor.intercept(ConfigurationClassEnhancer.java:348)
	at com.madhurtoppo.common.config.AxonConfig$$SpringCGLIB$$0.xStream(<generated>)
	at com.madhurtoppo.common.config.AxonConfig.xStream(AxonConfig.java:14)
	at com.madhurtoppo.common.config.AxonConfig$$SpringCGLIB$$0.CGLIB$xStream$0(<generated>)
	at com.madhurtoppo.common.config.AxonConfig$$SpringCGLIB$$FastClass$$1.invoke(<generated>)
	at org.springframework.cglib.proxy.MethodProxy.invokeSuper(MethodProxy.java:258)
	at org.springframework.context.annotation.ConfigurationClassEnhancer$BeanMethodInterceptor.intercept(ConfigurationClassEnhancer.java:348)
	at com.madhurtoppo.common.config.AxonConfig$$SpringCGLIB$$0.xStream(<generated>)
	at com.madhurtoppo.common.config.AxonConfig.xStream(AxonConfig.java:14)
	at com.madhurtoppo.common.config.AxonConfig$$SpringCGLIB$$0.CGLIB$xStream$0(<generated>)
	at com.madhurtoppo.common.config.AxonConfig$$SpringCGLIB$$FastClass$$1.invoke(<generated>)
	at org.springframework.cglib.proxy.MethodProxy.invokeSuper(MethodProxy.java:258)
	at org.springframework.context.annotation.ConfigurationClassEnhancer$BeanMethodInterceptor.intercept(ConfigurationClassEnhancer.java:348)
	at com.madhurtoppo.common.config.AxonConfig$$SpringCGLIB$$0.xStream(<generated>)
	at com.madhurtoppo.common.config.AxonConfig.xStream(AxonConfig.java:14)
	at com.madhurtoppo.common.config.AxonConfig$$SpringCGLIB$$0.CGLIB$xStream$0(<generated>)
	at com.madhurtoppo.common.config.AxonConfig$$SpringCGLIB$$FastClass$$1.invoke(<generated>)
	at org.springframework.cglib.proxy.MethodProxy.invokeSuper(MethodProxy.java:258)
	at org.springframework.context.annotation.ConfigurationClassEnhancer$BeanMethodInterceptor.intercept(ConfigurationClassEnhancer.java:348)
	at com.madhurtoppo.common.config.AxonConfig$$SpringCGLIB$$0.xStream(<generated>)
	at com.madhurtoppo.common.config.AxonConfig.xStream(AxonConfig.java:14)
	at com.madhurtoppo.common.config.AxonConfig$$SpringCGLIB$$0.CGLIB$xStream$0(<generated>)
	at com.madhurtoppo.common.config.AxonConfig$$SpringCGLIB$$FastClass$$1.invoke(<generated>)
	at org.springframework.cglib.proxy.MethodProxy.invokeSuper(MethodProxy.java:258)
	at org.springframework.context.annotation.ConfigurationClassEnhancer$BeanMethodInterceptor.intercept(ConfigurationClassEnhancer.java:348)
	at com.madhurtoppo.common.config.AxonConfig$$SpringCGLIB$$0.xStream(<generated>)
	at com.madhurtoppo.common.config.AxonConfig.xStream(AxonConfig.java:14)
	at com.madhurtoppo.common.config.AxonConfig$$SpringCGLIB$$0.CGLIB$xStream$0(<generated>)
	at com.madhurtoppo.common.config.AxonConfig$$SpringCGLIB$$FastClass$$1.invoke(<generated>)
	at org.springframework.cglib.proxy.MethodProxy.invokeSuper(MethodProxy.java:258)
	at org.springframework.context.annotation.ConfigurationClassEnhancer$BeanMethodInterceptor.intercept(ConfigurationClassEnhancer.java:348)
	at com.madhurtoppo.common.config.AxonConfig$$SpringCGLIB$$0.xStream(<generated>)
	at com.madhurtoppo.common.config.AxonConfig.xStream(AxonConfig.java:14)
	at com.madhurtoppo.common.config.AxonConfig$$SpringCGLIB$$0.CGLIB$xStream$0(<generated>)
	at com.madhurtoppo.common.config.AxonConfig$$SpringCGLIB$$FastClass$$1.invoke(<generated>)
	at org.springframework.cglib.proxy.MethodProxy.invokeSuper(MethodProxy.java:258)
	at org.springframework.context.annotation.ConfigurationClassEnhancer$BeanMethodInterceptor.intercept(ConfigurationClassEnhancer.java:348)
	at com.madhurtoppo.common.config.AxonConfig$$SpringCGLIB$$0.xStream(<generated>)
	at com.madhurtoppo.common.config.AxonConfig.xStream(AxonConfig.java:14)
	at com.madhurtoppo.common.config.AxonConfig$$SpringCGLIB$$0.CGLIB$xStream$0(<generated>)
	at com.madhurtoppo.common.config.AxonConfig$$SpringCGLIB$$FastClass$$1.invoke(<generated>)
	at org.springframework.cglib.proxy.MethodProxy.invokeSuper(MethodProxy.java:258)
	at org.springframework.context.annotation.ConfigurationClassEnhancer$BeanMethodInterceptor.intercept(ConfigurationClassEnhancer.java:348)
	at com.madhurtoppo.common.config.AxonConfig$$SpringCGLIB$$0.xStream(<generated>)
	at com.madhurtoppo.common.config.AxonConfig.xStream(AxonConfig.java:14)
	at com.madhurtoppo.common.config.AxonConfig$$SpringCGLIB$$0.CGLIB$xStream$0(<generated>)
	at com.madhurtoppo.common.config.AxonConfig$$SpringCGLIB$$FastClass$$1.invoke(<generated>)
	at org.springframework.cglib.proxy.MethodProxy.invokeSuper(MethodProxy.java:258)
	at org.springframework.context.annotation.ConfigurationClassEnhancer$BeanMethodInterceptor.intercept(ConfigurationClassEnhancer.java:348)
	at com.madhurtoppo.common.config.AxonConfig$$SpringCGLIB$$0.xStream(<generated>)
	at com.madhurtoppo.common.config.AxonConfig.xStream(AxonConfig.java:14)
	at com.madhurtoppo.common.config.AxonConfig$$SpringCGLIB$$0.CGLIB$xStream$0(<generated>)
	at com.madhurtoppo.common.config.AxonConfig$$SpringCGLIB$$FastClass$$1.invoke(<generated>)
	at org.springframework.cglib.proxy.MethodProxy.invokeSuper(MethodProxy.java:258)
	at org.springframework.context.annotation.ConfigurationClassEnhancer$BeanMethodInterceptor.intercept(ConfigurationClassEnhancer.java:348)
	at com.madhurtoppo.common.config.AxonConfig$$SpringCGLIB$$0.xStream(<generated>)
	at com.madhurtoppo.common.config.AxonConfig.xStream(AxonConfig.java:14)
	at com.madhurtoppo.common.config.AxonConfig$$SpringCGLIB$$0.CGLIB$xStream$0(<generated>)
	at com.madhurtoppo.common.config.AxonConfig$$SpringCGLIB$$FastClass$$1.invoke(<generated>)
	at org.springframework.cglib.proxy.MethodProxy.invokeSuper(MethodProxy.java:258)
	at org.springframework.context.annotation.ConfigurationClassEnhancer$BeanMethodInterceptor.intercept(ConfigurationClassEnhancer.java:348)
	at com.madhurtoppo.common.config.AxonConfig$$SpringCGLIB$$0.xStream(<generated>)
	at com.madhurtoppo.common.config.AxonConfig.xStream(AxonConfig.java:14)
	at com.madhurtoppo.common.config.AxonConfig$$SpringCGLIB$$0.CGLIB$xStream$0(<generated>)
	at com.madhurtoppo.common.config.AxonConfig$$SpringCGLIB$$FastClass$$1.invoke(<generated>)
	at org.springframework.cglib.proxy.MethodProxy.invokeSuper(MethodProxy.java:258)
	at org.springframework.context.annotation.ConfigurationClassEnhancer$BeanMethodInterceptor.intercept(ConfigurationClassEnhancer.java:348)
	at com.madhurtoppo.common.config.AxonConfig$$SpringCGLIB$$0.xStream(<generated>)
	at com.madhurtoppo.common.config.AxonConfig.xStream(AxonConfig.java:14)
	at com.madhurtoppo.common.config.AxonConfig$$SpringCGLIB$$0.CGLIB$xStream$0(<generated>)
	at com.madhurtoppo.common.config.AxonConfig$$SpringCGLIB$$FastClass$$1.invoke(<generated>)
	at org.springframework.cglib.proxy.MethodProxy.invokeSuper(MethodProxy.java:258)
	at org.springframework.context.annotation.ConfigurationClassEnhancer$BeanMethodInterceptor.intercept(ConfigurationClassEnhancer.java:348)
	at com.madhurtoppo.common.config.AxonConfig$$SpringCGLIB$$0.xStream(<generated>)
	at com.madhurtoppo.common.config.AxonConfig.xStream(AxonConfig.java:14)
	at com.madhurtoppo.common.config.AxonConfig$$SpringCGLIB$$0.CGLIB$xStream$0(<generated>)
	at com.madhurtoppo.common.config.AxonConfig$$SpringCGLIB$$FastClass$$1.invoke(<generated>)
	at org.springframework.cglib.proxy.MethodProxy.invokeSuper(MethodProxy.java:258)
	at org.springframework.context.annotation.ConfigurationClassEnhancer$BeanMethodInterceptor.intercept(ConfigurationClassEnhancer.java:348)
	at com.madhurtoppo.common.config.AxonConfig$$SpringCGLIB$$0.xStream(<generated>)
	at com.madhurtoppo.common.config.AxonConfig.xStream(AxonConfig.java:14)
	at com.madhurtoppo.common.config.AxonConfig$$SpringCGLIB$$0.CGLIB$xStream$0(<generated>)
	at com.madhurtoppo.common.config.AxonConfig$$SpringCGLIB$$FastClass$$1.invoke(<generated>)
	at org.springframework.cglib.proxy.MethodProxy.invokeSuper(MethodProxy.java:258)
	at org.springframework.context.annotation.ConfigurationClassEnhancer$BeanMethodInterceptor.intercept(ConfigurationClassEnhancer.java:348)
	at com.madhurtoppo.common.config.AxonConfig$$SpringCGLIB$$0.xStream(<generated>)
	at com.madhurtoppo.common.config.AxonConfig.xStream(AxonConfig.java:14)
	at com.madhurtoppo.common.config.AxonConfig$$SpringCGLIB$$0.CGLIB$xStream$0(<generated>)
	at com.madhurtoppo.common.config.AxonConfig$$SpringCGLIB$$FastClass$$1.invoke(<generated>)
	at org.springframework.cglib.proxy.MethodProxy.invokeSuper(MethodProxy.java:258)
	at org.springframework.context.annotation.ConfigurationClassEnhancer$BeanMethodInterceptor.intercept(ConfigurationClassEnhancer.java:348)
	at com.madhurtoppo.common.config.AxonConfig$$SpringCGLIB$$0.xStream(<generated>)
	at com.madhurtoppo.common.config.AxonConfig.xStream(AxonConfig.java:14)
	at com.madhurtoppo.common.config.AxonConfig$$SpringCGLIB$$0.CGLIB$xStream$0(<generated>)
	at com.madhurtoppo.common.config.AxonConfig$$SpringCGLIB$$FastClass$$1.invoke(<generated>)
	at org.springframework.cglib.proxy.MethodProxy.invokeSuper(MethodProxy.java:258)
	at org.springframework.context.annotation.ConfigurationClassEnhancer$BeanMethodInterceptor.intercept(ConfigurationClassEnhancer.java:348)
	at com.madhurtoppo.common.config.AxonConfig$$SpringCGLIB$$0.xStream(<generated>)
	at com.madhurtoppo.common.config.AxonConfig.xStream(AxonConfig.java:14)
	at com.madhurtoppo.common.config.AxonConfig$$SpringCGLIB$$0.CGLIB$xStream$0(<generated>)
	at com.madhurtoppo.common.config.AxonConfig$$SpringCGLIB$$FastClass$$1.invoke(<generated>)
	at org.springframework.cglib.proxy.MethodProxy.invokeSuper(MethodProxy.java:258)
	at org.springframework.context.annotation.ConfigurationClassEnhancer$BeanMethodInterceptor.intercept(ConfigurationClassEnhancer.java:348)
	at com.madhurtoppo.common.config.AxonConfig$$SpringCGLIB$$0.xStream(<generated>)
	at com.madhurtoppo.common.config.AxonConfig.xStream(AxonConfig.java:14)
	at com.madhurtoppo.common.config.AxonConfig$$SpringCGLIB$$0.CGLIB$xStream$0(<generated>)
	at com.madhurtoppo.common.config.AxonConfig$$SpringCGLIB$$FastClass$$1.invoke(<generated>)
	at org.springframework.cglib.proxy.MethodProxy.invokeSuper(MethodProxy.java:258)
	at org.springframework.context.annotation.ConfigurationClassEnhancer$BeanMethodInterceptor.intercept(ConfigurationClassEnhancer.java:348)
	at com.madhurtoppo.common.config.AxonConfig$$SpringCGLIB$$0.xStream(<generated>)
	at com.madhurtoppo.common.config.AxonConfig.xStream(AxonConfig.java:14)
	at com.madhurtoppo.common.config.AxonConfig$$SpringCGLIB$$0.CGLIB$xStream$0(<generated>)
	at com.madhurtoppo.common.config.AxonConfig$$SpringCGLIB$$FastClass$$1.invoke(<generated>)
	at org.springframework.cglib.proxy.MethodProxy.invokeSuper(MethodProxy.java:258)
	at org.springframework.context.annotation.ConfigurationClassEnhancer$BeanMethodInterceptor.intercept(ConfigurationClassEnhancer.java:348)
	at com.madhurtoppo.common.config.AxonConfig$$SpringCGLIB$$0.xStream(<generated>)
	at com.madhurtoppo.common.config.AxonConfig.xStream(AxonConfig.java:14)
	at com.madhurtoppo.common.config.AxonConfig$$SpringCGLIB$$0.CGLIB$xStream$0(<generated>)
	at com.madhurtoppo.common.config.AxonConfig$$SpringCGLIB$$FastClass$$1.invoke(<generated>)
	at org.springframework.cglib.proxy.MethodProxy.invokeSuper(MethodProxy.java:258)
	at org.springframework.context.annotation.ConfigurationClassEnhancer$BeanMethodInterceptor.intercept(ConfigurationClassEnhancer.java:348)
	at com.madhurtoppo.common.config.AxonConfig$$SpringCGLIB$$0.xStream(<generated>)
	at com.madhurtoppo.common.config.AxonConfig.xStream(AxonConfig.java:14)
	at com.madhurtoppo.common.config.AxonConfig$$SpringCGLIB$$0.CGLIB$xStream$0(<generated>)
	at com.madhurtoppo.common.config.AxonConfig$$SpringCGLIB$$FastClass$$1.invoke(<generated>)
	at org.springframework.cglib.proxy.MethodProxy.invokeSuper(MethodProxy.java:258)
	at org.springframework.context.annotation.ConfigurationClassEnhancer$BeanMethodInterceptor.intercept(ConfigurationClassEnhancer.java:348)
	at com.madhurtoppo.common.config.AxonConfig$$SpringCGLIB$$0.xStream(<generated>)
	at com.madhurtoppo.common.config.AxonConfig.xStream(AxonConfig.java:14)
	at com.madhurtoppo.common.config.AxonConfig$$SpringCGLIB$$0.CGLIB$xStream$0(<generated>)
	at com.madhurtoppo.common.config.AxonConfig$$SpringCGLIB$$FastClass$$1.invoke(<generated>)
	at org.springframework.cglib.proxy.MethodProxy.invokeSuper(MethodProxy.java:258)
	at org.springframework.context.annotation.ConfigurationClassEnhancer$BeanMethodInterceptor.intercept(ConfigurationClassEnhancer.java:348)
	at com.madhurtoppo.common.config.AxonConfig$$SpringCGLIB$$0.xStream(<generated>)
	at com.madhurtoppo.common.config.AxonConfig.xStream(AxonConfig.java:14)
	at com.madhurtoppo.common.config.AxonConfig$$SpringCGLIB$$0.CGLIB$xStream$0(<generated>)
	at com.madhurtoppo.common.config.AxonConfig$$SpringCGLIB$$FastClass$$1.invoke(<generated>)
	at org.springframework.cglib.proxy.MethodProxy.invokeSuper(MethodProxy.java:258)
	at org.springframework.context.annotation.ConfigurationClassEnhancer$BeanMethodInterceptor.intercept(ConfigurationClassEnhancer.java:348)
	at com.madhurtoppo.common.config.AxonConfig$$SpringCGLIB$$0.xStream(<generated>)
	at com.madhurtoppo.common.config.AxonConfig.xStream(AxonConfig.java:14)
	at com.madhurtoppo.common.config.AxonConfig$$SpringCGLIB$$0.CGLIB$xStream$0(<generated>)
	at com.madhurtoppo.common.config.AxonConfig$$SpringCGLIB$$FastClass$$1.invoke(<generated>)
	at org.springframework.cglib.proxy.MethodProxy.invokeSuper(MethodProxy.java:258)
	at org.springframework.context.annotation.ConfigurationClassEnhancer$BeanMethodInterceptor.intercept(ConfigurationClassEnhancer.java:348)
	at com.madhurtoppo.common.config.AxonConfig$$SpringCGLIB$$0.xStream(<generated>)
	at com.madhurtoppo.common.config.AxonConfig.xStream(AxonConfig.java:14)
	at com.madhurtoppo.common.config.AxonConfig$$SpringCGLIB$$0.CGLIB$xStream$0(<generated>)
	at com.madhurtoppo.common.config.AxonConfig$$SpringCGLIB$$FastClass$$1.invoke(<generated>)
	at org.springframework.cglib.proxy.MethodProxy.invokeSuper(MethodProxy.java:258)
	at org.springframework.context.annotation.ConfigurationClassEnhancer$BeanMethodInterceptor.intercept(ConfigurationClassEnhancer.java:348)
	at com.madhurtoppo.common.config.AxonConfig$$SpringCGLIB$$0.xStream(<generated>)
	at com.madhurtoppo.common.config.AxonConfig.xStream(AxonConfig.java:14)
	at com.madhurtoppo.common.config.AxonConfig$$SpringCGLIB$$0.CGLIB$xStream$0(<generated>)
	at com.madhurtoppo.common.config.AxonConfig$$SpringCGLIB$$FastClass$$1.invoke(<generated>)
	at org.springframework.cglib.proxy.MethodProxy.invokeSuper(MethodProxy.java:258)
	at org.springframework.context.annotation.ConfigurationClassEnhancer$BeanMethodInterceptor.intercept(ConfigurationClassEnhancer.java:348)
	at com.madhurtoppo.common.config.AxonConfig$$SpringCGLIB$$0.xStream(<generated>)
	at com.madhurtoppo.common.config.AxonConfig.xStream(AxonConfig.java:14)
	at com.madhurtoppo.common.config.AxonConfig$$SpringCGLIB$$0.CGLIB$xStream$0(<generated>)
	at com.madhurtoppo.common.config.AxonConfig$$SpringCGLIB$$FastClass$$1.invoke(<generated>)
	at org.springframework.cglib.proxy.MethodProxy.invokeSuper(MethodProxy.java:258)
	at org.springframework.context.annotation.ConfigurationClassEnhancer$BeanMethodInterceptor.intercept(ConfigurationClassEnhancer.java:348)
	at com.madhurtoppo.common.config.AxonConfig$$SpringCGLIB$$0.xStream(<generated>)
	at com.madhurtoppo.common.config.AxonConfig.xStream(AxonConfig.java:14)
	at com.madhurtoppo.common.config.AxonConfig$$SpringCGLIB$$0.CGLIB$xStream$0(<generated>)
	at com.madhurtoppo.common.config.AxonConfig$$SpringCGLIB$$FastClass$$1.invoke(<generated>)
	at org.springframework.cglib.proxy.MethodProxy.invokeSuper(MethodProxy.java:258)
	at org.springframework.context.annotation.ConfigurationClassEnhancer$BeanMethodInterceptor.intercept(ConfigurationClassEnhancer.java:348)
	at com.madhurtoppo.common.config.AxonConfig$$SpringCGLIB$$0.xStream(<generated>)
	at com.madhurtoppo.common.config.AxonConfig.xStream(AxonConfig.java:14)
	at com.madhurtoppo.common.config.AxonConfig$$SpringCGLIB$$0.CGLIB$xStream$0(<generated>)
	at com.madhurtoppo.common.config.AxonConfig$$SpringCGLIB$$FastClass$$1.invoke(<generated>)
	at org.springframework.cglib.proxy.MethodProxy.invokeSuper(MethodProxy.java:258)
	at org.springframework.context.annotation.ConfigurationClassEnhancer$BeanMethodInterceptor.intercept(ConfigurationClassEnhancer.java:348)
	at com.madhurtoppo.common.config.AxonConfig$$SpringCGLIB$$0.xStream(<generated>)
	at com.madhurtoppo.common.config.AxonConfig.xStream(AxonConfig.java:14)
	at com.madhurtoppo.common.config.AxonConfig$$SpringCGLIB$$0.CGLIB$xStream$0(<generated>)
	at com.madhurtoppo.common.config.AxonConfig$$SpringCGLIB$$FastClass$$1.invoke(<generated>)
	at org.springframework.cglib.proxy.MethodProxy.invokeSuper(MethodProxy.java:258)
	at org.springframework.context.annotation.ConfigurationClassEnhancer$BeanMethodInterceptor.intercept(ConfigurationClassEnhancer.java:348)
	at com.madhurtoppo.common.config.AxonConfig$$SpringCGLIB$$0.xStream(<generated>)
	at com.madhurtoppo.common.config.AxonConfig.xStream(AxonConfig.java:14)
	at com.madhurtoppo.common.config.AxonConfig$$SpringCGLIB$$0.CGLIB$xStream$0(<generated>)
	at com.madhurtoppo.common.config.AxonConfig$$SpringCGLIB$$FastClass$$1.invoke(<generated>)
	at org.springframework.cglib.proxy.MethodProxy.invokeSuper(MethodProxy.java:258)
	at org.springframework.context.annotation.ConfigurationClassEnhancer$BeanMethodInterceptor.intercept(ConfigurationClassEnhancer.java:348)
	at com.madhurtoppo.common.config.AxonConfig$$SpringCGLIB$$0.xStream(<generated>)
	at com.madhurtoppo.common.config.AxonConfig.xStream(AxonConfig.java:14)
	at com.madhurtoppo.common.config.AxonConfig$$SpringCGLIB$$0.CGLIB$xStream$0(<generated>)
	at com.madhurtoppo.common.config.AxonConfig$$SpringCGLIB$$FastClass$$1.invoke(<generated>)
	at org.springframework.cglib.proxy.MethodProxy.invokeSuper(MethodProxy.java:258)
	at org.springframework.context.annotation.ConfigurationClassEnhancer$BeanMethodInterceptor.intercept(ConfigurationClassEnhancer.java:348)
	at com.madhurtoppo.common.config.AxonConfig$$SpringCGLIB$$0.xStream(<generated>)
	at com.madhurtoppo.common.config.AxonConfig.xStream(AxonConfig.java:14)
	at com.madhurtoppo.common.config.AxonConfig$$SpringCGLIB$$0.CGLIB$xStream$0(<generated>)
	at com.madhurtoppo.common.config.AxonConfig$$SpringCGLIB$$FastClass$$1.invoke(<generated>)
	at org.springframework.cglib.proxy.MethodProxy.invokeSuper(MethodProxy.java:258)
	at org.springframework.context.annotation.ConfigurationClassEnhancer$BeanMethodInterceptor.intercept(ConfigurationClassEnhancer.java:348)
	at com.madhurtoppo.common.config.AxonConfig$$SpringCGLIB$$0.xStream(<generated>)
	at com.madhurtoppo.common.config.AxonConfig.xStream(AxonConfig.java:14)
	at com.madhurtoppo.common.config.AxonConfig$$SpringCGLIB$$0.CGLIB$xStream$0(<generated>)
	at com.madhurtoppo.common.config.AxonConfig$$SpringCGLIB$$FastClass$$1.invoke(<generated>)
	at org.springframework.cglib.proxy.MethodProxy.invokeSuper(MethodProxy.java:258)
	at org.springframework.context.annotation.ConfigurationClassEnhancer$BeanMethodInterceptor.intercept(ConfigurationClassEnhancer.java:348)
	at com.madhurtoppo.common.config.AxonConfig$$SpringCGLIB$$0.xStream(<generated>)
	at com.madhurtoppo.common.config.AxonConfig.xStream(AxonConfig.java:14)
	at com.madhurtoppo.common.config.AxonConfig$$SpringCGLIB$$0.CGLIB$xStream$0(<generated>)
	at com.madhurtoppo.common.config.AxonConfig$$SpringCGLIB$$FastClass$$1.invoke(<generated>)
	at org.springframework.cglib.proxy.MethodProxy.invokeSuper(MethodProxy.java:258)
	at org.springframework.context.annotation.ConfigurationClassEnhancer$BeanMethodInterceptor.intercept(ConfigurationClassEnhancer.java:348)
	at com.madhurtoppo.common.config.AxonConfig$$SpringCGLIB$$0.xStream(<generated>)
	at com.madhurtoppo.common.config.AxonConfig.xStream(AxonConfig.java:14)
	at com.madhurtoppo.common.config.AxonConfig$$SpringCGLIB$$0.CGLIB$xStream$0(<generated>)
	at com.madhurtoppo.common.config.AxonConfig$$SpringCGLIB$$FastClass$$1.invoke(<generated>)
	at org.springframework.cglib.proxy.MethodProxy.invokeSuper(MethodProxy.java:258)
	at org.springframework.context.annotation.ConfigurationClassEnhancer$BeanMethodInterceptor.intercept(ConfigurationClassEnhancer.java:348)
	at com.madhurtoppo.common.config.AxonConfig$$SpringCGLIB$$0.xStream(<generated>)
	at com.madhurtoppo.common.config.AxonConfig.xStream(AxonConfig.java:14)
	at com.madhurtoppo.common.config.AxonConfig$$SpringCGLIB$$0.CGLIB$xStream$0(<generated>)
	at com.madhurtoppo.common.config.AxonConfig$$SpringCGLIB$$FastClass$$1.invoke(<generated>)
	at org.springframework.cglib.proxy.MethodProxy.invokeSuper(MethodProxy.java:258)
	at org.springframework.context.annotation.ConfigurationClassEnhancer$BeanMethodInterceptor.intercept(ConfigurationClassEnhancer.java:348)
	at com.madhurtoppo.common.config.AxonConfig$$SpringCGLIB$$0.xStream(<generated>)
	at com.madhurtoppo.common.config.AxonConfig.xStream(AxonConfig.java:14)
	at com.madhurtoppo.common.config.AxonConfig$$SpringCGLIB$$0.CGLIB$xStream$0(<generated>)
	at com.madhurtoppo.common.config.AxonConfig$$SpringCGLIB$$FastClass$$1.invoke(<generated>)
	at org.springframework.cglib.proxy.MethodProxy.invokeSuper(MethodProxy.java:258)
	at org.springframework.context.annotation.ConfigurationClassEnhancer$BeanMethodInterceptor.intercept(ConfigurationClassEnhancer.java:348)
	at com.madhurtoppo.common.config.AxonConfig$$SpringCGLIB$$0.xStream(<generated>)
	at com.madhurtoppo.common.config.AxonConfig.xStream(AxonConfig.java:14)
	at com.madhurtoppo.common.config.AxonConfig$$SpringCGLIB$$0.CGLIB$xStream$0(<generated>)
	at com.madhurtoppo.common.config.AxonConfig$$SpringCGLIB$$FastClass$$1.invoke(<generated>)
	at org.springframework.cglib.proxy.MethodProxy.invokeSuper(MethodProxy.java:258)
	at org.springframework.context.annotation.ConfigurationClassEnhancer$BeanMethodInterceptor.intercept(ConfigurationClassEnhancer.java:348)
	at com.madhurtoppo.common.config.AxonConfig$$SpringCGLIB$$0.xStream(<generated>)
	at com.madhurtoppo.common.config.AxonConfig.xStream(AxonConfig.java:14)
	at com.madhurtoppo.common.config.AxonConfig$$SpringCGLIB$$0.CGLIB$xStream$0(<generated>)
	at com.madhurtoppo.common.config.AxonConfig$$SpringCGLIB$$FastClass$$1.invoke(<generated>)
	at org.springframework.cglib.proxy.MethodProxy.invokeSuper(MethodProxy.java:258)
	at org.springframework.context.annotation.ConfigurationClassEnhancer$BeanMethodInterceptor.intercept(ConfigurationClassEnhancer.java:348)
	at com.madhurtoppo.common.config.AxonConfig$$SpringCGLIB$$0.xStream(<generated>)
	at com.madhurtoppo.common.config.AxonConfig.xStream(AxonConfig.java:14)
	at com.madhurtoppo.common.config.AxonConfig$$SpringCGLIB$$0.CGLIB$xStream$0(<generated>)
	at com.madhurtoppo.common.config.AxonConfig$$SpringCGLIB$$FastClass$$1.invoke(<generated>)
	at org.springframework.cglib.proxy.MethodProxy.invokeSuper(MethodProxy.java:258)
	at org.springframework.context.annotation.ConfigurationClassEnhancer$BeanMethodInterceptor.intercept(ConfigurationClassEnhancer.java:348)
	at com.madhurtoppo.common.config.AxonConfig$$SpringCGLIB$$0.xStream(<generated>)
	at com.madhurtoppo.common.config.AxonConfig.xStream(AxonConfig.java:14)
	at com.madhurtoppo.common.config.AxonConfig$$SpringCGLIB$$0.CGLIB$xStream$0(<generated>)
	at com.madhurtoppo.common.config.AxonConfig$$SpringCGLIB$$FastClass$$1.invoke(<generated>)
	at org.springframework.cglib.proxy.MethodProxy.invokeSuper(MethodProxy.java:258)
	at org.springframework.context.annotation.ConfigurationClassEnhancer$BeanMethodInterceptor.intercept(ConfigurationClassEnhancer.java:348)
	at com.madhurtoppo.common.config.AxonConfig$$SpringCGLIB$$0.xStream(<generated>)
	at com.madhurtoppo.common.config.AxonConfig.xStream(AxonConfig.java:14)
	at com.madhurtoppo.common.config.AxonConfig$$SpringCGLIB$$0.CGLIB$xStream$0(<generated>)
	at com.madhurtoppo.common.config.AxonConfig$$SpringCGLIB$$FastClass$$1.invoke(<generated>)
	at org.springframework.cglib.proxy.MethodProxy.invokeSuper(MethodProxy.java:258)
	at org.springframework.context.annotation.ConfigurationClassEnhancer$BeanMethodInterceptor.intercept(ConfigurationClassEnhancer.java:348)
	at com.madhurtoppo.common.config.AxonConfig$$SpringCGLIB$$0.xStream(<generated>)
	at com.madhurtoppo.common.config.AxonConfig.xStream(AxonConfig.java:14)
	at com.madhurtoppo.common.config.AxonConfig$$SpringCGLIB$$0.CGLIB$xStream$0(<generated>)
	at com.madhurtoppo.common.config.AxonConfig$$SpringCGLIB$$FastClass$$1.invoke(<generated>)
	at org.springframework.cglib.proxy.MethodProxy.invokeSuper(MethodProxy.java:258)
	at org.springframework.context.annotation.ConfigurationClassEnhancer$BeanMethodInterceptor.intercept(ConfigurationClassEnhancer.java:348)
	at com.madhurtoppo.common.config.AxonConfig$$SpringCGLIB$$0.xStream(<generated>)
	at com.madhurtoppo.common.config.AxonConfig.xStream(AxonConfig.java:14)
	at com.madhurtoppo.common.config.AxonConfig$$SpringCGLIB$$0.CGLIB$xStream$0(<generated>)
	at com.madhurtoppo.common.config.AxonConfig$$SpringCGLIB$$FastClass$$1.invoke(<generated>)
	at org.springframework.cglib.proxy.MethodProxy.invokeSuper(MethodProxy.java:258)
	at org.springframework.context.annotation.ConfigurationClassEnhancer$BeanMethodInterceptor.intercept(ConfigurationClassEnhancer.java:348)
	at com.madhurtoppo.common.config.AxonConfig$$SpringCGLIB$$0.xStream(<generated>)
	at com.madhurtoppo.common.config.AxonConfig.xStream(AxonConfig.java:14)
	at com.madhurtoppo.common.config.AxonConfig$$SpringCGLIB$$0.CGLIB$xStream$0(<generated>)
	at com.madhurtoppo.common.config.AxonConfig$$SpringCGLIB$$FastClass$$1.invoke(<generated>)
	at org.springframework.cglib.proxy.MethodProxy.invokeSuper(MethodProxy.java:258)
	at org.springframework.context.annotation.ConfigurationClassEnhancer$BeanMethodInterceptor.intercept(ConfigurationClassEnhancer.java:348)
	at com.madhurtoppo.common.config.AxonConfig$$SpringCGLIB$$0.xStream(<generated>)
	at com.madhurtoppo.common.config.AxonConfig.xStream(AxonConfig.java:14)
	at com.madhurtoppo.common.config.AxonConfig$$SpringCGLIB$$0.CGLIB$xStream$0(<generated>)
	at com.madhurtoppo.common.config.AxonConfig$$SpringCGLIB$$FastClass$$1.invoke(<generated>)
	at org.springframework.cglib.proxy.MethodProxy.invokeSuper(MethodProxy.java:258)
	at org.springframework.context.annotation.ConfigurationClassEnhancer$BeanMethodInterceptor.intercept(ConfigurationClassEnhancer.java:348)
	at com.madhurtoppo.common.config.AxonConfig$$SpringCGLIB$$0.xStream(<generated>)
	at com.madhurtoppo.common.config.AxonConfig.xStream(AxonConfig.java:14)
	at com.madhurtoppo.common.config.AxonConfig$$SpringCGLIB$$0.CGLIB$xStream$0(<generated>)
	at com.madhurtoppo.common.config.AxonConfig$$SpringCGLIB$$FastClass$$1.invoke(<generated>)
	at org.springframework.cglib.proxy.MethodProxy.invokeSuper(MethodProxy.java:258)
	at org.springframework.context.annotation.ConfigurationClassEnhancer$BeanMethodInterceptor.intercept(ConfigurationClassEnhancer.java:348)
	at com.madhurtoppo.common.config.AxonConfig$$SpringCGLIB$$0.xStream(<generated>)
	at com.madhurtoppo.common.config.AxonConfig.xStream(AxonConfig.java:14)
	at com.madhurtoppo.common.config.AxonConfig$$SpringCGLIB$$0.CGLIB$xStream$0(<generated>)
	at com.madhurtoppo.common.config.AxonConfig$$SpringCGLIB$$FastClass$$1.invoke(<generated>)
	at org.springframework.cglib.proxy.MethodProxy.invokeSuper(MethodProxy.java:258)
	at org.springframework.context.annotation.ConfigurationClassEnhancer$BeanMethodInterceptor.intercept(ConfigurationClassEnhancer.java:348)
	at com.madhurtoppo.common.config.AxonConfig$$SpringCGLIB$$0.xStream(<generated>)
	at com.madhurtoppo.common.config.AxonConfig.xStream(AxonConfig.java:14)
	at com.madhurtoppo.common.config.AxonConfig$$SpringCGLIB$$0.CGLIB$xStream$0(<generated>)
	at com.madhurtoppo.common.config.AxonConfig$$SpringCGLIB$$FastClass$$1.invoke(<generated>)
	at org.springframework.cglib.proxy.MethodProxy.invokeSuper(MethodProxy.java:258)
	at org.springframework.context.annotation.ConfigurationClassEnhancer$BeanMethodInterceptor.intercept(ConfigurationClassEnhancer.java:348)
	at com.madhurtoppo.common.config.AxonConfig$$SpringCGLIB$$0.xStream(<generated>)
	at com.madhurtoppo.common.config.AxonConfig.xStream(AxonConfig.java:14)
	at com.madhurtoppo.common.config.AxonConfig$$SpringCGLIB$$0.CGLIB$xStream$0(<generated>)
	at com.madhurtoppo.common.config.AxonConfig$$SpringCGLIB$$FastClass$$1.invoke(<generated>)
	at org.springframework.cglib.proxy.MethodProxy.invokeSuper(MethodProxy.java:258)
	at org.springframework.context.annotation.ConfigurationClassEnhancer$BeanMethodInterceptor.intercept(ConfigurationClassEnhancer.java:348)
	at com.madhurtoppo.common.config.AxonConfig$$SpringCGLIB$$0.xStream(<generated>)
	at com.madhurtoppo.common.config.AxonConfig.xStream(AxonConfig.java:14)
	at com.madhurtoppo.common.config.AxonConfig$$SpringCGLIB$$0.CGLIB$xStream$0(<generated>)
	at com.madhurtoppo.common.config.AxonConfig$$SpringCGLIB$$FastClass$$1.invoke(<generated>)
	at org.springframework.cglib.proxy.MethodProxy.invokeSuper(MethodProxy.java:258)
	at org.springframework.context.annotation.ConfigurationClassEnhancer$BeanMethodInterceptor.intercept(ConfigurationClassEnhancer.java:348)
	at com.madhurtoppo.common.config.AxonConfig$$SpringCGLIB$$0.xStream(<generated>)
	at com.madhurtoppo.common.config.AxonConfig.xStream(AxonConfig.java:14)
	at com.madhurtoppo.common.config.AxonConfig$$SpringCGLIB$$0.CGLIB$xStream$0(<generated>)
	at com.madhurtoppo.common.config.AxonConfig$$SpringCGLIB$$FastClass$$1.invoke(<generated>)
	at org.springframework.cglib.proxy.MethodProxy.invokeSuper(MethodProxy.java:258)
	at org.springframework.context.annotation.ConfigurationClassEnhancer$BeanMethodInterceptor.intercept(ConfigurationClassEnhancer.java:348)
	at com.madhurtoppo.common.config.AxonConfig$$SpringCGLIB$$0.xStream(<generated>)
	at com.madhurtoppo.common.config.AxonConfig.xStream(AxonConfig.java:14)
	at com.madhurtoppo.common.config.AxonConfig$$SpringCGLIB$$0.CGLIB$xStream$0(<generated>)
	at com.madhurtoppo.common.config.AxonConfig$$SpringCGLIB$$FastClass$$1.invoke(<generated>)
	at org.springframework.cglib.proxy.MethodProxy.invokeSuper(MethodProxy.java:258)
	at org.springframework.context.annotation.ConfigurationClassEnhancer$BeanMethodInterceptor.intercept(ConfigurationClassEnhancer.java:348)
	at com.madhurtoppo.common.config.AxonConfig$$SpringCGLIB$$0.xStream(<generated>)
	at com.madhurtoppo.common.config.AxonConfig.xStream(AxonConfig.java:14)
	at com.madhurtoppo.common.config.AxonConfig$$SpringCGLIB$$0.CGLIB$xStream$0(<generated>)
	at com.madhurtoppo.common.config.AxonConfig$$SpringCGLIB$$FastClass$$1.invoke(<generated>)
	at org.springframework.cglib.proxy.MethodProxy.invokeSuper(MethodProxy.java:258)
	at org.springframework.context.annotation.ConfigurationClassEnhancer$BeanMethodInterceptor.intercept(ConfigurationClassEnhancer.java:348)
	at com.madhurtoppo.common.config.AxonConfig$$SpringCGLIB$$0.xStream(<generated>)
	at com.madhurtoppo.common.config.AxonConfig.xStream(AxonConfig.java:14)
	at com.madhurtoppo.common.config.AxonConfig$$SpringCGLIB$$0.CGLIB$xStream$0(<generated>)
	at com.madhurtoppo.common.config.AxonConfig$$SpringCGLIB$$FastClass$$1.invoke(<generated>)
	at org.springframework.cglib.proxy.MethodProxy.invokeSuper(MethodProxy.java:258)
	at org.springframework.context.annotation.ConfigurationClassEnhancer$BeanMethodInterceptor.intercept(ConfigurationClassEnhancer.java:348)
	at com.madhurtoppo.common.config.AxonConfig$$SpringCGLIB$$0.xStream(<generated>)
	at com.madhurtoppo.common.config.AxonConfig.xStream(AxonConfig.java:14)
	at com.madhurtoppo.common.config.AxonConfig$$SpringCGLIB$$0.CGLIB$xStream$0(<generated>)
	at com.madhurtoppo.common.config.AxonConfig$$SpringCGLIB$$FastClass$$1.invoke(<generated>)
	at org.springframework.cglib.proxy.MethodProxy.invokeSuper(MethodProxy.java:258)
	at org.springframework.context.annotation.ConfigurationClassEnhancer$BeanMethodInterceptor.intercept(ConfigurationClassEnhancer.java:348)
	at com.madhurtoppo.common.config.AxonConfig$$SpringCGLIB$$0.xStream(<generated>)
	at com.madhurtoppo.common.config.AxonConfig.xStream(AxonConfig.java:14)
	at com.madhurtoppo.common.config.AxonConfig$$SpringCGLIB$$0.CGLIB$xStream$0(<generated>)
	at com.madhurtoppo.common.config.AxonConfig$$SpringCGLIB$$FastClass$$1.invoke(<generated>)
	at org.springframework.cglib.proxy.MethodProxy.invokeSuper(MethodProxy.java:258)
	at org.springframework.context.annotation.ConfigurationClassEnhancer$BeanMethodInterceptor.intercept(ConfigurationClassEnhancer.java:348)
	at com.madhurtoppo.common.config.AxonConfig$$SpringCGLIB$$0.xStream(<generated>)
	at com.madhurtoppo.common.config.AxonConfig.xStream(AxonConfig.java:14)
	at com.madhurtoppo.common.config.AxonConfig$$SpringCGLIB$$0.CGLIB$xStream$0(<generated>)
	at com.madhurtoppo.common.config.AxonConfig$$SpringCGLIB$$FastClass$$1.invoke(<generated>)
	at org.springframework.cglib.proxy.MethodProxy.invokeSuper(MethodProxy.java:258)
	at org.springframework.context.annotation.ConfigurationClassEnhancer$BeanMethodInterceptor.intercept(ConfigurationClassEnhancer.java:348)
	at com.madhurtoppo.common.config.AxonConfig$$SpringCGLIB$$0.xStream(<generated>)
	at com.madhurtoppo.common.config.AxonConfig.xStream(AxonConfig.java:14)
	at com.madhurtoppo.common.config.AxonConfig$$SpringCGLIB$$0.CGLIB$xStream$0(<generated>)
	at com.madhurtoppo.common.config.AxonConfig$$SpringCGLIB$$FastClass$$1.invoke(<generated>)
	at org.springframework.cglib.proxy.MethodProxy.invokeSuper(MethodProxy.java:258)
	at org.springframework.context.annotation.ConfigurationClassEnhancer$BeanMethodInterceptor.intercept(ConfigurationClassEnhancer.java:348)
	at com.madhurtoppo.common.config.AxonConfig$$SpringCGLIB$$0.xStream(<generated>)
	at com.madhurtoppo.common.config.AxonConfig.xStream(AxonConfig.java:14)
	at com.madhurtoppo.common.config.AxonConfig$$SpringCGLIB$$0.CGLIB$xStream$0(<generated>)
	at com.madhurtoppo.common.config.AxonConfig$$SpringCGLIB$$FastClass$$1.invoke(<generated>)
	at org.springframework.cglib.proxy.MethodProxy.invokeSuper(MethodProxy.java:258)
	at org.springframework.context.annotation.ConfigurationClassEnhancer$BeanMethodInterceptor.intercept(ConfigurationClassEnhancer.java:348)
	at com.madhurtoppo.common.config.AxonConfig$$SpringCGLIB$$0.xStream(<generated>)
	at com.madhurtoppo.common.config.AxonConfig.xStream(AxonConfig.java:14)
	at com.madhurtoppo.common.config.AxonConfig$$SpringCGLIB$$0.CGLIB$xStream$0(<generated>)
	at com.madhurtoppo.common.config.AxonConfig$$SpringCGLIB$$FastClass$$1.invoke(<generated>)
	at org.springframework.cglib.proxy.MethodProxy.invokeSuper(MethodProxy.java:258)
	at org.springframework.context.annotation.ConfigurationClassEnhancer$BeanMethodInterceptor.intercept(ConfigurationClassEnhancer.java:348)
	at com.madhurtoppo.common.config.AxonConfig$$SpringCGLIB$$0.xStream(<generated>)
	at com.madhurtoppo.common.config.AxonConfig.xStream(AxonConfig.java:14)
	at com.madhurtoppo.common.config.AxonConfig$$SpringCGLIB$$0.CGLIB$xStream$0(<generated>)
	at com.madhurtoppo.common.config.AxonConfig$$SpringCGLIB$$FastClass$$1.invoke(<generated>)
	at org.springframework.cglib.proxy.MethodProxy.invokeSuper(MethodProxy.java:258)
	at org.springframework.context.annotation.ConfigurationClassEnhancer$BeanMethodInterceptor.intercept(ConfigurationClassEnhancer.java:348)
	at com.madhurtoppo.common.config.AxonConfig$$SpringCGLIB$$0.xStream(<generated>)
	at com.madhurtoppo.common.config.AxonConfig.xStream(AxonConfig.java:14)
	at com.madhurtoppo.common.config.AxonConfig$$SpringCGLIB$$0.CGLIB$xStream$0(<generated>)
	at com.madhurtoppo.common.config.AxonConfig$$SpringCGLIB$$FastClass$$1.invoke(<generated>)
	at org.springframework.cglib.proxy.MethodProxy.invokeSuper(MethodProxy.java:258)
	at org.springframework.context.annotation.ConfigurationClassEnhancer$BeanMethodInterceptor.intercept(ConfigurationClassEnhancer.java:348)
	at com.madhurtoppo.common.config.AxonConfig$$SpringCGLIB$$0.xStream(<generated>)
	at com.madhurtoppo.common.config.AxonConfig.xStream(AxonConfig.java:14)
	at com.madhurtoppo.common.config.AxonConfig$$SpringCGLIB$$0.CGLIB$xStream$0(<generated>)
	at com.madhurtoppo.common.config.AxonConfig$$SpringCGLIB$$FastClass$$1.invoke(<generated>)
	at org.springframework.cglib.proxy.MethodProxy.invokeSuper(MethodProxy.java:258)
	at org.springframework.context.annotation.ConfigurationClassEnhancer$BeanMethodInterceptor.intercept(ConfigurationClassEnhancer.java:348)
	at com.madhurtoppo.common.config.AxonConfig$$SpringCGLIB$$0.xStream(<generated>)
	at com.madhurtoppo.common.config.AxonConfig.xStream(AxonConfig.java:14)
	at com.madhurtoppo.common.config.AxonConfig$$SpringCGLIB$$0.CGLIB$xStream$0(<generated>)
	at com.madhurtoppo.common.config.AxonConfig$$SpringCGLIB$$FastClass$$1.invoke(<generated>)
	at org.springframework.cglib.proxy.MethodProxy.invokeSuper(MethodProxy.java:258)
	at org.springframework.context.annotation.ConfigurationClassEnhancer$BeanMethodInterceptor.intercept(ConfigurationClassEnhancer.java:348)
	at com.madhurtoppo.common.config.AxonConfig$$SpringCGLIB$$0.xStream(<generated>)
	at com.madhurtoppo.common.config.AxonConfig.xStream(AxonConfig.java:14)
	at com.madhurtoppo.common.config.AxonConfig$$SpringCGLIB$$0.CGLIB$xStream$0(<generated>)
	at com.madhurtoppo.common.config.AxonConfig$$SpringCGLIB$$FastClass$$1.invoke(<generated>)
	at org.springframework.cglib.proxy.MethodProxy.invokeSuper(MethodProxy.java:258)
	at org.springframework.context.annotation.ConfigurationClassEnhancer$BeanMethodInterceptor.intercept(ConfigurationClassEnhancer.java:348)
	at com.madhurtoppo.common.config.AxonConfig$$SpringCGLIB$$0.xStream(<generated>)
	at com.madhurtoppo.common.config.AxonConfig.xStream(AxonConfig.java:14)
	at com.madhurtoppo.common.config.AxonConfig$$SpringCGLIB$$0.CGLIB$xStream$0(<generated>)
	at com.madhurtoppo.common.config.AxonConfig$$SpringCGLIB$$FastClass$$1.invoke(<generated>)
	at org.springframework.cglib.proxy.MethodProxy.invokeSuper(MethodProxy.java:258)
	at org.springframework.context.annotation.ConfigurationClassEnhancer$BeanMethodInterceptor.intercept(ConfigurationClassEnhancer.java:348)
	at com.madhurtoppo.common.config.AxonConfig$$SpringCGLIB$$0.xStream(<generated>)
	at com.madhurtoppo.common.config.AxonConfig.xStream(AxonConfig.java:14)
	at com.madhurtoppo.common.config.AxonConfig$$SpringCGLIB$$0.CGLIB$xStream$0(<generated>)
	at com.madhurtoppo.common.config.AxonConfig$$SpringCGLIB$$FastClass$$1.invoke(<generated>)
	at org.springframework.cglib.proxy.MethodProxy.invokeSuper(MethodProxy.java:258)
	at org.springframework.context.annotation.ConfigurationClassEnhancer$BeanMethodInterceptor.intercept(ConfigurationClassEnhancer.java:348)
	at com.madhurtoppo.common.config.AxonConfig$$SpringCGLIB$$0.xStream(<generated>)
	at com.madhurtoppo.common.config.AxonConfig.xStream(AxonConfig.java:14)
	at com.madhurtoppo.common.config.AxonConfig$$SpringCGLIB$$0.CGLIB$xStream$0(<generated>)
	at com.madhurtoppo.common.config.AxonConfig$$SpringCGLIB$$FastClass$$1.invoke(<generated>)
	at org.springframework.cglib.proxy.MethodProxy.invokeSuper(MethodProxy.java:258)
	at org.springframework.context.annotation.ConfigurationClassEnhancer$BeanMethodInterceptor.intercept(ConfigurationClassEnhancer.java:348)
	at com.madhurtoppo.common.config.AxonConfig$$SpringCGLIB$$0.xStream(<generated>)
	at com.madhurtoppo.common.config.AxonConfig.xStream(AxonConfig.java:14)
	at com.madhurtoppo.common.config.AxonConfig$$SpringCGLIB$$0.CGLIB$xStream$0(<generated>)
	at com.madhurtoppo.common.config.AxonConfig$$SpringCGLIB$$FastClass$$1.invoke(<generated>)
	at org.springframework.cglib.proxy.MethodProxy.invokeSuper(MethodProxy.java:258)
	at org.springframework.context.annotation.ConfigurationClassEnhancer$BeanMethodInterceptor.intercept(ConfigurationClassEnhancer.java:348)
	at com.madhurtoppo.common.config.AxonConfig$$SpringCGLIB$$0.xStream(<generated>)
	at com.madhurtoppo.common.config.AxonConfig.xStream(AxonConfig.java:14)
	at com.madhurtoppo.common.config.AxonConfig$$SpringCGLIB$$0.CGLIB$xStream$0(<generated>)
	at com.madhurtoppo.common.config.AxonConfig$$SpringCGLIB$$FastClass$$1.invoke(<generated>)
	at org.springframework.cglib.proxy.MethodProxy.invokeSuper(MethodProxy.java:258)
	at org.springframework.context.annotation.ConfigurationClassEnhancer$BeanMethodInterceptor.intercept(ConfigurationClassEnhancer.java:348)
	at com.madhurtoppo.common.config.AxonConfig$$SpringCGLIB$$0.xStream(<generated>)
	at com.madhurtoppo.common.config.AxonConfig.xStream(AxonConfig.java:14)
	at com.madhurtoppo.common.config.AxonConfig$$SpringCGLIB$$0.CGLIB$xStream$0(<generated>)
	at com.madhurtoppo.common.config.AxonConfig$$SpringCGLIB$$FastClass$$1.invoke(<generated>)
	at org.springframework.cglib.proxy.MethodProxy.invokeSuper(MethodProxy.java:258)
	at org.springframework.context.annotation.ConfigurationClassEnhancer$BeanMethodInterceptor.intercept(ConfigurationClassEnhancer.java:348)
	at com.madhurtoppo.common.config.AxonConfig$$SpringCGLIB$$0.xStream(<generated>)
	at com.madhurtoppo.common.config.AxonConfig.xStream(AxonConfig.java:14)
	at com.madhurtoppo.common.config.AxonConfig$$SpringCGLIB$$0.CGLIB$xStream$0(<generated>)
	at com.madhurtoppo.common.config.AxonConfig$$SpringCGLIB$$FastClass$$1.invoke(<generated>)
	at org.springframework.cglib.proxy.MethodProxy.invokeSuper(MethodProxy.java:258)
	at org.springframework.context.annotation.ConfigurationClassEnhancer$BeanMethodInterceptor.intercept(ConfigurationClassEnhancer.java:348)
	at com.madhurtoppo.common.config.AxonConfig$$SpringCGLIB$$0.xStream(<generated>)
	at com.madhurtoppo.common.config.AxonConfig.xStream(AxonConfig.java:14)
	at com.madhurtoppo.common.config.AxonConfig$$SpringCGLIB$$0.CGLIB$xStream$0(<generated>)
	at com.madhurtoppo.common.config.AxonConfig$$SpringCGLIB$$FastClass$$1.invoke(<generated>)
	at org.springframework.cglib.proxy.MethodProxy.invokeSuper(MethodProxy.java:258)
	at org.springframework.context.annotation.ConfigurationClassEnhancer$BeanMethodInterceptor.intercept(ConfigurationClassEnhancer.java:348)
	at com.madhurtoppo.common.config.AxonConfig$$SpringCGLIB$$0.xStream(<generated>)
	at com.madhurtoppo.common.config.AxonConfig.xStream(AxonConfig.java:14)
	at com.madhurtoppo.common.config.AxonConfig$$SpringCGLIB$$0.CGLIB$xStream$0(<generated>)
	at com.madhurtoppo.common.config.AxonConfig$$SpringCGLIB$$FastClass$$1.invoke(<generated>)
	at org.springframework.cglib.proxy.MethodProxy.invokeSuper(MethodProxy.java:258)
	at org.springframework.context.annotation.ConfigurationClassEnhancer$BeanMethodInterceptor.intercept(ConfigurationClassEnhancer.java:348)
	at com.madhurtoppo.common.config.AxonConfig$$SpringCGLIB$$0.xStream(<generated>)
	at com.madhurtoppo.common.config.AxonConfig.xStream(AxonConfig.java:14)
	at com.madhurtoppo.common.config.AxonConfig$$SpringCGLIB$$0.CGLIB$xStream$0(<generated>)
	at com.madhurtoppo.common.config.AxonConfig$$SpringCGLIB$$FastClass$$1.invoke(<generated>)
	at org.springframework.cglib.proxy.MethodProxy.invokeSuper(MethodProxy.java:258)
	at org.springframework.context.annotation.ConfigurationClassEnhancer$BeanMethodInterceptor.intercept(ConfigurationClassEnhancer.java:348)
	at com.madhurtoppo.common.config.AxonConfig$$SpringCGLIB$$0.xStream(<generated>)
	at com.madhurtoppo.common.config.AxonConfig.xStream(AxonConfig.java:14)
	at com.madhurtoppo.common.config.AxonConfig$$SpringCGLIB$$0.CGLIB$xStream$0(<generated>)
	at com.madhurtoppo.common.config.AxonConfig$$SpringCGLIB$$FastClass$$1.invoke(<generated>)
	at org.springframework.cglib.proxy.MethodProxy.invokeSuper(MethodProxy.java:258)
	at org.springframework.context.annotation.ConfigurationClassEnhancer$BeanMethodInterceptor.intercept(ConfigurationClassEnhancer.java:348)
	at com.madhurtoppo.common.config.AxonConfig$$SpringCGLIB$$0.xStream(<generated>)
	at com.madhurtoppo.common.config.AxonConfig.xStream(AxonConfig.java:14)
	at com.madhurtoppo.common.config.AxonConfig$$SpringCGLIB$$0.CGLIB$xStream$0(<generated>)
	at com.madhurtoppo.common.config.AxonConfig$$SpringCGLIB$$FastClass$$1.invoke(<generated>)
	at org.springframework.cglib.proxy.MethodProxy.invokeSuper(MethodProxy.java:258)
	at org.springframework.context.annotation.ConfigurationClassEnhancer$BeanMethodInterceptor.intercept(ConfigurationClassEnhancer.java:348)
	at com.madhurtoppo.common.config.AxonConfig$$SpringCGLIB$$0.xStream(<generated>)
	at com.madhurtoppo.common.config.AxonConfig.xStream(AxonConfig.java:14)
	at com.madhurtoppo.common.config.AxonConfig$$SpringCGLIB$$0.CGLIB$xStream$0(<generated>)
	at com.madhurtoppo.common.config.AxonConfig$$SpringCGLIB$$FastClass$$1.invoke(<generated>)
	at org.springframework.cglib.proxy.MethodProxy.invokeSuper(MethodProxy.java:258)
	at org.springframework.context.annotation.ConfigurationClassEnhancer$BeanMethodInterceptor.intercept(ConfigurationClassEnhancer.java:348)
	at com.madhurtoppo.common.config.AxonConfig$$SpringCGLIB$$0.xStream(<generated>)
	at com.madhurtoppo.common.config.AxonConfig.xStream(AxonConfig.java:14)
	at com.madhurtoppo.common.config.AxonConfig$$SpringCGLIB$$0.CGLIB$xStream$0(<generated>)
	at com.madhurtoppo.common.config.AxonConfig$$SpringCGLIB$$FastClass$$1.invoke(<generated>)
	at org.springframework.cglib.proxy.MethodProxy.invokeSuper(MethodProxy.java:258)
	at org.springframework.context.annotation.ConfigurationClassEnhancer$BeanMethodInterceptor.intercept(ConfigurationClassEnhancer.java:348)
	at com.madhurtoppo.common.config.AxonConfig$$SpringCGLIB$$0.xStream(<generated>)
	at com.madhurtoppo.common.config.AxonConfig.xStream(AxonConfig.java:14)
	at com.madhurtoppo.common.config.AxonConfig$$SpringCGLIB$$0.CGLIB$xStream$0(<generated>)
	at com.madhurtoppo.common.config.AxonConfig$$SpringCGLIB$$FastClass$$1.invoke(<generated>)
	at org.springframework.cglib.proxy.MethodProxy.invokeSuper(MethodProxy.java:258)
	at org.springframework.context.annotation.ConfigurationClassEnhancer$BeanMethodInterceptor.intercept(ConfigurationClassEnhancer.java:348)
	at com.madhurtoppo.common.config.AxonConfig$$SpringCGLIB$$0.xStream(<generated>)
	at com.madhurtoppo.common.config.AxonConfig.xStream(AxonConfig.java:14)
	at com.madhurtoppo.common.config.AxonConfig$$SpringCGLIB$$0.CGLIB$xStream$0(<generated>)
	at com.madhurtoppo.common.config.AxonConfig$$SpringCGLIB$$FastClass$$1.invoke(<generated>)
	at org.springframework.cglib.proxy.MethodProxy.invokeSuper(MethodProxy.java:258)
	at org.springframework.context.annotation.ConfigurationClassEnhancer$BeanMethodInterceptor.intercept(ConfigurationClassEnhancer.java:348)
	at com.madhurtoppo.common.config.AxonConfig$$SpringCGLIB$$0.xStream(<generated>)
	at com.madhurtoppo.common.config.AxonConfig.xStream(AxonConfig.java:14)
	at com.madhurtoppo.common.config.AxonConfig$$SpringCGLIB$$0.CGLIB$xStream$0(<generated>)
	at com.madhurtoppo.common.config.AxonConfig$$SpringCGLIB$$FastClass$$1.invoke(<generated>)
	at org.springframework.cglib.proxy.MethodProxy.invokeSuper(MethodProxy.java:258)
	at org.springframework.context.annotation.ConfigurationClassEnhancer$BeanMethodInterceptor.intercept(ConfigurationClassEnhancer.java:348)
	at com.madhurtoppo.common.config.AxonConfig$$SpringCGLIB$$0.xStream(<generated>)
	at com.madhurtoppo.common.config.AxonConfig.xStream(AxonConfig.java:14)
	at com.madhurtoppo.common.config.AxonConfig$$SpringCGLIB$$0.CGLIB$xStream$0(<generated>)
	at com.madhurtoppo.common.config.AxonConfig$$SpringCGLIB$$FastClass$$1.invoke(<generated>)
	at org.springframework.cglib.proxy.MethodProxy.invokeSuper(MethodProxy.java:258)
	at org.springframework.context.annotation.ConfigurationClassEnhancer$BeanMethodInterceptor.intercept(ConfigurationClassEnhancer.java:348)
	at com.madhurtoppo.common.config.AxonConfig$$SpringCGLIB$$0.xStream(<generated>)
	at com.madhurtoppo.common.config.AxonConfig.xStream(AxonConfig.java:14)
	at com.madhurtoppo.common.config.AxonConfig$$SpringCGLIB$$0.CGLIB$xStream$0(<generated>)
	at com.madhurtoppo.common.config.AxonConfig$$SpringCGLIB$$FastClass$$1.invoke(<generated>)
	at org.springframework.cglib.proxy.MethodProxy.invokeSuper(MethodProxy.java:258)
	at org.springframework.context.annotation.ConfigurationClassEnhancer$BeanMethodInterceptor.intercept(ConfigurationClassEnhancer.java:348)
	at com.madhurtoppo.common.config.AxonConfig$$SpringCGLIB$$0.xStream(<generated>)
	at com.madhurtoppo.common.config.AxonConfig.xStream(AxonConfig.java:14)
	at com.madhurtoppo.common.config.AxonConfig$$SpringCGLIB$$0.CGLIB$xStream$0(<generated>)
	at com.madhurtoppo.common.config.AxonConfig$$SpringCGLIB$$FastClass$$1.invoke(<generated>)
	at org.springframework.cglib.proxy.MethodProxy.invokeSuper(MethodProxy.java:258)
	at org.springframework.context.annotation.ConfigurationClassEnhancer$BeanMethodInterceptor.intercept(ConfigurationClassEnhancer.java:348)
	at com.madhurtoppo.common.config.AxonConfig$$SpringCGLIB$$0.xStream(<generated>)
	at com.madhurtoppo.common.config.AxonConfig.xStream(AxonConfig.java:14)
	at com.madhurtoppo.common.config.AxonConfig$$SpringCGLIB$$0.CGLIB$xStream$0(<generated>)
	at com.madhurtoppo.common.config.AxonConfig$$SpringCGLIB$$FastClass$$1.invoke(<generated>)
	at org.springframework.cglib.proxy.MethodProxy.invokeSuper(MethodProxy.java:258)
	at org.springframework.context.annotation.ConfigurationClassEnhancer$BeanMethodInterceptor.intercept(ConfigurationClassEnhancer.java:348)
	at com.madhurtoppo.common.config.AxonConfig$$SpringCGLIB$$0.xStream(<generated>)
	at com.madhurtoppo.common.config.AxonConfig.xStream(AxonConfig.java:14)
	at com.madhurtoppo.common.config.AxonConfig$$SpringCGLIB$$0.CGLIB$xStream$0(<generated>)
	at com.madhurtoppo.common.config.AxonConfig$$SpringCGLIB$$FastClass$$1.invoke(<generated>)
	at org.springframework.cglib.proxy.MethodProxy.invokeSuper(MethodProxy.java:258)
	at org.springframework.context.annotation.ConfigurationClassEnhancer$BeanMethodInterceptor.intercept(ConfigurationClassEnhancer.java:348)
	at com.madhurtoppo.common.config.AxonConfig$$SpringCGLIB$$0.xStream(<generated>)
	at com.madhurtoppo.common.config.AxonConfig.xStream(AxonConfig.java:14)
	at com.madhurtoppo.common.config.AxonConfig$$SpringCGLIB$$0.CGLIB$xStream$0(<generated>)
	at com.madhurtoppo.common.config.AxonConfig$$SpringCGLIB$$FastClass$$1.invoke(<generated>)
	at org.springframework.cglib.proxy.MethodProxy.invokeSuper(MethodProxy.java:258)
	at org.springframework.context.annotation.ConfigurationClassEnhancer$BeanMethodInterceptor.intercept(ConfigurationClassEnhancer.java:348)
	at com.madhurtoppo.common.config.AxonConfig$$SpringCGLIB$$0.xStream(<generated>)
	at com.madhurtoppo.common.config.AxonConfig.xStream(AxonConfig.java:14)
	at com.madhurtoppo.common.config.AxonConfig$$SpringCGLIB$$0.CGLIB$xStream$0(<generated>)
	at com.madhurtoppo.common.config.AxonConfig$$SpringCGLIB$$FastClass$$1.invoke(<generated>)
	at org.springframework.cglib.proxy.MethodProxy.invokeSuper(MethodProxy.java:258)
	at org.springframework.context.annotation.ConfigurationClassEnhancer$BeanMethodInterceptor.intercept(ConfigurationClassEnhancer.java:348)
	at com.madhurtoppo.common.config.AxonConfig$$SpringCGLIB$$0.xStream(<generated>)
	at com.madhurtoppo.common.config.AxonConfig.xStream(AxonConfig.java:14)
	at com.madhurtoppo.common.config.AxonConfig$$SpringCGLIB$$0.CGLIB$xStream$0(<generated>)
	at com.madhurtoppo.common.config.AxonConfig$$SpringCGLIB$$FastClass$$1.invoke(<generated>)
	at org.springframework.cglib.proxy.MethodProxy.invokeSuper(MethodProxy.java:258)
	at org.springframework.context.annotation.ConfigurationClassEnhancer$BeanMethodInterceptor.intercept(ConfigurationClassEnhancer.java:348)
	at com.madhurtoppo.common.config.AxonConfig$$SpringCGLIB$$0.xStream(<generated>)
	at com.madhurtoppo.common.config.AxonConfig.xStream(AxonConfig.java:14)
	at com.madhurtoppo.common.config.AxonConfig$$SpringCGLIB$$0.CGLIB$xStream$0(<generated>)
	at com.madhurtoppo.common.config.AxonConfig$$SpringCGLIB$$FastClass$$1.invoke(<generated>)
	at org.springframework.cglib.proxy.MethodProxy.invokeSuper(MethodProxy.java:258)
	at org.springframework.context.annotation.ConfigurationClassEnhancer$BeanMethodInterceptor.intercept(ConfigurationClassEnhancer.java:348)
	at com.madhurtoppo.common.config.AxonConfig$$SpringCGLIB$$0.xStream(<generated>)
	at com.madhurtoppo.common.config.AxonConfig.xStream(AxonConfig.java:14)
	at com.madhurtoppo.common.config.AxonConfig$$SpringCGLIB$$0.CGLIB$xStream$0(<generated>)
	at com.madhurtoppo.common.config.AxonConfig$$SpringCGLIB$$FastClass$$1.invoke(<generated>)
	at org.springframework.cglib.proxy.MethodProxy.invokeSuper(MethodProxy.java:258)
	at org.springframework.context.annotation.ConfigurationClassEnhancer$BeanMethodInterceptor.intercept(ConfigurationClassEnhancer.java:348)
	at com.madhurtoppo.common.config.AxonConfig$$SpringCGLIB$$0.xStream(<generated>)
	at com.madhurtoppo.common.config.AxonConfig.xStream(AxonConfig.java:14)
	at com.madhurtoppo.common.config.AxonConfig$$SpringCGLIB$$0.CGLIB$xStream$0(<generated>)
	at com.madhurtoppo.common.config.AxonConfig$$SpringCGLIB$$FastClass$$1.invoke(<generated>)
	at org.springframework.cglib.proxy.MethodProxy.invokeSuper(MethodProxy.java:258)
	at org.springframework.context.annotation.ConfigurationClassEnhancer$BeanMethodInterceptor.intercept(ConfigurationClassEnhancer.java:348)
	at com.madhurtoppo.common.config.AxonConfig$$SpringCGLIB$$0.xStream(<generated>)
	at com.madhurtoppo.common.config.AxonConfig.xStream(AxonConfig.java:14)
	at com.madhurtoppo.common.config.AxonConfig$$SpringCGLIB$$0.CGLIB$xStream$0(<generated>)
	at com.madhurtoppo.common.config.AxonConfig$$SpringCGLIB$$FastClass$$1.invoke(<generated>)
	at org.springframework.cglib.proxy.MethodProxy.invokeSuper(MethodProxy.java:258)
	at org.springframework.context.annotation.ConfigurationClassEnhancer$BeanMethodInterceptor.intercept(ConfigurationClassEnhancer.java:348)
	at com.madhurtoppo.common.config.AxonConfig$$SpringCGLIB$$0.xStream(<generated>)
	at com.madhurtoppo.common.config.AxonConfig.xStream(AxonConfig.java:14)
	at com.madhurtoppo.common.config.AxonConfig$$SpringCGLIB$$0.CGLIB$xStream$0(<generated>)
	at com.madhurtoppo.common.config.AxonConfig$$SpringCGLIB$$FastClass$$1.invoke(<generated>)
	at org.springframework.cglib.proxy.MethodProxy.invokeSuper(MethodProxy.java:258)
	at org.springframework.context.annotation.ConfigurationClassEnhancer$BeanMethodInterceptor.intercept(ConfigurationClassEnhancer.java:348)
	at com.madhurtoppo.common.config.AxonConfig$$SpringCGLIB$$0.xStream(<generated>)
	at com.madhurtoppo.common.config.AxonConfig.xStream(AxonConfig.java:14)
	at com.madhurtoppo.common.config.AxonConfig$$SpringCGLIB$$0.CGLIB$xStream$0(<generated>)
	at com.madhurtoppo.common.config.AxonConfig$$SpringCGLIB$$FastClass$$1.invoke(<generated>)
	at org.springframework.cglib.proxy.MethodProxy.invokeSuper(MethodProxy.java:258)
	at org.springframework.context.annotation.ConfigurationClassEnhancer$BeanMethodInterceptor.intercept(ConfigurationClassEnhancer.java:348)
	at com.madhurtoppo.common.config.AxonConfig$$SpringCGLIB$$0.xStream(<generated>)
	at com.madhurtoppo.common.config.AxonConfig.xStream(AxonConfig.java:14)
	at com.madhurtoppo.common.config.AxonConfig$$SpringCGLIB$$0.CGLIB$xStream$0(<generated>)
	at com.madhurtoppo.common.config.AxonConfig$$SpringCGLIB$$FastClass$$1.invoke(<generated>)
	at org.springframework.cglib.proxy.MethodProxy.invokeSuper(MethodProxy.java:258)
	at org.springframework.context.annotation.ConfigurationClassEnhancer$BeanMethodInterceptor.intercept(ConfigurationClassEnhancer.java:348)
	at com.madhurtoppo.common.config.AxonConfig$$SpringCGLIB$$0.xStream(<generated>)
	at com.madhurtoppo.common.config.AxonConfig.xStream(AxonConfig.java:14)
	at com.madhurtoppo.common.config.AxonConfig$$SpringCGLIB$$0.CGLIB$xStream$0(<generated>)
	at com.madhurtoppo.common.config.AxonConfig$$SpringCGLIB$$FastClass$$1.invoke(<generated>)
	at org.springframework.cglib.proxy.MethodProxy.invokeSuper(MethodProxy.java:258)
	at org.springframework.context.annotation.ConfigurationClassEnhancer$BeanMethodInterceptor.intercept(ConfigurationClassEnhancer.java:348)
	at com.madhurtoppo.common.config.AxonConfig$$SpringCGLIB$$0.xStream(<generated>)
	at com.madhurtoppo.common.config.AxonConfig.xStream(AxonConfig.java:14)
	at com.madhurtoppo.common.config.AxonConfig$$SpringCGLIB$$0.CGLIB$xStream$0(<generated>)
	at com.madhurtoppo.common.config.AxonConfig$$SpringCGLIB$$FastClass$$1.invoke(<generated>)
	at org.springframework.cglib.proxy.MethodProxy.invokeSuper(MethodProxy.java:258)
	at org.springframework.context.annotation.ConfigurationClassEnhancer$BeanMethodInterceptor.intercept(ConfigurationClassEnhancer.java:348)
	at com.madhurtoppo.common.config.AxonConfig$$SpringCGLIB$$0.xStream(<generated>)
	at com.madhurtoppo.common.config.AxonConfig.xStream(AxonConfig.java:14)
	at com.madhurtoppo.common.config.AxonConfig$$SpringCGLIB$$0.CGLIB$xStream$0(<generated>)
	at com.madhurtoppo.common.config.AxonConfig$$SpringCGLIB$$FastClass$$1.invoke(<generated>)
	at org.springframework.cglib.proxy.MethodProxy.invokeSuper(MethodProxy.java:258)
	at org.springframework.context.annotation.ConfigurationClassEnhancer$BeanMethodInterceptor.intercept(ConfigurationClassEnhancer.java:348)
	at com.madhurtoppo.common.config.AxonConfig$$SpringCGLIB$$0.xStream(<generated>)
	at com.madhurtoppo.common.config.AxonConfig.xStream(AxonConfig.java:14)
	at com.madhurtoppo.common.config.AxonConfig$$SpringCGLIB$$0.CGLIB$xStream$0(<generated>)
	at com.madhurtoppo.common.config.AxonConfig$$SpringCGLIB$$FastClass$$1.invoke(<generated>)
	at org.springframework.cglib.proxy.MethodProxy.invokeSuper(MethodProxy.java:258)
	at org.springframework.context.annotation.ConfigurationClassEnhancer$BeanMethodInterceptor.intercept(ConfigurationClassEnhancer.java:348)
	at com.madhurtoppo.common.config.AxonConfig$$SpringCGLIB$$0.xStream(<generated>)
	at com.madhurtoppo.common.config.AxonConfig.xStream(AxonConfig.java:14)
	at com.madhurtoppo.common.config.AxonConfig$$SpringCGLIB$$0.CGLIB$xStream$0(<generated>)
	at com.madhurtoppo.common.config.AxonConfig$$SpringCGLIB$$FastClass$$1.invoke(<generated>)
	at org.springframework.cglib.proxy.MethodProxy.invokeSuper(MethodProxy.java:258)
	at org.springframework.context.annotation.ConfigurationClassEnhancer$BeanMethodInterceptor.intercept(ConfigurationClassEnhancer.java:348)
	at com.madhurtoppo.common.config.AxonConfig$$SpringCGLIB$$0.xStream(<generated>)
	at com.madhurtoppo.common.config.AxonConfig.xStream(AxonConfig.java:14)
	at com.madhurtoppo.common.config.AxonConfig$$SpringCGLIB$$0.CGLIB$xStream$0(<generated>)
	at com.madhurtoppo.common.config.AxonConfig$$SpringCGLIB$$FastClass$$1.invoke(<generated>)
	at org.springframework.cglib.proxy.MethodProxy.invokeSuper(MethodProxy.java:258)
	at org.springframework.context.annotation.ConfigurationClassEnhancer$BeanMethodInterceptor.intercept(ConfigurationClassEnhancer.java:348)
	at com.madhurtoppo.common.config.AxonConfig$$SpringCGLIB$$0.xStream(<generated>)
	at com.madhurtoppo.common.config.AxonConfig.xStream(AxonConfig.java:14)
	at com.madhurtoppo.common.config.AxonConfig$$SpringCGLIB$$0.CGLIB$xStream$0(<generated>)
	at com.madhurtoppo.common.config.AxonConfig$$SpringCGLIB$$FastClass$$1.invoke(<generated>)
	at org.springframework.cglib.proxy.MethodProxy.invokeSuper(MethodProxy.java:258)
	at org.springframework.context.annotation.ConfigurationClassEnhancer$BeanMethodInterceptor.intercept(ConfigurationClassEnhancer.java:348)
	at com.madhurtoppo.common.config.AxonConfig$$SpringCGLIB$$0.xStream(<generated>)
	at com.madhurtoppo.common.config.AxonConfig.xStream(AxonConfig.java:14)
	at com.madhurtoppo.common.config.AxonConfig$$SpringCGLIB$$0.CGLIB$xStream$0(<generated>)
	at com.madhurtoppo.common.config.AxonConfig$$SpringCGLIB$$FastClass$$1.invoke(<generated>)
	at org.springframework.cglib.proxy.MethodProxy.invokeSuper(MethodProxy.java:258)
	at org.springframework.context.annotation.ConfigurationClassEnhancer$BeanMethodInterceptor.intercept(ConfigurationClassEnhancer.java:348)
	at com.madhurtoppo.common.config.AxonConfig$$SpringCGLIB$$0.xStream(<generated>)
	at com.madhurtoppo.common.config.AxonConfig.xStream(AxonConfig.java:14)
	at com.madhurtoppo.common.config.AxonConfig$$SpringCGLIB$$0.CGLIB$xStream$0(<generated>)
	at com.madhurtoppo.common.config.AxonConfig$$SpringCGLIB$$FastClass$$1.invoke(<generated>)
	at org.springframework.cglib.proxy.MethodProxy.invokeSuper(MethodProxy.java:258)
	at org.springframework.context.annotation.ConfigurationClassEnhancer$BeanMethodInterceptor.intercept(ConfigurationClassEnhancer.java:348)
	at com.madhurtoppo.common.config.AxonConfig$$SpringCGLIB$$0.xStream(<generated>)
	at com.madhurtoppo.common.config.AxonConfig.xStream(AxonConfig.java:14)
	at com.madhurtoppo.common.config.AxonConfig$$SpringCGLIB$$0.CGLIB$xStream$0(<generated>)
	at com.madhurtoppo.common.config.AxonConfig$$SpringCGLIB$$FastClass$$1.invoke(<generated>)
	at org.springframework.cglib.proxy.MethodProxy.invokeSuper(MethodProxy.java:258)
	at org.springframework.context.annotation.ConfigurationClassEnhancer$BeanMethodInterceptor.intercept(ConfigurationClassEnhancer.java:348)
	at com.madhurtoppo.common.config.AxonConfig$$SpringCGLIB$$0.xStream(<generated>)
	at com.madhurtoppo.common.config.AxonConfig.xStream(AxonConfig.java:14)
	at com.madhurtoppo.common.config.AxonConfig$$SpringCGLIB$$0.CGLIB$xStream$0(<generated>)
	at com.madhurtoppo.common.config.AxonConfig$$SpringCGLIB$$FastClass$$1.invoke(<generated>)
	at org.springframework.cglib.proxy.MethodProxy.invokeSuper(MethodProxy.java:258)
	at org.springframework.context.annotation.ConfigurationClassEnhancer$BeanMethodInterceptor.intercept(ConfigurationClassEnhancer.java:348)
	at com.madhurtoppo.common.config.AxonConfig$$SpringCGLIB$$0.xStream(<generated>)
	at com.madhurtoppo.common.config.AxonConfig.xStream(AxonConfig.java:14)
	at com.madhurtoppo.common.config.AxonConfig$$SpringCGLIB$$0.CGLIB$xStream$0(<generated>)
	at com.madhurtoppo.common.config.AxonConfig$$SpringCGLIB$$FastClass$$1.invoke(<generated>)
	at org.springframework.cglib.proxy.MethodProxy.invokeSuper(MethodProxy.java:258)
	at org.springframework.context.annotation.ConfigurationClassEnhancer$BeanMethodInterceptor.intercept(ConfigurationClassEnhancer.java:348)
	at com.madhurtoppo.common.config.AxonConfig$$SpringCGLIB$$0.xStream(<generated>)
	at com.madhurtoppo.common.config.AxonConfig.xStream(AxonConfig.java:14)
	at com.madhurtoppo.common.config.AxonConfig$$SpringCGLIB$$0.CGLIB$xStream$0(<generated>)
	at com.madhurtoppo.common.config.AxonConfig$$SpringCGLIB$$FastClass$$1.invoke(<generated>)
	at org.springframework.cglib.proxy.MethodProxy.invokeSuper(MethodProxy.java:258)
	at org.springframework.context.annotation.ConfigurationClassEnhancer$BeanMethodInterceptor.intercept(ConfigurationClassEnhancer.java:348)
	at com.madhurtoppo.common.config.AxonConfig$$SpringCGLIB$$0.xStream(<generated>)
	at com.madhurtoppo.common.config.AxonConfig.xStream(AxonConfig.java:14)
	at com.madhurtoppo.common.config.AxonConfig$$SpringCGLIB$$0.CGLIB$xStream$0(<generated>)
	at com.madhurtoppo.common.config.AxonConfig$$SpringCGLIB$$FastClass$$1.invoke(<generated>)
	at org.springframework.cglib.proxy.MethodProxy.invokeSuper(MethodProxy.java:258)
	at org.springframework.context.annotation.ConfigurationClassEnhancer$BeanMethodInterceptor.intercept(ConfigurationClassEnhancer.java:348)
	at com.madhurtoppo.common.config.AxonConfig$$SpringCGLIB$$0.xStream(<generated>)
	at com.madhurtoppo.common.config.AxonConfig.xStream(AxonConfig.java:14)
	at com.madhurtoppo.common.config.AxonConfig$$SpringCGLIB$$0.CGLIB$xStream$0(<generated>)
	at com.madhurtoppo.common.config.AxonConfig$$SpringCGLIB$$FastClass$$1.invoke(<generated>)
	at org.springframework.cglib.proxy.MethodProxy.invokeSuper(MethodProxy.java:258)
	at org.springframework.context.annotation.ConfigurationClassEnhancer$BeanMethodInterceptor.intercept(ConfigurationClassEnhancer.java:348)
	at com.madhurtoppo.common.config.AxonConfig$$SpringCGLIB$$0.xStream(<generated>)
	at com.madhurtoppo.common.config.AxonConfig.xStream(AxonConfig.java:14)
	at com.madhurtoppo.common.config.AxonConfig$$SpringCGLIB$$0.CGLIB$xStream$0(<generated>)
	at com.madhurtoppo.common.config.AxonConfig$$SpringCGLIB$$FastClass$$1.invoke(<generated>)
	at org.springframework.cglib.proxy.MethodProxy.invokeSuper(MethodProxy.java:258)
	at org.springframework.context.annotation.ConfigurationClassEnhancer$BeanMethodInterceptor.intercept(ConfigurationClassEnhancer.java:348)
	at com.madhurtoppo.common.config.AxonConfig$$SpringCGLIB$$0.xStream(<generated>)
	at com.madhurtoppo.common.config.AxonConfig.xStream(AxonConfig.java:14)
	at com.madhurtoppo.common.config.AxonConfig$$SpringCGLIB$$0.CGLIB$xStream$0(<generated>)
	at com.madhurtoppo.common.config.AxonConfig$$SpringCGLIB$$FastClass$$1.invoke(<generated>)
	at org.springframework.cglib.proxy.MethodProxy.invokeSuper(MethodProxy.java:258)
	at org.springframework.context.annotation.ConfigurationClassEnhancer$BeanMethodInterceptor.intercept(ConfigurationClassEnhancer.java:348)
	at com.madhurtoppo.common.config.AxonConfig$$SpringCGLIB$$0.xStream(<generated>)
	at com.madhurtoppo.common.config.AxonConfig.xStream(AxonConfig.java:14)
	at com.madhurtoppo.common.config.AxonConfig$$SpringCGLIB$$0.CGLIB$xStream$0(<generated>)
	at com.madhurtoppo.common.config.AxonConfig$$SpringCGLIB$$FastClass$$1.invoke(<generated>)
	at org.springframework.cglib.proxy.MethodProxy.invokeSuper(MethodProxy.java:258)
	at org.springframework.context.annotation.ConfigurationClassEnhancer$BeanMethodInterceptor.intercept(ConfigurationClassEnhancer.java:348)
	at com.madhurtoppo.common.config.AxonConfig$$SpringCGLIB$$0.xStream(<generated>)
	at com.madhurtoppo.common.config.AxonConfig.xStream(AxonConfig.java:14)
	at com.madhurtoppo.common.config.AxonConfig$$SpringCGLIB$$0.CGLIB$xStream$0(<generated>)
	at com.madhurtoppo.common.config.AxonConfig$$SpringCGLIB$$FastClass$$1.invoke(<generated>)
	at org.springframework.cglib.proxy.MethodProxy.invokeSuper(MethodProxy.java:258)
	at org.springframework.context.annotation.ConfigurationClassEnhancer$BeanMethodInterceptor.intercept(ConfigurationClassEnhancer.java:348)
	at com.madhurtoppo.common.config.AxonConfig$$SpringCGLIB$$0.xStream(<generated>)
	at com.madhurtoppo.common.config.AxonConfig.xStream(AxonConfig.java:14)
	at com.madhurtoppo.common.config.AxonConfig$$SpringCGLIB$$0.CGLIB$xStream$0(<generated>)
	at com.madhurtoppo.common.config.AxonConfig$$SpringCGLIB$$FastClass$$1.invoke(<generated>)
	at org.springframework.cglib.proxy.MethodProxy.invokeSuper(MethodProxy.java:258)
	at org.springframework.context.annotation.ConfigurationClassEnhancer$BeanMethodInterceptor.intercept(ConfigurationClassEnhancer.java:348)
	at com.madhurtoppo.common.config.AxonConfig$$SpringCGLIB$$0.xStream(<generated>)
	at com.madhurtoppo.common.config.AxonConfig.xStream(AxonConfig.java:14)
	at com.madhurtoppo.common.config.AxonConfig$$SpringCGLIB$$0.CGLIB$xStream$0(<generated>)
	at com.madhurtoppo.common.config.AxonConfig$$SpringCGLIB$$FastClass$$1.invoke(<generated>)
	at org.springframework.cglib.proxy.MethodProxy.invokeSuper(MethodProxy.java:258)
	at org.springframework.context.annotation.ConfigurationClassEnhancer$BeanMethodInterceptor.intercept(ConfigurationClassEnhancer.java:348)
	at com.madhurtoppo.common.config.AxonConfig$$SpringCGLIB$$0.xStream(<generated>)
	at com.madhurtoppo.common.config.AxonConfig.xStream(AxonConfig.java:14)
	at com.madhurtoppo.common.config.AxonConfig$$SpringCGLIB$$0.CGLIB$xStream$0(<generated>)
	at com.madhurtoppo.common.config.AxonConfig$$SpringCGLIB$$FastClass$$1.invoke(<generated>)
	at org.springframework.cglib.proxy.MethodProxy.invokeSuper(MethodProxy.java:258)
	at org.springframework.context.annotation.ConfigurationClassEnhancer$BeanMethodInterceptor.intercept(ConfigurationClassEnhancer.java:348)
	at com.madhurtoppo.common.config.AxonConfig$$SpringCGLIB$$0.xStream(<generated>)
	at com.madhurtoppo.common.config.AxonConfig.xStream(AxonConfig.java:14)
	at com.madhurtoppo.common.config.AxonConfig$$SpringCGLIB$$0.CGLIB$xStream$0(<generated>)
	at com.madhurtoppo.common.config.AxonConfig$$SpringCGLIB$$FastClass$$1.invoke(<generated>)
	at org.springframework.cglib.proxy.MethodProxy.invokeSuper(MethodProxy.java:258)
	at org.springframework.context.annotation.ConfigurationClassEnhancer$BeanMethodInterceptor.intercept(ConfigurationClassEnhancer.java:348)
	at com.madhurtoppo.common.config.AxonConfig$$SpringCGLIB$$0.xStream(<generated>)
	at com.madhurtoppo.common.config.AxonConfig.xStream(AxonConfig.java:14)
	at com.madhurtoppo.common.config.AxonConfig$$SpringCGLIB$$0.CGLIB$xStream$0(<generated>)
	at com.madhurtoppo.common.config.AxonConfig$$SpringCGLIB$$FastClass$$1.invoke(<generated>)
	at org.springframework.cglib.proxy.MethodProxy.invokeSuper(MethodProxy.java:258)
	at org.springframework.context.annotation.ConfigurationClassEnhancer$BeanMethodInterceptor.intercept(ConfigurationClassEnhancer.java:348)
	at com.madhurtoppo.common.config.AxonConfig$$SpringCGLIB$$0.xStream(<generated>)
]]></system-out>
    <system-err><![CDATA[


============================
CONDITIONS EVALUATION REPORT
============================


Positive matches:
-----------------

    None


Negative matches:
-----------------

    None


Exclusions:
-----------

    None


Unconditional classes:
----------------------

    None



]]></system-err>
  </testcase>
</testsuite>